[2024-09-29T10:38:08.763+0000] {processor.py:186} INFO - Started process (PID=384) to work on /home/airflow/.local/lib/python3.12/site-packages/airflow/example_dags/example_inlet_event_extra.py
[2024-09-29T10:38:08.765+0000] {processor.py:914} INFO - Processing file /home/airflow/.local/lib/python3.12/site-packages/airflow/example_dags/example_inlet_event_extra.py for tasks to queue
[2024-09-29T10:38:08.771+0000] {logging_mixin.py:190} INFO - [2024-09-29T10:38:08.770+0000] {dagbag.py:588} INFO - Filling up the DagBag from /home/airflow/.local/lib/python3.12/site-packages/airflow/example_dags/example_inlet_event_extra.py
[2024-09-29T10:38:09.207+0000] {processor.py:925} INFO - DAG(s) 'read_dataset_event', 'read_dataset_event_from_classic' retrieved from /home/airflow/.local/lib/python3.12/site-packages/airflow/example_dags/example_inlet_event_extra.py
[2024-09-29T10:38:09.709+0000] {logging_mixin.py:190} INFO - [2024-09-29T10:38:09.707+0000] {override.py:1900} INFO - Created Permission View: can edit on DAG:read_dataset_event
[2024-09-29T10:38:09.779+0000] {logging_mixin.py:190} INFO - [2024-09-29T10:38:09.778+0000] {override.py:1900} INFO - Created Permission View: can read on DAG:read_dataset_event
[2024-09-29T10:38:09.813+0000] {logging_mixin.py:190} INFO - [2024-09-29T10:38:09.812+0000] {override.py:1900} INFO - Created Permission View: can delete on DAG:read_dataset_event
[2024-09-29T10:38:09.875+0000] {logging_mixin.py:190} INFO - [2024-09-29T10:38:09.874+0000] {override.py:1900} INFO - Created Permission View: can delete on DAG Run:read_dataset_event
[2024-09-29T10:38:09.937+0000] {logging_mixin.py:190} INFO - [2024-09-29T10:38:09.936+0000] {override.py:1900} INFO - Created Permission View: can read on DAG Run:read_dataset_event
[2024-09-29T10:38:09.957+0000] {logging_mixin.py:190} INFO - [2024-09-29T10:38:09.955+0000] {override.py:1900} INFO - Created Permission View: can create on DAG Run:read_dataset_event
[2024-09-29T10:38:10.011+0000] {logging_mixin.py:190} INFO - [2024-09-29T10:38:10.010+0000] {override.py:1900} INFO - Created Permission View: menu access on DAG Run:read_dataset_event
[2024-09-29T10:38:10.073+0000] {logging_mixin.py:190} INFO - [2024-09-29T10:38:10.072+0000] {override.py:1900} INFO - Created Permission View: can edit on DAG:read_dataset_event_from_classic
[2024-09-29T10:38:10.125+0000] {logging_mixin.py:190} INFO - [2024-09-29T10:38:10.124+0000] {override.py:1900} INFO - Created Permission View: can read on DAG:read_dataset_event_from_classic
[2024-09-29T10:38:10.175+0000] {logging_mixin.py:190} INFO - [2024-09-29T10:38:10.175+0000] {override.py:1900} INFO - Created Permission View: can delete on DAG:read_dataset_event_from_classic
[2024-09-29T10:38:10.200+0000] {logging_mixin.py:190} INFO - [2024-09-29T10:38:10.200+0000] {override.py:1900} INFO - Created Permission View: can delete on DAG Run:read_dataset_event_from_classic
[2024-09-29T10:38:10.227+0000] {logging_mixin.py:190} INFO - [2024-09-29T10:38:10.226+0000] {override.py:1900} INFO - Created Permission View: can read on DAG Run:read_dataset_event_from_classic
[2024-09-29T10:38:10.292+0000] {logging_mixin.py:190} INFO - [2024-09-29T10:38:10.291+0000] {override.py:1900} INFO - Created Permission View: can create on DAG Run:read_dataset_event_from_classic
[2024-09-29T10:38:10.321+0000] {logging_mixin.py:190} INFO - [2024-09-29T10:38:10.320+0000] {override.py:1900} INFO - Created Permission View: menu access on DAG Run:read_dataset_event_from_classic
[2024-09-29T10:38:10.323+0000] {logging_mixin.py:190} INFO - [2024-09-29T10:38:10.323+0000] {dag.py:3239} INFO - Sync 2 DAGs
[2024-09-29T10:38:10.354+0000] {logging_mixin.py:190} INFO - [2024-09-29T10:38:10.353+0000] {dag.py:3262} INFO - Creating ORM DAG for read_dataset_event_from_classic
[2024-09-29T10:38:10.356+0000] {logging_mixin.py:190} INFO - [2024-09-29T10:38:10.356+0000] {dag.py:3262} INFO - Creating ORM DAG for read_dataset_event
[2024-09-29T10:38:10.393+0000] {logging_mixin.py:190} INFO - [2024-09-29T10:38:10.392+0000] {dag.py:4180} INFO - Setting next_dagrun for read_dataset_event to 2024-09-28 00:00:00+00:00, run_after=2024-09-29 00:00:00+00:00
[2024-09-29T10:38:10.399+0000] {logging_mixin.py:190} INFO - [2024-09-29T10:38:10.399+0000] {dag.py:4180} INFO - Setting next_dagrun for read_dataset_event_from_classic to 2024-09-28 00:00:00+00:00, run_after=2024-09-29 00:00:00+00:00
[2024-09-29T10:38:10.447+0000] {processor.py:208} INFO - Processing /home/airflow/.local/lib/python3.12/site-packages/airflow/example_dags/example_inlet_event_extra.py took 1.702 seconds
[2024-09-29T10:38:40.696+0000] {processor.py:186} INFO - Started process (PID=679) to work on /home/airflow/.local/lib/python3.12/site-packages/airflow/example_dags/example_inlet_event_extra.py
[2024-09-29T10:38:40.700+0000] {processor.py:914} INFO - Processing file /home/airflow/.local/lib/python3.12/site-packages/airflow/example_dags/example_inlet_event_extra.py for tasks to queue
[2024-09-29T10:38:40.708+0000] {logging_mixin.py:190} INFO - [2024-09-29T10:38:40.707+0000] {dagbag.py:588} INFO - Filling up the DagBag from /home/airflow/.local/lib/python3.12/site-packages/airflow/example_dags/example_inlet_event_extra.py
[2024-09-29T10:38:41.099+0000] {processor.py:925} INFO - DAG(s) 'read_dataset_event', 'read_dataset_event_from_classic' retrieved from /home/airflow/.local/lib/python3.12/site-packages/airflow/example_dags/example_inlet_event_extra.py
[2024-09-29T10:38:41.158+0000] {logging_mixin.py:190} INFO - [2024-09-29T10:38:41.157+0000] {dag.py:3239} INFO - Sync 2 DAGs
[2024-09-29T10:38:41.219+0000] {logging_mixin.py:190} INFO - [2024-09-29T10:38:41.218+0000] {dag.py:4180} INFO - Setting next_dagrun for read_dataset_event to 2024-09-28 00:00:00+00:00, run_after=2024-09-29 00:00:00+00:00
[2024-09-29T10:38:41.229+0000] {logging_mixin.py:190} INFO - [2024-09-29T10:38:41.228+0000] {dag.py:4180} INFO - Setting next_dagrun for read_dataset_event_from_classic to 2024-09-28 00:00:00+00:00, run_after=2024-09-29 00:00:00+00:00
[2024-09-29T10:38:41.275+0000] {processor.py:208} INFO - Processing /home/airflow/.local/lib/python3.12/site-packages/airflow/example_dags/example_inlet_event_extra.py took 0.605 seconds
[2024-09-29T10:39:16.128+0000] {processor.py:186} INFO - Started process (PID=965) to work on /home/airflow/.local/lib/python3.12/site-packages/airflow/example_dags/example_inlet_event_extra.py
[2024-09-29T10:39:16.132+0000] {processor.py:914} INFO - Processing file /home/airflow/.local/lib/python3.12/site-packages/airflow/example_dags/example_inlet_event_extra.py for tasks to queue
[2024-09-29T10:39:16.139+0000] {logging_mixin.py:190} INFO - [2024-09-29T10:39:16.138+0000] {dagbag.py:588} INFO - Filling up the DagBag from /home/airflow/.local/lib/python3.12/site-packages/airflow/example_dags/example_inlet_event_extra.py
[2024-09-29T10:39:16.752+0000] {processor.py:925} INFO - DAG(s) 'read_dataset_event', 'read_dataset_event_from_classic' retrieved from /home/airflow/.local/lib/python3.12/site-packages/airflow/example_dags/example_inlet_event_extra.py
[2024-09-29T10:39:16.940+0000] {logging_mixin.py:190} INFO - [2024-09-29T10:39:16.940+0000] {dag.py:3239} INFO - Sync 2 DAGs
[2024-09-29T10:39:17.128+0000] {logging_mixin.py:190} INFO - [2024-09-29T10:39:17.127+0000] {dag.py:4180} INFO - Setting next_dagrun for read_dataset_event to 2024-09-28 00:00:00+00:00, run_after=2024-09-29 00:00:00+00:00
[2024-09-29T10:39:17.147+0000] {logging_mixin.py:190} INFO - [2024-09-29T10:39:17.145+0000] {dag.py:4180} INFO - Setting next_dagrun for read_dataset_event_from_classic to 2024-09-28 00:00:00+00:00, run_after=2024-09-29 00:00:00+00:00
[2024-09-29T10:39:17.203+0000] {processor.py:208} INFO - Processing /home/airflow/.local/lib/python3.12/site-packages/airflow/example_dags/example_inlet_event_extra.py took 1.095 seconds
[2024-09-29T10:39:47.477+0000] {processor.py:186} INFO - Started process (PID=1253) to work on /home/airflow/.local/lib/python3.12/site-packages/airflow/example_dags/example_inlet_event_extra.py
[2024-09-29T10:39:47.480+0000] {processor.py:914} INFO - Processing file /home/airflow/.local/lib/python3.12/site-packages/airflow/example_dags/example_inlet_event_extra.py for tasks to queue
[2024-09-29T10:39:47.485+0000] {logging_mixin.py:190} INFO - [2024-09-29T10:39:47.484+0000] {dagbag.py:588} INFO - Filling up the DagBag from /home/airflow/.local/lib/python3.12/site-packages/airflow/example_dags/example_inlet_event_extra.py
[2024-09-29T10:39:48.145+0000] {processor.py:925} INFO - DAG(s) 'read_dataset_event_from_classic', 'read_dataset_event' retrieved from /home/airflow/.local/lib/python3.12/site-packages/airflow/example_dags/example_inlet_event_extra.py
[2024-09-29T10:39:48.261+0000] {logging_mixin.py:190} INFO - [2024-09-29T10:39:48.261+0000] {dag.py:3239} INFO - Sync 2 DAGs
[2024-09-29T10:39:48.513+0000] {logging_mixin.py:190} INFO - [2024-09-29T10:39:48.512+0000] {dag.py:4180} INFO - Setting next_dagrun for read_dataset_event to 2024-09-28 00:00:00+00:00, run_after=2024-09-29 00:00:00+00:00
[2024-09-29T10:39:48.645+0000] {logging_mixin.py:190} INFO - [2024-09-29T10:39:48.645+0000] {dag.py:4180} INFO - Setting next_dagrun for read_dataset_event_from_classic to 2024-09-28 00:00:00+00:00, run_after=2024-09-29 00:00:00+00:00
[2024-09-29T10:39:48.739+0000] {processor.py:208} INFO - Processing /home/airflow/.local/lib/python3.12/site-packages/airflow/example_dags/example_inlet_event_extra.py took 1.275 seconds
[2024-09-29T10:40:19.322+0000] {processor.py:186} INFO - Started process (PID=1544) to work on /home/airflow/.local/lib/python3.12/site-packages/airflow/example_dags/example_inlet_event_extra.py
[2024-09-29T10:40:19.325+0000] {processor.py:914} INFO - Processing file /home/airflow/.local/lib/python3.12/site-packages/airflow/example_dags/example_inlet_event_extra.py for tasks to queue
[2024-09-29T10:40:19.334+0000] {logging_mixin.py:190} INFO - [2024-09-29T10:40:19.333+0000] {dagbag.py:588} INFO - Filling up the DagBag from /home/airflow/.local/lib/python3.12/site-packages/airflow/example_dags/example_inlet_event_extra.py
[2024-09-29T10:40:19.770+0000] {processor.py:925} INFO - DAG(s) 'read_dataset_event_from_classic', 'read_dataset_event' retrieved from /home/airflow/.local/lib/python3.12/site-packages/airflow/example_dags/example_inlet_event_extra.py
[2024-09-29T10:40:19.821+0000] {logging_mixin.py:190} INFO - [2024-09-29T10:40:19.820+0000] {dag.py:3239} INFO - Sync 2 DAGs
[2024-09-29T10:40:19.876+0000] {logging_mixin.py:190} INFO - [2024-09-29T10:40:19.876+0000] {dag.py:4180} INFO - Setting next_dagrun for read_dataset_event to 2024-09-28 00:00:00+00:00, run_after=2024-09-29 00:00:00+00:00
[2024-09-29T10:40:19.907+0000] {logging_mixin.py:190} INFO - [2024-09-29T10:40:19.907+0000] {dag.py:4180} INFO - Setting next_dagrun for read_dataset_event_from_classic to 2024-09-28 00:00:00+00:00, run_after=2024-09-29 00:00:00+00:00
[2024-09-29T10:40:20.100+0000] {processor.py:208} INFO - Processing /home/airflow/.local/lib/python3.12/site-packages/airflow/example_dags/example_inlet_event_extra.py took 0.795 seconds
[2024-09-29T10:40:50.728+0000] {processor.py:186} INFO - Started process (PID=1828) to work on /home/airflow/.local/lib/python3.12/site-packages/airflow/example_dags/example_inlet_event_extra.py
[2024-09-29T10:40:50.730+0000] {processor.py:914} INFO - Processing file /home/airflow/.local/lib/python3.12/site-packages/airflow/example_dags/example_inlet_event_extra.py for tasks to queue
[2024-09-29T10:40:50.734+0000] {logging_mixin.py:190} INFO - [2024-09-29T10:40:50.734+0000] {dagbag.py:588} INFO - Filling up the DagBag from /home/airflow/.local/lib/python3.12/site-packages/airflow/example_dags/example_inlet_event_extra.py
[2024-09-29T10:40:52.214+0000] {processor.py:925} INFO - DAG(s) 'read_dataset_event_from_classic', 'read_dataset_event' retrieved from /home/airflow/.local/lib/python3.12/site-packages/airflow/example_dags/example_inlet_event_extra.py
[2024-09-29T10:40:52.600+0000] {logging_mixin.py:190} INFO - [2024-09-29T10:40:52.599+0000] {dag.py:3239} INFO - Sync 2 DAGs
[2024-09-29T10:40:53.605+0000] {logging_mixin.py:190} INFO - [2024-09-29T10:40:53.604+0000] {dag.py:4180} INFO - Setting next_dagrun for read_dataset_event to 2024-09-28 00:00:00+00:00, run_after=2024-09-29 00:00:00+00:00
[2024-09-29T10:40:53.617+0000] {logging_mixin.py:190} INFO - [2024-09-29T10:40:53.616+0000] {dag.py:4180} INFO - Setting next_dagrun for read_dataset_event_from_classic to 2024-09-28 00:00:00+00:00, run_after=2024-09-29 00:00:00+00:00
[2024-09-29T10:40:53.869+0000] {processor.py:208} INFO - Processing /home/airflow/.local/lib/python3.12/site-packages/airflow/example_dags/example_inlet_event_extra.py took 3.153 seconds
[2024-09-29T10:41:24.227+0000] {processor.py:186} INFO - Started process (PID=2116) to work on /home/airflow/.local/lib/python3.12/site-packages/airflow/example_dags/example_inlet_event_extra.py
[2024-09-29T10:41:24.229+0000] {processor.py:914} INFO - Processing file /home/airflow/.local/lib/python3.12/site-packages/airflow/example_dags/example_inlet_event_extra.py for tasks to queue
[2024-09-29T10:41:24.234+0000] {logging_mixin.py:190} INFO - [2024-09-29T10:41:24.234+0000] {dagbag.py:588} INFO - Filling up the DagBag from /home/airflow/.local/lib/python3.12/site-packages/airflow/example_dags/example_inlet_event_extra.py
[2024-09-29T10:41:25.306+0000] {processor.py:925} INFO - DAG(s) 'read_dataset_event_from_classic', 'read_dataset_event' retrieved from /home/airflow/.local/lib/python3.12/site-packages/airflow/example_dags/example_inlet_event_extra.py
[2024-09-29T10:41:25.664+0000] {logging_mixin.py:190} INFO - [2024-09-29T10:41:25.654+0000] {dag.py:3239} INFO - Sync 2 DAGs
[2024-09-29T10:41:26.198+0000] {logging_mixin.py:190} INFO - [2024-09-29T10:41:26.196+0000] {dag.py:4180} INFO - Setting next_dagrun for read_dataset_event to 2024-09-28 00:00:00+00:00, run_after=2024-09-29 00:00:00+00:00
[2024-09-29T10:41:26.274+0000] {logging_mixin.py:190} INFO - [2024-09-29T10:41:26.273+0000] {dag.py:4180} INFO - Setting next_dagrun for read_dataset_event_from_classic to 2024-09-28 00:00:00+00:00, run_after=2024-09-29 00:00:00+00:00
[2024-09-29T10:41:26.423+0000] {processor.py:208} INFO - Processing /home/airflow/.local/lib/python3.12/site-packages/airflow/example_dags/example_inlet_event_extra.py took 2.207 seconds
[2024-09-29T10:41:56.577+0000] {processor.py:186} INFO - Started process (PID=2407) to work on /home/airflow/.local/lib/python3.12/site-packages/airflow/example_dags/example_inlet_event_extra.py
[2024-09-29T10:41:56.579+0000] {processor.py:914} INFO - Processing file /home/airflow/.local/lib/python3.12/site-packages/airflow/example_dags/example_inlet_event_extra.py for tasks to queue
[2024-09-29T10:41:56.587+0000] {logging_mixin.py:190} INFO - [2024-09-29T10:41:56.586+0000] {dagbag.py:588} INFO - Filling up the DagBag from /home/airflow/.local/lib/python3.12/site-packages/airflow/example_dags/example_inlet_event_extra.py
[2024-09-29T10:41:57.222+0000] {processor.py:925} INFO - DAG(s) 'read_dataset_event', 'read_dataset_event_from_classic' retrieved from /home/airflow/.local/lib/python3.12/site-packages/airflow/example_dags/example_inlet_event_extra.py
[2024-09-29T10:41:57.486+0000] {logging_mixin.py:190} INFO - [2024-09-29T10:41:57.485+0000] {dag.py:3239} INFO - Sync 2 DAGs
[2024-09-29T10:41:57.729+0000] {logging_mixin.py:190} INFO - [2024-09-29T10:41:57.728+0000] {dag.py:4180} INFO - Setting next_dagrun for read_dataset_event to 2024-09-28 00:00:00+00:00, run_after=2024-09-29 00:00:00+00:00
[2024-09-29T10:41:57.755+0000] {logging_mixin.py:190} INFO - [2024-09-29T10:41:57.754+0000] {dag.py:4180} INFO - Setting next_dagrun for read_dataset_event_from_classic to 2024-09-28 00:00:00+00:00, run_after=2024-09-29 00:00:00+00:00
[2024-09-29T10:41:57.864+0000] {processor.py:208} INFO - Processing /home/airflow/.local/lib/python3.12/site-packages/airflow/example_dags/example_inlet_event_extra.py took 1.304 seconds
[2024-09-29T10:42:38.299+0000] {processor.py:186} INFO - Started process (PID=2647) to work on /home/airflow/.local/lib/python3.12/site-packages/airflow/example_dags/example_inlet_event_extra.py
[2024-09-29T10:42:38.302+0000] {processor.py:914} INFO - Processing file /home/airflow/.local/lib/python3.12/site-packages/airflow/example_dags/example_inlet_event_extra.py for tasks to queue
[2024-09-29T10:42:38.313+0000] {logging_mixin.py:190} INFO - [2024-09-29T10:42:38.312+0000] {dagbag.py:588} INFO - Filling up the DagBag from /home/airflow/.local/lib/python3.12/site-packages/airflow/example_dags/example_inlet_event_extra.py
[2024-09-29T10:42:38.995+0000] {processor.py:925} INFO - DAG(s) 'read_dataset_event_from_classic', 'read_dataset_event' retrieved from /home/airflow/.local/lib/python3.12/site-packages/airflow/example_dags/example_inlet_event_extra.py
[2024-09-29T10:42:39.172+0000] {logging_mixin.py:190} INFO - [2024-09-29T10:42:39.171+0000] {dag.py:3239} INFO - Sync 2 DAGs
[2024-09-29T10:42:39.676+0000] {logging_mixin.py:190} INFO - [2024-09-29T10:42:39.675+0000] {dag.py:4180} INFO - Setting next_dagrun for read_dataset_event to 2024-09-28 00:00:00+00:00, run_after=2024-09-29 00:00:00+00:00
[2024-09-29T10:42:39.715+0000] {logging_mixin.py:190} INFO - [2024-09-29T10:42:39.714+0000] {dag.py:4180} INFO - Setting next_dagrun for read_dataset_event_from_classic to 2024-09-28 00:00:00+00:00, run_after=2024-09-29 00:00:00+00:00
[2024-09-29T10:42:39.857+0000] {processor.py:208} INFO - Processing /home/airflow/.local/lib/python3.12/site-packages/airflow/example_dags/example_inlet_event_extra.py took 1.581 seconds
[2024-09-29T10:43:10.870+0000] {processor.py:186} INFO - Started process (PID=2935) to work on /home/airflow/.local/lib/python3.12/site-packages/airflow/example_dags/example_inlet_event_extra.py
[2024-09-29T10:43:10.872+0000] {processor.py:914} INFO - Processing file /home/airflow/.local/lib/python3.12/site-packages/airflow/example_dags/example_inlet_event_extra.py for tasks to queue
[2024-09-29T10:43:10.877+0000] {logging_mixin.py:190} INFO - [2024-09-29T10:43:10.876+0000] {dagbag.py:588} INFO - Filling up the DagBag from /home/airflow/.local/lib/python3.12/site-packages/airflow/example_dags/example_inlet_event_extra.py
[2024-09-29T10:43:11.190+0000] {processor.py:925} INFO - DAG(s) 'read_dataset_event', 'read_dataset_event_from_classic' retrieved from /home/airflow/.local/lib/python3.12/site-packages/airflow/example_dags/example_inlet_event_extra.py
[2024-09-29T10:43:11.236+0000] {logging_mixin.py:190} INFO - [2024-09-29T10:43:11.235+0000] {dag.py:3239} INFO - Sync 2 DAGs
[2024-09-29T10:43:11.295+0000] {logging_mixin.py:190} INFO - [2024-09-29T10:43:11.295+0000] {dag.py:4180} INFO - Setting next_dagrun for read_dataset_event to 2024-09-28 00:00:00+00:00, run_after=2024-09-29 00:00:00+00:00
[2024-09-29T10:43:11.305+0000] {logging_mixin.py:190} INFO - [2024-09-29T10:43:11.305+0000] {dag.py:4180} INFO - Setting next_dagrun for read_dataset_event_from_classic to 2024-09-28 00:00:00+00:00, run_after=2024-09-29 00:00:00+00:00
[2024-09-29T10:43:11.346+0000] {processor.py:208} INFO - Processing /home/airflow/.local/lib/python3.12/site-packages/airflow/example_dags/example_inlet_event_extra.py took 0.487 seconds
[2024-09-29T10:43:43.901+0000] {processor.py:186} INFO - Started process (PID=3219) to work on /home/airflow/.local/lib/python3.12/site-packages/airflow/example_dags/example_inlet_event_extra.py
[2024-09-29T10:43:43.905+0000] {processor.py:914} INFO - Processing file /home/airflow/.local/lib/python3.12/site-packages/airflow/example_dags/example_inlet_event_extra.py for tasks to queue
[2024-09-29T10:43:43.914+0000] {logging_mixin.py:190} INFO - [2024-09-29T10:43:43.911+0000] {dagbag.py:588} INFO - Filling up the DagBag from /home/airflow/.local/lib/python3.12/site-packages/airflow/example_dags/example_inlet_event_extra.py
[2024-09-29T10:43:44.626+0000] {processor.py:925} INFO - DAG(s) 'read_dataset_event_from_classic', 'read_dataset_event' retrieved from /home/airflow/.local/lib/python3.12/site-packages/airflow/example_dags/example_inlet_event_extra.py
[2024-09-29T10:43:44.728+0000] {logging_mixin.py:190} INFO - [2024-09-29T10:43:44.726+0000] {dag.py:3239} INFO - Sync 2 DAGs
[2024-09-29T10:43:44.839+0000] {logging_mixin.py:190} INFO - [2024-09-29T10:43:44.837+0000] {dag.py:4180} INFO - Setting next_dagrun for read_dataset_event to 2024-09-28 00:00:00+00:00, run_after=2024-09-29 00:00:00+00:00
[2024-09-29T10:43:44.864+0000] {logging_mixin.py:190} INFO - [2024-09-29T10:43:44.864+0000] {dag.py:4180} INFO - Setting next_dagrun for read_dataset_event_from_classic to 2024-09-28 00:00:00+00:00, run_after=2024-09-29 00:00:00+00:00
[2024-09-29T10:43:44.944+0000] {processor.py:208} INFO - Processing /home/airflow/.local/lib/python3.12/site-packages/airflow/example_dags/example_inlet_event_extra.py took 1.062 seconds
