[2024-09-29T10:38:14.232+0000] {processor.py:186} INFO - Started process (PID=443) to work on /home/airflow/.local/lib/python3.12/site-packages/airflow/example_dags/example_python_operator.py
[2024-09-29T10:38:14.234+0000] {processor.py:914} INFO - Processing file /home/airflow/.local/lib/python3.12/site-packages/airflow/example_dags/example_python_operator.py for tasks to queue
[2024-09-29T10:38:14.240+0000] {logging_mixin.py:190} INFO - [2024-09-29T10:38:14.240+0000] {dagbag.py:588} INFO - Filling up the DagBag from /home/airflow/.local/lib/python3.12/site-packages/airflow/example_dags/example_python_operator.py
[2024-09-29T10:38:14.294+0000] {processor.py:925} INFO - DAG(s) 'example_python_operator' retrieved from /home/airflow/.local/lib/python3.12/site-packages/airflow/example_dags/example_python_operator.py
[2024-09-29T10:38:14.602+0000] {logging_mixin.py:190} INFO - [2024-09-29T10:38:14.601+0000] {override.py:1900} INFO - Created Permission View: can edit on DAG:example_python_operator
[2024-09-29T10:38:14.649+0000] {logging_mixin.py:190} INFO - [2024-09-29T10:38:14.648+0000] {override.py:1900} INFO - Created Permission View: can read on DAG:example_python_operator
[2024-09-29T10:38:14.668+0000] {logging_mixin.py:190} INFO - [2024-09-29T10:38:14.667+0000] {override.py:1900} INFO - Created Permission View: can delete on DAG:example_python_operator
[2024-09-29T10:38:14.747+0000] {logging_mixin.py:190} INFO - [2024-09-29T10:38:14.745+0000] {override.py:1900} INFO - Created Permission View: can delete on DAG Run:example_python_operator
[2024-09-29T10:38:14.801+0000] {logging_mixin.py:190} INFO - [2024-09-29T10:38:14.800+0000] {override.py:1900} INFO - Created Permission View: can read on DAG Run:example_python_operator
[2024-09-29T10:38:14.847+0000] {logging_mixin.py:190} INFO - [2024-09-29T10:38:14.847+0000] {override.py:1900} INFO - Created Permission View: can create on DAG Run:example_python_operator
[2024-09-29T10:38:14.887+0000] {logging_mixin.py:190} INFO - [2024-09-29T10:38:14.886+0000] {override.py:1900} INFO - Created Permission View: menu access on DAG Run:example_python_operator
[2024-09-29T10:38:14.888+0000] {logging_mixin.py:190} INFO - [2024-09-29T10:38:14.888+0000] {dag.py:3239} INFO - Sync 1 DAGs
[2024-09-29T10:38:14.914+0000] {logging_mixin.py:190} INFO - [2024-09-29T10:38:14.914+0000] {dag.py:3262} INFO - Creating ORM DAG for example_python_operator
[2024-09-29T10:38:14.917+0000] {logging_mixin.py:190} INFO - [2024-09-29T10:38:14.917+0000] {dag.py:4180} INFO - Setting next_dagrun for example_python_operator to None, run_after=None
[2024-09-29T10:38:14.983+0000] {processor.py:208} INFO - Processing /home/airflow/.local/lib/python3.12/site-packages/airflow/example_dags/example_python_operator.py took 0.766 seconds
[2024-09-29T10:38:45.606+0000] {processor.py:186} INFO - Started process (PID=729) to work on /home/airflow/.local/lib/python3.12/site-packages/airflow/example_dags/example_python_operator.py
[2024-09-29T10:38:45.609+0000] {processor.py:914} INFO - Processing file /home/airflow/.local/lib/python3.12/site-packages/airflow/example_dags/example_python_operator.py for tasks to queue
[2024-09-29T10:38:45.615+0000] {logging_mixin.py:190} INFO - [2024-09-29T10:38:45.614+0000] {dagbag.py:588} INFO - Filling up the DagBag from /home/airflow/.local/lib/python3.12/site-packages/airflow/example_dags/example_python_operator.py
[2024-09-29T10:38:45.641+0000] {processor.py:925} INFO - DAG(s) 'example_python_operator' retrieved from /home/airflow/.local/lib/python3.12/site-packages/airflow/example_dags/example_python_operator.py
[2024-09-29T10:38:45.702+0000] {logging_mixin.py:190} INFO - [2024-09-29T10:38:45.701+0000] {dag.py:3239} INFO - Sync 1 DAGs
[2024-09-29T10:38:45.759+0000] {logging_mixin.py:190} INFO - [2024-09-29T10:38:45.759+0000] {dag.py:4180} INFO - Setting next_dagrun for example_python_operator to None, run_after=None
[2024-09-29T10:38:45.878+0000] {processor.py:208} INFO - Processing /home/airflow/.local/lib/python3.12/site-packages/airflow/example_dags/example_python_operator.py took 0.290 seconds
[2024-09-29T10:39:22.120+0000] {processor.py:186} INFO - Started process (PID=1017) to work on /home/airflow/.local/lib/python3.12/site-packages/airflow/example_dags/example_python_operator.py
[2024-09-29T10:39:22.368+0000] {processor.py:914} INFO - Processing file /home/airflow/.local/lib/python3.12/site-packages/airflow/example_dags/example_python_operator.py for tasks to queue
[2024-09-29T10:39:22.374+0000] {logging_mixin.py:190} INFO - [2024-09-29T10:39:22.373+0000] {dagbag.py:588} INFO - Filling up the DagBag from /home/airflow/.local/lib/python3.12/site-packages/airflow/example_dags/example_python_operator.py
[2024-09-29T10:39:22.401+0000] {processor.py:925} INFO - DAG(s) 'example_python_operator' retrieved from /home/airflow/.local/lib/python3.12/site-packages/airflow/example_dags/example_python_operator.py
[2024-09-29T10:39:22.689+0000] {logging_mixin.py:190} INFO - [2024-09-29T10:39:22.688+0000] {dag.py:3239} INFO - Sync 1 DAGs
[2024-09-29T10:39:22.754+0000] {logging_mixin.py:190} INFO - [2024-09-29T10:39:22.754+0000] {dag.py:4180} INFO - Setting next_dagrun for example_python_operator to None, run_after=None
[2024-09-29T10:39:22.829+0000] {processor.py:208} INFO - Processing /home/airflow/.local/lib/python3.12/site-packages/airflow/example_dags/example_python_operator.py took 0.720 seconds
[2024-09-29T10:39:52.994+0000] {processor.py:186} INFO - Started process (PID=1301) to work on /home/airflow/.local/lib/python3.12/site-packages/airflow/example_dags/example_python_operator.py
[2024-09-29T10:39:52.997+0000] {processor.py:914} INFO - Processing file /home/airflow/.local/lib/python3.12/site-packages/airflow/example_dags/example_python_operator.py for tasks to queue
[2024-09-29T10:39:53.003+0000] {logging_mixin.py:190} INFO - [2024-09-29T10:39:53.002+0000] {dagbag.py:588} INFO - Filling up the DagBag from /home/airflow/.local/lib/python3.12/site-packages/airflow/example_dags/example_python_operator.py
[2024-09-29T10:39:53.028+0000] {processor.py:925} INFO - DAG(s) 'example_python_operator' retrieved from /home/airflow/.local/lib/python3.12/site-packages/airflow/example_dags/example_python_operator.py
[2024-09-29T10:39:53.076+0000] {logging_mixin.py:190} INFO - [2024-09-29T10:39:53.075+0000] {dag.py:3239} INFO - Sync 1 DAGs
[2024-09-29T10:39:53.114+0000] {logging_mixin.py:190} INFO - [2024-09-29T10:39:53.113+0000] {dag.py:4180} INFO - Setting next_dagrun for example_python_operator to None, run_after=None
[2024-09-29T10:39:53.587+0000] {processor.py:208} INFO - Processing /home/airflow/.local/lib/python3.12/site-packages/airflow/example_dags/example_python_operator.py took 0.604 seconds
[2024-09-29T10:40:23.896+0000] {processor.py:186} INFO - Started process (PID=1592) to work on /home/airflow/.local/lib/python3.12/site-packages/airflow/example_dags/example_python_operator.py
[2024-09-29T10:40:23.899+0000] {processor.py:914} INFO - Processing file /home/airflow/.local/lib/python3.12/site-packages/airflow/example_dags/example_python_operator.py for tasks to queue
[2024-09-29T10:40:23.906+0000] {logging_mixin.py:190} INFO - [2024-09-29T10:40:23.905+0000] {dagbag.py:588} INFO - Filling up the DagBag from /home/airflow/.local/lib/python3.12/site-packages/airflow/example_dags/example_python_operator.py
[2024-09-29T10:40:23.929+0000] {processor.py:925} INFO - DAG(s) 'example_python_operator' retrieved from /home/airflow/.local/lib/python3.12/site-packages/airflow/example_dags/example_python_operator.py
[2024-09-29T10:40:23.979+0000] {logging_mixin.py:190} INFO - [2024-09-29T10:40:23.978+0000] {dag.py:3239} INFO - Sync 1 DAGs
[2024-09-29T10:40:24.025+0000] {logging_mixin.py:190} INFO - [2024-09-29T10:40:24.025+0000] {dag.py:4180} INFO - Setting next_dagrun for example_python_operator to None, run_after=None
[2024-09-29T10:40:24.099+0000] {processor.py:208} INFO - Processing /home/airflow/.local/lib/python3.12/site-packages/airflow/example_dags/example_python_operator.py took 0.214 seconds
[2024-09-29T10:40:57.763+0000] {processor.py:186} INFO - Started process (PID=1888) to work on /home/airflow/.local/lib/python3.12/site-packages/airflow/example_dags/example_python_operator.py
[2024-09-29T10:40:57.766+0000] {processor.py:914} INFO - Processing file /home/airflow/.local/lib/python3.12/site-packages/airflow/example_dags/example_python_operator.py for tasks to queue
[2024-09-29T10:40:57.782+0000] {logging_mixin.py:190} INFO - [2024-09-29T10:40:57.780+0000] {dagbag.py:588} INFO - Filling up the DagBag from /home/airflow/.local/lib/python3.12/site-packages/airflow/example_dags/example_python_operator.py
[2024-09-29T10:40:57.842+0000] {processor.py:925} INFO - DAG(s) 'example_python_operator' retrieved from /home/airflow/.local/lib/python3.12/site-packages/airflow/example_dags/example_python_operator.py
[2024-09-29T10:40:57.960+0000] {logging_mixin.py:190} INFO - [2024-09-29T10:40:57.959+0000] {dag.py:3239} INFO - Sync 1 DAGs
[2024-09-29T10:40:58.038+0000] {logging_mixin.py:190} INFO - [2024-09-29T10:40:58.037+0000] {dag.py:4180} INFO - Setting next_dagrun for example_python_operator to None, run_after=None
[2024-09-29T10:40:58.132+0000] {processor.py:208} INFO - Processing /home/airflow/.local/lib/python3.12/site-packages/airflow/example_dags/example_python_operator.py took 0.396 seconds
[2024-09-29T10:41:38.878+0000] {processor.py:186} INFO - Started process (PID=2204) to work on /home/airflow/.local/lib/python3.12/site-packages/airflow/example_dags/example_python_operator.py
[2024-09-29T10:41:38.883+0000] {processor.py:914} INFO - Processing file /home/airflow/.local/lib/python3.12/site-packages/airflow/example_dags/example_python_operator.py for tasks to queue
[2024-09-29T10:41:38.924+0000] {logging_mixin.py:190} INFO - [2024-09-29T10:41:38.923+0000] {dagbag.py:588} INFO - Filling up the DagBag from /home/airflow/.local/lib/python3.12/site-packages/airflow/example_dags/example_python_operator.py
[2024-09-29T10:41:39.067+0000] {processor.py:925} INFO - DAG(s) 'example_python_operator' retrieved from /home/airflow/.local/lib/python3.12/site-packages/airflow/example_dags/example_python_operator.py
[2024-09-29T10:41:39.184+0000] {logging_mixin.py:190} INFO - [2024-09-29T10:41:39.181+0000] {dag.py:3239} INFO - Sync 1 DAGs
[2024-09-29T10:41:39.453+0000] {logging_mixin.py:190} INFO - [2024-09-29T10:41:39.452+0000] {dag.py:4180} INFO - Setting next_dagrun for example_python_operator to None, run_after=None
[2024-09-29T10:41:39.649+0000] {processor.py:208} INFO - Processing /home/airflow/.local/lib/python3.12/site-packages/airflow/example_dags/example_python_operator.py took 0.793 seconds
[2024-09-29T10:42:33.250+0000] {processor.py:186} INFO - Started process (PID=2557) to work on /home/airflow/.local/lib/python3.12/site-packages/airflow/example_dags/example_python_operator.py
[2024-09-29T10:42:33.253+0000] {processor.py:914} INFO - Processing file /home/airflow/.local/lib/python3.12/site-packages/airflow/example_dags/example_python_operator.py for tasks to queue
[2024-09-29T10:42:33.258+0000] {logging_mixin.py:190} INFO - [2024-09-29T10:42:33.257+0000] {dagbag.py:588} INFO - Filling up the DagBag from /home/airflow/.local/lib/python3.12/site-packages/airflow/example_dags/example_python_operator.py
[2024-09-29T10:42:33.290+0000] {processor.py:925} INFO - DAG(s) 'example_python_operator' retrieved from /home/airflow/.local/lib/python3.12/site-packages/airflow/example_dags/example_python_operator.py
[2024-09-29T10:42:33.347+0000] {logging_mixin.py:190} INFO - [2024-09-29T10:42:33.346+0000] {dag.py:3239} INFO - Sync 1 DAGs
[2024-09-29T10:42:33.383+0000] {logging_mixin.py:190} INFO - [2024-09-29T10:42:33.383+0000] {dag.py:4180} INFO - Setting next_dagrun for example_python_operator to None, run_after=None
[2024-09-29T10:42:33.434+0000] {processor.py:208} INFO - Processing /home/airflow/.local/lib/python3.12/site-packages/airflow/example_dags/example_python_operator.py took 0.197 seconds
[2024-09-29T10:43:03.663+0000] {processor.py:186} INFO - Started process (PID=2845) to work on /home/airflow/.local/lib/python3.12/site-packages/airflow/example_dags/example_python_operator.py
[2024-09-29T10:43:03.665+0000] {processor.py:914} INFO - Processing file /home/airflow/.local/lib/python3.12/site-packages/airflow/example_dags/example_python_operator.py for tasks to queue
[2024-09-29T10:43:03.670+0000] {logging_mixin.py:190} INFO - [2024-09-29T10:43:03.669+0000] {dagbag.py:588} INFO - Filling up the DagBag from /home/airflow/.local/lib/python3.12/site-packages/airflow/example_dags/example_python_operator.py
[2024-09-29T10:43:03.701+0000] {processor.py:925} INFO - DAG(s) 'example_python_operator' retrieved from /home/airflow/.local/lib/python3.12/site-packages/airflow/example_dags/example_python_operator.py
[2024-09-29T10:43:03.751+0000] {logging_mixin.py:190} INFO - [2024-09-29T10:43:03.750+0000] {dag.py:3239} INFO - Sync 1 DAGs
[2024-09-29T10:43:03.788+0000] {logging_mixin.py:190} INFO - [2024-09-29T10:43:03.787+0000] {dag.py:4180} INFO - Setting next_dagrun for example_python_operator to None, run_after=None
[2024-09-29T10:43:03.833+0000] {processor.py:208} INFO - Processing /home/airflow/.local/lib/python3.12/site-packages/airflow/example_dags/example_python_operator.py took 0.179 seconds
[2024-09-29T10:43:35.025+0000] {processor.py:186} INFO - Started process (PID=3129) to work on /home/airflow/.local/lib/python3.12/site-packages/airflow/example_dags/example_python_operator.py
[2024-09-29T10:43:35.029+0000] {processor.py:914} INFO - Processing file /home/airflow/.local/lib/python3.12/site-packages/airflow/example_dags/example_python_operator.py for tasks to queue
[2024-09-29T10:43:35.037+0000] {logging_mixin.py:190} INFO - [2024-09-29T10:43:35.036+0000] {dagbag.py:588} INFO - Filling up the DagBag from /home/airflow/.local/lib/python3.12/site-packages/airflow/example_dags/example_python_operator.py
[2024-09-29T10:43:35.113+0000] {processor.py:925} INFO - DAG(s) 'example_python_operator' retrieved from /home/airflow/.local/lib/python3.12/site-packages/airflow/example_dags/example_python_operator.py
[2024-09-29T10:43:35.277+0000] {logging_mixin.py:190} INFO - [2024-09-29T10:43:35.276+0000] {dag.py:3239} INFO - Sync 1 DAGs
[2024-09-29T10:43:35.361+0000] {logging_mixin.py:190} INFO - [2024-09-29T10:43:35.360+0000] {dag.py:4180} INFO - Setting next_dagrun for example_python_operator to None, run_after=None
[2024-09-29T10:43:35.458+0000] {processor.py:208} INFO - Processing /home/airflow/.local/lib/python3.12/site-packages/airflow/example_dags/example_python_operator.py took 0.452 seconds
