[2024-09-29T10:38:02.527+0000] {processor.py:186} INFO - Started process (PID=352) to work on /home/airflow/.local/lib/python3.12/site-packages/airflow/example_dags/example_branch_day_of_week_operator.py
[2024-09-29T10:38:02.529+0000] {processor.py:914} INFO - Processing file /home/airflow/.local/lib/python3.12/site-packages/airflow/example_dags/example_branch_day_of_week_operator.py for tasks to queue
[2024-09-29T10:38:02.534+0000] {logging_mixin.py:190} INFO - [2024-09-29T10:38:02.533+0000] {dagbag.py:588} INFO - Filling up the DagBag from /home/airflow/.local/lib/python3.12/site-packages/airflow/example_dags/example_branch_day_of_week_operator.py
[2024-09-29T10:38:02.570+0000] {processor.py:925} INFO - DAG(s) 'example_weekday_branch_operator' retrieved from /home/airflow/.local/lib/python3.12/site-packages/airflow/example_dags/example_branch_day_of_week_operator.py
[2024-09-29T10:38:02.851+0000] {logging_mixin.py:190} INFO - [2024-09-29T10:38:02.849+0000] {override.py:1900} INFO - Created Permission View: can edit on DAG:example_weekday_branch_operator
[2024-09-29T10:38:02.874+0000] {logging_mixin.py:190} INFO - [2024-09-29T10:38:02.873+0000] {override.py:1900} INFO - Created Permission View: can read on DAG:example_weekday_branch_operator
[2024-09-29T10:38:02.890+0000] {logging_mixin.py:190} INFO - [2024-09-29T10:38:02.889+0000] {override.py:1900} INFO - Created Permission View: can delete on DAG:example_weekday_branch_operator
[2024-09-29T10:38:02.926+0000] {logging_mixin.py:190} INFO - [2024-09-29T10:38:02.925+0000] {override.py:1900} INFO - Created Permission View: can delete on DAG Run:example_weekday_branch_operator
[2024-09-29T10:38:02.943+0000] {logging_mixin.py:190} INFO - [2024-09-29T10:38:02.943+0000] {override.py:1900} INFO - Created Permission View: can read on DAG Run:example_weekday_branch_operator
[2024-09-29T10:38:03.003+0000] {logging_mixin.py:190} INFO - [2024-09-29T10:38:03.002+0000] {override.py:1900} INFO - Created Permission View: can create on DAG Run:example_weekday_branch_operator
[2024-09-29T10:38:03.025+0000] {logging_mixin.py:190} INFO - [2024-09-29T10:38:03.025+0000] {override.py:1900} INFO - Created Permission View: menu access on DAG Run:example_weekday_branch_operator
[2024-09-29T10:38:03.027+0000] {logging_mixin.py:190} INFO - [2024-09-29T10:38:03.027+0000] {dag.py:3239} INFO - Sync 1 DAGs
[2024-09-29T10:38:03.056+0000] {logging_mixin.py:190} INFO - [2024-09-29T10:38:03.056+0000] {dag.py:3262} INFO - Creating ORM DAG for example_weekday_branch_operator
[2024-09-29T10:38:03.085+0000] {logging_mixin.py:190} INFO - [2024-09-29T10:38:03.084+0000] {dag.py:4180} INFO - Setting next_dagrun for example_weekday_branch_operator to 2024-09-28 00:00:00+00:00, run_after=2024-09-29 00:00:00+00:00
[2024-09-29T10:38:03.131+0000] {processor.py:208} INFO - Processing /home/airflow/.local/lib/python3.12/site-packages/airflow/example_dags/example_branch_day_of_week_operator.py took 0.615 seconds
[2024-09-29T10:38:34.046+0000] {processor.py:186} INFO - Started process (PID=638) to work on /home/airflow/.local/lib/python3.12/site-packages/airflow/example_dags/example_branch_day_of_week_operator.py
[2024-09-29T10:38:34.112+0000] {processor.py:914} INFO - Processing file /home/airflow/.local/lib/python3.12/site-packages/airflow/example_dags/example_branch_day_of_week_operator.py for tasks to queue
[2024-09-29T10:38:34.118+0000] {logging_mixin.py:190} INFO - [2024-09-29T10:38:34.117+0000] {dagbag.py:588} INFO - Filling up the DagBag from /home/airflow/.local/lib/python3.12/site-packages/airflow/example_dags/example_branch_day_of_week_operator.py
[2024-09-29T10:38:34.146+0000] {processor.py:925} INFO - DAG(s) 'example_weekday_branch_operator' retrieved from /home/airflow/.local/lib/python3.12/site-packages/airflow/example_dags/example_branch_day_of_week_operator.py
[2024-09-29T10:38:34.213+0000] {logging_mixin.py:190} INFO - [2024-09-29T10:38:34.213+0000] {dag.py:3239} INFO - Sync 1 DAGs
[2024-09-29T10:38:34.295+0000] {logging_mixin.py:190} INFO - [2024-09-29T10:38:34.294+0000] {dag.py:4180} INFO - Setting next_dagrun for example_weekday_branch_operator to 2024-09-28 00:00:00+00:00, run_after=2024-09-29 00:00:00+00:00
[2024-09-29T10:38:34.355+0000] {processor.py:208} INFO - Processing /home/airflow/.local/lib/python3.12/site-packages/airflow/example_dags/example_branch_day_of_week_operator.py took 0.324 seconds
[2024-09-29T10:39:04.624+0000] {processor.py:186} INFO - Started process (PID=919) to work on /home/airflow/.local/lib/python3.12/site-packages/airflow/example_dags/example_branch_day_of_week_operator.py
[2024-09-29T10:39:04.633+0000] {processor.py:914} INFO - Processing file /home/airflow/.local/lib/python3.12/site-packages/airflow/example_dags/example_branch_day_of_week_operator.py for tasks to queue
[2024-09-29T10:39:04.645+0000] {logging_mixin.py:190} INFO - [2024-09-29T10:39:04.644+0000] {dagbag.py:588} INFO - Filling up the DagBag from /home/airflow/.local/lib/python3.12/site-packages/airflow/example_dags/example_branch_day_of_week_operator.py
[2024-09-29T10:39:04.990+0000] {processor.py:925} INFO - DAG(s) 'example_weekday_branch_operator' retrieved from /home/airflow/.local/lib/python3.12/site-packages/airflow/example_dags/example_branch_day_of_week_operator.py
[2024-09-29T10:39:05.196+0000] {logging_mixin.py:190} INFO - [2024-09-29T10:39:05.195+0000] {dag.py:3239} INFO - Sync 1 DAGs
[2024-09-29T10:39:05.286+0000] {logging_mixin.py:190} INFO - [2024-09-29T10:39:05.286+0000] {dag.py:4180} INFO - Setting next_dagrun for example_weekday_branch_operator to 2024-09-28 00:00:00+00:00, run_after=2024-09-29 00:00:00+00:00
[2024-09-29T10:39:05.343+0000] {processor.py:208} INFO - Processing /home/airflow/.local/lib/python3.12/site-packages/airflow/example_dags/example_branch_day_of_week_operator.py took 0.779 seconds
[2024-09-29T10:39:35.938+0000] {processor.py:186} INFO - Started process (PID=1205) to work on /home/airflow/.local/lib/python3.12/site-packages/airflow/example_dags/example_branch_day_of_week_operator.py
[2024-09-29T10:39:35.957+0000] {processor.py:914} INFO - Processing file /home/airflow/.local/lib/python3.12/site-packages/airflow/example_dags/example_branch_day_of_week_operator.py for tasks to queue
[2024-09-29T10:39:35.963+0000] {logging_mixin.py:190} INFO - [2024-09-29T10:39:35.963+0000] {dagbag.py:588} INFO - Filling up the DagBag from /home/airflow/.local/lib/python3.12/site-packages/airflow/example_dags/example_branch_day_of_week_operator.py
[2024-09-29T10:39:36.139+0000] {processor.py:925} INFO - DAG(s) 'example_weekday_branch_operator' retrieved from /home/airflow/.local/lib/python3.12/site-packages/airflow/example_dags/example_branch_day_of_week_operator.py
[2024-09-29T10:39:36.265+0000] {logging_mixin.py:190} INFO - [2024-09-29T10:39:36.265+0000] {dag.py:3239} INFO - Sync 1 DAGs
[2024-09-29T10:39:36.470+0000] {logging_mixin.py:190} INFO - [2024-09-29T10:39:36.469+0000] {dag.py:4180} INFO - Setting next_dagrun for example_weekday_branch_operator to 2024-09-28 00:00:00+00:00, run_after=2024-09-29 00:00:00+00:00
[2024-09-29T10:39:36.553+0000] {processor.py:208} INFO - Processing /home/airflow/.local/lib/python3.12/site-packages/airflow/example_dags/example_branch_day_of_week_operator.py took 0.628 seconds
[2024-09-29T10:40:07.236+0000] {processor.py:186} INFO - Started process (PID=1491) to work on /home/airflow/.local/lib/python3.12/site-packages/airflow/example_dags/example_branch_day_of_week_operator.py
[2024-09-29T10:40:07.238+0000] {processor.py:914} INFO - Processing file /home/airflow/.local/lib/python3.12/site-packages/airflow/example_dags/example_branch_day_of_week_operator.py for tasks to queue
[2024-09-29T10:40:07.245+0000] {logging_mixin.py:190} INFO - [2024-09-29T10:40:07.244+0000] {dagbag.py:588} INFO - Filling up the DagBag from /home/airflow/.local/lib/python3.12/site-packages/airflow/example_dags/example_branch_day_of_week_operator.py
[2024-09-29T10:40:07.276+0000] {processor.py:925} INFO - DAG(s) 'example_weekday_branch_operator' retrieved from /home/airflow/.local/lib/python3.12/site-packages/airflow/example_dags/example_branch_day_of_week_operator.py
[2024-09-29T10:40:07.427+0000] {logging_mixin.py:190} INFO - [2024-09-29T10:40:07.426+0000] {dag.py:3239} INFO - Sync 1 DAGs
[2024-09-29T10:40:07.496+0000] {logging_mixin.py:190} INFO - [2024-09-29T10:40:07.496+0000] {dag.py:4180} INFO - Setting next_dagrun for example_weekday_branch_operator to 2024-09-28 00:00:00+00:00, run_after=2024-09-29 00:00:00+00:00
[2024-09-29T10:40:07.624+0000] {processor.py:208} INFO - Processing /home/airflow/.local/lib/python3.12/site-packages/airflow/example_dags/example_branch_day_of_week_operator.py took 0.402 seconds
[2024-09-29T10:40:38.453+0000] {processor.py:186} INFO - Started process (PID=1777) to work on /home/airflow/.local/lib/python3.12/site-packages/airflow/example_dags/example_branch_day_of_week_operator.py
[2024-09-29T10:40:38.455+0000] {processor.py:914} INFO - Processing file /home/airflow/.local/lib/python3.12/site-packages/airflow/example_dags/example_branch_day_of_week_operator.py for tasks to queue
[2024-09-29T10:40:38.460+0000] {logging_mixin.py:190} INFO - [2024-09-29T10:40:38.460+0000] {dagbag.py:588} INFO - Filling up the DagBag from /home/airflow/.local/lib/python3.12/site-packages/airflow/example_dags/example_branch_day_of_week_operator.py
[2024-09-29T10:40:38.480+0000] {processor.py:925} INFO - DAG(s) 'example_weekday_branch_operator' retrieved from /home/airflow/.local/lib/python3.12/site-packages/airflow/example_dags/example_branch_day_of_week_operator.py
[2024-09-29T10:40:38.535+0000] {logging_mixin.py:190} INFO - [2024-09-29T10:40:38.535+0000] {dag.py:3239} INFO - Sync 1 DAGs
[2024-09-29T10:40:38.616+0000] {logging_mixin.py:190} INFO - [2024-09-29T10:40:38.615+0000] {dag.py:4180} INFO - Setting next_dagrun for example_weekday_branch_operator to 2024-09-28 00:00:00+00:00, run_after=2024-09-29 00:00:00+00:00
[2024-09-29T10:40:39.351+0000] {processor.py:208} INFO - Processing /home/airflow/.local/lib/python3.12/site-packages/airflow/example_dags/example_branch_day_of_week_operator.py took 0.912 seconds
[2024-09-29T10:41:12.767+0000] {processor.py:186} INFO - Started process (PID=2074) to work on /home/airflow/.local/lib/python3.12/site-packages/airflow/example_dags/example_branch_day_of_week_operator.py
[2024-09-29T10:41:12.772+0000] {processor.py:914} INFO - Processing file /home/airflow/.local/lib/python3.12/site-packages/airflow/example_dags/example_branch_day_of_week_operator.py for tasks to queue
[2024-09-29T10:41:12.777+0000] {logging_mixin.py:190} INFO - [2024-09-29T10:41:12.776+0000] {dagbag.py:588} INFO - Filling up the DagBag from /home/airflow/.local/lib/python3.12/site-packages/airflow/example_dags/example_branch_day_of_week_operator.py
[2024-09-29T10:41:12.798+0000] {processor.py:925} INFO - DAG(s) 'example_weekday_branch_operator' retrieved from /home/airflow/.local/lib/python3.12/site-packages/airflow/example_dags/example_branch_day_of_week_operator.py
[2024-09-29T10:41:12.854+0000] {logging_mixin.py:190} INFO - [2024-09-29T10:41:12.853+0000] {dag.py:3239} INFO - Sync 1 DAGs
[2024-09-29T10:41:12.914+0000] {logging_mixin.py:190} INFO - [2024-09-29T10:41:12.914+0000] {dag.py:4180} INFO - Setting next_dagrun for example_weekday_branch_operator to 2024-09-28 00:00:00+00:00, run_after=2024-09-29 00:00:00+00:00
[2024-09-29T10:41:12.974+0000] {processor.py:208} INFO - Processing /home/airflow/.local/lib/python3.12/site-packages/airflow/example_dags/example_branch_day_of_week_operator.py took 0.219 seconds
[2024-09-29T10:41:53.598+0000] {processor.py:186} INFO - Started process (PID=2360) to work on /home/airflow/.local/lib/python3.12/site-packages/airflow/example_dags/example_branch_day_of_week_operator.py
[2024-09-29T10:41:53.601+0000] {processor.py:914} INFO - Processing file /home/airflow/.local/lib/python3.12/site-packages/airflow/example_dags/example_branch_day_of_week_operator.py for tasks to queue
[2024-09-29T10:41:53.608+0000] {logging_mixin.py:190} INFO - [2024-09-29T10:41:53.607+0000] {dagbag.py:588} INFO - Filling up the DagBag from /home/airflow/.local/lib/python3.12/site-packages/airflow/example_dags/example_branch_day_of_week_operator.py
[2024-09-29T10:41:53.638+0000] {processor.py:925} INFO - DAG(s) 'example_weekday_branch_operator' retrieved from /home/airflow/.local/lib/python3.12/site-packages/airflow/example_dags/example_branch_day_of_week_operator.py
[2024-09-29T10:41:53.703+0000] {logging_mixin.py:190} INFO - [2024-09-29T10:41:53.702+0000] {dag.py:3239} INFO - Sync 1 DAGs
[2024-09-29T10:41:53.801+0000] {logging_mixin.py:190} INFO - [2024-09-29T10:41:53.798+0000] {dag.py:4180} INFO - Setting next_dagrun for example_weekday_branch_operator to 2024-09-28 00:00:00+00:00, run_after=2024-09-29 00:00:00+00:00
[2024-09-29T10:41:53.872+0000] {processor.py:208} INFO - Processing /home/airflow/.local/lib/python3.12/site-packages/airflow/example_dags/example_branch_day_of_week_operator.py took 0.290 seconds
[2024-09-29T10:42:36.361+0000] {processor.py:186} INFO - Started process (PID=2617) to work on /home/airflow/.local/lib/python3.12/site-packages/airflow/example_dags/example_branch_day_of_week_operator.py
[2024-09-29T10:42:36.366+0000] {processor.py:914} INFO - Processing file /home/airflow/.local/lib/python3.12/site-packages/airflow/example_dags/example_branch_day_of_week_operator.py for tasks to queue
[2024-09-29T10:42:36.372+0000] {logging_mixin.py:190} INFO - [2024-09-29T10:42:36.371+0000] {dagbag.py:588} INFO - Filling up the DagBag from /home/airflow/.local/lib/python3.12/site-packages/airflow/example_dags/example_branch_day_of_week_operator.py
[2024-09-29T10:42:36.536+0000] {processor.py:925} INFO - DAG(s) 'example_weekday_branch_operator' retrieved from /home/airflow/.local/lib/python3.12/site-packages/airflow/example_dags/example_branch_day_of_week_operator.py
[2024-09-29T10:42:36.619+0000] {logging_mixin.py:190} INFO - [2024-09-29T10:42:36.618+0000] {dag.py:3239} INFO - Sync 1 DAGs
[2024-09-29T10:42:36.694+0000] {logging_mixin.py:190} INFO - [2024-09-29T10:42:36.693+0000] {dag.py:4180} INFO - Setting next_dagrun for example_weekday_branch_operator to 2024-09-28 00:00:00+00:00, run_after=2024-09-29 00:00:00+00:00
[2024-09-29T10:42:36.743+0000] {processor.py:208} INFO - Processing /home/airflow/.local/lib/python3.12/site-packages/airflow/example_dags/example_branch_day_of_week_operator.py took 0.396 seconds
[2024-09-29T10:43:07.683+0000] {processor.py:186} INFO - Started process (PID=2898) to work on /home/airflow/.local/lib/python3.12/site-packages/airflow/example_dags/example_branch_day_of_week_operator.py
[2024-09-29T10:43:07.685+0000] {processor.py:914} INFO - Processing file /home/airflow/.local/lib/python3.12/site-packages/airflow/example_dags/example_branch_day_of_week_operator.py for tasks to queue
[2024-09-29T10:43:07.690+0000] {logging_mixin.py:190} INFO - [2024-09-29T10:43:07.690+0000] {dagbag.py:588} INFO - Filling up the DagBag from /home/airflow/.local/lib/python3.12/site-packages/airflow/example_dags/example_branch_day_of_week_operator.py
[2024-09-29T10:43:07.710+0000] {processor.py:925} INFO - DAG(s) 'example_weekday_branch_operator' retrieved from /home/airflow/.local/lib/python3.12/site-packages/airflow/example_dags/example_branch_day_of_week_operator.py
[2024-09-29T10:43:07.758+0000] {logging_mixin.py:190} INFO - [2024-09-29T10:43:07.758+0000] {dag.py:3239} INFO - Sync 1 DAGs
[2024-09-29T10:43:07.817+0000] {logging_mixin.py:190} INFO - [2024-09-29T10:43:07.816+0000] {dag.py:4180} INFO - Setting next_dagrun for example_weekday_branch_operator to 2024-09-28 00:00:00+00:00, run_after=2024-09-29 00:00:00+00:00
[2024-09-29T10:43:07.859+0000] {processor.py:208} INFO - Processing /home/airflow/.local/lib/python3.12/site-packages/airflow/example_dags/example_branch_day_of_week_operator.py took 0.187 seconds
[2024-09-29T10:43:40.628+0000] {processor.py:186} INFO - Started process (PID=3189) to work on /home/airflow/.local/lib/python3.12/site-packages/airflow/example_dags/example_branch_day_of_week_operator.py
[2024-09-29T10:43:40.842+0000] {processor.py:914} INFO - Processing file /home/airflow/.local/lib/python3.12/site-packages/airflow/example_dags/example_branch_day_of_week_operator.py for tasks to queue
[2024-09-29T10:43:40.847+0000] {logging_mixin.py:190} INFO - [2024-09-29T10:43:40.846+0000] {dagbag.py:588} INFO - Filling up the DagBag from /home/airflow/.local/lib/python3.12/site-packages/airflow/example_dags/example_branch_day_of_week_operator.py
[2024-09-29T10:43:40.868+0000] {processor.py:925} INFO - DAG(s) 'example_weekday_branch_operator' retrieved from /home/airflow/.local/lib/python3.12/site-packages/airflow/example_dags/example_branch_day_of_week_operator.py
[2024-09-29T10:43:41.159+0000] {logging_mixin.py:190} INFO - [2024-09-29T10:43:41.158+0000] {dag.py:3239} INFO - Sync 1 DAGs
[2024-09-29T10:43:41.226+0000] {logging_mixin.py:190} INFO - [2024-09-29T10:43:41.225+0000] {dag.py:4180} INFO - Setting next_dagrun for example_weekday_branch_operator to 2024-09-28 00:00:00+00:00, run_after=2024-09-29 00:00:00+00:00
[2024-09-29T10:43:41.666+0000] {processor.py:208} INFO - Processing /home/airflow/.local/lib/python3.12/site-packages/airflow/example_dags/example_branch_day_of_week_operator.py took 1.049 seconds
