[2024-09-29T10:38:12.453+0000] {processor.py:186} INFO - Started process (PID=418) to work on /home/airflow/.local/lib/python3.12/site-packages/airflow/example_dags/example_external_task_marker_dag.py
[2024-09-29T10:38:12.459+0000] {processor.py:914} INFO - Processing file /home/airflow/.local/lib/python3.12/site-packages/airflow/example_dags/example_external_task_marker_dag.py for tasks to queue
[2024-09-29T10:38:12.483+0000] {logging_mixin.py:190} INFO - [2024-09-29T10:38:12.479+0000] {dagbag.py:588} INFO - Filling up the DagBag from /home/airflow/.local/lib/python3.12/site-packages/airflow/example_dags/example_external_task_marker_dag.py
[2024-09-29T10:38:12.531+0000] {processor.py:925} INFO - DAG(s) 'example_external_task_marker_parent', 'example_external_task_marker_child' retrieved from /home/airflow/.local/lib/python3.12/site-packages/airflow/example_dags/example_external_task_marker_dag.py
[2024-09-29T10:38:12.888+0000] {logging_mixin.py:190} INFO - [2024-09-29T10:38:12.886+0000] {override.py:1900} INFO - Created Permission View: can edit on DAG:example_external_task_marker_parent
[2024-09-29T10:38:12.917+0000] {logging_mixin.py:190} INFO - [2024-09-29T10:38:12.916+0000] {override.py:1900} INFO - Created Permission View: can read on DAG:example_external_task_marker_parent
[2024-09-29T10:38:12.936+0000] {logging_mixin.py:190} INFO - [2024-09-29T10:38:12.935+0000] {override.py:1900} INFO - Created Permission View: can delete on DAG:example_external_task_marker_parent
[2024-09-29T10:38:12.956+0000] {logging_mixin.py:190} INFO - [2024-09-29T10:38:12.956+0000] {override.py:1900} INFO - Created Permission View: can delete on DAG Run:example_external_task_marker_parent
[2024-09-29T10:38:12.978+0000] {logging_mixin.py:190} INFO - [2024-09-29T10:38:12.977+0000] {override.py:1900} INFO - Created Permission View: can read on DAG Run:example_external_task_marker_parent
[2024-09-29T10:38:12.996+0000] {logging_mixin.py:190} INFO - [2024-09-29T10:38:12.995+0000] {override.py:1900} INFO - Created Permission View: can create on DAG Run:example_external_task_marker_parent
[2024-09-29T10:38:13.018+0000] {logging_mixin.py:190} INFO - [2024-09-29T10:38:13.017+0000] {override.py:1900} INFO - Created Permission View: menu access on DAG Run:example_external_task_marker_parent
[2024-09-29T10:38:13.062+0000] {logging_mixin.py:190} INFO - [2024-09-29T10:38:13.062+0000] {override.py:1900} INFO - Created Permission View: can edit on DAG:example_external_task_marker_child
[2024-09-29T10:38:13.086+0000] {logging_mixin.py:190} INFO - [2024-09-29T10:38:13.085+0000] {override.py:1900} INFO - Created Permission View: can read on DAG:example_external_task_marker_child
[2024-09-29T10:38:13.108+0000] {logging_mixin.py:190} INFO - [2024-09-29T10:38:13.107+0000] {override.py:1900} INFO - Created Permission View: can delete on DAG:example_external_task_marker_child
[2024-09-29T10:38:13.132+0000] {logging_mixin.py:190} INFO - [2024-09-29T10:38:13.131+0000] {override.py:1900} INFO - Created Permission View: can delete on DAG Run:example_external_task_marker_child
[2024-09-29T10:38:13.151+0000] {logging_mixin.py:190} INFO - [2024-09-29T10:38:13.151+0000] {override.py:1900} INFO - Created Permission View: can read on DAG Run:example_external_task_marker_child
[2024-09-29T10:38:13.172+0000] {logging_mixin.py:190} INFO - [2024-09-29T10:38:13.171+0000] {override.py:1900} INFO - Created Permission View: can create on DAG Run:example_external_task_marker_child
[2024-09-29T10:38:13.195+0000] {logging_mixin.py:190} INFO - [2024-09-29T10:38:13.194+0000] {override.py:1900} INFO - Created Permission View: menu access on DAG Run:example_external_task_marker_child
[2024-09-29T10:38:13.197+0000] {logging_mixin.py:190} INFO - [2024-09-29T10:38:13.196+0000] {dag.py:3239} INFO - Sync 2 DAGs
[2024-09-29T10:38:13.251+0000] {logging_mixin.py:190} INFO - [2024-09-29T10:38:13.250+0000] {dag.py:3262} INFO - Creating ORM DAG for example_external_task_marker_child
[2024-09-29T10:38:13.253+0000] {logging_mixin.py:190} INFO - [2024-09-29T10:38:13.253+0000] {dag.py:3262} INFO - Creating ORM DAG for example_external_task_marker_parent
[2024-09-29T10:38:13.257+0000] {logging_mixin.py:190} INFO - [2024-09-29T10:38:13.256+0000] {dag.py:4180} INFO - Setting next_dagrun for example_external_task_marker_child to None, run_after=None
[2024-09-29T10:38:13.261+0000] {logging_mixin.py:190} INFO - [2024-09-29T10:38:13.260+0000] {dag.py:4180} INFO - Setting next_dagrun for example_external_task_marker_parent to None, run_after=None
[2024-09-29T10:38:13.323+0000] {processor.py:208} INFO - Processing /home/airflow/.local/lib/python3.12/site-packages/airflow/example_dags/example_external_task_marker_dag.py took 0.900 seconds
[2024-09-29T10:38:44.041+0000] {processor.py:186} INFO - Started process (PID=706) to work on /home/airflow/.local/lib/python3.12/site-packages/airflow/example_dags/example_external_task_marker_dag.py
[2024-09-29T10:38:44.043+0000] {processor.py:914} INFO - Processing file /home/airflow/.local/lib/python3.12/site-packages/airflow/example_dags/example_external_task_marker_dag.py for tasks to queue
[2024-09-29T10:38:44.048+0000] {logging_mixin.py:190} INFO - [2024-09-29T10:38:44.047+0000] {dagbag.py:588} INFO - Filling up the DagBag from /home/airflow/.local/lib/python3.12/site-packages/airflow/example_dags/example_external_task_marker_dag.py
[2024-09-29T10:38:44.066+0000] {processor.py:925} INFO - DAG(s) 'example_external_task_marker_child', 'example_external_task_marker_parent' retrieved from /home/airflow/.local/lib/python3.12/site-packages/airflow/example_dags/example_external_task_marker_dag.py
[2024-09-29T10:38:44.116+0000] {logging_mixin.py:190} INFO - [2024-09-29T10:38:44.115+0000] {dag.py:3239} INFO - Sync 2 DAGs
[2024-09-29T10:38:44.150+0000] {logging_mixin.py:190} INFO - [2024-09-29T10:38:44.149+0000] {dag.py:4180} INFO - Setting next_dagrun for example_external_task_marker_child to None, run_after=None
[2024-09-29T10:38:44.159+0000] {logging_mixin.py:190} INFO - [2024-09-29T10:38:44.159+0000] {dag.py:4180} INFO - Setting next_dagrun for example_external_task_marker_parent to None, run_after=None
[2024-09-29T10:38:44.198+0000] {processor.py:208} INFO - Processing /home/airflow/.local/lib/python3.12/site-packages/airflow/example_dags/example_external_task_marker_dag.py took 0.169 seconds
[2024-09-29T10:39:17.935+0000] {processor.py:186} INFO - Started process (PID=990) to work on /home/airflow/.local/lib/python3.12/site-packages/airflow/example_dags/example_external_task_marker_dag.py
[2024-09-29T10:39:17.939+0000] {processor.py:914} INFO - Processing file /home/airflow/.local/lib/python3.12/site-packages/airflow/example_dags/example_external_task_marker_dag.py for tasks to queue
[2024-09-29T10:39:17.948+0000] {logging_mixin.py:190} INFO - [2024-09-29T10:39:17.947+0000] {dagbag.py:588} INFO - Filling up the DagBag from /home/airflow/.local/lib/python3.12/site-packages/airflow/example_dags/example_external_task_marker_dag.py
[2024-09-29T10:39:18.080+0000] {processor.py:925} INFO - DAG(s) 'example_external_task_marker_parent', 'example_external_task_marker_child' retrieved from /home/airflow/.local/lib/python3.12/site-packages/airflow/example_dags/example_external_task_marker_dag.py
[2024-09-29T10:39:18.255+0000] {logging_mixin.py:190} INFO - [2024-09-29T10:39:18.254+0000] {dag.py:3239} INFO - Sync 2 DAGs
[2024-09-29T10:39:18.289+0000] {logging_mixin.py:190} INFO - [2024-09-29T10:39:18.289+0000] {dag.py:4180} INFO - Setting next_dagrun for example_external_task_marker_child to None, run_after=None
[2024-09-29T10:39:18.298+0000] {logging_mixin.py:190} INFO - [2024-09-29T10:39:18.297+0000] {dag.py:4180} INFO - Setting next_dagrun for example_external_task_marker_parent to None, run_after=None
[2024-09-29T10:39:18.371+0000] {processor.py:208} INFO - Processing /home/airflow/.local/lib/python3.12/site-packages/airflow/example_dags/example_external_task_marker_dag.py took 0.488 seconds
[2024-09-29T10:39:49.081+0000] {processor.py:186} INFO - Started process (PID=1276) to work on /home/airflow/.local/lib/python3.12/site-packages/airflow/example_dags/example_external_task_marker_dag.py
[2024-09-29T10:39:49.083+0000] {processor.py:914} INFO - Processing file /home/airflow/.local/lib/python3.12/site-packages/airflow/example_dags/example_external_task_marker_dag.py for tasks to queue
[2024-09-29T10:39:49.092+0000] {logging_mixin.py:190} INFO - [2024-09-29T10:39:49.090+0000] {dagbag.py:588} INFO - Filling up the DagBag from /home/airflow/.local/lib/python3.12/site-packages/airflow/example_dags/example_external_task_marker_dag.py
[2024-09-29T10:39:49.118+0000] {processor.py:925} INFO - DAG(s) 'example_external_task_marker_child', 'example_external_task_marker_parent' retrieved from /home/airflow/.local/lib/python3.12/site-packages/airflow/example_dags/example_external_task_marker_dag.py
[2024-09-29T10:39:49.194+0000] {logging_mixin.py:190} INFO - [2024-09-29T10:39:49.193+0000] {dag.py:3239} INFO - Sync 2 DAGs
[2024-09-29T10:39:49.260+0000] {logging_mixin.py:190} INFO - [2024-09-29T10:39:49.259+0000] {dag.py:4180} INFO - Setting next_dagrun for example_external_task_marker_child to None, run_after=None
[2024-09-29T10:39:49.274+0000] {logging_mixin.py:190} INFO - [2024-09-29T10:39:49.273+0000] {dag.py:4180} INFO - Setting next_dagrun for example_external_task_marker_parent to None, run_after=None
[2024-09-29T10:39:49.331+0000] {processor.py:208} INFO - Processing /home/airflow/.local/lib/python3.12/site-packages/airflow/example_dags/example_external_task_marker_dag.py took 0.269 seconds
[2024-09-29T10:40:20.557+0000] {processor.py:186} INFO - Started process (PID=1562) to work on /home/airflow/.local/lib/python3.12/site-packages/airflow/example_dags/example_external_task_marker_dag.py
[2024-09-29T10:40:20.559+0000] {processor.py:914} INFO - Processing file /home/airflow/.local/lib/python3.12/site-packages/airflow/example_dags/example_external_task_marker_dag.py for tasks to queue
[2024-09-29T10:40:20.564+0000] {logging_mixin.py:190} INFO - [2024-09-29T10:40:20.564+0000] {dagbag.py:588} INFO - Filling up the DagBag from /home/airflow/.local/lib/python3.12/site-packages/airflow/example_dags/example_external_task_marker_dag.py
[2024-09-29T10:40:20.578+0000] {processor.py:925} INFO - DAG(s) 'example_external_task_marker_child', 'example_external_task_marker_parent' retrieved from /home/airflow/.local/lib/python3.12/site-packages/airflow/example_dags/example_external_task_marker_dag.py
[2024-09-29T10:40:20.624+0000] {logging_mixin.py:190} INFO - [2024-09-29T10:40:20.624+0000] {dag.py:3239} INFO - Sync 2 DAGs
[2024-09-29T10:40:20.658+0000] {logging_mixin.py:190} INFO - [2024-09-29T10:40:20.657+0000] {dag.py:4180} INFO - Setting next_dagrun for example_external_task_marker_child to None, run_after=None
[2024-09-29T10:40:20.666+0000] {logging_mixin.py:190} INFO - [2024-09-29T10:40:20.666+0000] {dag.py:4180} INFO - Setting next_dagrun for example_external_task_marker_parent to None, run_after=None
[2024-09-29T10:40:21.036+0000] {processor.py:208} INFO - Processing /home/airflow/.local/lib/python3.12/site-packages/airflow/example_dags/example_external_task_marker_dag.py took 0.489 seconds
[2024-09-29T10:40:56.077+0000] {processor.py:186} INFO - Started process (PID=1863) to work on /home/airflow/.local/lib/python3.12/site-packages/airflow/example_dags/example_external_task_marker_dag.py
[2024-09-29T10:40:56.081+0000] {processor.py:914} INFO - Processing file /home/airflow/.local/lib/python3.12/site-packages/airflow/example_dags/example_external_task_marker_dag.py for tasks to queue
[2024-09-29T10:40:56.091+0000] {logging_mixin.py:190} INFO - [2024-09-29T10:40:56.089+0000] {dagbag.py:588} INFO - Filling up the DagBag from /home/airflow/.local/lib/python3.12/site-packages/airflow/example_dags/example_external_task_marker_dag.py
[2024-09-29T10:40:56.140+0000] {processor.py:925} INFO - DAG(s) 'example_external_task_marker_child', 'example_external_task_marker_parent' retrieved from /home/airflow/.local/lib/python3.12/site-packages/airflow/example_dags/example_external_task_marker_dag.py
[2024-09-29T10:40:56.336+0000] {logging_mixin.py:190} INFO - [2024-09-29T10:40:56.335+0000] {dag.py:3239} INFO - Sync 2 DAGs
[2024-09-29T10:40:56.480+0000] {logging_mixin.py:190} INFO - [2024-09-29T10:40:56.479+0000] {dag.py:4180} INFO - Setting next_dagrun for example_external_task_marker_child to None, run_after=None
[2024-09-29T10:40:56.513+0000] {logging_mixin.py:190} INFO - [2024-09-29T10:40:56.512+0000] {dag.py:4180} INFO - Setting next_dagrun for example_external_task_marker_parent to None, run_after=None
[2024-09-29T10:40:56.622+0000] {processor.py:208} INFO - Processing /home/airflow/.local/lib/python3.12/site-packages/airflow/example_dags/example_external_task_marker_dag.py took 0.575 seconds
[2024-09-29T10:41:29.485+0000] {processor.py:186} INFO - Started process (PID=2149) to work on /home/airflow/.local/lib/python3.12/site-packages/airflow/example_dags/example_external_task_marker_dag.py
[2024-09-29T10:41:29.602+0000] {processor.py:914} INFO - Processing file /home/airflow/.local/lib/python3.12/site-packages/airflow/example_dags/example_external_task_marker_dag.py for tasks to queue
[2024-09-29T10:41:29.610+0000] {logging_mixin.py:190} INFO - [2024-09-29T10:41:29.609+0000] {dagbag.py:588} INFO - Filling up the DagBag from /home/airflow/.local/lib/python3.12/site-packages/airflow/example_dags/example_external_task_marker_dag.py
[2024-09-29T10:41:29.629+0000] {processor.py:925} INFO - DAG(s) 'example_external_task_marker_parent', 'example_external_task_marker_child' retrieved from /home/airflow/.local/lib/python3.12/site-packages/airflow/example_dags/example_external_task_marker_dag.py
[2024-09-29T10:41:29.987+0000] {logging_mixin.py:190} INFO - [2024-09-29T10:41:29.984+0000] {dag.py:3239} INFO - Sync 2 DAGs
[2024-09-29T10:41:30.244+0000] {logging_mixin.py:190} INFO - [2024-09-29T10:41:30.243+0000] {dag.py:4180} INFO - Setting next_dagrun for example_external_task_marker_child to None, run_after=None
[2024-09-29T10:41:30.297+0000] {logging_mixin.py:190} INFO - [2024-09-29T10:41:30.296+0000] {dag.py:4180} INFO - Setting next_dagrun for example_external_task_marker_parent to None, run_after=None
[2024-09-29T10:41:30.356+0000] {processor.py:208} INFO - Processing /home/airflow/.local/lib/python3.12/site-packages/airflow/example_dags/example_external_task_marker_dag.py took 0.894 seconds
[2024-09-29T10:42:01.057+0000] {processor.py:186} INFO - Started process (PID=2435) to work on /home/airflow/.local/lib/python3.12/site-packages/airflow/example_dags/example_external_task_marker_dag.py
[2024-09-29T10:42:01.095+0000] {processor.py:914} INFO - Processing file /home/airflow/.local/lib/python3.12/site-packages/airflow/example_dags/example_external_task_marker_dag.py for tasks to queue
[2024-09-29T10:42:01.156+0000] {logging_mixin.py:190} INFO - [2024-09-29T10:42:01.154+0000] {dagbag.py:588} INFO - Filling up the DagBag from /home/airflow/.local/lib/python3.12/site-packages/airflow/example_dags/example_external_task_marker_dag.py
[2024-09-29T10:42:01.298+0000] {processor.py:925} INFO - DAG(s) 'example_external_task_marker_child', 'example_external_task_marker_parent' retrieved from /home/airflow/.local/lib/python3.12/site-packages/airflow/example_dags/example_external_task_marker_dag.py
[2024-09-29T10:42:01.622+0000] {logging_mixin.py:190} INFO - [2024-09-29T10:42:01.621+0000] {dag.py:3239} INFO - Sync 2 DAGs
[2024-09-29T10:42:01.871+0000] {logging_mixin.py:190} INFO - [2024-09-29T10:42:01.868+0000] {dag.py:4180} INFO - Setting next_dagrun for example_external_task_marker_child to None, run_after=None
[2024-09-29T10:42:01.918+0000] {logging_mixin.py:190} INFO - [2024-09-29T10:42:01.916+0000] {dag.py:4180} INFO - Setting next_dagrun for example_external_task_marker_parent to None, run_after=None
[2024-09-29T10:42:02.068+0000] {processor.py:208} INFO - Processing /home/airflow/.local/lib/python3.12/site-packages/airflow/example_dags/example_external_task_marker_dag.py took 1.095 seconds
[2024-09-29T10:42:46.571+0000] {processor.py:186} INFO - Started process (PID=2677) to work on /home/airflow/.local/lib/python3.12/site-packages/airflow/example_dags/example_external_task_marker_dag.py
[2024-09-29T10:42:46.573+0000] {processor.py:914} INFO - Processing file /home/airflow/.local/lib/python3.12/site-packages/airflow/example_dags/example_external_task_marker_dag.py for tasks to queue
[2024-09-29T10:42:46.710+0000] {logging_mixin.py:190} INFO - [2024-09-29T10:42:46.709+0000] {dagbag.py:588} INFO - Filling up the DagBag from /home/airflow/.local/lib/python3.12/site-packages/airflow/example_dags/example_external_task_marker_dag.py
[2024-09-29T10:42:46.729+0000] {processor.py:925} INFO - DAG(s) 'example_external_task_marker_child', 'example_external_task_marker_parent' retrieved from /home/airflow/.local/lib/python3.12/site-packages/airflow/example_dags/example_external_task_marker_dag.py
[2024-09-29T10:42:47.175+0000] {logging_mixin.py:190} INFO - [2024-09-29T10:42:47.173+0000] {dag.py:3239} INFO - Sync 2 DAGs
[2024-09-29T10:42:47.755+0000] {logging_mixin.py:190} INFO - [2024-09-29T10:42:47.754+0000] {dag.py:4180} INFO - Setting next_dagrun for example_external_task_marker_child to None, run_after=None
[2024-09-29T10:42:47.828+0000] {logging_mixin.py:190} INFO - [2024-09-29T10:42:47.827+0000] {dag.py:4180} INFO - Setting next_dagrun for example_external_task_marker_parent to None, run_after=None
[2024-09-29T10:42:48.211+0000] {processor.py:208} INFO - Processing /home/airflow/.local/lib/python3.12/site-packages/airflow/example_dags/example_external_task_marker_dag.py took 1.809 seconds
[2024-09-29T10:43:18.934+0000] {processor.py:186} INFO - Started process (PID=2971) to work on /home/airflow/.local/lib/python3.12/site-packages/airflow/example_dags/example_external_task_marker_dag.py
[2024-09-29T10:43:18.939+0000] {processor.py:914} INFO - Processing file /home/airflow/.local/lib/python3.12/site-packages/airflow/example_dags/example_external_task_marker_dag.py for tasks to queue
[2024-09-29T10:43:18.944+0000] {logging_mixin.py:190} INFO - [2024-09-29T10:43:18.943+0000] {dagbag.py:588} INFO - Filling up the DagBag from /home/airflow/.local/lib/python3.12/site-packages/airflow/example_dags/example_external_task_marker_dag.py
[2024-09-29T10:43:18.966+0000] {processor.py:925} INFO - DAG(s) 'example_external_task_marker_child', 'example_external_task_marker_parent' retrieved from /home/airflow/.local/lib/python3.12/site-packages/airflow/example_dags/example_external_task_marker_dag.py
[2024-09-29T10:43:19.031+0000] {logging_mixin.py:190} INFO - [2024-09-29T10:43:19.030+0000] {dag.py:3239} INFO - Sync 2 DAGs
[2024-09-29T10:43:19.076+0000] {logging_mixin.py:190} INFO - [2024-09-29T10:43:19.076+0000] {dag.py:4180} INFO - Setting next_dagrun for example_external_task_marker_child to None, run_after=None
[2024-09-29T10:43:19.087+0000] {logging_mixin.py:190} INFO - [2024-09-29T10:43:19.086+0000] {dag.py:4180} INFO - Setting next_dagrun for example_external_task_marker_parent to None, run_after=None
[2024-09-29T10:43:19.137+0000] {processor.py:208} INFO - Processing /home/airflow/.local/lib/python3.12/site-packages/airflow/example_dags/example_external_task_marker_dag.py took 0.213 seconds
