[2024-09-29T10:38:01.502+0000] {processor.py:186} INFO - Started process (PID=347) to work on /home/airflow/.local/lib/python3.12/site-packages/airflow/example_dags/example_workday_timetable.py
[2024-09-29T10:38:01.505+0000] {processor.py:914} INFO - Processing file /home/airflow/.local/lib/python3.12/site-packages/airflow/example_dags/example_workday_timetable.py for tasks to queue
[2024-09-29T10:38:01.509+0000] {logging_mixin.py:190} INFO - [2024-09-29T10:38:01.509+0000] {dagbag.py:588} INFO - Filling up the DagBag from /home/airflow/.local/lib/python3.12/site-packages/airflow/example_dags/example_workday_timetable.py
[2024-09-29T10:38:01.536+0000] {processor.py:925} INFO - DAG(s) 'example_workday_timetable' retrieved from /home/airflow/.local/lib/python3.12/site-packages/airflow/example_dags/example_workday_timetable.py
[2024-09-29T10:38:01.802+0000] {logging_mixin.py:190} INFO - [2024-09-29T10:38:01.800+0000] {override.py:1900} INFO - Created Permission View: can edit on DAG:example_workday_timetable
[2024-09-29T10:38:01.827+0000] {logging_mixin.py:190} INFO - [2024-09-29T10:38:01.827+0000] {override.py:1900} INFO - Created Permission View: can read on DAG:example_workday_timetable
[2024-09-29T10:38:01.845+0000] {logging_mixin.py:190} INFO - [2024-09-29T10:38:01.844+0000] {override.py:1900} INFO - Created Permission View: can delete on DAG:example_workday_timetable
[2024-09-29T10:38:01.867+0000] {logging_mixin.py:190} INFO - [2024-09-29T10:38:01.866+0000] {override.py:1900} INFO - Created Permission View: can delete on DAG Run:example_workday_timetable
[2024-09-29T10:38:01.885+0000] {logging_mixin.py:190} INFO - [2024-09-29T10:38:01.884+0000] {override.py:1900} INFO - Created Permission View: can read on DAG Run:example_workday_timetable
[2024-09-29T10:38:01.903+0000] {logging_mixin.py:190} INFO - [2024-09-29T10:38:01.902+0000] {override.py:1900} INFO - Created Permission View: can create on DAG Run:example_workday_timetable
[2024-09-29T10:38:01.922+0000] {logging_mixin.py:190} INFO - [2024-09-29T10:38:01.922+0000] {override.py:1900} INFO - Created Permission View: menu access on DAG Run:example_workday_timetable
[2024-09-29T10:38:01.924+0000] {logging_mixin.py:190} INFO - [2024-09-29T10:38:01.924+0000] {dag.py:3239} INFO - Sync 1 DAGs
[2024-09-29T10:38:01.949+0000] {logging_mixin.py:190} INFO - [2024-09-29T10:38:01.948+0000] {dag.py:3262} INFO - Creating ORM DAG for example_workday_timetable
[2024-09-29T10:38:02.121+0000] {logging_mixin.py:190} INFO - [2024-09-29T10:38:02.120+0000] {dag.py:4180} INFO - Setting next_dagrun for example_workday_timetable to 2021-01-04 00:00:00+00:00, run_after=2021-01-05 00:00:00+00:00
[2024-09-29T10:38:02.162+0000] {processor.py:208} INFO - Processing /home/airflow/.local/lib/python3.12/site-packages/airflow/example_dags/example_workday_timetable.py took 0.670 seconds
[2024-09-29T10:38:32.492+0000] {processor.py:186} INFO - Started process (PID=630) to work on /home/airflow/.local/lib/python3.12/site-packages/airflow/example_dags/example_workday_timetable.py
[2024-09-29T10:38:32.610+0000] {processor.py:914} INFO - Processing file /home/airflow/.local/lib/python3.12/site-packages/airflow/example_dags/example_workday_timetable.py for tasks to queue
[2024-09-29T10:38:32.615+0000] {logging_mixin.py:190} INFO - [2024-09-29T10:38:32.614+0000] {dagbag.py:588} INFO - Filling up the DagBag from /home/airflow/.local/lib/python3.12/site-packages/airflow/example_dags/example_workday_timetable.py
[2024-09-29T10:38:32.624+0000] {processor.py:925} INFO - DAG(s) 'example_workday_timetable' retrieved from /home/airflow/.local/lib/python3.12/site-packages/airflow/example_dags/example_workday_timetable.py
[2024-09-29T10:38:32.663+0000] {logging_mixin.py:190} INFO - [2024-09-29T10:38:32.662+0000] {dag.py:3239} INFO - Sync 1 DAGs
[2024-09-29T10:38:32.815+0000] {logging_mixin.py:190} INFO - [2024-09-29T10:38:32.815+0000] {dag.py:4180} INFO - Setting next_dagrun for example_workday_timetable to 2021-01-04 00:00:00+00:00, run_after=2021-01-05 00:00:00+00:00
[2024-09-29T10:38:33.911+0000] {processor.py:208} INFO - Processing /home/airflow/.local/lib/python3.12/site-packages/airflow/example_dags/example_workday_timetable.py took 1.429 seconds
[2024-09-29T10:39:04.373+0000] {processor.py:186} INFO - Started process (PID=916) to work on /home/airflow/.local/lib/python3.12/site-packages/airflow/example_dags/example_workday_timetable.py
[2024-09-29T10:39:04.382+0000] {processor.py:914} INFO - Processing file /home/airflow/.local/lib/python3.12/site-packages/airflow/example_dags/example_workday_timetable.py for tasks to queue
[2024-09-29T10:39:04.390+0000] {logging_mixin.py:190} INFO - [2024-09-29T10:39:04.389+0000] {dagbag.py:588} INFO - Filling up the DagBag from /home/airflow/.local/lib/python3.12/site-packages/airflow/example_dags/example_workday_timetable.py
[2024-09-29T10:39:04.400+0000] {processor.py:925} INFO - DAG(s) 'example_workday_timetable' retrieved from /home/airflow/.local/lib/python3.12/site-packages/airflow/example_dags/example_workday_timetable.py
[2024-09-29T10:39:04.536+0000] {logging_mixin.py:190} INFO - [2024-09-29T10:39:04.535+0000] {dag.py:3239} INFO - Sync 1 DAGs
[2024-09-29T10:39:05.111+0000] {logging_mixin.py:190} INFO - [2024-09-29T10:39:05.110+0000] {dag.py:4180} INFO - Setting next_dagrun for example_workday_timetable to 2021-01-04 00:00:00+00:00, run_after=2021-01-05 00:00:00+00:00
[2024-09-29T10:39:05.206+0000] {processor.py:208} INFO - Processing /home/airflow/.local/lib/python3.12/site-packages/airflow/example_dags/example_workday_timetable.py took 0.847 seconds
[2024-09-29T10:39:35.931+0000] {processor.py:186} INFO - Started process (PID=1202) to work on /home/airflow/.local/lib/python3.12/site-packages/airflow/example_dags/example_workday_timetable.py
[2024-09-29T10:39:35.957+0000] {processor.py:914} INFO - Processing file /home/airflow/.local/lib/python3.12/site-packages/airflow/example_dags/example_workday_timetable.py for tasks to queue
[2024-09-29T10:39:36.010+0000] {logging_mixin.py:190} INFO - [2024-09-29T10:39:36.009+0000] {dagbag.py:588} INFO - Filling up the DagBag from /home/airflow/.local/lib/python3.12/site-packages/airflow/example_dags/example_workday_timetable.py
[2024-09-29T10:39:36.142+0000] {processor.py:925} INFO - DAG(s) 'example_workday_timetable' retrieved from /home/airflow/.local/lib/python3.12/site-packages/airflow/example_dags/example_workday_timetable.py
[2024-09-29T10:39:36.269+0000] {logging_mixin.py:190} INFO - [2024-09-29T10:39:36.268+0000] {dag.py:3239} INFO - Sync 1 DAGs
[2024-09-29T10:39:36.633+0000] {logging_mixin.py:190} INFO - [2024-09-29T10:39:36.632+0000] {dag.py:4180} INFO - Setting next_dagrun for example_workday_timetable to 2021-01-04 00:00:00+00:00, run_after=2021-01-05 00:00:00+00:00
[2024-09-29T10:39:36.676+0000] {processor.py:208} INFO - Processing /home/airflow/.local/lib/python3.12/site-packages/airflow/example_dags/example_workday_timetable.py took 0.758 seconds
[2024-09-29T10:40:07.176+0000] {processor.py:186} INFO - Started process (PID=1488) to work on /home/airflow/.local/lib/python3.12/site-packages/airflow/example_dags/example_workday_timetable.py
[2024-09-29T10:40:07.178+0000] {processor.py:914} INFO - Processing file /home/airflow/.local/lib/python3.12/site-packages/airflow/example_dags/example_workday_timetable.py for tasks to queue
[2024-09-29T10:40:07.184+0000] {logging_mixin.py:190} INFO - [2024-09-29T10:40:07.183+0000] {dagbag.py:588} INFO - Filling up the DagBag from /home/airflow/.local/lib/python3.12/site-packages/airflow/example_dags/example_workday_timetable.py
[2024-09-29T10:40:07.205+0000] {processor.py:925} INFO - DAG(s) 'example_workday_timetable' retrieved from /home/airflow/.local/lib/python3.12/site-packages/airflow/example_dags/example_workday_timetable.py
[2024-09-29T10:40:07.272+0000] {logging_mixin.py:190} INFO - [2024-09-29T10:40:07.271+0000] {dag.py:3239} INFO - Sync 1 DAGs
[2024-09-29T10:40:07.493+0000] {logging_mixin.py:190} INFO - [2024-09-29T10:40:07.492+0000] {dag.py:4180} INFO - Setting next_dagrun for example_workday_timetable to 2021-01-04 00:00:00+00:00, run_after=2021-01-05 00:00:00+00:00
[2024-09-29T10:40:07.618+0000] {processor.py:208} INFO - Processing /home/airflow/.local/lib/python3.12/site-packages/airflow/example_dags/example_workday_timetable.py took 0.456 seconds
[2024-09-29T10:40:38.517+0000] {processor.py:186} INFO - Started process (PID=1774) to work on /home/airflow/.local/lib/python3.12/site-packages/airflow/example_dags/example_workday_timetable.py
[2024-09-29T10:40:38.520+0000] {processor.py:914} INFO - Processing file /home/airflow/.local/lib/python3.12/site-packages/airflow/example_dags/example_workday_timetable.py for tasks to queue
[2024-09-29T10:40:38.544+0000] {logging_mixin.py:190} INFO - [2024-09-29T10:40:38.542+0000] {dagbag.py:588} INFO - Filling up the DagBag from /home/airflow/.local/lib/python3.12/site-packages/airflow/example_dags/example_workday_timetable.py
[2024-09-29T10:40:38.561+0000] {processor.py:925} INFO - DAG(s) 'example_workday_timetable' retrieved from /home/airflow/.local/lib/python3.12/site-packages/airflow/example_dags/example_workday_timetable.py
[2024-09-29T10:40:38.626+0000] {logging_mixin.py:190} INFO - [2024-09-29T10:40:38.625+0000] {dag.py:3239} INFO - Sync 1 DAGs
[2024-09-29T10:40:38.778+0000] {logging_mixin.py:190} INFO - [2024-09-29T10:40:38.778+0000] {dag.py:4180} INFO - Setting next_dagrun for example_workday_timetable to 2021-01-04 00:00:00+00:00, run_after=2021-01-05 00:00:00+00:00
[2024-09-29T10:40:39.359+0000] {processor.py:208} INFO - Processing /home/airflow/.local/lib/python3.12/site-packages/airflow/example_dags/example_workday_timetable.py took 0.859 seconds
[2024-09-29T10:41:12.676+0000] {processor.py:186} INFO - Started process (PID=2069) to work on /home/airflow/.local/lib/python3.12/site-packages/airflow/example_dags/example_workday_timetable.py
[2024-09-29T10:41:12.679+0000] {processor.py:914} INFO - Processing file /home/airflow/.local/lib/python3.12/site-packages/airflow/example_dags/example_workday_timetable.py for tasks to queue
[2024-09-29T10:41:12.683+0000] {logging_mixin.py:190} INFO - [2024-09-29T10:41:12.683+0000] {dagbag.py:588} INFO - Filling up the DagBag from /home/airflow/.local/lib/python3.12/site-packages/airflow/example_dags/example_workday_timetable.py
[2024-09-29T10:41:12.694+0000] {processor.py:925} INFO - DAG(s) 'example_workday_timetable' retrieved from /home/airflow/.local/lib/python3.12/site-packages/airflow/example_dags/example_workday_timetable.py
[2024-09-29T10:41:12.738+0000] {logging_mixin.py:190} INFO - [2024-09-29T10:41:12.737+0000] {dag.py:3239} INFO - Sync 1 DAGs
[2024-09-29T10:41:12.974+0000] {logging_mixin.py:190} INFO - [2024-09-29T10:41:12.973+0000] {dag.py:4180} INFO - Setting next_dagrun for example_workday_timetable to 2021-01-04 00:00:00+00:00, run_after=2021-01-05 00:00:00+00:00
[2024-09-29T10:41:13.025+0000] {processor.py:208} INFO - Processing /home/airflow/.local/lib/python3.12/site-packages/airflow/example_dags/example_workday_timetable.py took 0.361 seconds
[2024-09-29T10:41:53.497+0000] {processor.py:186} INFO - Started process (PID=2355) to work on /home/airflow/.local/lib/python3.12/site-packages/airflow/example_dags/example_workday_timetable.py
[2024-09-29T10:41:53.500+0000] {processor.py:914} INFO - Processing file /home/airflow/.local/lib/python3.12/site-packages/airflow/example_dags/example_workday_timetable.py for tasks to queue
[2024-09-29T10:41:53.507+0000] {logging_mixin.py:190} INFO - [2024-09-29T10:41:53.506+0000] {dagbag.py:588} INFO - Filling up the DagBag from /home/airflow/.local/lib/python3.12/site-packages/airflow/example_dags/example_workday_timetable.py
[2024-09-29T10:41:53.524+0000] {processor.py:925} INFO - DAG(s) 'example_workday_timetable' retrieved from /home/airflow/.local/lib/python3.12/site-packages/airflow/example_dags/example_workday_timetable.py
[2024-09-29T10:41:53.593+0000] {logging_mixin.py:190} INFO - [2024-09-29T10:41:53.592+0000] {dag.py:3239} INFO - Sync 1 DAGs
[2024-09-29T10:41:54.087+0000] {logging_mixin.py:190} INFO - [2024-09-29T10:41:54.086+0000] {dag.py:4180} INFO - Setting next_dagrun for example_workday_timetable to 2021-01-04 00:00:00+00:00, run_after=2021-01-05 00:00:00+00:00
[2024-09-29T10:41:54.146+0000] {processor.py:208} INFO - Processing /home/airflow/.local/lib/python3.12/site-packages/airflow/example_dags/example_workday_timetable.py took 0.665 seconds
[2024-09-29T10:42:36.286+0000] {processor.py:186} INFO - Started process (PID=2614) to work on /home/airflow/.local/lib/python3.12/site-packages/airflow/example_dags/example_workday_timetable.py
[2024-09-29T10:42:36.291+0000] {processor.py:914} INFO - Processing file /home/airflow/.local/lib/python3.12/site-packages/airflow/example_dags/example_workday_timetable.py for tasks to queue
[2024-09-29T10:42:36.314+0000] {logging_mixin.py:190} INFO - [2024-09-29T10:42:36.313+0000] {dagbag.py:588} INFO - Filling up the DagBag from /home/airflow/.local/lib/python3.12/site-packages/airflow/example_dags/example_workday_timetable.py
[2024-09-29T10:42:36.329+0000] {processor.py:925} INFO - DAG(s) 'example_workday_timetable' retrieved from /home/airflow/.local/lib/python3.12/site-packages/airflow/example_dags/example_workday_timetable.py
[2024-09-29T10:42:36.380+0000] {logging_mixin.py:190} INFO - [2024-09-29T10:42:36.379+0000] {dag.py:3239} INFO - Sync 1 DAGs
[2024-09-29T10:42:37.202+0000] {logging_mixin.py:190} INFO - [2024-09-29T10:42:37.199+0000] {dag.py:4180} INFO - Setting next_dagrun for example_workday_timetable to 2021-01-04 00:00:00+00:00, run_after=2021-01-05 00:00:00+00:00
[2024-09-29T10:42:37.285+0000] {processor.py:208} INFO - Processing /home/airflow/.local/lib/python3.12/site-packages/airflow/example_dags/example_workday_timetable.py took 1.010 seconds
[2024-09-29T10:43:07.954+0000] {processor.py:186} INFO - Started process (PID=2903) to work on /home/airflow/.local/lib/python3.12/site-packages/airflow/example_dags/example_workday_timetable.py
[2024-09-29T10:43:07.957+0000] {processor.py:914} INFO - Processing file /home/airflow/.local/lib/python3.12/site-packages/airflow/example_dags/example_workday_timetable.py for tasks to queue
[2024-09-29T10:43:07.964+0000] {logging_mixin.py:190} INFO - [2024-09-29T10:43:07.963+0000] {dagbag.py:588} INFO - Filling up the DagBag from /home/airflow/.local/lib/python3.12/site-packages/airflow/example_dags/example_workday_timetable.py
[2024-09-29T10:43:07.979+0000] {processor.py:925} INFO - DAG(s) 'example_workday_timetable' retrieved from /home/airflow/.local/lib/python3.12/site-packages/airflow/example_dags/example_workday_timetable.py
[2024-09-29T10:43:08.029+0000] {logging_mixin.py:190} INFO - [2024-09-29T10:43:08.028+0000] {dag.py:3239} INFO - Sync 1 DAGs
[2024-09-29T10:43:08.327+0000] {logging_mixin.py:190} INFO - [2024-09-29T10:43:08.327+0000] {dag.py:4180} INFO - Setting next_dagrun for example_workday_timetable to 2021-01-04 00:00:00+00:00, run_after=2021-01-05 00:00:00+00:00
[2024-09-29T10:43:08.371+0000] {processor.py:208} INFO - Processing /home/airflow/.local/lib/python3.12/site-packages/airflow/example_dags/example_workday_timetable.py took 0.434 seconds
[2024-09-29T10:43:40.089+0000] {processor.py:186} INFO - Started process (PID=3184) to work on /home/airflow/.local/lib/python3.12/site-packages/airflow/example_dags/example_workday_timetable.py
[2024-09-29T10:43:40.255+0000] {processor.py:914} INFO - Processing file /home/airflow/.local/lib/python3.12/site-packages/airflow/example_dags/example_workday_timetable.py for tasks to queue
[2024-09-29T10:43:40.262+0000] {logging_mixin.py:190} INFO - [2024-09-29T10:43:40.261+0000] {dagbag.py:588} INFO - Filling up the DagBag from /home/airflow/.local/lib/python3.12/site-packages/airflow/example_dags/example_workday_timetable.py
[2024-09-29T10:43:40.278+0000] {processor.py:925} INFO - DAG(s) 'example_workday_timetable' retrieved from /home/airflow/.local/lib/python3.12/site-packages/airflow/example_dags/example_workday_timetable.py
[2024-09-29T10:43:40.392+0000] {logging_mixin.py:190} INFO - [2024-09-29T10:43:40.391+0000] {dag.py:3239} INFO - Sync 1 DAGs
[2024-09-29T10:43:40.547+0000] {logging_mixin.py:190} INFO - [2024-09-29T10:43:40.546+0000] {dag.py:4180} INFO - Setting next_dagrun for example_workday_timetable to 2021-01-04 00:00:00+00:00, run_after=2021-01-05 00:00:00+00:00
[2024-09-29T10:43:41.315+0000] {processor.py:208} INFO - Processing /home/airflow/.local/lib/python3.12/site-packages/airflow/example_dags/example_workday_timetable.py took 1.237 seconds
