[2024-09-29T10:38:16.490+0000] {processor.py:186} INFO - Started process (PID=468) to work on /home/airflow/.local/lib/python3.12/site-packages/airflow/example_dags/example_short_circuit_operator.py
[2024-09-29T10:38:16.493+0000] {processor.py:914} INFO - Processing file /home/airflow/.local/lib/python3.12/site-packages/airflow/example_dags/example_short_circuit_operator.py for tasks to queue
[2024-09-29T10:38:16.498+0000] {logging_mixin.py:190} INFO - [2024-09-29T10:38:16.497+0000] {dagbag.py:588} INFO - Filling up the DagBag from /home/airflow/.local/lib/python3.12/site-packages/airflow/example_dags/example_short_circuit_operator.py
[2024-09-29T10:38:16.517+0000] {processor.py:925} INFO - DAG(s) 'example_short_circuit_operator' retrieved from /home/airflow/.local/lib/python3.12/site-packages/airflow/example_dags/example_short_circuit_operator.py
[2024-09-29T10:38:16.851+0000] {logging_mixin.py:190} INFO - [2024-09-29T10:38:16.848+0000] {override.py:1900} INFO - Created Permission View: can edit on DAG:example_short_circuit_operator
[2024-09-29T10:38:16.896+0000] {logging_mixin.py:190} INFO - [2024-09-29T10:38:16.895+0000] {override.py:1900} INFO - Created Permission View: can read on DAG:example_short_circuit_operator
[2024-09-29T10:38:16.945+0000] {logging_mixin.py:190} INFO - [2024-09-29T10:38:16.944+0000] {override.py:1900} INFO - Created Permission View: can delete on DAG:example_short_circuit_operator
[2024-09-29T10:38:17.001+0000] {logging_mixin.py:190} INFO - [2024-09-29T10:38:17.001+0000] {override.py:1900} INFO - Created Permission View: can delete on DAG Run:example_short_circuit_operator
[2024-09-29T10:38:17.056+0000] {logging_mixin.py:190} INFO - [2024-09-29T10:38:17.055+0000] {override.py:1900} INFO - Created Permission View: can read on DAG Run:example_short_circuit_operator
[2024-09-29T10:38:17.090+0000] {logging_mixin.py:190} INFO - [2024-09-29T10:38:17.090+0000] {override.py:1900} INFO - Created Permission View: can create on DAG Run:example_short_circuit_operator
[2024-09-29T10:38:17.141+0000] {logging_mixin.py:190} INFO - [2024-09-29T10:38:17.140+0000] {override.py:1900} INFO - Created Permission View: menu access on DAG Run:example_short_circuit_operator
[2024-09-29T10:38:17.143+0000] {logging_mixin.py:190} INFO - [2024-09-29T10:38:17.143+0000] {dag.py:3239} INFO - Sync 1 DAGs
[2024-09-29T10:38:17.171+0000] {logging_mixin.py:190} INFO - [2024-09-29T10:38:17.170+0000] {dag.py:3262} INFO - Creating ORM DAG for example_short_circuit_operator
[2024-09-29T10:38:17.173+0000] {logging_mixin.py:190} INFO - [2024-09-29T10:38:17.172+0000] {dag.py:4180} INFO - Setting next_dagrun for example_short_circuit_operator to None, run_after=None
[2024-09-29T10:38:17.216+0000] {processor.py:208} INFO - Processing /home/airflow/.local/lib/python3.12/site-packages/airflow/example_dags/example_short_circuit_operator.py took 0.736 seconds
[2024-09-29T10:38:48.361+0000] {processor.py:186} INFO - Started process (PID=774) to work on /home/airflow/.local/lib/python3.12/site-packages/airflow/example_dags/example_short_circuit_operator.py
[2024-09-29T10:38:48.364+0000] {processor.py:914} INFO - Processing file /home/airflow/.local/lib/python3.12/site-packages/airflow/example_dags/example_short_circuit_operator.py for tasks to queue
[2024-09-29T10:38:48.369+0000] {logging_mixin.py:190} INFO - [2024-09-29T10:38:48.368+0000] {dagbag.py:588} INFO - Filling up the DagBag from /home/airflow/.local/lib/python3.12/site-packages/airflow/example_dags/example_short_circuit_operator.py
[2024-09-29T10:38:48.386+0000] {processor.py:925} INFO - DAG(s) 'example_short_circuit_operator' retrieved from /home/airflow/.local/lib/python3.12/site-packages/airflow/example_dags/example_short_circuit_operator.py
[2024-09-29T10:38:48.436+0000] {logging_mixin.py:190} INFO - [2024-09-29T10:38:48.435+0000] {dag.py:3239} INFO - Sync 1 DAGs
[2024-09-29T10:38:48.473+0000] {logging_mixin.py:190} INFO - [2024-09-29T10:38:48.472+0000] {dag.py:4180} INFO - Setting next_dagrun for example_short_circuit_operator to None, run_after=None
[2024-09-29T10:38:48.544+0000] {processor.py:208} INFO - Processing /home/airflow/.local/lib/python3.12/site-packages/airflow/example_dags/example_short_circuit_operator.py took 0.196 seconds
[2024-09-29T10:39:25.348+0000] {processor.py:186} INFO - Started process (PID=1085) to work on /home/airflow/.local/lib/python3.12/site-packages/airflow/example_dags/example_short_circuit_operator.py
[2024-09-29T10:39:25.350+0000] {processor.py:914} INFO - Processing file /home/airflow/.local/lib/python3.12/site-packages/airflow/example_dags/example_short_circuit_operator.py for tasks to queue
[2024-09-29T10:39:25.355+0000] {logging_mixin.py:190} INFO - [2024-09-29T10:39:25.354+0000] {dagbag.py:588} INFO - Filling up the DagBag from /home/airflow/.local/lib/python3.12/site-packages/airflow/example_dags/example_short_circuit_operator.py
[2024-09-29T10:39:25.371+0000] {processor.py:925} INFO - DAG(s) 'example_short_circuit_operator' retrieved from /home/airflow/.local/lib/python3.12/site-packages/airflow/example_dags/example_short_circuit_operator.py
[2024-09-29T10:39:25.430+0000] {logging_mixin.py:190} INFO - [2024-09-29T10:39:25.429+0000] {dag.py:3239} INFO - Sync 1 DAGs
[2024-09-29T10:39:25.464+0000] {logging_mixin.py:190} INFO - [2024-09-29T10:39:25.463+0000] {dag.py:4180} INFO - Setting next_dagrun for example_short_circuit_operator to None, run_after=None
[2024-09-29T10:39:25.508+0000] {processor.py:208} INFO - Processing /home/airflow/.local/lib/python3.12/site-packages/airflow/example_dags/example_short_circuit_operator.py took 0.171 seconds
[2024-09-29T10:39:56.171+0000] {processor.py:186} INFO - Started process (PID=1371) to work on /home/airflow/.local/lib/python3.12/site-packages/airflow/example_dags/example_short_circuit_operator.py
[2024-09-29T10:39:56.172+0000] {processor.py:914} INFO - Processing file /home/airflow/.local/lib/python3.12/site-packages/airflow/example_dags/example_short_circuit_operator.py for tasks to queue
[2024-09-29T10:39:56.178+0000] {logging_mixin.py:190} INFO - [2024-09-29T10:39:56.177+0000] {dagbag.py:588} INFO - Filling up the DagBag from /home/airflow/.local/lib/python3.12/site-packages/airflow/example_dags/example_short_circuit_operator.py
[2024-09-29T10:39:56.193+0000] {processor.py:925} INFO - DAG(s) 'example_short_circuit_operator' retrieved from /home/airflow/.local/lib/python3.12/site-packages/airflow/example_dags/example_short_circuit_operator.py
[2024-09-29T10:39:56.253+0000] {logging_mixin.py:190} INFO - [2024-09-29T10:39:56.252+0000] {dag.py:3239} INFO - Sync 1 DAGs
[2024-09-29T10:39:56.293+0000] {logging_mixin.py:190} INFO - [2024-09-29T10:39:56.292+0000] {dag.py:4180} INFO - Setting next_dagrun for example_short_circuit_operator to None, run_after=None
[2024-09-29T10:39:56.345+0000] {processor.py:208} INFO - Processing /home/airflow/.local/lib/python3.12/site-packages/airflow/example_dags/example_short_circuit_operator.py took 0.185 seconds
[2024-09-29T10:40:26.952+0000] {processor.py:186} INFO - Started process (PID=1657) to work on /home/airflow/.local/lib/python3.12/site-packages/airflow/example_dags/example_short_circuit_operator.py
[2024-09-29T10:40:26.954+0000] {processor.py:914} INFO - Processing file /home/airflow/.local/lib/python3.12/site-packages/airflow/example_dags/example_short_circuit_operator.py for tasks to queue
[2024-09-29T10:40:26.959+0000] {logging_mixin.py:190} INFO - [2024-09-29T10:40:26.958+0000] {dagbag.py:588} INFO - Filling up the DagBag from /home/airflow/.local/lib/python3.12/site-packages/airflow/example_dags/example_short_circuit_operator.py
[2024-09-29T10:40:26.975+0000] {processor.py:925} INFO - DAG(s) 'example_short_circuit_operator' retrieved from /home/airflow/.local/lib/python3.12/site-packages/airflow/example_dags/example_short_circuit_operator.py
[2024-09-29T10:40:27.029+0000] {logging_mixin.py:190} INFO - [2024-09-29T10:40:27.028+0000] {dag.py:3239} INFO - Sync 1 DAGs
[2024-09-29T10:40:27.064+0000] {logging_mixin.py:190} INFO - [2024-09-29T10:40:27.063+0000] {dag.py:4180} INFO - Setting next_dagrun for example_short_circuit_operator to None, run_after=None
[2024-09-29T10:40:27.107+0000] {processor.py:208} INFO - Processing /home/airflow/.local/lib/python3.12/site-packages/airflow/example_dags/example_short_circuit_operator.py took 0.165 seconds
[2024-09-29T10:41:01.566+0000] {processor.py:186} INFO - Started process (PID=1948) to work on /home/airflow/.local/lib/python3.12/site-packages/airflow/example_dags/example_short_circuit_operator.py
[2024-09-29T10:41:01.569+0000] {processor.py:914} INFO - Processing file /home/airflow/.local/lib/python3.12/site-packages/airflow/example_dags/example_short_circuit_operator.py for tasks to queue
[2024-09-29T10:41:01.575+0000] {logging_mixin.py:190} INFO - [2024-09-29T10:41:01.574+0000] {dagbag.py:588} INFO - Filling up the DagBag from /home/airflow/.local/lib/python3.12/site-packages/airflow/example_dags/example_short_circuit_operator.py
[2024-09-29T10:41:01.597+0000] {processor.py:925} INFO - DAG(s) 'example_short_circuit_operator' retrieved from /home/airflow/.local/lib/python3.12/site-packages/airflow/example_dags/example_short_circuit_operator.py
[2024-09-29T10:41:01.689+0000] {logging_mixin.py:190} INFO - [2024-09-29T10:41:01.689+0000] {dag.py:3239} INFO - Sync 1 DAGs
[2024-09-29T10:41:01.748+0000] {logging_mixin.py:190} INFO - [2024-09-29T10:41:01.747+0000] {dag.py:4180} INFO - Setting next_dagrun for example_short_circuit_operator to None, run_after=None
[2024-09-29T10:41:01.823+0000] {processor.py:208} INFO - Processing /home/airflow/.local/lib/python3.12/site-packages/airflow/example_dags/example_short_circuit_operator.py took 0.273 seconds
[2024-09-29T10:41:46.072+0000] {processor.py:186} INFO - Started process (PID=2295) to work on /home/airflow/.local/lib/python3.12/site-packages/airflow/example_dags/example_short_circuit_operator.py
[2024-09-29T10:41:46.075+0000] {processor.py:914} INFO - Processing file /home/airflow/.local/lib/python3.12/site-packages/airflow/example_dags/example_short_circuit_operator.py for tasks to queue
[2024-09-29T10:41:46.086+0000] {logging_mixin.py:190} INFO - [2024-09-29T10:41:46.082+0000] {dagbag.py:588} INFO - Filling up the DagBag from /home/airflow/.local/lib/python3.12/site-packages/airflow/example_dags/example_short_circuit_operator.py
[2024-09-29T10:41:46.119+0000] {processor.py:925} INFO - DAG(s) 'example_short_circuit_operator' retrieved from /home/airflow/.local/lib/python3.12/site-packages/airflow/example_dags/example_short_circuit_operator.py
[2024-09-29T10:41:46.331+0000] {logging_mixin.py:190} INFO - [2024-09-29T10:41:46.330+0000] {dag.py:3239} INFO - Sync 1 DAGs
[2024-09-29T10:41:46.495+0000] {logging_mixin.py:190} INFO - [2024-09-29T10:41:46.494+0000] {dag.py:4180} INFO - Setting next_dagrun for example_short_circuit_operator to None, run_after=None
[2024-09-29T10:41:46.571+0000] {processor.py:208} INFO - Processing /home/airflow/.local/lib/python3.12/site-packages/airflow/example_dags/example_short_circuit_operator.py took 0.517 seconds
[2024-09-29T10:42:51.916+0000] {processor.py:186} INFO - Started process (PID=2703) to work on /home/airflow/.local/lib/python3.12/site-packages/airflow/example_dags/example_short_circuit_operator.py
[2024-09-29T10:42:51.949+0000] {processor.py:914} INFO - Processing file /home/airflow/.local/lib/python3.12/site-packages/airflow/example_dags/example_short_circuit_operator.py for tasks to queue
[2024-09-29T10:42:51.955+0000] {logging_mixin.py:190} INFO - [2024-09-29T10:42:51.954+0000] {dagbag.py:588} INFO - Filling up the DagBag from /home/airflow/.local/lib/python3.12/site-packages/airflow/example_dags/example_short_circuit_operator.py
[2024-09-29T10:42:53.356+0000] {processor.py:925} INFO - DAG(s) 'example_short_circuit_operator' retrieved from /home/airflow/.local/lib/python3.12/site-packages/airflow/example_dags/example_short_circuit_operator.py
[2024-09-29T10:42:53.795+0000] {logging_mixin.py:190} INFO - [2024-09-29T10:42:53.793+0000] {dag.py:3239} INFO - Sync 1 DAGs
[2024-09-29T10:42:54.531+0000] {logging_mixin.py:190} INFO - [2024-09-29T10:42:54.531+0000] {dag.py:4180} INFO - Setting next_dagrun for example_short_circuit_operator to None, run_after=None
[2024-09-29T10:42:54.617+0000] {processor.py:208} INFO - Processing /home/airflow/.local/lib/python3.12/site-packages/airflow/example_dags/example_short_circuit_operator.py took 2.716 seconds
[2024-09-29T10:43:25.281+0000] {processor.py:186} INFO - Started process (PID=2991) to work on /home/airflow/.local/lib/python3.12/site-packages/airflow/example_dags/example_short_circuit_operator.py
[2024-09-29T10:43:25.286+0000] {processor.py:914} INFO - Processing file /home/airflow/.local/lib/python3.12/site-packages/airflow/example_dags/example_short_circuit_operator.py for tasks to queue
[2024-09-29T10:43:25.298+0000] {logging_mixin.py:190} INFO - [2024-09-29T10:43:25.297+0000] {dagbag.py:588} INFO - Filling up the DagBag from /home/airflow/.local/lib/python3.12/site-packages/airflow/example_dags/example_short_circuit_operator.py
[2024-09-29T10:43:25.327+0000] {processor.py:925} INFO - DAG(s) 'example_short_circuit_operator' retrieved from /home/airflow/.local/lib/python3.12/site-packages/airflow/example_dags/example_short_circuit_operator.py
[2024-09-29T10:43:25.400+0000] {logging_mixin.py:190} INFO - [2024-09-29T10:43:25.400+0000] {dag.py:3239} INFO - Sync 1 DAGs
[2024-09-29T10:43:25.446+0000] {logging_mixin.py:190} INFO - [2024-09-29T10:43:25.445+0000] {dag.py:4180} INFO - Setting next_dagrun for example_short_circuit_operator to None, run_after=None
[2024-09-29T10:43:25.506+0000] {processor.py:208} INFO - Processing /home/airflow/.local/lib/python3.12/site-packages/airflow/example_dags/example_short_circuit_operator.py took 0.243 seconds
