[2024-09-29T10:37:59.199+0000] {processor.py:186} INFO - Started process (PID=332) to work on /home/airflow/.local/lib/python3.12/site-packages/airflow/example_dags/example_datasets.py
[2024-09-29T10:37:59.201+0000] {processor.py:914} INFO - Processing file /home/airflow/.local/lib/python3.12/site-packages/airflow/example_dags/example_datasets.py for tasks to queue
[2024-09-29T10:37:59.205+0000] {logging_mixin.py:190} INFO - [2024-09-29T10:37:59.205+0000] {dagbag.py:588} INFO - Filling up the DagBag from /home/airflow/.local/lib/python3.12/site-packages/airflow/example_dags/example_datasets.py
[2024-09-29T10:37:59.494+0000] {processor.py:925} INFO - DAG(s) 'dataset_consumes_unknown_never_scheduled', 'dataset_consumes_1_and_2', 'dataset_produces_2', 'consume_1_and_2_with_dataset_expressions', 'dataset_consumes_1', 'consume_1_or_2_with_dataset_expressions', 'conditional_dataset_and_time_based_timetable', 'dataset_consumes_1_never_scheduled', 'dataset_produces_1', 'consume_1_or_both_2_and_3_with_dataset_expressions' retrieved from /home/airflow/.local/lib/python3.12/site-packages/airflow/example_dags/example_datasets.py
[2024-09-29T10:37:59.745+0000] {logging_mixin.py:190} INFO - [2024-09-29T10:37:59.743+0000] {override.py:1900} INFO - Created Permission View: can edit on DAG:dataset_consumes_unknown_never_scheduled
[2024-09-29T10:37:59.794+0000] {logging_mixin.py:190} INFO - [2024-09-29T10:37:59.793+0000] {override.py:1900} INFO - Created Permission View: can read on DAG:dataset_consumes_unknown_never_scheduled
[2024-09-29T10:37:59.839+0000] {logging_mixin.py:190} INFO - [2024-09-29T10:37:59.839+0000] {override.py:1900} INFO - Created Permission View: can delete on DAG:dataset_consumes_unknown_never_scheduled
[2024-09-29T10:37:59.896+0000] {logging_mixin.py:190} INFO - [2024-09-29T10:37:59.895+0000] {override.py:1900} INFO - Created Permission View: can delete on DAG Run:dataset_consumes_unknown_never_scheduled
[2024-09-29T10:37:59.929+0000] {logging_mixin.py:190} INFO - [2024-09-29T10:37:59.929+0000] {override.py:1900} INFO - Created Permission View: can read on DAG Run:dataset_consumes_unknown_never_scheduled
[2024-09-29T10:37:59.994+0000] {logging_mixin.py:190} INFO - [2024-09-29T10:37:59.993+0000] {override.py:1900} INFO - Created Permission View: can create on DAG Run:dataset_consumes_unknown_never_scheduled
[2024-09-29T10:38:00.034+0000] {logging_mixin.py:190} INFO - [2024-09-29T10:38:00.033+0000] {override.py:1900} INFO - Created Permission View: menu access on DAG Run:dataset_consumes_unknown_never_scheduled
[2024-09-29T10:38:00.091+0000] {logging_mixin.py:190} INFO - [2024-09-29T10:38:00.090+0000] {override.py:1900} INFO - Created Permission View: can edit on DAG:dataset_consumes_1_and_2
[2024-09-29T10:38:00.154+0000] {logging_mixin.py:190} INFO - [2024-09-29T10:38:00.153+0000] {override.py:1900} INFO - Created Permission View: can read on DAG:dataset_consumes_1_and_2
[2024-09-29T10:38:00.195+0000] {logging_mixin.py:190} INFO - [2024-09-29T10:38:00.194+0000] {override.py:1900} INFO - Created Permission View: can delete on DAG:dataset_consumes_1_and_2
[2024-09-29T10:38:00.263+0000] {logging_mixin.py:190} INFO - [2024-09-29T10:38:00.262+0000] {override.py:1900} INFO - Created Permission View: can delete on DAG Run:dataset_consumes_1_and_2
[2024-09-29T10:38:00.290+0000] {logging_mixin.py:190} INFO - [2024-09-29T10:38:00.289+0000] {override.py:1900} INFO - Created Permission View: can read on DAG Run:dataset_consumes_1_and_2
[2024-09-29T10:38:00.354+0000] {logging_mixin.py:190} INFO - [2024-09-29T10:38:00.353+0000] {override.py:1900} INFO - Created Permission View: can create on DAG Run:dataset_consumes_1_and_2
[2024-09-29T10:38:00.372+0000] {logging_mixin.py:190} INFO - [2024-09-29T10:38:00.370+0000] {override.py:1900} INFO - Created Permission View: menu access on DAG Run:dataset_consumes_1_and_2
[2024-09-29T10:38:00.421+0000] {logging_mixin.py:190} INFO - [2024-09-29T10:38:00.420+0000] {override.py:1900} INFO - Created Permission View: can edit on DAG:dataset_produces_2
[2024-09-29T10:38:00.476+0000] {logging_mixin.py:190} INFO - [2024-09-29T10:38:00.475+0000] {override.py:1900} INFO - Created Permission View: can read on DAG:dataset_produces_2
[2024-09-29T10:38:00.513+0000] {logging_mixin.py:190} INFO - [2024-09-29T10:38:00.512+0000] {override.py:1900} INFO - Created Permission View: can delete on DAG:dataset_produces_2
[2024-09-29T10:38:00.577+0000] {logging_mixin.py:190} INFO - [2024-09-29T10:38:00.576+0000] {override.py:1900} INFO - Created Permission View: can delete on DAG Run:dataset_produces_2
[2024-09-29T10:38:00.612+0000] {logging_mixin.py:190} INFO - [2024-09-29T10:38:00.611+0000] {override.py:1900} INFO - Created Permission View: can read on DAG Run:dataset_produces_2
[2024-09-29T10:38:00.663+0000] {logging_mixin.py:190} INFO - [2024-09-29T10:38:00.662+0000] {override.py:1900} INFO - Created Permission View: can create on DAG Run:dataset_produces_2
[2024-09-29T10:38:00.726+0000] {logging_mixin.py:190} INFO - [2024-09-29T10:38:00.725+0000] {override.py:1900} INFO - Created Permission View: menu access on DAG Run:dataset_produces_2
[2024-09-29T10:38:00.777+0000] {logging_mixin.py:190} INFO - [2024-09-29T10:38:00.776+0000] {override.py:1900} INFO - Created Permission View: can edit on DAG:consume_1_and_2_with_dataset_expressions
[2024-09-29T10:38:00.816+0000] {logging_mixin.py:190} INFO - [2024-09-29T10:38:00.815+0000] {override.py:1900} INFO - Created Permission View: can read on DAG:consume_1_and_2_with_dataset_expressions
[2024-09-29T10:38:00.861+0000] {logging_mixin.py:190} INFO - [2024-09-29T10:38:00.861+0000] {override.py:1900} INFO - Created Permission View: can delete on DAG:consume_1_and_2_with_dataset_expressions
[2024-09-29T10:38:00.935+0000] {logging_mixin.py:190} INFO - [2024-09-29T10:38:00.935+0000] {override.py:1900} INFO - Created Permission View: can delete on DAG Run:consume_1_and_2_with_dataset_expressions
[2024-09-29T10:38:00.983+0000] {logging_mixin.py:190} INFO - [2024-09-29T10:38:00.982+0000] {override.py:1900} INFO - Created Permission View: can read on DAG Run:consume_1_and_2_with_dataset_expressions
[2024-09-29T10:38:01.024+0000] {logging_mixin.py:190} INFO - [2024-09-29T10:38:01.024+0000] {override.py:1900} INFO - Created Permission View: can create on DAG Run:consume_1_and_2_with_dataset_expressions
[2024-09-29T10:38:01.046+0000] {logging_mixin.py:190} INFO - [2024-09-29T10:38:01.045+0000] {override.py:1900} INFO - Created Permission View: menu access on DAG Run:consume_1_and_2_with_dataset_expressions
[2024-09-29T10:38:01.119+0000] {logging_mixin.py:190} INFO - [2024-09-29T10:38:01.119+0000] {override.py:1900} INFO - Created Permission View: can edit on DAG:dataset_consumes_1
[2024-09-29T10:38:01.160+0000] {logging_mixin.py:190} INFO - [2024-09-29T10:38:01.159+0000] {override.py:1900} INFO - Created Permission View: can read on DAG:dataset_consumes_1
[2024-09-29T10:38:01.200+0000] {logging_mixin.py:190} INFO - [2024-09-29T10:38:01.200+0000] {override.py:1900} INFO - Created Permission View: can delete on DAG:dataset_consumes_1
[2024-09-29T10:38:01.277+0000] {logging_mixin.py:190} INFO - [2024-09-29T10:38:01.276+0000] {override.py:1900} INFO - Created Permission View: can delete on DAG Run:dataset_consumes_1
[2024-09-29T10:38:01.304+0000] {logging_mixin.py:190} INFO - [2024-09-29T10:38:01.303+0000] {override.py:1900} INFO - Created Permission View: can read on DAG Run:dataset_consumes_1
[2024-09-29T10:38:01.376+0000] {logging_mixin.py:190} INFO - [2024-09-29T10:38:01.375+0000] {override.py:1900} INFO - Created Permission View: can create on DAG Run:dataset_consumes_1
[2024-09-29T10:38:01.399+0000] {logging_mixin.py:190} INFO - [2024-09-29T10:38:01.399+0000] {override.py:1900} INFO - Created Permission View: menu access on DAG Run:dataset_consumes_1
[2024-09-29T10:38:01.436+0000] {logging_mixin.py:190} INFO - [2024-09-29T10:38:01.436+0000] {override.py:1900} INFO - Created Permission View: can edit on DAG:consume_1_or_2_with_dataset_expressions
[2024-09-29T10:38:01.480+0000] {logging_mixin.py:190} INFO - [2024-09-29T10:38:01.479+0000] {override.py:1900} INFO - Created Permission View: can read on DAG:consume_1_or_2_with_dataset_expressions
[2024-09-29T10:38:01.526+0000] {logging_mixin.py:190} INFO - [2024-09-29T10:38:01.525+0000] {override.py:1900} INFO - Created Permission View: can delete on DAG:consume_1_or_2_with_dataset_expressions
[2024-09-29T10:38:01.556+0000] {logging_mixin.py:190} INFO - [2024-09-29T10:38:01.555+0000] {override.py:1900} INFO - Created Permission View: can delete on DAG Run:consume_1_or_2_with_dataset_expressions
[2024-09-29T10:38:01.577+0000] {logging_mixin.py:190} INFO - [2024-09-29T10:38:01.576+0000] {override.py:1900} INFO - Created Permission View: can read on DAG Run:consume_1_or_2_with_dataset_expressions
[2024-09-29T10:38:01.612+0000] {logging_mixin.py:190} INFO - [2024-09-29T10:38:01.611+0000] {override.py:1900} INFO - Created Permission View: can create on DAG Run:consume_1_or_2_with_dataset_expressions
[2024-09-29T10:38:01.636+0000] {logging_mixin.py:190} INFO - [2024-09-29T10:38:01.635+0000] {override.py:1900} INFO - Created Permission View: menu access on DAG Run:consume_1_or_2_with_dataset_expressions
[2024-09-29T10:38:01.670+0000] {logging_mixin.py:190} INFO - [2024-09-29T10:38:01.670+0000] {override.py:1900} INFO - Created Permission View: can edit on DAG:conditional_dataset_and_time_based_timetable
[2024-09-29T10:38:01.690+0000] {logging_mixin.py:190} INFO - [2024-09-29T10:38:01.689+0000] {override.py:1900} INFO - Created Permission View: can read on DAG:conditional_dataset_and_time_based_timetable
[2024-09-29T10:38:01.708+0000] {logging_mixin.py:190} INFO - [2024-09-29T10:38:01.708+0000] {override.py:1900} INFO - Created Permission View: can delete on DAG:conditional_dataset_and_time_based_timetable
[2024-09-29T10:38:01.730+0000] {logging_mixin.py:190} INFO - [2024-09-29T10:38:01.729+0000] {override.py:1900} INFO - Created Permission View: can delete on DAG Run:conditional_dataset_and_time_based_timetable
[2024-09-29T10:38:01.748+0000] {logging_mixin.py:190} INFO - [2024-09-29T10:38:01.747+0000] {override.py:1900} INFO - Created Permission View: can read on DAG Run:conditional_dataset_and_time_based_timetable
[2024-09-29T10:38:01.766+0000] {logging_mixin.py:190} INFO - [2024-09-29T10:38:01.766+0000] {override.py:1900} INFO - Created Permission View: can create on DAG Run:conditional_dataset_and_time_based_timetable
[2024-09-29T10:38:01.799+0000] {logging_mixin.py:190} INFO - [2024-09-29T10:38:01.799+0000] {override.py:1900} INFO - Created Permission View: menu access on DAG Run:conditional_dataset_and_time_based_timetable
[2024-09-29T10:38:01.830+0000] {logging_mixin.py:190} INFO - [2024-09-29T10:38:01.830+0000] {override.py:1900} INFO - Created Permission View: can edit on DAG:dataset_consumes_1_never_scheduled
[2024-09-29T10:38:01.847+0000] {logging_mixin.py:190} INFO - [2024-09-29T10:38:01.847+0000] {override.py:1900} INFO - Created Permission View: can read on DAG:dataset_consumes_1_never_scheduled
[2024-09-29T10:38:01.866+0000] {logging_mixin.py:190} INFO - [2024-09-29T10:38:01.865+0000] {override.py:1900} INFO - Created Permission View: can delete on DAG:dataset_consumes_1_never_scheduled
[2024-09-29T10:38:01.886+0000] {logging_mixin.py:190} INFO - [2024-09-29T10:38:01.886+0000] {override.py:1900} INFO - Created Permission View: can delete on DAG Run:dataset_consumes_1_never_scheduled
[2024-09-29T10:38:01.905+0000] {logging_mixin.py:190} INFO - [2024-09-29T10:38:01.904+0000] {override.py:1900} INFO - Created Permission View: can read on DAG Run:dataset_consumes_1_never_scheduled
[2024-09-29T10:38:01.943+0000] {logging_mixin.py:190} INFO - [2024-09-29T10:38:01.942+0000] {override.py:1900} INFO - Created Permission View: can create on DAG Run:dataset_consumes_1_never_scheduled
[2024-09-29T10:38:01.961+0000] {logging_mixin.py:190} INFO - [2024-09-29T10:38:01.961+0000] {override.py:1900} INFO - Created Permission View: menu access on DAG Run:dataset_consumes_1_never_scheduled
[2024-09-29T10:38:01.996+0000] {logging_mixin.py:190} INFO - [2024-09-29T10:38:01.995+0000] {override.py:1900} INFO - Created Permission View: can edit on DAG:dataset_produces_1
[2024-09-29T10:38:02.044+0000] {logging_mixin.py:190} INFO - [2024-09-29T10:38:02.043+0000] {override.py:1900} INFO - Created Permission View: can read on DAG:dataset_produces_1
[2024-09-29T10:38:02.064+0000] {logging_mixin.py:190} INFO - [2024-09-29T10:38:02.064+0000] {override.py:1900} INFO - Created Permission View: can delete on DAG:dataset_produces_1
[2024-09-29T10:38:02.092+0000] {logging_mixin.py:190} INFO - [2024-09-29T10:38:02.091+0000] {override.py:1900} INFO - Created Permission View: can delete on DAG Run:dataset_produces_1
[2024-09-29T10:38:02.111+0000] {logging_mixin.py:190} INFO - [2024-09-29T10:38:02.111+0000] {override.py:1900} INFO - Created Permission View: can read on DAG Run:dataset_produces_1
[2024-09-29T10:38:02.127+0000] {logging_mixin.py:190} INFO - [2024-09-29T10:38:02.127+0000] {override.py:1900} INFO - Created Permission View: can create on DAG Run:dataset_produces_1
[2024-09-29T10:38:02.146+0000] {logging_mixin.py:190} INFO - [2024-09-29T10:38:02.145+0000] {override.py:1900} INFO - Created Permission View: menu access on DAG Run:dataset_produces_1
[2024-09-29T10:38:02.178+0000] {logging_mixin.py:190} INFO - [2024-09-29T10:38:02.178+0000] {override.py:1900} INFO - Created Permission View: can edit on DAG:consume_1_or_both_2_and_3_with_dataset_expressions
[2024-09-29T10:38:02.197+0000] {logging_mixin.py:190} INFO - [2024-09-29T10:38:02.196+0000] {override.py:1900} INFO - Created Permission View: can read on DAG:consume_1_or_both_2_and_3_with_dataset_expressions
[2024-09-29T10:38:02.215+0000] {logging_mixin.py:190} INFO - [2024-09-29T10:38:02.214+0000] {override.py:1900} INFO - Created Permission View: can delete on DAG:consume_1_or_both_2_and_3_with_dataset_expressions
[2024-09-29T10:38:02.242+0000] {logging_mixin.py:190} INFO - [2024-09-29T10:38:02.241+0000] {override.py:1900} INFO - Created Permission View: can delete on DAG Run:consume_1_or_both_2_and_3_with_dataset_expressions
[2024-09-29T10:38:02.258+0000] {logging_mixin.py:190} INFO - [2024-09-29T10:38:02.258+0000] {override.py:1900} INFO - Created Permission View: can read on DAG Run:consume_1_or_both_2_and_3_with_dataset_expressions
[2024-09-29T10:38:02.278+0000] {logging_mixin.py:190} INFO - [2024-09-29T10:38:02.277+0000] {override.py:1900} INFO - Created Permission View: can create on DAG Run:consume_1_or_both_2_and_3_with_dataset_expressions
[2024-09-29T10:38:02.309+0000] {logging_mixin.py:190} INFO - [2024-09-29T10:38:02.308+0000] {override.py:1900} INFO - Created Permission View: menu access on DAG Run:consume_1_or_both_2_and_3_with_dataset_expressions
[2024-09-29T10:38:02.312+0000] {logging_mixin.py:190} INFO - [2024-09-29T10:38:02.311+0000] {dag.py:3239} INFO - Sync 10 DAGs
[2024-09-29T10:38:02.347+0000] {logging_mixin.py:190} INFO - [2024-09-29T10:38:02.346+0000] {dag.py:3262} INFO - Creating ORM DAG for dataset_consumes_1
[2024-09-29T10:38:02.349+0000] {logging_mixin.py:190} INFO - [2024-09-29T10:38:02.348+0000] {dag.py:3262} INFO - Creating ORM DAG for dataset_consumes_unknown_never_scheduled
[2024-09-29T10:38:02.351+0000] {logging_mixin.py:190} INFO - [2024-09-29T10:38:02.350+0000] {dag.py:3262} INFO - Creating ORM DAG for consume_1_and_2_with_dataset_expressions
[2024-09-29T10:38:02.352+0000] {logging_mixin.py:190} INFO - [2024-09-29T10:38:02.352+0000] {dag.py:3262} INFO - Creating ORM DAG for dataset_consumes_1_never_scheduled
[2024-09-29T10:38:02.354+0000] {logging_mixin.py:190} INFO - [2024-09-29T10:38:02.354+0000] {dag.py:3262} INFO - Creating ORM DAG for conditional_dataset_and_time_based_timetable
[2024-09-29T10:38:02.356+0000] {logging_mixin.py:190} INFO - [2024-09-29T10:38:02.355+0000] {dag.py:3262} INFO - Creating ORM DAG for consume_1_or_2_with_dataset_expressions
[2024-09-29T10:38:02.358+0000] {logging_mixin.py:190} INFO - [2024-09-29T10:38:02.357+0000] {dag.py:3262} INFO - Creating ORM DAG for dataset_produces_1
[2024-09-29T10:38:02.359+0000] {logging_mixin.py:190} INFO - [2024-09-29T10:38:02.359+0000] {dag.py:3262} INFO - Creating ORM DAG for dataset_produces_2
[2024-09-29T10:38:02.361+0000] {logging_mixin.py:190} INFO - [2024-09-29T10:38:02.361+0000] {dag.py:3262} INFO - Creating ORM DAG for consume_1_or_both_2_and_3_with_dataset_expressions
[2024-09-29T10:38:02.363+0000] {logging_mixin.py:190} INFO - [2024-09-29T10:38:02.363+0000] {dag.py:3262} INFO - Creating ORM DAG for dataset_consumes_1_and_2
[2024-09-29T10:38:02.386+0000] {logging_mixin.py:190} INFO - [2024-09-29T10:38:02.386+0000] {dag.py:4180} INFO - Setting next_dagrun for conditional_dataset_and_time_based_timetable to 2024-09-25 01:00:00+00:00, run_after=2024-09-25 01:00:00+00:00
[2024-09-29T10:38:02.388+0000] {logging_mixin.py:190} INFO - [2024-09-29T10:38:02.388+0000] {dag.py:4180} INFO - Setting next_dagrun for consume_1_and_2_with_dataset_expressions to None, run_after=None
[2024-09-29T10:38:02.390+0000] {logging_mixin.py:190} INFO - [2024-09-29T10:38:02.389+0000] {dag.py:4180} INFO - Setting next_dagrun for consume_1_or_2_with_dataset_expressions to None, run_after=None
[2024-09-29T10:38:02.391+0000] {logging_mixin.py:190} INFO - [2024-09-29T10:38:02.391+0000] {dag.py:4180} INFO - Setting next_dagrun for consume_1_or_both_2_and_3_with_dataset_expressions to None, run_after=None
[2024-09-29T10:38:02.392+0000] {logging_mixin.py:190} INFO - [2024-09-29T10:38:02.392+0000] {dag.py:4180} INFO - Setting next_dagrun for dataset_consumes_1 to None, run_after=None
[2024-09-29T10:38:02.394+0000] {logging_mixin.py:190} INFO - [2024-09-29T10:38:02.394+0000] {dag.py:4180} INFO - Setting next_dagrun for dataset_consumes_1_and_2 to None, run_after=None
[2024-09-29T10:38:02.396+0000] {logging_mixin.py:190} INFO - [2024-09-29T10:38:02.396+0000] {dag.py:4180} INFO - Setting next_dagrun for dataset_consumes_1_never_scheduled to None, run_after=None
[2024-09-29T10:38:02.398+0000] {logging_mixin.py:190} INFO - [2024-09-29T10:38:02.398+0000] {dag.py:4180} INFO - Setting next_dagrun for dataset_consumes_unknown_never_scheduled to None, run_after=None
[2024-09-29T10:38:02.402+0000] {logging_mixin.py:190} INFO - [2024-09-29T10:38:02.401+0000] {dag.py:4180} INFO - Setting next_dagrun for dataset_produces_1 to 2024-09-28 00:00:00+00:00, run_after=2024-09-29 00:00:00+00:00
[2024-09-29T10:38:02.403+0000] {logging_mixin.py:190} INFO - [2024-09-29T10:38:02.403+0000] {dag.py:4180} INFO - Setting next_dagrun for dataset_produces_2 to None, run_after=None
[2024-09-29T10:38:02.514+0000] {processor.py:208} INFO - Processing /home/airflow/.local/lib/python3.12/site-packages/airflow/example_dags/example_datasets.py took 3.326 seconds
[2024-09-29T10:38:33.197+0000] {processor.py:186} INFO - Started process (PID=633) to work on /home/airflow/.local/lib/python3.12/site-packages/airflow/example_dags/example_datasets.py
[2024-09-29T10:38:33.309+0000] {processor.py:914} INFO - Processing file /home/airflow/.local/lib/python3.12/site-packages/airflow/example_dags/example_datasets.py for tasks to queue
[2024-09-29T10:38:33.315+0000] {logging_mixin.py:190} INFO - [2024-09-29T10:38:33.314+0000] {dagbag.py:588} INFO - Filling up the DagBag from /home/airflow/.local/lib/python3.12/site-packages/airflow/example_dags/example_datasets.py
[2024-09-29T10:38:34.171+0000] {processor.py:925} INFO - DAG(s) 'dataset_consumes_unknown_never_scheduled', 'dataset_consumes_1', 'dataset_consumes_1_and_2', 'dataset_consumes_1_never_scheduled', 'conditional_dataset_and_time_based_timetable', 'dataset_produces_2', 'dataset_produces_1', 'consume_1_or_both_2_and_3_with_dataset_expressions', 'consume_1_and_2_with_dataset_expressions', 'consume_1_or_2_with_dataset_expressions' retrieved from /home/airflow/.local/lib/python3.12/site-packages/airflow/example_dags/example_datasets.py
[2024-09-29T10:38:34.322+0000] {logging_mixin.py:190} INFO - [2024-09-29T10:38:34.322+0000] {dag.py:3239} INFO - Sync 10 DAGs
[2024-09-29T10:38:34.430+0000] {logging_mixin.py:190} INFO - [2024-09-29T10:38:34.429+0000] {dag.py:4180} INFO - Setting next_dagrun for conditional_dataset_and_time_based_timetable to 2024-09-25 01:00:00+00:00, run_after=2024-09-25 01:00:00+00:00
[2024-09-29T10:38:34.453+0000] {logging_mixin.py:190} INFO - [2024-09-29T10:38:34.452+0000] {dag.py:4180} INFO - Setting next_dagrun for consume_1_and_2_with_dataset_expressions to None, run_after=None
[2024-09-29T10:38:34.462+0000] {logging_mixin.py:190} INFO - [2024-09-29T10:38:34.461+0000] {dag.py:4180} INFO - Setting next_dagrun for consume_1_or_2_with_dataset_expressions to None, run_after=None
[2024-09-29T10:38:34.469+0000] {logging_mixin.py:190} INFO - [2024-09-29T10:38:34.468+0000] {dag.py:4180} INFO - Setting next_dagrun for consume_1_or_both_2_and_3_with_dataset_expressions to None, run_after=None
[2024-09-29T10:38:34.480+0000] {logging_mixin.py:190} INFO - [2024-09-29T10:38:34.479+0000] {dag.py:4180} INFO - Setting next_dagrun for dataset_consumes_1 to None, run_after=None
[2024-09-29T10:38:34.488+0000] {logging_mixin.py:190} INFO - [2024-09-29T10:38:34.487+0000] {dag.py:4180} INFO - Setting next_dagrun for dataset_consumes_1_and_2 to None, run_after=None
[2024-09-29T10:38:34.503+0000] {logging_mixin.py:190} INFO - [2024-09-29T10:38:34.502+0000] {dag.py:4180} INFO - Setting next_dagrun for dataset_consumes_1_never_scheduled to None, run_after=None
[2024-09-29T10:38:34.510+0000] {logging_mixin.py:190} INFO - [2024-09-29T10:38:34.509+0000] {dag.py:4180} INFO - Setting next_dagrun for dataset_consumes_unknown_never_scheduled to None, run_after=None
[2024-09-29T10:38:34.529+0000] {logging_mixin.py:190} INFO - [2024-09-29T10:38:34.528+0000] {dag.py:4180} INFO - Setting next_dagrun for dataset_produces_1 to 2024-09-28 00:00:00+00:00, run_after=2024-09-29 00:00:00+00:00
[2024-09-29T10:38:34.534+0000] {logging_mixin.py:190} INFO - [2024-09-29T10:38:34.534+0000] {dag.py:4180} INFO - Setting next_dagrun for dataset_produces_2 to None, run_after=None
[2024-09-29T10:38:34.684+0000] {processor.py:208} INFO - Processing /home/airflow/.local/lib/python3.12/site-packages/airflow/example_dags/example_datasets.py took 1.502 seconds
[2024-09-29T10:39:05.324+0000] {processor.py:186} INFO - Started process (PID=924) to work on /home/airflow/.local/lib/python3.12/site-packages/airflow/example_dags/example_datasets.py
[2024-09-29T10:39:05.328+0000] {processor.py:914} INFO - Processing file /home/airflow/.local/lib/python3.12/site-packages/airflow/example_dags/example_datasets.py for tasks to queue
[2024-09-29T10:39:05.335+0000] {logging_mixin.py:190} INFO - [2024-09-29T10:39:05.334+0000] {dagbag.py:588} INFO - Filling up the DagBag from /home/airflow/.local/lib/python3.12/site-packages/airflow/example_dags/example_datasets.py
[2024-09-29T10:39:06.050+0000] {processor.py:925} INFO - DAG(s) 'dataset_produces_2', 'conditional_dataset_and_time_based_timetable', 'consume_1_and_2_with_dataset_expressions', 'dataset_consumes_1_and_2', 'dataset_produces_1', 'consume_1_or_both_2_and_3_with_dataset_expressions', 'dataset_consumes_1_never_scheduled', 'dataset_consumes_unknown_never_scheduled', 'dataset_consumes_1', 'consume_1_or_2_with_dataset_expressions' retrieved from /home/airflow/.local/lib/python3.12/site-packages/airflow/example_dags/example_datasets.py
[2024-09-29T10:39:06.237+0000] {logging_mixin.py:190} INFO - [2024-09-29T10:39:06.236+0000] {dag.py:3239} INFO - Sync 10 DAGs
[2024-09-29T10:39:06.327+0000] {logging_mixin.py:190} INFO - [2024-09-29T10:39:06.326+0000] {dag.py:4180} INFO - Setting next_dagrun for conditional_dataset_and_time_based_timetable to 2024-09-25 01:00:00+00:00, run_after=2024-09-25 01:00:00+00:00
[2024-09-29T10:39:06.335+0000] {logging_mixin.py:190} INFO - [2024-09-29T10:39:06.335+0000] {dag.py:4180} INFO - Setting next_dagrun for consume_1_and_2_with_dataset_expressions to None, run_after=None
[2024-09-29T10:39:06.340+0000] {logging_mixin.py:190} INFO - [2024-09-29T10:39:06.339+0000] {dag.py:4180} INFO - Setting next_dagrun for consume_1_or_2_with_dataset_expressions to None, run_after=None
[2024-09-29T10:39:06.345+0000] {logging_mixin.py:190} INFO - [2024-09-29T10:39:06.344+0000] {dag.py:4180} INFO - Setting next_dagrun for consume_1_or_both_2_and_3_with_dataset_expressions to None, run_after=None
[2024-09-29T10:39:06.350+0000] {logging_mixin.py:190} INFO - [2024-09-29T10:39:06.350+0000] {dag.py:4180} INFO - Setting next_dagrun for dataset_consumes_1 to None, run_after=None
[2024-09-29T10:39:06.355+0000] {logging_mixin.py:190} INFO - [2024-09-29T10:39:06.355+0000] {dag.py:4180} INFO - Setting next_dagrun for dataset_consumes_1_and_2 to None, run_after=None
[2024-09-29T10:39:06.360+0000] {logging_mixin.py:190} INFO - [2024-09-29T10:39:06.359+0000] {dag.py:4180} INFO - Setting next_dagrun for dataset_consumes_1_never_scheduled to None, run_after=None
[2024-09-29T10:39:06.365+0000] {logging_mixin.py:190} INFO - [2024-09-29T10:39:06.364+0000] {dag.py:4180} INFO - Setting next_dagrun for dataset_consumes_unknown_never_scheduled to None, run_after=None
[2024-09-29T10:39:06.373+0000] {logging_mixin.py:190} INFO - [2024-09-29T10:39:06.373+0000] {dag.py:4180} INFO - Setting next_dagrun for dataset_produces_1 to 2024-09-28 00:00:00+00:00, run_after=2024-09-29 00:00:00+00:00
[2024-09-29T10:39:06.379+0000] {logging_mixin.py:190} INFO - [2024-09-29T10:39:06.378+0000] {dag.py:4180} INFO - Setting next_dagrun for dataset_produces_2 to None, run_after=None
[2024-09-29T10:39:06.722+0000] {processor.py:208} INFO - Processing /home/airflow/.local/lib/python3.12/site-packages/airflow/example_dags/example_datasets.py took 1.413 seconds
[2024-09-29T10:39:36.891+0000] {processor.py:186} INFO - Started process (PID=1217) to work on /home/airflow/.local/lib/python3.12/site-packages/airflow/example_dags/example_datasets.py
[2024-09-29T10:39:36.894+0000] {processor.py:914} INFO - Processing file /home/airflow/.local/lib/python3.12/site-packages/airflow/example_dags/example_datasets.py for tasks to queue
[2024-09-29T10:39:36.899+0000] {logging_mixin.py:190} INFO - [2024-09-29T10:39:36.899+0000] {dagbag.py:588} INFO - Filling up the DagBag from /home/airflow/.local/lib/python3.12/site-packages/airflow/example_dags/example_datasets.py
[2024-09-29T10:39:37.176+0000] {processor.py:925} INFO - DAG(s) 'consume_1_or_2_with_dataset_expressions', 'dataset_produces_2', 'dataset_consumes_unknown_never_scheduled', 'dataset_consumes_1', 'consume_1_or_both_2_and_3_with_dataset_expressions', 'dataset_produces_1', 'dataset_consumes_1_never_scheduled', 'consume_1_and_2_with_dataset_expressions', 'conditional_dataset_and_time_based_timetable', 'dataset_consumes_1_and_2' retrieved from /home/airflow/.local/lib/python3.12/site-packages/airflow/example_dags/example_datasets.py
[2024-09-29T10:39:37.272+0000] {logging_mixin.py:190} INFO - [2024-09-29T10:39:37.271+0000] {dag.py:3239} INFO - Sync 10 DAGs
[2024-09-29T10:39:37.329+0000] {logging_mixin.py:190} INFO - [2024-09-29T10:39:37.329+0000] {dag.py:4180} INFO - Setting next_dagrun for conditional_dataset_and_time_based_timetable to 2024-09-25 01:00:00+00:00, run_after=2024-09-25 01:00:00+00:00
[2024-09-29T10:39:37.337+0000] {logging_mixin.py:190} INFO - [2024-09-29T10:39:37.336+0000] {dag.py:4180} INFO - Setting next_dagrun for consume_1_and_2_with_dataset_expressions to None, run_after=None
[2024-09-29T10:39:37.340+0000] {logging_mixin.py:190} INFO - [2024-09-29T10:39:37.340+0000] {dag.py:4180} INFO - Setting next_dagrun for consume_1_or_2_with_dataset_expressions to None, run_after=None
[2024-09-29T10:39:37.344+0000] {logging_mixin.py:190} INFO - [2024-09-29T10:39:37.343+0000] {dag.py:4180} INFO - Setting next_dagrun for consume_1_or_both_2_and_3_with_dataset_expressions to None, run_after=None
[2024-09-29T10:39:37.347+0000] {logging_mixin.py:190} INFO - [2024-09-29T10:39:37.347+0000] {dag.py:4180} INFO - Setting next_dagrun for dataset_consumes_1 to None, run_after=None
[2024-09-29T10:39:37.352+0000] {logging_mixin.py:190} INFO - [2024-09-29T10:39:37.351+0000] {dag.py:4180} INFO - Setting next_dagrun for dataset_consumes_1_and_2 to None, run_after=None
[2024-09-29T10:39:37.355+0000] {logging_mixin.py:190} INFO - [2024-09-29T10:39:37.355+0000] {dag.py:4180} INFO - Setting next_dagrun for dataset_consumes_1_never_scheduled to None, run_after=None
[2024-09-29T10:39:37.359+0000] {logging_mixin.py:190} INFO - [2024-09-29T10:39:37.358+0000] {dag.py:4180} INFO - Setting next_dagrun for dataset_consumes_unknown_never_scheduled to None, run_after=None
[2024-09-29T10:39:37.364+0000] {logging_mixin.py:190} INFO - [2024-09-29T10:39:37.364+0000] {dag.py:4180} INFO - Setting next_dagrun for dataset_produces_1 to 2024-09-28 00:00:00+00:00, run_after=2024-09-29 00:00:00+00:00
[2024-09-29T10:39:37.368+0000] {logging_mixin.py:190} INFO - [2024-09-29T10:39:37.367+0000] {dag.py:4180} INFO - Setting next_dagrun for dataset_produces_2 to None, run_after=None
[2024-09-29T10:39:37.746+0000] {processor.py:208} INFO - Processing /home/airflow/.local/lib/python3.12/site-packages/airflow/example_dags/example_datasets.py took 0.869 seconds
[2024-09-29T10:40:08.197+0000] {processor.py:186} INFO - Started process (PID=1503) to work on /home/airflow/.local/lib/python3.12/site-packages/airflow/example_dags/example_datasets.py
[2024-09-29T10:40:08.199+0000] {processor.py:914} INFO - Processing file /home/airflow/.local/lib/python3.12/site-packages/airflow/example_dags/example_datasets.py for tasks to queue
[2024-09-29T10:40:08.203+0000] {logging_mixin.py:190} INFO - [2024-09-29T10:40:08.202+0000] {dagbag.py:588} INFO - Filling up the DagBag from /home/airflow/.local/lib/python3.12/site-packages/airflow/example_dags/example_datasets.py
[2024-09-29T10:40:08.485+0000] {processor.py:925} INFO - DAG(s) 'conditional_dataset_and_time_based_timetable', 'dataset_consumes_1_and_2', 'consume_1_or_both_2_and_3_with_dataset_expressions', 'dataset_consumes_1_never_scheduled', 'dataset_produces_1', 'consume_1_and_2_with_dataset_expressions', 'dataset_consumes_unknown_never_scheduled', 'dataset_produces_2', 'consume_1_or_2_with_dataset_expressions', 'dataset_consumes_1' retrieved from /home/airflow/.local/lib/python3.12/site-packages/airflow/example_dags/example_datasets.py
[2024-09-29T10:40:08.593+0000] {logging_mixin.py:190} INFO - [2024-09-29T10:40:08.592+0000] {dag.py:3239} INFO - Sync 10 DAGs
[2024-09-29T10:40:08.646+0000] {logging_mixin.py:190} INFO - [2024-09-29T10:40:08.646+0000] {dag.py:4180} INFO - Setting next_dagrun for conditional_dataset_and_time_based_timetable to 2024-09-25 01:00:00+00:00, run_after=2024-09-25 01:00:00+00:00
[2024-09-29T10:40:08.654+0000] {logging_mixin.py:190} INFO - [2024-09-29T10:40:08.654+0000] {dag.py:4180} INFO - Setting next_dagrun for consume_1_and_2_with_dataset_expressions to None, run_after=None
[2024-09-29T10:40:08.658+0000] {logging_mixin.py:190} INFO - [2024-09-29T10:40:08.657+0000] {dag.py:4180} INFO - Setting next_dagrun for consume_1_or_2_with_dataset_expressions to None, run_after=None
[2024-09-29T10:40:08.661+0000] {logging_mixin.py:190} INFO - [2024-09-29T10:40:08.661+0000] {dag.py:4180} INFO - Setting next_dagrun for consume_1_or_both_2_and_3_with_dataset_expressions to None, run_after=None
[2024-09-29T10:40:08.665+0000] {logging_mixin.py:190} INFO - [2024-09-29T10:40:08.664+0000] {dag.py:4180} INFO - Setting next_dagrun for dataset_consumes_1 to None, run_after=None
[2024-09-29T10:40:08.668+0000] {logging_mixin.py:190} INFO - [2024-09-29T10:40:08.668+0000] {dag.py:4180} INFO - Setting next_dagrun for dataset_consumes_1_and_2 to None, run_after=None
[2024-09-29T10:40:08.672+0000] {logging_mixin.py:190} INFO - [2024-09-29T10:40:08.671+0000] {dag.py:4180} INFO - Setting next_dagrun for dataset_consumes_1_never_scheduled to None, run_after=None
[2024-09-29T10:40:08.676+0000] {logging_mixin.py:190} INFO - [2024-09-29T10:40:08.676+0000] {dag.py:4180} INFO - Setting next_dagrun for dataset_consumes_unknown_never_scheduled to None, run_after=None
[2024-09-29T10:40:08.684+0000] {logging_mixin.py:190} INFO - [2024-09-29T10:40:08.684+0000] {dag.py:4180} INFO - Setting next_dagrun for dataset_produces_1 to 2024-09-28 00:00:00+00:00, run_after=2024-09-29 00:00:00+00:00
[2024-09-29T10:40:08.688+0000] {logging_mixin.py:190} INFO - [2024-09-29T10:40:08.687+0000] {dag.py:4180} INFO - Setting next_dagrun for dataset_produces_2 to None, run_after=None
[2024-09-29T10:40:08.888+0000] {processor.py:208} INFO - Processing /home/airflow/.local/lib/python3.12/site-packages/airflow/example_dags/example_datasets.py took 0.712 seconds
[2024-09-29T10:40:39.644+0000] {processor.py:186} INFO - Started process (PID=1787) to work on /home/airflow/.local/lib/python3.12/site-packages/airflow/example_dags/example_datasets.py
[2024-09-29T10:40:39.647+0000] {processor.py:914} INFO - Processing file /home/airflow/.local/lib/python3.12/site-packages/airflow/example_dags/example_datasets.py for tasks to queue
[2024-09-29T10:40:39.652+0000] {logging_mixin.py:190} INFO - [2024-09-29T10:40:39.651+0000] {dagbag.py:588} INFO - Filling up the DagBag from /home/airflow/.local/lib/python3.12/site-packages/airflow/example_dags/example_datasets.py
[2024-09-29T10:40:40.135+0000] {processor.py:925} INFO - DAG(s) 'consume_1_or_both_2_and_3_with_dataset_expressions', 'dataset_produces_1', 'dataset_consumes_unknown_never_scheduled', 'dataset_consumes_1', 'consume_1_and_2_with_dataset_expressions', 'dataset_consumes_1_and_2', 'dataset_consumes_1_never_scheduled', 'consume_1_or_2_with_dataset_expressions', 'conditional_dataset_and_time_based_timetable', 'dataset_produces_2' retrieved from /home/airflow/.local/lib/python3.12/site-packages/airflow/example_dags/example_datasets.py
[2024-09-29T10:40:40.289+0000] {logging_mixin.py:190} INFO - [2024-09-29T10:40:40.288+0000] {dag.py:3239} INFO - Sync 10 DAGs
[2024-09-29T10:40:40.357+0000] {logging_mixin.py:190} INFO - [2024-09-29T10:40:40.356+0000] {dag.py:4180} INFO - Setting next_dagrun for conditional_dataset_and_time_based_timetable to 2024-09-25 01:00:00+00:00, run_after=2024-09-25 01:00:00+00:00
[2024-09-29T10:40:40.370+0000] {logging_mixin.py:190} INFO - [2024-09-29T10:40:40.369+0000] {dag.py:4180} INFO - Setting next_dagrun for consume_1_and_2_with_dataset_expressions to None, run_after=None
[2024-09-29T10:40:40.375+0000] {logging_mixin.py:190} INFO - [2024-09-29T10:40:40.374+0000] {dag.py:4180} INFO - Setting next_dagrun for consume_1_or_2_with_dataset_expressions to None, run_after=None
[2024-09-29T10:40:40.380+0000] {logging_mixin.py:190} INFO - [2024-09-29T10:40:40.379+0000] {dag.py:4180} INFO - Setting next_dagrun for consume_1_or_both_2_and_3_with_dataset_expressions to None, run_after=None
[2024-09-29T10:40:40.384+0000] {logging_mixin.py:190} INFO - [2024-09-29T10:40:40.384+0000] {dag.py:4180} INFO - Setting next_dagrun for dataset_consumes_1 to None, run_after=None
[2024-09-29T10:40:40.390+0000] {logging_mixin.py:190} INFO - [2024-09-29T10:40:40.389+0000] {dag.py:4180} INFO - Setting next_dagrun for dataset_consumes_1_and_2 to None, run_after=None
[2024-09-29T10:40:40.400+0000] {logging_mixin.py:190} INFO - [2024-09-29T10:40:40.400+0000] {dag.py:4180} INFO - Setting next_dagrun for dataset_consumes_1_never_scheduled to None, run_after=None
[2024-09-29T10:40:40.405+0000] {logging_mixin.py:190} INFO - [2024-09-29T10:40:40.404+0000] {dag.py:4180} INFO - Setting next_dagrun for dataset_consumes_unknown_never_scheduled to None, run_after=None
[2024-09-29T10:40:40.412+0000] {logging_mixin.py:190} INFO - [2024-09-29T10:40:40.412+0000] {dag.py:4180} INFO - Setting next_dagrun for dataset_produces_1 to 2024-09-28 00:00:00+00:00, run_after=2024-09-29 00:00:00+00:00
[2024-09-29T10:40:40.416+0000] {logging_mixin.py:190} INFO - [2024-09-29T10:40:40.416+0000] {dag.py:4180} INFO - Setting next_dagrun for dataset_produces_2 to None, run_after=None
[2024-09-29T10:40:40.507+0000] {processor.py:208} INFO - Processing /home/airflow/.local/lib/python3.12/site-packages/airflow/example_dags/example_datasets.py took 0.883 seconds
[2024-09-29T10:41:11.007+0000] {processor.py:186} INFO - Started process (PID=2048) to work on /home/airflow/.local/lib/python3.12/site-packages/airflow/example_dags/example_datasets.py
[2024-09-29T10:41:11.027+0000] {processor.py:914} INFO - Processing file /home/airflow/.local/lib/python3.12/site-packages/airflow/example_dags/example_datasets.py for tasks to queue
[2024-09-29T10:41:11.043+0000] {logging_mixin.py:190} INFO - [2024-09-29T10:41:11.040+0000] {dagbag.py:588} INFO - Filling up the DagBag from /home/airflow/.local/lib/python3.12/site-packages/airflow/example_dags/example_datasets.py
[2024-09-29T10:41:11.979+0000] {processor.py:925} INFO - DAG(s) 'consume_1_and_2_with_dataset_expressions', 'consume_1_or_both_2_and_3_with_dataset_expressions', 'dataset_produces_2', 'dataset_consumes_1_never_scheduled', 'dataset_consumes_1', 'dataset_produces_1', 'conditional_dataset_and_time_based_timetable', 'dataset_consumes_unknown_never_scheduled', 'dataset_consumes_1_and_2', 'consume_1_or_2_with_dataset_expressions' retrieved from /home/airflow/.local/lib/python3.12/site-packages/airflow/example_dags/example_datasets.py
[2024-09-29T10:41:12.236+0000] {logging_mixin.py:190} INFO - [2024-09-29T10:41:12.235+0000] {dag.py:3239} INFO - Sync 10 DAGs
[2024-09-29T10:41:12.376+0000] {logging_mixin.py:190} INFO - [2024-09-29T10:41:12.376+0000] {dag.py:4180} INFO - Setting next_dagrun for conditional_dataset_and_time_based_timetable to 2024-09-25 01:00:00+00:00, run_after=2024-09-25 01:00:00+00:00
[2024-09-29T10:41:12.395+0000] {logging_mixin.py:190} INFO - [2024-09-29T10:41:12.395+0000] {dag.py:4180} INFO - Setting next_dagrun for consume_1_and_2_with_dataset_expressions to None, run_after=None
[2024-09-29T10:41:12.400+0000] {logging_mixin.py:190} INFO - [2024-09-29T10:41:12.399+0000] {dag.py:4180} INFO - Setting next_dagrun for consume_1_or_2_with_dataset_expressions to None, run_after=None
[2024-09-29T10:41:12.404+0000] {logging_mixin.py:190} INFO - [2024-09-29T10:41:12.404+0000] {dag.py:4180} INFO - Setting next_dagrun for consume_1_or_both_2_and_3_with_dataset_expressions to None, run_after=None
[2024-09-29T10:41:12.409+0000] {logging_mixin.py:190} INFO - [2024-09-29T10:41:12.409+0000] {dag.py:4180} INFO - Setting next_dagrun for dataset_consumes_1 to None, run_after=None
[2024-09-29T10:41:12.414+0000] {logging_mixin.py:190} INFO - [2024-09-29T10:41:12.414+0000] {dag.py:4180} INFO - Setting next_dagrun for dataset_consumes_1_and_2 to None, run_after=None
[2024-09-29T10:41:12.419+0000] {logging_mixin.py:190} INFO - [2024-09-29T10:41:12.418+0000] {dag.py:4180} INFO - Setting next_dagrun for dataset_consumes_1_never_scheduled to None, run_after=None
[2024-09-29T10:41:12.423+0000] {logging_mixin.py:190} INFO - [2024-09-29T10:41:12.422+0000] {dag.py:4180} INFO - Setting next_dagrun for dataset_consumes_unknown_never_scheduled to None, run_after=None
[2024-09-29T10:41:12.428+0000] {logging_mixin.py:190} INFO - [2024-09-29T10:41:12.428+0000] {dag.py:4180} INFO - Setting next_dagrun for dataset_produces_1 to 2024-09-28 00:00:00+00:00, run_after=2024-09-29 00:00:00+00:00
[2024-09-29T10:41:12.432+0000] {logging_mixin.py:190} INFO - [2024-09-29T10:41:12.431+0000] {dag.py:4180} INFO - Setting next_dagrun for dataset_produces_2 to None, run_after=None
[2024-09-29T10:41:12.574+0000] {processor.py:208} INFO - Processing /home/airflow/.local/lib/python3.12/site-packages/airflow/example_dags/example_datasets.py took 1.596 seconds
[2024-09-29T10:41:52.191+0000] {processor.py:186} INFO - Started process (PID=2342) to work on /home/airflow/.local/lib/python3.12/site-packages/airflow/example_dags/example_datasets.py
[2024-09-29T10:41:52.195+0000] {processor.py:914} INFO - Processing file /home/airflow/.local/lib/python3.12/site-packages/airflow/example_dags/example_datasets.py for tasks to queue
[2024-09-29T10:41:52.206+0000] {logging_mixin.py:190} INFO - [2024-09-29T10:41:52.205+0000] {dagbag.py:588} INFO - Filling up the DagBag from /home/airflow/.local/lib/python3.12/site-packages/airflow/example_dags/example_datasets.py
[2024-09-29T10:41:52.816+0000] {processor.py:925} INFO - DAG(s) 'conditional_dataset_and_time_based_timetable', 'dataset_produces_1', 'dataset_consumes_1', 'dataset_produces_2', 'dataset_consumes_1_and_2', 'dataset_consumes_1_never_scheduled', 'dataset_consumes_unknown_never_scheduled', 'consume_1_or_2_with_dataset_expressions', 'consume_1_and_2_with_dataset_expressions', 'consume_1_or_both_2_and_3_with_dataset_expressions' retrieved from /home/airflow/.local/lib/python3.12/site-packages/airflow/example_dags/example_datasets.py
[2024-09-29T10:41:52.978+0000] {logging_mixin.py:190} INFO - [2024-09-29T10:41:52.977+0000] {dag.py:3239} INFO - Sync 10 DAGs
[2024-09-29T10:41:53.239+0000] {logging_mixin.py:190} INFO - [2024-09-29T10:41:53.239+0000] {dag.py:4180} INFO - Setting next_dagrun for conditional_dataset_and_time_based_timetable to 2024-09-25 01:00:00+00:00, run_after=2024-09-25 01:00:00+00:00
[2024-09-29T10:41:53.253+0000] {logging_mixin.py:190} INFO - [2024-09-29T10:41:53.252+0000] {dag.py:4180} INFO - Setting next_dagrun for consume_1_and_2_with_dataset_expressions to None, run_after=None
[2024-09-29T10:41:53.258+0000] {logging_mixin.py:190} INFO - [2024-09-29T10:41:53.258+0000] {dag.py:4180} INFO - Setting next_dagrun for consume_1_or_2_with_dataset_expressions to None, run_after=None
[2024-09-29T10:41:53.263+0000] {logging_mixin.py:190} INFO - [2024-09-29T10:41:53.262+0000] {dag.py:4180} INFO - Setting next_dagrun for consume_1_or_both_2_and_3_with_dataset_expressions to None, run_after=None
[2024-09-29T10:41:53.268+0000] {logging_mixin.py:190} INFO - [2024-09-29T10:41:53.268+0000] {dag.py:4180} INFO - Setting next_dagrun for dataset_consumes_1 to None, run_after=None
[2024-09-29T10:41:53.274+0000] {logging_mixin.py:190} INFO - [2024-09-29T10:41:53.273+0000] {dag.py:4180} INFO - Setting next_dagrun for dataset_consumes_1_and_2 to None, run_after=None
[2024-09-29T10:41:53.281+0000] {logging_mixin.py:190} INFO - [2024-09-29T10:41:53.280+0000] {dag.py:4180} INFO - Setting next_dagrun for dataset_consumes_1_never_scheduled to None, run_after=None
[2024-09-29T10:41:53.286+0000] {logging_mixin.py:190} INFO - [2024-09-29T10:41:53.286+0000] {dag.py:4180} INFO - Setting next_dagrun for dataset_consumes_unknown_never_scheduled to None, run_after=None
[2024-09-29T10:41:53.295+0000] {logging_mixin.py:190} INFO - [2024-09-29T10:41:53.294+0000] {dag.py:4180} INFO - Setting next_dagrun for dataset_produces_1 to 2024-09-28 00:00:00+00:00, run_after=2024-09-29 00:00:00+00:00
[2024-09-29T10:41:53.306+0000] {logging_mixin.py:190} INFO - [2024-09-29T10:41:53.305+0000] {dag.py:4180} INFO - Setting next_dagrun for dataset_produces_2 to None, run_after=None
[2024-09-29T10:41:53.444+0000] {processor.py:208} INFO - Processing /home/airflow/.local/lib/python3.12/site-packages/airflow/example_dags/example_datasets.py took 1.279 seconds
[2024-09-29T10:42:35.157+0000] {processor.py:186} INFO - Started process (PID=2599) to work on /home/airflow/.local/lib/python3.12/site-packages/airflow/example_dags/example_datasets.py
[2024-09-29T10:42:35.160+0000] {processor.py:914} INFO - Processing file /home/airflow/.local/lib/python3.12/site-packages/airflow/example_dags/example_datasets.py for tasks to queue
[2024-09-29T10:42:35.166+0000] {logging_mixin.py:190} INFO - [2024-09-29T10:42:35.165+0000] {dagbag.py:588} INFO - Filling up the DagBag from /home/airflow/.local/lib/python3.12/site-packages/airflow/example_dags/example_datasets.py
[2024-09-29T10:42:35.543+0000] {processor.py:925} INFO - DAG(s) 'dataset_consumes_1_and_2', 'dataset_produces_1', 'conditional_dataset_and_time_based_timetable', 'dataset_produces_2', 'dataset_consumes_1', 'consume_1_or_both_2_and_3_with_dataset_expressions', 'consume_1_or_2_with_dataset_expressions', 'dataset_consumes_1_never_scheduled', 'dataset_consumes_unknown_never_scheduled', 'consume_1_and_2_with_dataset_expressions' retrieved from /home/airflow/.local/lib/python3.12/site-packages/airflow/example_dags/example_datasets.py
[2024-09-29T10:42:35.662+0000] {logging_mixin.py:190} INFO - [2024-09-29T10:42:35.661+0000] {dag.py:3239} INFO - Sync 10 DAGs
[2024-09-29T10:42:35.777+0000] {logging_mixin.py:190} INFO - [2024-09-29T10:42:35.776+0000] {dag.py:4180} INFO - Setting next_dagrun for conditional_dataset_and_time_based_timetable to 2024-09-25 01:00:00+00:00, run_after=2024-09-25 01:00:00+00:00
[2024-09-29T10:42:35.787+0000] {logging_mixin.py:190} INFO - [2024-09-29T10:42:35.787+0000] {dag.py:4180} INFO - Setting next_dagrun for consume_1_and_2_with_dataset_expressions to None, run_after=None
[2024-09-29T10:42:35.791+0000] {logging_mixin.py:190} INFO - [2024-09-29T10:42:35.791+0000] {dag.py:4180} INFO - Setting next_dagrun for consume_1_or_2_with_dataset_expressions to None, run_after=None
[2024-09-29T10:42:35.796+0000] {logging_mixin.py:190} INFO - [2024-09-29T10:42:35.796+0000] {dag.py:4180} INFO - Setting next_dagrun for consume_1_or_both_2_and_3_with_dataset_expressions to None, run_after=None
[2024-09-29T10:42:35.802+0000] {logging_mixin.py:190} INFO - [2024-09-29T10:42:35.801+0000] {dag.py:4180} INFO - Setting next_dagrun for dataset_consumes_1 to None, run_after=None
[2024-09-29T10:42:35.806+0000] {logging_mixin.py:190} INFO - [2024-09-29T10:42:35.806+0000] {dag.py:4180} INFO - Setting next_dagrun for dataset_consumes_1_and_2 to None, run_after=None
[2024-09-29T10:42:35.811+0000] {logging_mixin.py:190} INFO - [2024-09-29T10:42:35.810+0000] {dag.py:4180} INFO - Setting next_dagrun for dataset_consumes_1_never_scheduled to None, run_after=None
[2024-09-29T10:42:35.815+0000] {logging_mixin.py:190} INFO - [2024-09-29T10:42:35.814+0000] {dag.py:4180} INFO - Setting next_dagrun for dataset_consumes_unknown_never_scheduled to None, run_after=None
[2024-09-29T10:42:35.822+0000] {logging_mixin.py:190} INFO - [2024-09-29T10:42:35.821+0000] {dag.py:4180} INFO - Setting next_dagrun for dataset_produces_1 to 2024-09-28 00:00:00+00:00, run_after=2024-09-29 00:00:00+00:00
[2024-09-29T10:42:35.825+0000] {logging_mixin.py:190} INFO - [2024-09-29T10:42:35.825+0000] {dag.py:4180} INFO - Setting next_dagrun for dataset_produces_2 to None, run_after=None
[2024-09-29T10:42:36.111+0000] {processor.py:208} INFO - Processing /home/airflow/.local/lib/python3.12/site-packages/airflow/example_dags/example_datasets.py took 0.968 seconds
[2024-09-29T10:43:07.285+0000] {processor.py:186} INFO - Started process (PID=2890) to work on /home/airflow/.local/lib/python3.12/site-packages/airflow/example_dags/example_datasets.py
[2024-09-29T10:43:07.289+0000] {processor.py:914} INFO - Processing file /home/airflow/.local/lib/python3.12/site-packages/airflow/example_dags/example_datasets.py for tasks to queue
[2024-09-29T10:43:07.296+0000] {logging_mixin.py:190} INFO - [2024-09-29T10:43:07.295+0000] {dagbag.py:588} INFO - Filling up the DagBag from /home/airflow/.local/lib/python3.12/site-packages/airflow/example_dags/example_datasets.py
[2024-09-29T10:43:07.649+0000] {processor.py:925} INFO - DAG(s) 'dataset_consumes_unknown_never_scheduled', 'dataset_produces_1', 'dataset_consumes_1', 'consume_1_or_both_2_and_3_with_dataset_expressions', 'dataset_consumes_1_and_2', 'consume_1_and_2_with_dataset_expressions', 'conditional_dataset_and_time_based_timetable', 'consume_1_or_2_with_dataset_expressions', 'dataset_produces_2', 'dataset_consumes_1_never_scheduled' retrieved from /home/airflow/.local/lib/python3.12/site-packages/airflow/example_dags/example_datasets.py
[2024-09-29T10:43:07.758+0000] {logging_mixin.py:190} INFO - [2024-09-29T10:43:07.757+0000] {dag.py:3239} INFO - Sync 10 DAGs
[2024-09-29T10:43:07.825+0000] {logging_mixin.py:190} INFO - [2024-09-29T10:43:07.824+0000] {dag.py:4180} INFO - Setting next_dagrun for conditional_dataset_and_time_based_timetable to 2024-09-25 01:00:00+00:00, run_after=2024-09-25 01:00:00+00:00
[2024-09-29T10:43:07.834+0000] {logging_mixin.py:190} INFO - [2024-09-29T10:43:07.834+0000] {dag.py:4180} INFO - Setting next_dagrun for consume_1_and_2_with_dataset_expressions to None, run_after=None
[2024-09-29T10:43:07.838+0000] {logging_mixin.py:190} INFO - [2024-09-29T10:43:07.838+0000] {dag.py:4180} INFO - Setting next_dagrun for consume_1_or_2_with_dataset_expressions to None, run_after=None
[2024-09-29T10:43:07.842+0000] {logging_mixin.py:190} INFO - [2024-09-29T10:43:07.841+0000] {dag.py:4180} INFO - Setting next_dagrun for consume_1_or_both_2_and_3_with_dataset_expressions to None, run_after=None
[2024-09-29T10:43:07.845+0000] {logging_mixin.py:190} INFO - [2024-09-29T10:43:07.844+0000] {dag.py:4180} INFO - Setting next_dagrun for dataset_consumes_1 to None, run_after=None
[2024-09-29T10:43:07.848+0000] {logging_mixin.py:190} INFO - [2024-09-29T10:43:07.848+0000] {dag.py:4180} INFO - Setting next_dagrun for dataset_consumes_1_and_2 to None, run_after=None
[2024-09-29T10:43:07.851+0000] {logging_mixin.py:190} INFO - [2024-09-29T10:43:07.851+0000] {dag.py:4180} INFO - Setting next_dagrun for dataset_consumes_1_never_scheduled to None, run_after=None
[2024-09-29T10:43:07.855+0000] {logging_mixin.py:190} INFO - [2024-09-29T10:43:07.855+0000] {dag.py:4180} INFO - Setting next_dagrun for dataset_consumes_unknown_never_scheduled to None, run_after=None
[2024-09-29T10:43:07.861+0000] {logging_mixin.py:190} INFO - [2024-09-29T10:43:07.860+0000] {dag.py:4180} INFO - Setting next_dagrun for dataset_produces_1 to 2024-09-28 00:00:00+00:00, run_after=2024-09-29 00:00:00+00:00
[2024-09-29T10:43:07.865+0000] {logging_mixin.py:190} INFO - [2024-09-29T10:43:07.864+0000] {dag.py:4180} INFO - Setting next_dagrun for dataset_produces_2 to None, run_after=None
[2024-09-29T10:43:07.957+0000] {processor.py:208} INFO - Processing /home/airflow/.local/lib/python3.12/site-packages/airflow/example_dags/example_datasets.py took 0.690 seconds
[2024-09-29T10:43:39.313+0000] {processor.py:186} INFO - Started process (PID=3179) to work on /home/airflow/.local/lib/python3.12/site-packages/airflow/example_dags/example_datasets.py
[2024-09-29T10:43:39.431+0000] {processor.py:914} INFO - Processing file /home/airflow/.local/lib/python3.12/site-packages/airflow/example_dags/example_datasets.py for tasks to queue
[2024-09-29T10:43:39.436+0000] {logging_mixin.py:190} INFO - [2024-09-29T10:43:39.435+0000] {dagbag.py:588} INFO - Filling up the DagBag from /home/airflow/.local/lib/python3.12/site-packages/airflow/example_dags/example_datasets.py
[2024-09-29T10:43:39.681+0000] {processor.py:925} INFO - DAG(s) 'dataset_consumes_unknown_never_scheduled', 'dataset_produces_1', 'dataset_consumes_1', 'consume_1_and_2_with_dataset_expressions', 'conditional_dataset_and_time_based_timetable', 'dataset_consumes_1_never_scheduled', 'consume_1_or_2_with_dataset_expressions', 'dataset_produces_2', 'dataset_consumes_1_and_2', 'consume_1_or_both_2_and_3_with_dataset_expressions' retrieved from /home/airflow/.local/lib/python3.12/site-packages/airflow/example_dags/example_datasets.py
[2024-09-29T10:43:39.769+0000] {logging_mixin.py:190} INFO - [2024-09-29T10:43:39.768+0000] {dag.py:3239} INFO - Sync 10 DAGs
[2024-09-29T10:43:39.827+0000] {logging_mixin.py:190} INFO - [2024-09-29T10:43:39.826+0000] {dag.py:4180} INFO - Setting next_dagrun for conditional_dataset_and_time_based_timetable to 2024-09-25 01:00:00+00:00, run_after=2024-09-25 01:00:00+00:00
[2024-09-29T10:43:39.834+0000] {logging_mixin.py:190} INFO - [2024-09-29T10:43:39.834+0000] {dag.py:4180} INFO - Setting next_dagrun for consume_1_and_2_with_dataset_expressions to None, run_after=None
[2024-09-29T10:43:39.838+0000] {logging_mixin.py:190} INFO - [2024-09-29T10:43:39.837+0000] {dag.py:4180} INFO - Setting next_dagrun for consume_1_or_2_with_dataset_expressions to None, run_after=None
[2024-09-29T10:43:39.841+0000] {logging_mixin.py:190} INFO - [2024-09-29T10:43:39.841+0000] {dag.py:4180} INFO - Setting next_dagrun for consume_1_or_both_2_and_3_with_dataset_expressions to None, run_after=None
[2024-09-29T10:43:39.845+0000] {logging_mixin.py:190} INFO - [2024-09-29T10:43:39.844+0000] {dag.py:4180} INFO - Setting next_dagrun for dataset_consumes_1 to None, run_after=None
[2024-09-29T10:43:39.848+0000] {logging_mixin.py:190} INFO - [2024-09-29T10:43:39.848+0000] {dag.py:4180} INFO - Setting next_dagrun for dataset_consumes_1_and_2 to None, run_after=None
[2024-09-29T10:43:39.852+0000] {logging_mixin.py:190} INFO - [2024-09-29T10:43:39.851+0000] {dag.py:4180} INFO - Setting next_dagrun for dataset_consumes_1_never_scheduled to None, run_after=None
[2024-09-29T10:43:39.857+0000] {logging_mixin.py:190} INFO - [2024-09-29T10:43:39.857+0000] {dag.py:4180} INFO - Setting next_dagrun for dataset_consumes_unknown_never_scheduled to None, run_after=None
[2024-09-29T10:43:39.862+0000] {logging_mixin.py:190} INFO - [2024-09-29T10:43:39.862+0000] {dag.py:4180} INFO - Setting next_dagrun for dataset_produces_1 to 2024-09-28 00:00:00+00:00, run_after=2024-09-29 00:00:00+00:00
[2024-09-29T10:43:39.866+0000] {logging_mixin.py:190} INFO - [2024-09-29T10:43:39.865+0000] {dag.py:4180} INFO - Setting next_dagrun for dataset_produces_2 to None, run_after=None
[2024-09-29T10:43:40.281+0000] {processor.py:208} INFO - Processing /home/airflow/.local/lib/python3.12/site-packages/airflow/example_dags/example_datasets.py took 0.986 seconds
