[2024-09-29T10:37:59.675+0000] {processor.py:186} INFO - Started process (PID=337) to work on /home/airflow/.local/lib/python3.12/site-packages/airflow/example_dags/example_python_decorator.py
[2024-09-29T10:37:59.678+0000] {processor.py:914} INFO - Processing file /home/airflow/.local/lib/python3.12/site-packages/airflow/example_dags/example_python_decorator.py for tasks to queue
[2024-09-29T10:37:59.683+0000] {logging_mixin.py:190} INFO - [2024-09-29T10:37:59.682+0000] {dagbag.py:588} INFO - Filling up the DagBag from /home/airflow/.local/lib/python3.12/site-packages/airflow/example_dags/example_python_decorator.py
[2024-09-29T10:37:59.716+0000] {processor.py:925} INFO - DAG(s) 'example_python_decorator' retrieved from /home/airflow/.local/lib/python3.12/site-packages/airflow/example_dags/example_python_decorator.py
[2024-09-29T10:38:00.030+0000] {logging_mixin.py:190} INFO - [2024-09-29T10:38:00.028+0000] {override.py:1900} INFO - Created Permission View: can edit on DAG:example_python_decorator
[2024-09-29T10:38:00.089+0000] {logging_mixin.py:190} INFO - [2024-09-29T10:38:00.088+0000] {override.py:1900} INFO - Created Permission View: can read on DAG:example_python_decorator
[2024-09-29T10:38:00.152+0000] {logging_mixin.py:190} INFO - [2024-09-29T10:38:00.151+0000] {override.py:1900} INFO - Created Permission View: can delete on DAG:example_python_decorator
[2024-09-29T10:38:00.193+0000] {logging_mixin.py:190} INFO - [2024-09-29T10:38:00.193+0000] {override.py:1900} INFO - Created Permission View: can delete on DAG Run:example_python_decorator
[2024-09-29T10:38:00.261+0000] {logging_mixin.py:190} INFO - [2024-09-29T10:38:00.260+0000] {override.py:1900} INFO - Created Permission View: can read on DAG Run:example_python_decorator
[2024-09-29T10:38:00.288+0000] {logging_mixin.py:190} INFO - [2024-09-29T10:38:00.287+0000] {override.py:1900} INFO - Created Permission View: can create on DAG Run:example_python_decorator
[2024-09-29T10:38:00.353+0000] {logging_mixin.py:190} INFO - [2024-09-29T10:38:00.353+0000] {override.py:1900} INFO - Created Permission View: menu access on DAG Run:example_python_decorator
[2024-09-29T10:38:00.355+0000] {logging_mixin.py:190} INFO - [2024-09-29T10:38:00.355+0000] {dag.py:3239} INFO - Sync 1 DAGs
[2024-09-29T10:38:00.383+0000] {logging_mixin.py:190} INFO - [2024-09-29T10:38:00.382+0000] {dag.py:3262} INFO - Creating ORM DAG for example_python_decorator
[2024-09-29T10:38:00.386+0000] {logging_mixin.py:190} INFO - [2024-09-29T10:38:00.385+0000] {dag.py:4180} INFO - Setting next_dagrun for example_python_decorator to None, run_after=None
[2024-09-29T10:38:00.443+0000] {processor.py:208} INFO - Processing /home/airflow/.local/lib/python3.12/site-packages/airflow/example_dags/example_python_decorator.py took 0.777 seconds
[2024-09-29T10:38:30.898+0000] {processor.py:186} INFO - Started process (PID=620) to work on /home/airflow/.local/lib/python3.12/site-packages/airflow/example_dags/example_python_decorator.py
[2024-09-29T10:38:30.902+0000] {processor.py:914} INFO - Processing file /home/airflow/.local/lib/python3.12/site-packages/airflow/example_dags/example_python_decorator.py for tasks to queue
[2024-09-29T10:38:30.917+0000] {logging_mixin.py:190} INFO - [2024-09-29T10:38:30.916+0000] {dagbag.py:588} INFO - Filling up the DagBag from /home/airflow/.local/lib/python3.12/site-packages/airflow/example_dags/example_python_decorator.py
[2024-09-29T10:38:30.950+0000] {processor.py:925} INFO - DAG(s) 'example_python_decorator' retrieved from /home/airflow/.local/lib/python3.12/site-packages/airflow/example_dags/example_python_decorator.py
[2024-09-29T10:38:30.992+0000] {logging_mixin.py:190} INFO - [2024-09-29T10:38:30.991+0000] {dag.py:3239} INFO - Sync 1 DAGs
[2024-09-29T10:38:31.023+0000] {logging_mixin.py:190} INFO - [2024-09-29T10:38:31.023+0000] {dag.py:4180} INFO - Setting next_dagrun for example_python_decorator to None, run_after=None
[2024-09-29T10:38:31.420+0000] {processor.py:208} INFO - Processing /home/airflow/.local/lib/python3.12/site-packages/airflow/example_dags/example_python_decorator.py took 0.538 seconds
[2024-09-29T10:39:01.710+0000] {processor.py:186} INFO - Started process (PID=906) to work on /home/airflow/.local/lib/python3.12/site-packages/airflow/example_dags/example_python_decorator.py
[2024-09-29T10:39:01.715+0000] {processor.py:914} INFO - Processing file /home/airflow/.local/lib/python3.12/site-packages/airflow/example_dags/example_python_decorator.py for tasks to queue
[2024-09-29T10:39:01.732+0000] {logging_mixin.py:190} INFO - [2024-09-29T10:39:01.732+0000] {dagbag.py:588} INFO - Filling up the DagBag from /home/airflow/.local/lib/python3.12/site-packages/airflow/example_dags/example_python_decorator.py
[2024-09-29T10:39:01.827+0000] {processor.py:925} INFO - DAG(s) 'example_python_decorator' retrieved from /home/airflow/.local/lib/python3.12/site-packages/airflow/example_dags/example_python_decorator.py
[2024-09-29T10:39:01.930+0000] {logging_mixin.py:190} INFO - [2024-09-29T10:39:01.930+0000] {dag.py:3239} INFO - Sync 1 DAGs
[2024-09-29T10:39:01.980+0000] {logging_mixin.py:190} INFO - [2024-09-29T10:39:01.980+0000] {dag.py:4180} INFO - Setting next_dagrun for example_python_decorator to None, run_after=None
[2024-09-29T10:39:02.040+0000] {processor.py:208} INFO - Processing /home/airflow/.local/lib/python3.12/site-packages/airflow/example_dags/example_python_decorator.py took 0.368 seconds
[2024-09-29T10:39:32.619+0000] {processor.py:186} INFO - Started process (PID=1192) to work on /home/airflow/.local/lib/python3.12/site-packages/airflow/example_dags/example_python_decorator.py
[2024-09-29T10:39:32.622+0000] {processor.py:914} INFO - Processing file /home/airflow/.local/lib/python3.12/site-packages/airflow/example_dags/example_python_decorator.py for tasks to queue
[2024-09-29T10:39:32.626+0000] {logging_mixin.py:190} INFO - [2024-09-29T10:39:32.626+0000] {dagbag.py:588} INFO - Filling up the DagBag from /home/airflow/.local/lib/python3.12/site-packages/airflow/example_dags/example_python_decorator.py
[2024-09-29T10:39:32.653+0000] {processor.py:925} INFO - DAG(s) 'example_python_decorator' retrieved from /home/airflow/.local/lib/python3.12/site-packages/airflow/example_dags/example_python_decorator.py
[2024-09-29T10:39:32.695+0000] {logging_mixin.py:190} INFO - [2024-09-29T10:39:32.695+0000] {dag.py:3239} INFO - Sync 1 DAGs
[2024-09-29T10:39:32.726+0000] {logging_mixin.py:190} INFO - [2024-09-29T10:39:32.726+0000] {dag.py:4180} INFO - Setting next_dagrun for example_python_decorator to None, run_after=None
[2024-09-29T10:39:32.771+0000] {processor.py:208} INFO - Processing /home/airflow/.local/lib/python3.12/site-packages/airflow/example_dags/example_python_decorator.py took 0.162 seconds
[2024-09-29T10:40:03.832+0000] {processor.py:186} INFO - Started process (PID=1478) to work on /home/airflow/.local/lib/python3.12/site-packages/airflow/example_dags/example_python_decorator.py
[2024-09-29T10:40:03.834+0000] {processor.py:914} INFO - Processing file /home/airflow/.local/lib/python3.12/site-packages/airflow/example_dags/example_python_decorator.py for tasks to queue
[2024-09-29T10:40:03.840+0000] {logging_mixin.py:190} INFO - [2024-09-29T10:40:03.839+0000] {dagbag.py:588} INFO - Filling up the DagBag from /home/airflow/.local/lib/python3.12/site-packages/airflow/example_dags/example_python_decorator.py
[2024-09-29T10:40:03.865+0000] {processor.py:925} INFO - DAG(s) 'example_python_decorator' retrieved from /home/airflow/.local/lib/python3.12/site-packages/airflow/example_dags/example_python_decorator.py
[2024-09-29T10:40:03.908+0000] {logging_mixin.py:190} INFO - [2024-09-29T10:40:03.908+0000] {dag.py:3239} INFO - Sync 1 DAGs
[2024-09-29T10:40:03.935+0000] {logging_mixin.py:190} INFO - [2024-09-29T10:40:03.934+0000] {dag.py:4180} INFO - Setting next_dagrun for example_python_decorator to None, run_after=None
[2024-09-29T10:40:04.006+0000] {processor.py:208} INFO - Processing /home/airflow/.local/lib/python3.12/site-packages/airflow/example_dags/example_python_decorator.py took 0.183 seconds
[2024-09-29T10:40:34.851+0000] {processor.py:186} INFO - Started process (PID=1764) to work on /home/airflow/.local/lib/python3.12/site-packages/airflow/example_dags/example_python_decorator.py
[2024-09-29T10:40:34.853+0000] {processor.py:914} INFO - Processing file /home/airflow/.local/lib/python3.12/site-packages/airflow/example_dags/example_python_decorator.py for tasks to queue
[2024-09-29T10:40:34.858+0000] {logging_mixin.py:190} INFO - [2024-09-29T10:40:34.858+0000] {dagbag.py:588} INFO - Filling up the DagBag from /home/airflow/.local/lib/python3.12/site-packages/airflow/example_dags/example_python_decorator.py
[2024-09-29T10:40:34.956+0000] {processor.py:925} INFO - DAG(s) 'example_python_decorator' retrieved from /home/airflow/.local/lib/python3.12/site-packages/airflow/example_dags/example_python_decorator.py
[2024-09-29T10:40:35.013+0000] {logging_mixin.py:190} INFO - [2024-09-29T10:40:35.012+0000] {dag.py:3239} INFO - Sync 1 DAGs
[2024-09-29T10:40:35.053+0000] {logging_mixin.py:190} INFO - [2024-09-29T10:40:35.053+0000] {dag.py:4180} INFO - Setting next_dagrun for example_python_decorator to None, run_after=None
[2024-09-29T10:40:35.448+0000] {processor.py:208} INFO - Processing /home/airflow/.local/lib/python3.12/site-packages/airflow/example_dags/example_python_decorator.py took 0.704 seconds
[2024-09-29T10:41:11.168+0000] {processor.py:186} INFO - Started process (PID=2053) to work on /home/airflow/.local/lib/python3.12/site-packages/airflow/example_dags/example_python_decorator.py
[2024-09-29T10:41:11.180+0000] {processor.py:914} INFO - Processing file /home/airflow/.local/lib/python3.12/site-packages/airflow/example_dags/example_python_decorator.py for tasks to queue
[2024-09-29T10:41:11.188+0000] {logging_mixin.py:190} INFO - [2024-09-29T10:41:11.187+0000] {dagbag.py:588} INFO - Filling up the DagBag from /home/airflow/.local/lib/python3.12/site-packages/airflow/example_dags/example_python_decorator.py
[2024-09-29T10:41:11.278+0000] {processor.py:925} INFO - DAG(s) 'example_python_decorator' retrieved from /home/airflow/.local/lib/python3.12/site-packages/airflow/example_dags/example_python_decorator.py
[2024-09-29T10:41:11.517+0000] {logging_mixin.py:190} INFO - [2024-09-29T10:41:11.516+0000] {dag.py:3239} INFO - Sync 1 DAGs
[2024-09-29T10:41:11.599+0000] {logging_mixin.py:190} INFO - [2024-09-29T10:41:11.599+0000] {dag.py:4180} INFO - Setting next_dagrun for example_python_decorator to None, run_after=None
[2024-09-29T10:41:11.836+0000] {processor.py:208} INFO - Processing /home/airflow/.local/lib/python3.12/site-packages/airflow/example_dags/example_python_decorator.py took 0.699 seconds
[2024-09-29T10:41:52.258+0000] {processor.py:186} INFO - Started process (PID=2345) to work on /home/airflow/.local/lib/python3.12/site-packages/airflow/example_dags/example_python_decorator.py
[2024-09-29T10:41:52.260+0000] {processor.py:914} INFO - Processing file /home/airflow/.local/lib/python3.12/site-packages/airflow/example_dags/example_python_decorator.py for tasks to queue
[2024-09-29T10:41:52.269+0000] {logging_mixin.py:190} INFO - [2024-09-29T10:41:52.268+0000] {dagbag.py:588} INFO - Filling up the DagBag from /home/airflow/.local/lib/python3.12/site-packages/airflow/example_dags/example_python_decorator.py
[2024-09-29T10:41:52.319+0000] {processor.py:925} INFO - DAG(s) 'example_python_decorator' retrieved from /home/airflow/.local/lib/python3.12/site-packages/airflow/example_dags/example_python_decorator.py
[2024-09-29T10:41:52.433+0000] {logging_mixin.py:190} INFO - [2024-09-29T10:41:52.432+0000] {dag.py:3239} INFO - Sync 1 DAGs
[2024-09-29T10:41:52.508+0000] {logging_mixin.py:190} INFO - [2024-09-29T10:41:52.508+0000] {dag.py:4180} INFO - Setting next_dagrun for example_python_decorator to None, run_after=None
[2024-09-29T10:41:52.611+0000] {processor.py:208} INFO - Processing /home/airflow/.local/lib/python3.12/site-packages/airflow/example_dags/example_python_decorator.py took 0.372 seconds
[2024-09-29T10:42:35.197+0000] {processor.py:186} INFO - Started process (PID=2602) to work on /home/airflow/.local/lib/python3.12/site-packages/airflow/example_dags/example_python_decorator.py
[2024-09-29T10:42:35.201+0000] {processor.py:914} INFO - Processing file /home/airflow/.local/lib/python3.12/site-packages/airflow/example_dags/example_python_decorator.py for tasks to queue
[2024-09-29T10:42:35.208+0000] {logging_mixin.py:190} INFO - [2024-09-29T10:42:35.207+0000] {dagbag.py:588} INFO - Filling up the DagBag from /home/airflow/.local/lib/python3.12/site-packages/airflow/example_dags/example_python_decorator.py
[2024-09-29T10:42:35.283+0000] {processor.py:925} INFO - DAG(s) 'example_python_decorator' retrieved from /home/airflow/.local/lib/python3.12/site-packages/airflow/example_dags/example_python_decorator.py
[2024-09-29T10:42:35.361+0000] {logging_mixin.py:190} INFO - [2024-09-29T10:42:35.360+0000] {dag.py:3239} INFO - Sync 1 DAGs
[2024-09-29T10:42:35.401+0000] {logging_mixin.py:190} INFO - [2024-09-29T10:42:35.400+0000] {dag.py:4180} INFO - Setting next_dagrun for example_python_decorator to None, run_after=None
[2024-09-29T10:42:35.449+0000] {processor.py:208} INFO - Processing /home/airflow/.local/lib/python3.12/site-packages/airflow/example_dags/example_python_decorator.py took 0.269 seconds
[2024-09-29T10:43:06.355+0000] {processor.py:186} INFO - Started process (PID=2883) to work on /home/airflow/.local/lib/python3.12/site-packages/airflow/example_dags/example_python_decorator.py
[2024-09-29T10:43:06.357+0000] {processor.py:914} INFO - Processing file /home/airflow/.local/lib/python3.12/site-packages/airflow/example_dags/example_python_decorator.py for tasks to queue
[2024-09-29T10:43:06.363+0000] {logging_mixin.py:190} INFO - [2024-09-29T10:43:06.362+0000] {dagbag.py:588} INFO - Filling up the DagBag from /home/airflow/.local/lib/python3.12/site-packages/airflow/example_dags/example_python_decorator.py
[2024-09-29T10:43:06.507+0000] {processor.py:925} INFO - DAG(s) 'example_python_decorator' retrieved from /home/airflow/.local/lib/python3.12/site-packages/airflow/example_dags/example_python_decorator.py
[2024-09-29T10:43:07.094+0000] {logging_mixin.py:190} INFO - [2024-09-29T10:43:07.093+0000] {dag.py:3239} INFO - Sync 1 DAGs
[2024-09-29T10:43:07.183+0000] {logging_mixin.py:190} INFO - [2024-09-29T10:43:07.182+0000] {dag.py:4180} INFO - Setting next_dagrun for example_python_decorator to None, run_after=None
[2024-09-29T10:43:07.229+0000] {processor.py:208} INFO - Processing /home/airflow/.local/lib/python3.12/site-packages/airflow/example_dags/example_python_decorator.py took 0.884 seconds
[2024-09-29T10:43:38.021+0000] {processor.py:186} INFO - Started process (PID=3169) to work on /home/airflow/.local/lib/python3.12/site-packages/airflow/example_dags/example_python_decorator.py
[2024-09-29T10:43:38.134+0000] {processor.py:914} INFO - Processing file /home/airflow/.local/lib/python3.12/site-packages/airflow/example_dags/example_python_decorator.py for tasks to queue
[2024-09-29T10:43:38.140+0000] {logging_mixin.py:190} INFO - [2024-09-29T10:43:38.139+0000] {dagbag.py:588} INFO - Filling up the DagBag from /home/airflow/.local/lib/python3.12/site-packages/airflow/example_dags/example_python_decorator.py
[2024-09-29T10:43:38.170+0000] {processor.py:925} INFO - DAG(s) 'example_python_decorator' retrieved from /home/airflow/.local/lib/python3.12/site-packages/airflow/example_dags/example_python_decorator.py
[2024-09-29T10:43:38.262+0000] {logging_mixin.py:190} INFO - [2024-09-29T10:43:38.261+0000] {dag.py:3239} INFO - Sync 1 DAGs
[2024-09-29T10:43:38.296+0000] {logging_mixin.py:190} INFO - [2024-09-29T10:43:38.296+0000] {dag.py:4180} INFO - Setting next_dagrun for example_python_decorator to None, run_after=None
[2024-09-29T10:43:38.956+0000] {processor.py:208} INFO - Processing /home/airflow/.local/lib/python3.12/site-packages/airflow/example_dags/example_python_decorator.py took 0.946 seconds
