[2024-09-29T10:38:03.349+0000] {processor.py:186} INFO - Started process (PID=367) to work on /home/airflow/.local/lib/python3.12/site-packages/airflow/example_dags/example_time_delta_sensor_async.py
[2024-09-29T10:38:03.351+0000] {processor.py:914} INFO - Processing file /home/airflow/.local/lib/python3.12/site-packages/airflow/example_dags/example_time_delta_sensor_async.py for tasks to queue
[2024-09-29T10:38:03.357+0000] {logging_mixin.py:190} INFO - [2024-09-29T10:38:03.356+0000] {dagbag.py:588} INFO - Filling up the DagBag from /home/airflow/.local/lib/python3.12/site-packages/airflow/example_dags/example_time_delta_sensor_async.py
[2024-09-29T10:38:03.396+0000] {processor.py:925} INFO - DAG(s) 'example_time_delta_sensor_async' retrieved from /home/airflow/.local/lib/python3.12/site-packages/airflow/example_dags/example_time_delta_sensor_async.py
[2024-09-29T10:38:03.636+0000] {logging_mixin.py:190} INFO - [2024-09-29T10:38:03.635+0000] {override.py:1900} INFO - Created Permission View: can edit on DAG:example_time_delta_sensor_async
[2024-09-29T10:38:03.709+0000] {logging_mixin.py:190} INFO - [2024-09-29T10:38:03.708+0000] {override.py:1900} INFO - Created Permission View: can read on DAG:example_time_delta_sensor_async
[2024-09-29T10:38:03.743+0000] {logging_mixin.py:190} INFO - [2024-09-29T10:38:03.743+0000] {override.py:1900} INFO - Created Permission View: can delete on DAG:example_time_delta_sensor_async
[2024-09-29T10:38:03.830+0000] {logging_mixin.py:190} INFO - [2024-09-29T10:38:03.829+0000] {override.py:1900} INFO - Created Permission View: can delete on DAG Run:example_time_delta_sensor_async
[2024-09-29T10:38:03.913+0000] {logging_mixin.py:190} INFO - [2024-09-29T10:38:03.913+0000] {override.py:1900} INFO - Created Permission View: can read on DAG Run:example_time_delta_sensor_async
[2024-09-29T10:38:03.936+0000] {logging_mixin.py:190} INFO - [2024-09-29T10:38:03.936+0000] {override.py:1900} INFO - Created Permission View: can create on DAG Run:example_time_delta_sensor_async
[2024-09-29T10:38:03.962+0000] {logging_mixin.py:190} INFO - [2024-09-29T10:38:03.962+0000] {override.py:1900} INFO - Created Permission View: menu access on DAG Run:example_time_delta_sensor_async
[2024-09-29T10:38:03.964+0000] {logging_mixin.py:190} INFO - [2024-09-29T10:38:03.964+0000] {dag.py:3239} INFO - Sync 1 DAGs
[2024-09-29T10:38:03.991+0000] {logging_mixin.py:190} INFO - [2024-09-29T10:38:03.990+0000] {dag.py:3262} INFO - Creating ORM DAG for example_time_delta_sensor_async
[2024-09-29T10:38:03.993+0000] {logging_mixin.py:190} INFO - [2024-09-29T10:38:03.992+0000] {dag.py:4180} INFO - Setting next_dagrun for example_time_delta_sensor_async to None, run_after=None
[2024-09-29T10:38:04.068+0000] {processor.py:208} INFO - Processing /home/airflow/.local/lib/python3.12/site-packages/airflow/example_dags/example_time_delta_sensor_async.py took 0.730 seconds
[2024-09-29T10:38:34.852+0000] {processor.py:186} INFO - Started process (PID=653) to work on /home/airflow/.local/lib/python3.12/site-packages/airflow/example_dags/example_time_delta_sensor_async.py
[2024-09-29T10:38:34.870+0000] {processor.py:914} INFO - Processing file /home/airflow/.local/lib/python3.12/site-packages/airflow/example_dags/example_time_delta_sensor_async.py for tasks to queue
[2024-09-29T10:38:34.875+0000] {logging_mixin.py:190} INFO - [2024-09-29T10:38:34.875+0000] {dagbag.py:588} INFO - Filling up the DagBag from /home/airflow/.local/lib/python3.12/site-packages/airflow/example_dags/example_time_delta_sensor_async.py
[2024-09-29T10:38:34.889+0000] {processor.py:925} INFO - DAG(s) 'example_time_delta_sensor_async' retrieved from /home/airflow/.local/lib/python3.12/site-packages/airflow/example_dags/example_time_delta_sensor_async.py
[2024-09-29T10:38:34.932+0000] {logging_mixin.py:190} INFO - [2024-09-29T10:38:34.931+0000] {dag.py:3239} INFO - Sync 1 DAGs
[2024-09-29T10:38:34.971+0000] {logging_mixin.py:190} INFO - [2024-09-29T10:38:34.970+0000] {dag.py:4180} INFO - Setting next_dagrun for example_time_delta_sensor_async to None, run_after=None
[2024-09-29T10:38:35.019+0000] {processor.py:208} INFO - Processing /home/airflow/.local/lib/python3.12/site-packages/airflow/example_dags/example_time_delta_sensor_async.py took 0.178 seconds
[2024-09-29T10:39:06.828+0000] {processor.py:186} INFO - Started process (PID=939) to work on /home/airflow/.local/lib/python3.12/site-packages/airflow/example_dags/example_time_delta_sensor_async.py
[2024-09-29T10:39:06.832+0000] {processor.py:914} INFO - Processing file /home/airflow/.local/lib/python3.12/site-packages/airflow/example_dags/example_time_delta_sensor_async.py for tasks to queue
[2024-09-29T10:39:06.837+0000] {logging_mixin.py:190} INFO - [2024-09-29T10:39:06.836+0000] {dagbag.py:588} INFO - Filling up the DagBag from /home/airflow/.local/lib/python3.12/site-packages/airflow/example_dags/example_time_delta_sensor_async.py
[2024-09-29T10:39:06.853+0000] {processor.py:925} INFO - DAG(s) 'example_time_delta_sensor_async' retrieved from /home/airflow/.local/lib/python3.12/site-packages/airflow/example_dags/example_time_delta_sensor_async.py
[2024-09-29T10:39:06.902+0000] {logging_mixin.py:190} INFO - [2024-09-29T10:39:06.901+0000] {dag.py:3239} INFO - Sync 1 DAGs
[2024-09-29T10:39:06.932+0000] {logging_mixin.py:190} INFO - [2024-09-29T10:39:06.931+0000] {dag.py:4180} INFO - Setting next_dagrun for example_time_delta_sensor_async to None, run_after=None
[2024-09-29T10:39:06.994+0000] {processor.py:208} INFO - Processing /home/airflow/.local/lib/python3.12/site-packages/airflow/example_dags/example_time_delta_sensor_async.py took 0.179 seconds
[2024-09-29T10:39:37.904+0000] {processor.py:186} INFO - Started process (PID=1225) to work on /home/airflow/.local/lib/python3.12/site-packages/airflow/example_dags/example_time_delta_sensor_async.py
[2024-09-29T10:39:37.906+0000] {processor.py:914} INFO - Processing file /home/airflow/.local/lib/python3.12/site-packages/airflow/example_dags/example_time_delta_sensor_async.py for tasks to queue
[2024-09-29T10:39:37.910+0000] {logging_mixin.py:190} INFO - [2024-09-29T10:39:37.910+0000] {dagbag.py:588} INFO - Filling up the DagBag from /home/airflow/.local/lib/python3.12/site-packages/airflow/example_dags/example_time_delta_sensor_async.py
[2024-09-29T10:39:37.922+0000] {processor.py:925} INFO - DAG(s) 'example_time_delta_sensor_async' retrieved from /home/airflow/.local/lib/python3.12/site-packages/airflow/example_dags/example_time_delta_sensor_async.py
[2024-09-29T10:39:37.960+0000] {logging_mixin.py:190} INFO - [2024-09-29T10:39:37.960+0000] {dag.py:3239} INFO - Sync 1 DAGs
[2024-09-29T10:39:37.990+0000] {logging_mixin.py:190} INFO - [2024-09-29T10:39:37.990+0000] {dag.py:4180} INFO - Setting next_dagrun for example_time_delta_sensor_async to None, run_after=None
[2024-09-29T10:39:38.031+0000] {processor.py:208} INFO - Processing /home/airflow/.local/lib/python3.12/site-packages/airflow/example_dags/example_time_delta_sensor_async.py took 0.140 seconds
[2024-09-29T10:40:08.523+0000] {processor.py:186} INFO - Started process (PID=1511) to work on /home/airflow/.local/lib/python3.12/site-packages/airflow/example_dags/example_time_delta_sensor_async.py
[2024-09-29T10:40:08.525+0000] {processor.py:914} INFO - Processing file /home/airflow/.local/lib/python3.12/site-packages/airflow/example_dags/example_time_delta_sensor_async.py for tasks to queue
[2024-09-29T10:40:08.531+0000] {logging_mixin.py:190} INFO - [2024-09-29T10:40:08.530+0000] {dagbag.py:588} INFO - Filling up the DagBag from /home/airflow/.local/lib/python3.12/site-packages/airflow/example_dags/example_time_delta_sensor_async.py
[2024-09-29T10:40:08.542+0000] {processor.py:925} INFO - DAG(s) 'example_time_delta_sensor_async' retrieved from /home/airflow/.local/lib/python3.12/site-packages/airflow/example_dags/example_time_delta_sensor_async.py
[2024-09-29T10:40:08.594+0000] {logging_mixin.py:190} INFO - [2024-09-29T10:40:08.593+0000] {dag.py:3239} INFO - Sync 1 DAGs
[2024-09-29T10:40:08.627+0000] {logging_mixin.py:190} INFO - [2024-09-29T10:40:08.626+0000] {dag.py:4180} INFO - Setting next_dagrun for example_time_delta_sensor_async to None, run_after=None
[2024-09-29T10:40:08.670+0000] {processor.py:208} INFO - Processing /home/airflow/.local/lib/python3.12/site-packages/airflow/example_dags/example_time_delta_sensor_async.py took 0.159 seconds
[2024-09-29T10:40:40.320+0000] {processor.py:186} INFO - Started process (PID=1797) to work on /home/airflow/.local/lib/python3.12/site-packages/airflow/example_dags/example_time_delta_sensor_async.py
[2024-09-29T10:40:40.323+0000] {processor.py:914} INFO - Processing file /home/airflow/.local/lib/python3.12/site-packages/airflow/example_dags/example_time_delta_sensor_async.py for tasks to queue
[2024-09-29T10:40:40.330+0000] {logging_mixin.py:190} INFO - [2024-09-29T10:40:40.328+0000] {dagbag.py:588} INFO - Filling up the DagBag from /home/airflow/.local/lib/python3.12/site-packages/airflow/example_dags/example_time_delta_sensor_async.py
[2024-09-29T10:40:40.345+0000] {processor.py:925} INFO - DAG(s) 'example_time_delta_sensor_async' retrieved from /home/airflow/.local/lib/python3.12/site-packages/airflow/example_dags/example_time_delta_sensor_async.py
[2024-09-29T10:40:40.400+0000] {logging_mixin.py:190} INFO - [2024-09-29T10:40:40.399+0000] {dag.py:3239} INFO - Sync 1 DAGs
[2024-09-29T10:40:40.430+0000] {logging_mixin.py:190} INFO - [2024-09-29T10:40:40.430+0000] {dag.py:4180} INFO - Setting next_dagrun for example_time_delta_sensor_async to None, run_after=None
[2024-09-29T10:40:40.469+0000] {processor.py:208} INFO - Processing /home/airflow/.local/lib/python3.12/site-packages/airflow/example_dags/example_time_delta_sensor_async.py took 0.166 seconds
[2024-09-29T10:41:13.367+0000] {processor.py:186} INFO - Started process (PID=2089) to work on /home/airflow/.local/lib/python3.12/site-packages/airflow/example_dags/example_time_delta_sensor_async.py
[2024-09-29T10:41:13.380+0000] {processor.py:914} INFO - Processing file /home/airflow/.local/lib/python3.12/site-packages/airflow/example_dags/example_time_delta_sensor_async.py for tasks to queue
[2024-09-29T10:41:13.386+0000] {logging_mixin.py:190} INFO - [2024-09-29T10:41:13.385+0000] {dagbag.py:588} INFO - Filling up the DagBag from /home/airflow/.local/lib/python3.12/site-packages/airflow/example_dags/example_time_delta_sensor_async.py
[2024-09-29T10:41:13.400+0000] {processor.py:925} INFO - DAG(s) 'example_time_delta_sensor_async' retrieved from /home/airflow/.local/lib/python3.12/site-packages/airflow/example_dags/example_time_delta_sensor_async.py
[2024-09-29T10:41:13.447+0000] {logging_mixin.py:190} INFO - [2024-09-29T10:41:13.446+0000] {dag.py:3239} INFO - Sync 1 DAGs
[2024-09-29T10:41:13.482+0000] {logging_mixin.py:190} INFO - [2024-09-29T10:41:13.482+0000] {dag.py:4180} INFO - Setting next_dagrun for example_time_delta_sensor_async to None, run_after=None
[2024-09-29T10:41:13.747+0000] {processor.py:208} INFO - Processing /home/airflow/.local/lib/python3.12/site-packages/airflow/example_dags/example_time_delta_sensor_async.py took 0.394 seconds
[2024-09-29T10:41:54.724+0000] {processor.py:186} INFO - Started process (PID=2377) to work on /home/airflow/.local/lib/python3.12/site-packages/airflow/example_dags/example_time_delta_sensor_async.py
[2024-09-29T10:41:54.727+0000] {processor.py:914} INFO - Processing file /home/airflow/.local/lib/python3.12/site-packages/airflow/example_dags/example_time_delta_sensor_async.py for tasks to queue
[2024-09-29T10:41:54.735+0000] {logging_mixin.py:190} INFO - [2024-09-29T10:41:54.733+0000] {dagbag.py:588} INFO - Filling up the DagBag from /home/airflow/.local/lib/python3.12/site-packages/airflow/example_dags/example_time_delta_sensor_async.py
[2024-09-29T10:41:54.761+0000] {processor.py:925} INFO - DAG(s) 'example_time_delta_sensor_async' retrieved from /home/airflow/.local/lib/python3.12/site-packages/airflow/example_dags/example_time_delta_sensor_async.py
[2024-09-29T10:41:54.852+0000] {logging_mixin.py:190} INFO - [2024-09-29T10:41:54.850+0000] {dag.py:3239} INFO - Sync 1 DAGs
[2024-09-29T10:41:54.911+0000] {logging_mixin.py:190} INFO - [2024-09-29T10:41:54.911+0000] {dag.py:4180} INFO - Setting next_dagrun for example_time_delta_sensor_async to None, run_after=None
[2024-09-29T10:41:54.974+0000] {processor.py:208} INFO - Processing /home/airflow/.local/lib/python3.12/site-packages/airflow/example_dags/example_time_delta_sensor_async.py took 0.272 seconds
[2024-09-29T10:42:37.743+0000] {processor.py:186} INFO - Started process (PID=2634) to work on /home/airflow/.local/lib/python3.12/site-packages/airflow/example_dags/example_time_delta_sensor_async.py
[2024-09-29T10:42:37.746+0000] {processor.py:914} INFO - Processing file /home/airflow/.local/lib/python3.12/site-packages/airflow/example_dags/example_time_delta_sensor_async.py for tasks to queue
[2024-09-29T10:42:37.752+0000] {logging_mixin.py:190} INFO - [2024-09-29T10:42:37.751+0000] {dagbag.py:588} INFO - Filling up the DagBag from /home/airflow/.local/lib/python3.12/site-packages/airflow/example_dags/example_time_delta_sensor_async.py
[2024-09-29T10:42:37.777+0000] {processor.py:925} INFO - DAG(s) 'example_time_delta_sensor_async' retrieved from /home/airflow/.local/lib/python3.12/site-packages/airflow/example_dags/example_time_delta_sensor_async.py
[2024-09-29T10:42:37.856+0000] {logging_mixin.py:190} INFO - [2024-09-29T10:42:37.855+0000] {dag.py:3239} INFO - Sync 1 DAGs
[2024-09-29T10:42:37.951+0000] {logging_mixin.py:190} INFO - [2024-09-29T10:42:37.950+0000] {dag.py:4180} INFO - Setting next_dagrun for example_time_delta_sensor_async to None, run_after=None
[2024-09-29T10:42:38.094+0000] {processor.py:208} INFO - Processing /home/airflow/.local/lib/python3.12/site-packages/airflow/example_dags/example_time_delta_sensor_async.py took 0.364 seconds
[2024-09-29T10:43:08.469+0000] {processor.py:186} INFO - Started process (PID=2918) to work on /home/airflow/.local/lib/python3.12/site-packages/airflow/example_dags/example_time_delta_sensor_async.py
[2024-09-29T10:43:08.472+0000] {processor.py:914} INFO - Processing file /home/airflow/.local/lib/python3.12/site-packages/airflow/example_dags/example_time_delta_sensor_async.py for tasks to queue
[2024-09-29T10:43:08.478+0000] {logging_mixin.py:190} INFO - [2024-09-29T10:43:08.478+0000] {dagbag.py:588} INFO - Filling up the DagBag from /home/airflow/.local/lib/python3.12/site-packages/airflow/example_dags/example_time_delta_sensor_async.py
[2024-09-29T10:43:08.498+0000] {processor.py:925} INFO - DAG(s) 'example_time_delta_sensor_async' retrieved from /home/airflow/.local/lib/python3.12/site-packages/airflow/example_dags/example_time_delta_sensor_async.py
[2024-09-29T10:43:08.548+0000] {logging_mixin.py:190} INFO - [2024-09-29T10:43:08.547+0000] {dag.py:3239} INFO - Sync 1 DAGs
[2024-09-29T10:43:08.584+0000] {logging_mixin.py:190} INFO - [2024-09-29T10:43:08.584+0000] {dag.py:4180} INFO - Setting next_dagrun for example_time_delta_sensor_async to None, run_after=None
[2024-09-29T10:43:08.631+0000] {processor.py:208} INFO - Processing /home/airflow/.local/lib/python3.12/site-packages/airflow/example_dags/example_time_delta_sensor_async.py took 0.178 seconds
[2024-09-29T10:43:42.815+0000] {processor.py:186} INFO - Started process (PID=3206) to work on /home/airflow/.local/lib/python3.12/site-packages/airflow/example_dags/example_time_delta_sensor_async.py
[2024-09-29T10:43:42.819+0000] {processor.py:914} INFO - Processing file /home/airflow/.local/lib/python3.12/site-packages/airflow/example_dags/example_time_delta_sensor_async.py for tasks to queue
[2024-09-29T10:43:42.835+0000] {logging_mixin.py:190} INFO - [2024-09-29T10:43:42.834+0000] {dagbag.py:588} INFO - Filling up the DagBag from /home/airflow/.local/lib/python3.12/site-packages/airflow/example_dags/example_time_delta_sensor_async.py
[2024-09-29T10:43:42.892+0000] {processor.py:925} INFO - DAG(s) 'example_time_delta_sensor_async' retrieved from /home/airflow/.local/lib/python3.12/site-packages/airflow/example_dags/example_time_delta_sensor_async.py
[2024-09-29T10:43:43.031+0000] {logging_mixin.py:190} INFO - [2024-09-29T10:43:43.030+0000] {dag.py:3239} INFO - Sync 1 DAGs
[2024-09-29T10:43:43.123+0000] {logging_mixin.py:190} INFO - [2024-09-29T10:43:43.122+0000] {dag.py:4180} INFO - Setting next_dagrun for example_time_delta_sensor_async to None, run_after=None
[2024-09-29T10:43:43.217+0000] {processor.py:208} INFO - Processing /home/airflow/.local/lib/python3.12/site-packages/airflow/example_dags/example_time_delta_sensor_async.py took 0.437 seconds
