[2024-09-29T10:37:50.114+0000] {processor.py:186} INFO - Started process (PID=257) to work on /home/airflow/.local/lib/python3.12/site-packages/airflow/example_dags/example_task_group.py
[2024-09-29T10:37:50.116+0000] {processor.py:914} INFO - Processing file /home/airflow/.local/lib/python3.12/site-packages/airflow/example_dags/example_task_group.py for tasks to queue
[2024-09-29T10:37:50.122+0000] {logging_mixin.py:190} INFO - [2024-09-29T10:37:50.121+0000] {dagbag.py:588} INFO - Filling up the DagBag from /home/airflow/.local/lib/python3.12/site-packages/airflow/example_dags/example_task_group.py
[2024-09-29T10:37:50.199+0000] {processor.py:925} INFO - DAG(s) 'example_task_group' retrieved from /home/airflow/.local/lib/python3.12/site-packages/airflow/example_dags/example_task_group.py
[2024-09-29T10:37:51.058+0000] {logging_mixin.py:190} INFO - [2024-09-29T10:37:51.055+0000] {override.py:1900} INFO - Created Permission View: can edit on DAG:example_task_group
[2024-09-29T10:37:51.104+0000] {logging_mixin.py:190} INFO - [2024-09-29T10:37:51.103+0000] {override.py:1900} INFO - Created Permission View: can read on DAG:example_task_group
[2024-09-29T10:37:51.126+0000] {logging_mixin.py:190} INFO - [2024-09-29T10:37:51.125+0000] {override.py:1900} INFO - Created Permission View: can delete on DAG:example_task_group
[2024-09-29T10:37:51.158+0000] {logging_mixin.py:190} INFO - [2024-09-29T10:37:51.157+0000] {override.py:1900} INFO - Created Permission View: can delete on DAG Run:example_task_group
[2024-09-29T10:37:51.181+0000] {logging_mixin.py:190} INFO - [2024-09-29T10:37:51.180+0000] {override.py:1900} INFO - Created Permission View: can read on DAG Run:example_task_group
[2024-09-29T10:37:51.202+0000] {logging_mixin.py:190} INFO - [2024-09-29T10:37:51.202+0000] {override.py:1900} INFO - Created Permission View: can create on DAG Run:example_task_group
[2024-09-29T10:37:51.224+0000] {logging_mixin.py:190} INFO - [2024-09-29T10:37:51.223+0000] {override.py:1900} INFO - Created Permission View: menu access on DAG Run:example_task_group
[2024-09-29T10:37:51.225+0000] {logging_mixin.py:190} INFO - [2024-09-29T10:37:51.225+0000] {dag.py:3239} INFO - Sync 1 DAGs
[2024-09-29T10:37:51.329+0000] {logging_mixin.py:190} INFO - [2024-09-29T10:37:51.328+0000] {dag.py:3262} INFO - Creating ORM DAG for example_task_group
[2024-09-29T10:37:51.331+0000] {logging_mixin.py:190} INFO - [2024-09-29T10:37:51.331+0000] {dag.py:4180} INFO - Setting next_dagrun for example_task_group to None, run_after=None
[2024-09-29T10:37:51.380+0000] {processor.py:208} INFO - Processing /home/airflow/.local/lib/python3.12/site-packages/airflow/example_dags/example_task_group.py took 1.277 seconds
[2024-09-29T10:38:21.652+0000] {processor.py:186} INFO - Started process (PID=540) to work on /home/airflow/.local/lib/python3.12/site-packages/airflow/example_dags/example_task_group.py
[2024-09-29T10:38:21.672+0000] {processor.py:914} INFO - Processing file /home/airflow/.local/lib/python3.12/site-packages/airflow/example_dags/example_task_group.py for tasks to queue
[2024-09-29T10:38:21.680+0000] {logging_mixin.py:190} INFO - [2024-09-29T10:38:21.679+0000] {dagbag.py:588} INFO - Filling up the DagBag from /home/airflow/.local/lib/python3.12/site-packages/airflow/example_dags/example_task_group.py
[2024-09-29T10:38:21.696+0000] {processor.py:925} INFO - DAG(s) 'example_task_group' retrieved from /home/airflow/.local/lib/python3.12/site-packages/airflow/example_dags/example_task_group.py
[2024-09-29T10:38:21.746+0000] {logging_mixin.py:190} INFO - [2024-09-29T10:38:21.745+0000] {dag.py:3239} INFO - Sync 1 DAGs
[2024-09-29T10:38:21.776+0000] {logging_mixin.py:190} INFO - [2024-09-29T10:38:21.775+0000] {dag.py:4180} INFO - Setting next_dagrun for example_task_group to None, run_after=None
[2024-09-29T10:38:21.871+0000] {processor.py:208} INFO - Processing /home/airflow/.local/lib/python3.12/site-packages/airflow/example_dags/example_task_group.py took 0.233 seconds
[2024-09-29T10:38:52.069+0000] {processor.py:186} INFO - Started process (PID=826) to work on /home/airflow/.local/lib/python3.12/site-packages/airflow/example_dags/example_task_group.py
[2024-09-29T10:38:52.074+0000] {processor.py:914} INFO - Processing file /home/airflow/.local/lib/python3.12/site-packages/airflow/example_dags/example_task_group.py for tasks to queue
[2024-09-29T10:38:52.084+0000] {logging_mixin.py:190} INFO - [2024-09-29T10:38:52.083+0000] {dagbag.py:588} INFO - Filling up the DagBag from /home/airflow/.local/lib/python3.12/site-packages/airflow/example_dags/example_task_group.py
[2024-09-29T10:38:52.133+0000] {processor.py:925} INFO - DAG(s) 'example_task_group' retrieved from /home/airflow/.local/lib/python3.12/site-packages/airflow/example_dags/example_task_group.py
[2024-09-29T10:38:52.255+0000] {logging_mixin.py:190} INFO - [2024-09-29T10:38:52.254+0000] {dag.py:3239} INFO - Sync 1 DAGs
[2024-09-29T10:38:52.338+0000] {logging_mixin.py:190} INFO - [2024-09-29T10:38:52.337+0000] {dag.py:4180} INFO - Setting next_dagrun for example_task_group to None, run_after=None
[2024-09-29T10:38:52.414+0000] {processor.py:208} INFO - Processing /home/airflow/.local/lib/python3.12/site-packages/airflow/example_dags/example_task_group.py took 0.362 seconds
[2024-09-29T10:39:24.686+0000] {processor.py:186} INFO - Started process (PID=1062) to work on /home/airflow/.local/lib/python3.12/site-packages/airflow/example_dags/example_task_group.py
[2024-09-29T10:39:24.689+0000] {processor.py:914} INFO - Processing file /home/airflow/.local/lib/python3.12/site-packages/airflow/example_dags/example_task_group.py for tasks to queue
[2024-09-29T10:39:24.694+0000] {logging_mixin.py:190} INFO - [2024-09-29T10:39:24.693+0000] {dagbag.py:588} INFO - Filling up the DagBag from /home/airflow/.local/lib/python3.12/site-packages/airflow/example_dags/example_task_group.py
[2024-09-29T10:39:24.711+0000] {processor.py:925} INFO - DAG(s) 'example_task_group' retrieved from /home/airflow/.local/lib/python3.12/site-packages/airflow/example_dags/example_task_group.py
[2024-09-29T10:39:24.754+0000] {logging_mixin.py:190} INFO - [2024-09-29T10:39:24.753+0000] {dag.py:3239} INFO - Sync 1 DAGs
[2024-09-29T10:39:24.780+0000] {logging_mixin.py:190} INFO - [2024-09-29T10:39:24.780+0000] {dag.py:4180} INFO - Setting next_dagrun for example_task_group to None, run_after=None
[2024-09-29T10:39:24.839+0000] {processor.py:208} INFO - Processing /home/airflow/.local/lib/python3.12/site-packages/airflow/example_dags/example_task_group.py took 0.162 seconds
[2024-09-29T10:39:55.549+0000] {processor.py:186} INFO - Started process (PID=1346) to work on /home/airflow/.local/lib/python3.12/site-packages/airflow/example_dags/example_task_group.py
[2024-09-29T10:39:55.551+0000] {processor.py:914} INFO - Processing file /home/airflow/.local/lib/python3.12/site-packages/airflow/example_dags/example_task_group.py for tasks to queue
[2024-09-29T10:39:55.556+0000] {logging_mixin.py:190} INFO - [2024-09-29T10:39:55.556+0000] {dagbag.py:588} INFO - Filling up the DagBag from /home/airflow/.local/lib/python3.12/site-packages/airflow/example_dags/example_task_group.py
[2024-09-29T10:39:55.577+0000] {processor.py:925} INFO - DAG(s) 'example_task_group' retrieved from /home/airflow/.local/lib/python3.12/site-packages/airflow/example_dags/example_task_group.py
[2024-09-29T10:39:55.628+0000] {logging_mixin.py:190} INFO - [2024-09-29T10:39:55.628+0000] {dag.py:3239} INFO - Sync 1 DAGs
[2024-09-29T10:39:55.678+0000] {logging_mixin.py:190} INFO - [2024-09-29T10:39:55.678+0000] {dag.py:4180} INFO - Setting next_dagrun for example_task_group to None, run_after=None
[2024-09-29T10:39:55.722+0000] {processor.py:208} INFO - Processing /home/airflow/.local/lib/python3.12/site-packages/airflow/example_dags/example_task_group.py took 0.186 seconds
[2024-09-29T10:40:26.394+0000] {processor.py:186} INFO - Started process (PID=1634) to work on /home/airflow/.local/lib/python3.12/site-packages/airflow/example_dags/example_task_group.py
[2024-09-29T10:40:26.396+0000] {processor.py:914} INFO - Processing file /home/airflow/.local/lib/python3.12/site-packages/airflow/example_dags/example_task_group.py for tasks to queue
[2024-09-29T10:40:26.402+0000] {logging_mixin.py:190} INFO - [2024-09-29T10:40:26.401+0000] {dagbag.py:588} INFO - Filling up the DagBag from /home/airflow/.local/lib/python3.12/site-packages/airflow/example_dags/example_task_group.py
[2024-09-29T10:40:26.418+0000] {processor.py:925} INFO - DAG(s) 'example_task_group' retrieved from /home/airflow/.local/lib/python3.12/site-packages/airflow/example_dags/example_task_group.py
[2024-09-29T10:40:26.464+0000] {logging_mixin.py:190} INFO - [2024-09-29T10:40:26.463+0000] {dag.py:3239} INFO - Sync 1 DAGs
[2024-09-29T10:40:26.509+0000] {logging_mixin.py:190} INFO - [2024-09-29T10:40:26.508+0000] {dag.py:4180} INFO - Setting next_dagrun for example_task_group to None, run_after=None
[2024-09-29T10:40:26.556+0000] {processor.py:208} INFO - Processing /home/airflow/.local/lib/python3.12/site-packages/airflow/example_dags/example_task_group.py took 0.175 seconds
[2024-09-29T10:40:59.578+0000] {processor.py:186} INFO - Started process (PID=1918) to work on /home/airflow/.local/lib/python3.12/site-packages/airflow/example_dags/example_task_group.py
[2024-09-29T10:40:59.582+0000] {processor.py:914} INFO - Processing file /home/airflow/.local/lib/python3.12/site-packages/airflow/example_dags/example_task_group.py for tasks to queue
[2024-09-29T10:40:59.593+0000] {logging_mixin.py:190} INFO - [2024-09-29T10:40:59.589+0000] {dagbag.py:588} INFO - Filling up the DagBag from /home/airflow/.local/lib/python3.12/site-packages/airflow/example_dags/example_task_group.py
[2024-09-29T10:40:59.640+0000] {processor.py:925} INFO - DAG(s) 'example_task_group' retrieved from /home/airflow/.local/lib/python3.12/site-packages/airflow/example_dags/example_task_group.py
[2024-09-29T10:40:59.738+0000] {logging_mixin.py:190} INFO - [2024-09-29T10:40:59.737+0000] {dag.py:3239} INFO - Sync 1 DAGs
[2024-09-29T10:40:59.817+0000] {logging_mixin.py:190} INFO - [2024-09-29T10:40:59.816+0000] {dag.py:4180} INFO - Setting next_dagrun for example_task_group to None, run_after=None
[2024-09-29T10:40:59.917+0000] {processor.py:208} INFO - Processing /home/airflow/.local/lib/python3.12/site-packages/airflow/example_dags/example_task_group.py took 0.371 seconds
[2024-09-29T10:41:35.950+0000] {processor.py:186} INFO - Started process (PID=2179) to work on /home/airflow/.local/lib/python3.12/site-packages/airflow/example_dags/example_task_group.py
[2024-09-29T10:41:35.955+0000] {processor.py:914} INFO - Processing file /home/airflow/.local/lib/python3.12/site-packages/airflow/example_dags/example_task_group.py for tasks to queue
[2024-09-29T10:41:35.973+0000] {logging_mixin.py:190} INFO - [2024-09-29T10:41:35.972+0000] {dagbag.py:588} INFO - Filling up the DagBag from /home/airflow/.local/lib/python3.12/site-packages/airflow/example_dags/example_task_group.py
[2024-09-29T10:41:36.067+0000] {processor.py:925} INFO - DAG(s) 'example_task_group' retrieved from /home/airflow/.local/lib/python3.12/site-packages/airflow/example_dags/example_task_group.py
[2024-09-29T10:41:36.362+0000] {logging_mixin.py:190} INFO - [2024-09-29T10:41:36.361+0000] {dag.py:3239} INFO - Sync 1 DAGs
[2024-09-29T10:41:36.466+0000] {logging_mixin.py:190} INFO - [2024-09-29T10:41:36.466+0000] {dag.py:4180} INFO - Setting next_dagrun for example_task_group to None, run_after=None
[2024-09-29T10:41:36.619+0000] {processor.py:208} INFO - Processing /home/airflow/.local/lib/python3.12/site-packages/airflow/example_dags/example_task_group.py took 0.721 seconds
[2024-09-29T10:42:18.380+0000] {processor.py:186} INFO - Started process (PID=2477) to work on /home/airflow/.local/lib/python3.12/site-packages/airflow/example_dags/example_task_group.py
[2024-09-29T10:42:18.386+0000] {processor.py:914} INFO - Processing file /home/airflow/.local/lib/python3.12/site-packages/airflow/example_dags/example_task_group.py for tasks to queue
[2024-09-29T10:42:18.401+0000] {logging_mixin.py:190} INFO - [2024-09-29T10:42:18.399+0000] {dagbag.py:588} INFO - Filling up the DagBag from /home/airflow/.local/lib/python3.12/site-packages/airflow/example_dags/example_task_group.py
[2024-09-29T10:42:18.462+0000] {processor.py:925} INFO - DAG(s) 'example_task_group' retrieved from /home/airflow/.local/lib/python3.12/site-packages/airflow/example_dags/example_task_group.py
[2024-09-29T10:42:18.719+0000] {logging_mixin.py:190} INFO - [2024-09-29T10:42:18.718+0000] {dag.py:3239} INFO - Sync 1 DAGs
[2024-09-29T10:42:19.136+0000] {logging_mixin.py:190} INFO - [2024-09-29T10:42:19.136+0000] {dag.py:4180} INFO - Setting next_dagrun for example_task_group to None, run_after=None
[2024-09-29T10:42:19.428+0000] {processor.py:208} INFO - Processing /home/airflow/.local/lib/python3.12/site-packages/airflow/example_dags/example_task_group.py took 1.085 seconds
[2024-09-29T10:42:59.027+0000] {processor.py:186} INFO - Started process (PID=2763) to work on /home/airflow/.local/lib/python3.12/site-packages/airflow/example_dags/example_task_group.py
[2024-09-29T10:42:59.029+0000] {processor.py:914} INFO - Processing file /home/airflow/.local/lib/python3.12/site-packages/airflow/example_dags/example_task_group.py for tasks to queue
[2024-09-29T10:42:59.036+0000] {logging_mixin.py:190} INFO - [2024-09-29T10:42:59.034+0000] {dagbag.py:588} INFO - Filling up the DagBag from /home/airflow/.local/lib/python3.12/site-packages/airflow/example_dags/example_task_group.py
[2024-09-29T10:42:59.056+0000] {processor.py:925} INFO - DAG(s) 'example_task_group' retrieved from /home/airflow/.local/lib/python3.12/site-packages/airflow/example_dags/example_task_group.py
[2024-09-29T10:42:59.114+0000] {logging_mixin.py:190} INFO - [2024-09-29T10:42:59.113+0000] {dag.py:3239} INFO - Sync 1 DAGs
[2024-09-29T10:42:59.232+0000] {logging_mixin.py:190} INFO - [2024-09-29T10:42:59.232+0000] {dag.py:4180} INFO - Setting next_dagrun for example_task_group to None, run_after=None
[2024-09-29T10:42:59.428+0000] {processor.py:208} INFO - Processing /home/airflow/.local/lib/python3.12/site-packages/airflow/example_dags/example_task_group.py took 0.412 seconds
[2024-09-29T10:43:29.706+0000] {processor.py:186} INFO - Started process (PID=3044) to work on /home/airflow/.local/lib/python3.12/site-packages/airflow/example_dags/example_task_group.py
[2024-09-29T10:43:29.710+0000] {processor.py:914} INFO - Processing file /home/airflow/.local/lib/python3.12/site-packages/airflow/example_dags/example_task_group.py for tasks to queue
[2024-09-29T10:43:29.716+0000] {logging_mixin.py:190} INFO - [2024-09-29T10:43:29.715+0000] {dagbag.py:588} INFO - Filling up the DagBag from /home/airflow/.local/lib/python3.12/site-packages/airflow/example_dags/example_task_group.py
[2024-09-29T10:43:29.731+0000] {processor.py:925} INFO - DAG(s) 'example_task_group' retrieved from /home/airflow/.local/lib/python3.12/site-packages/airflow/example_dags/example_task_group.py
[2024-09-29T10:43:29.784+0000] {logging_mixin.py:190} INFO - [2024-09-29T10:43:29.784+0000] {dag.py:3239} INFO - Sync 1 DAGs
[2024-09-29T10:43:29.813+0000] {logging_mixin.py:190} INFO - [2024-09-29T10:43:29.813+0000] {dag.py:4180} INFO - Setting next_dagrun for example_task_group to None, run_after=None
[2024-09-29T10:43:29.868+0000] {processor.py:208} INFO - Processing /home/airflow/.local/lib/python3.12/site-packages/airflow/example_dags/example_task_group.py took 0.176 seconds
