[2024-09-29T10:37:46.421+0000] {processor.py:186} INFO - Started process (PID=237) to work on /home/airflow/.local/lib/python3.12/site-packages/airflow/example_dags/example_local_kubernetes_executor.py
[2024-09-29T10:37:46.427+0000] {processor.py:914} INFO - Processing file /home/airflow/.local/lib/python3.12/site-packages/airflow/example_dags/example_local_kubernetes_executor.py for tasks to queue
[2024-09-29T10:37:46.440+0000] {logging_mixin.py:190} INFO - [2024-09-29T10:37:46.439+0000] {dagbag.py:588} INFO - Filling up the DagBag from /home/airflow/.local/lib/python3.12/site-packages/airflow/example_dags/example_local_kubernetes_executor.py
[2024-09-29T10:37:46.513+0000] {processor.py:925} INFO - DAG(s) 'example_local_kubernetes_executor' retrieved from /home/airflow/.local/lib/python3.12/site-packages/airflow/example_dags/example_local_kubernetes_executor.py
[2024-09-29T10:37:47.128+0000] {logging_mixin.py:190} INFO - [2024-09-29T10:37:47.126+0000] {override.py:1900} INFO - Created Permission View: can edit on DAG:example_local_kubernetes_executor
[2024-09-29T10:37:47.179+0000] {logging_mixin.py:190} INFO - [2024-09-29T10:37:47.178+0000] {override.py:1900} INFO - Created Permission View: can read on DAG:example_local_kubernetes_executor
[2024-09-29T10:37:47.228+0000] {logging_mixin.py:190} INFO - [2024-09-29T10:37:47.227+0000] {override.py:1900} INFO - Created Permission View: can delete on DAG:example_local_kubernetes_executor
[2024-09-29T10:37:47.296+0000] {logging_mixin.py:190} INFO - [2024-09-29T10:37:47.295+0000] {override.py:1900} INFO - Created Permission View: can delete on DAG Run:example_local_kubernetes_executor
[2024-09-29T10:37:47.353+0000] {logging_mixin.py:190} INFO - [2024-09-29T10:37:47.326+0000] {override.py:1900} INFO - Created Permission View: can read on DAG Run:example_local_kubernetes_executor
[2024-09-29T10:37:47.442+0000] {logging_mixin.py:190} INFO - [2024-09-29T10:37:47.440+0000] {override.py:1900} INFO - Created Permission View: can create on DAG Run:example_local_kubernetes_executor
[2024-09-29T10:37:47.486+0000] {logging_mixin.py:190} INFO - [2024-09-29T10:37:47.485+0000] {override.py:1900} INFO - Created Permission View: menu access on DAG Run:example_local_kubernetes_executor
[2024-09-29T10:37:47.492+0000] {logging_mixin.py:190} INFO - [2024-09-29T10:37:47.491+0000] {dag.py:3239} INFO - Sync 1 DAGs
[2024-09-29T10:37:47.577+0000] {logging_mixin.py:190} INFO - [2024-09-29T10:37:47.576+0000] {dag.py:3262} INFO - Creating ORM DAG for example_local_kubernetes_executor
[2024-09-29T10:37:47.586+0000] {logging_mixin.py:190} INFO - [2024-09-29T10:37:47.583+0000] {dag.py:4180} INFO - Setting next_dagrun for example_local_kubernetes_executor to None, run_after=None
[2024-09-29T10:37:47.679+0000] {processor.py:208} INFO - Processing /home/airflow/.local/lib/python3.12/site-packages/airflow/example_dags/example_local_kubernetes_executor.py took 1.282 seconds
[2024-09-29T10:38:18.568+0000] {processor.py:186} INFO - Started process (PID=523) to work on /home/airflow/.local/lib/python3.12/site-packages/airflow/example_dags/example_local_kubernetes_executor.py
[2024-09-29T10:38:18.582+0000] {processor.py:914} INFO - Processing file /home/airflow/.local/lib/python3.12/site-packages/airflow/example_dags/example_local_kubernetes_executor.py for tasks to queue
[2024-09-29T10:38:18.589+0000] {logging_mixin.py:190} INFO - [2024-09-29T10:38:18.588+0000] {dagbag.py:588} INFO - Filling up the DagBag from /home/airflow/.local/lib/python3.12/site-packages/airflow/example_dags/example_local_kubernetes_executor.py
[2024-09-29T10:38:18.611+0000] {processor.py:925} INFO - DAG(s) 'example_local_kubernetes_executor' retrieved from /home/airflow/.local/lib/python3.12/site-packages/airflow/example_dags/example_local_kubernetes_executor.py
[2024-09-29T10:38:18.840+0000] {logging_mixin.py:190} INFO - [2024-09-29T10:38:18.839+0000] {dag.py:3239} INFO - Sync 1 DAGs
[2024-09-29T10:38:18.876+0000] {logging_mixin.py:190} INFO - [2024-09-29T10:38:18.875+0000] {dag.py:4180} INFO - Setting next_dagrun for example_local_kubernetes_executor to None, run_after=None
[2024-09-29T10:38:18.942+0000] {processor.py:208} INFO - Processing /home/airflow/.local/lib/python3.12/site-packages/airflow/example_dags/example_local_kubernetes_executor.py took 0.385 seconds
[2024-09-29T10:38:49.542+0000] {processor.py:186} INFO - Started process (PID=811) to work on /home/airflow/.local/lib/python3.12/site-packages/airflow/example_dags/example_local_kubernetes_executor.py
[2024-09-29T10:38:49.545+0000] {processor.py:914} INFO - Processing file /home/airflow/.local/lib/python3.12/site-packages/airflow/example_dags/example_local_kubernetes_executor.py for tasks to queue
[2024-09-29T10:38:49.550+0000] {logging_mixin.py:190} INFO - [2024-09-29T10:38:49.549+0000] {dagbag.py:588} INFO - Filling up the DagBag from /home/airflow/.local/lib/python3.12/site-packages/airflow/example_dags/example_local_kubernetes_executor.py
[2024-09-29T10:38:49.567+0000] {processor.py:925} INFO - DAG(s) 'example_local_kubernetes_executor' retrieved from /home/airflow/.local/lib/python3.12/site-packages/airflow/example_dags/example_local_kubernetes_executor.py
[2024-09-29T10:38:49.632+0000] {logging_mixin.py:190} INFO - [2024-09-29T10:38:49.632+0000] {dag.py:3239} INFO - Sync 1 DAGs
[2024-09-29T10:38:49.666+0000] {logging_mixin.py:190} INFO - [2024-09-29T10:38:49.666+0000] {dag.py:4180} INFO - Setting next_dagrun for example_local_kubernetes_executor to None, run_after=None
[2024-09-29T10:38:49.704+0000] {processor.py:208} INFO - Processing /home/airflow/.local/lib/python3.12/site-packages/airflow/example_dags/example_local_kubernetes_executor.py took 0.174 seconds
[2024-09-29T10:39:24.059+0000] {processor.py:186} INFO - Started process (PID=1047) to work on /home/airflow/.local/lib/python3.12/site-packages/airflow/example_dags/example_local_kubernetes_executor.py
[2024-09-29T10:39:24.061+0000] {processor.py:914} INFO - Processing file /home/airflow/.local/lib/python3.12/site-packages/airflow/example_dags/example_local_kubernetes_executor.py for tasks to queue
[2024-09-29T10:39:24.067+0000] {logging_mixin.py:190} INFO - [2024-09-29T10:39:24.066+0000] {dagbag.py:588} INFO - Filling up the DagBag from /home/airflow/.local/lib/python3.12/site-packages/airflow/example_dags/example_local_kubernetes_executor.py
[2024-09-29T10:39:24.088+0000] {processor.py:925} INFO - DAG(s) 'example_local_kubernetes_executor' retrieved from /home/airflow/.local/lib/python3.12/site-packages/airflow/example_dags/example_local_kubernetes_executor.py
[2024-09-29T10:39:24.194+0000] {logging_mixin.py:190} INFO - [2024-09-29T10:39:24.193+0000] {dag.py:3239} INFO - Sync 1 DAGs
[2024-09-29T10:39:24.230+0000] {logging_mixin.py:190} INFO - [2024-09-29T10:39:24.230+0000] {dag.py:4180} INFO - Setting next_dagrun for example_local_kubernetes_executor to None, run_after=None
[2024-09-29T10:39:24.286+0000] {processor.py:208} INFO - Processing /home/airflow/.local/lib/python3.12/site-packages/airflow/example_dags/example_local_kubernetes_executor.py took 0.241 seconds
[2024-09-29T10:39:55.074+0000] {processor.py:186} INFO - Started process (PID=1331) to work on /home/airflow/.local/lib/python3.12/site-packages/airflow/example_dags/example_local_kubernetes_executor.py
[2024-09-29T10:39:55.076+0000] {processor.py:914} INFO - Processing file /home/airflow/.local/lib/python3.12/site-packages/airflow/example_dags/example_local_kubernetes_executor.py for tasks to queue
[2024-09-29T10:39:55.084+0000] {logging_mixin.py:190} INFO - [2024-09-29T10:39:55.084+0000] {dagbag.py:588} INFO - Filling up the DagBag from /home/airflow/.local/lib/python3.12/site-packages/airflow/example_dags/example_local_kubernetes_executor.py
[2024-09-29T10:39:55.104+0000] {processor.py:925} INFO - DAG(s) 'example_local_kubernetes_executor' retrieved from /home/airflow/.local/lib/python3.12/site-packages/airflow/example_dags/example_local_kubernetes_executor.py
[2024-09-29T10:39:55.189+0000] {logging_mixin.py:190} INFO - [2024-09-29T10:39:55.189+0000] {dag.py:3239} INFO - Sync 1 DAGs
[2024-09-29T10:39:55.227+0000] {logging_mixin.py:190} INFO - [2024-09-29T10:39:55.226+0000] {dag.py:4180} INFO - Setting next_dagrun for example_local_kubernetes_executor to None, run_after=None
[2024-09-29T10:39:55.274+0000] {processor.py:208} INFO - Processing /home/airflow/.local/lib/python3.12/site-packages/airflow/example_dags/example_local_kubernetes_executor.py took 0.219 seconds
[2024-09-29T10:40:25.787+0000] {processor.py:186} INFO - Started process (PID=1619) to work on /home/airflow/.local/lib/python3.12/site-packages/airflow/example_dags/example_local_kubernetes_executor.py
[2024-09-29T10:40:25.789+0000] {processor.py:914} INFO - Processing file /home/airflow/.local/lib/python3.12/site-packages/airflow/example_dags/example_local_kubernetes_executor.py for tasks to queue
[2024-09-29T10:40:25.794+0000] {logging_mixin.py:190} INFO - [2024-09-29T10:40:25.793+0000] {dagbag.py:588} INFO - Filling up the DagBag from /home/airflow/.local/lib/python3.12/site-packages/airflow/example_dags/example_local_kubernetes_executor.py
[2024-09-29T10:40:25.811+0000] {processor.py:925} INFO - DAG(s) 'example_local_kubernetes_executor' retrieved from /home/airflow/.local/lib/python3.12/site-packages/airflow/example_dags/example_local_kubernetes_executor.py
[2024-09-29T10:40:25.886+0000] {logging_mixin.py:190} INFO - [2024-09-29T10:40:25.885+0000] {dag.py:3239} INFO - Sync 1 DAGs
[2024-09-29T10:40:25.918+0000] {logging_mixin.py:190} INFO - [2024-09-29T10:40:25.917+0000] {dag.py:4180} INFO - Setting next_dagrun for example_local_kubernetes_executor to None, run_after=None
[2024-09-29T10:40:25.960+0000] {processor.py:208} INFO - Processing /home/airflow/.local/lib/python3.12/site-packages/airflow/example_dags/example_local_kubernetes_executor.py took 0.183 seconds
[2024-09-29T10:40:58.513+0000] {processor.py:186} INFO - Started process (PID=1903) to work on /home/airflow/.local/lib/python3.12/site-packages/airflow/example_dags/example_local_kubernetes_executor.py
[2024-09-29T10:40:58.524+0000] {processor.py:914} INFO - Processing file /home/airflow/.local/lib/python3.12/site-packages/airflow/example_dags/example_local_kubernetes_executor.py for tasks to queue
[2024-09-29T10:40:58.532+0000] {logging_mixin.py:190} INFO - [2024-09-29T10:40:58.530+0000] {dagbag.py:588} INFO - Filling up the DagBag from /home/airflow/.local/lib/python3.12/site-packages/airflow/example_dags/example_local_kubernetes_executor.py
[2024-09-29T10:40:58.613+0000] {processor.py:925} INFO - DAG(s) 'example_local_kubernetes_executor' retrieved from /home/airflow/.local/lib/python3.12/site-packages/airflow/example_dags/example_local_kubernetes_executor.py
[2024-09-29T10:40:58.878+0000] {logging_mixin.py:190} INFO - [2024-09-29T10:40:58.877+0000] {dag.py:3239} INFO - Sync 1 DAGs
[2024-09-29T10:40:58.970+0000] {logging_mixin.py:190} INFO - [2024-09-29T10:40:58.967+0000] {dag.py:4180} INFO - Setting next_dagrun for example_local_kubernetes_executor to None, run_after=None
[2024-09-29T10:40:59.072+0000] {processor.py:208} INFO - Processing /home/airflow/.local/lib/python3.12/site-packages/airflow/example_dags/example_local_kubernetes_executor.py took 0.583 seconds
[2024-09-29T10:41:35.132+0000] {processor.py:186} INFO - Started process (PID=2166) to work on /home/airflow/.local/lib/python3.12/site-packages/airflow/example_dags/example_local_kubernetes_executor.py
[2024-09-29T10:41:35.145+0000] {processor.py:914} INFO - Processing file /home/airflow/.local/lib/python3.12/site-packages/airflow/example_dags/example_local_kubernetes_executor.py for tasks to queue
[2024-09-29T10:41:35.156+0000] {logging_mixin.py:190} INFO - [2024-09-29T10:41:35.155+0000] {dagbag.py:588} INFO - Filling up the DagBag from /home/airflow/.local/lib/python3.12/site-packages/airflow/example_dags/example_local_kubernetes_executor.py
[2024-09-29T10:41:35.215+0000] {processor.py:925} INFO - DAG(s) 'example_local_kubernetes_executor' retrieved from /home/airflow/.local/lib/python3.12/site-packages/airflow/example_dags/example_local_kubernetes_executor.py
[2024-09-29T10:41:35.464+0000] {logging_mixin.py:190} INFO - [2024-09-29T10:41:35.463+0000] {dag.py:3239} INFO - Sync 1 DAGs
[2024-09-29T10:41:35.552+0000] {logging_mixin.py:190} INFO - [2024-09-29T10:41:35.550+0000] {dag.py:4180} INFO - Setting next_dagrun for example_local_kubernetes_executor to None, run_after=None
[2024-09-29T10:41:35.673+0000] {processor.py:208} INFO - Processing /home/airflow/.local/lib/python3.12/site-packages/airflow/example_dags/example_local_kubernetes_executor.py took 3.148 seconds
[2024-09-29T10:42:06.781+0000] {processor.py:186} INFO - Started process (PID=2452) to work on /home/airflow/.local/lib/python3.12/site-packages/airflow/example_dags/example_local_kubernetes_executor.py
[2024-09-29T10:42:06.846+0000] {processor.py:914} INFO - Processing file /home/airflow/.local/lib/python3.12/site-packages/airflow/example_dags/example_local_kubernetes_executor.py for tasks to queue
[2024-09-29T10:42:06.857+0000] {logging_mixin.py:190} INFO - [2024-09-29T10:42:06.856+0000] {dagbag.py:588} INFO - Filling up the DagBag from /home/airflow/.local/lib/python3.12/site-packages/airflow/example_dags/example_local_kubernetes_executor.py
[2024-09-29T10:42:07.141+0000] {processor.py:925} INFO - DAG(s) 'example_local_kubernetes_executor' retrieved from /home/airflow/.local/lib/python3.12/site-packages/airflow/example_dags/example_local_kubernetes_executor.py
[2024-09-29T10:42:15.081+0000] {logging_mixin.py:190} INFO - [2024-09-29T10:42:15.069+0000] {dag.py:3239} INFO - Sync 1 DAGs
[2024-09-29T10:42:15.431+0000] {logging_mixin.py:190} INFO - [2024-09-29T10:42:15.430+0000] {dag.py:4180} INFO - Setting next_dagrun for example_local_kubernetes_executor to None, run_after=None
[2024-09-29T10:42:16.361+0000] {processor.py:208} INFO - Processing /home/airflow/.local/lib/python3.12/site-packages/airflow/example_dags/example_local_kubernetes_executor.py took 9.662 seconds
[2024-09-29T10:42:58.174+0000] {processor.py:186} INFO - Started process (PID=2743) to work on /home/airflow/.local/lib/python3.12/site-packages/airflow/example_dags/example_local_kubernetes_executor.py
[2024-09-29T10:42:58.177+0000] {processor.py:914} INFO - Processing file /home/airflow/.local/lib/python3.12/site-packages/airflow/example_dags/example_local_kubernetes_executor.py for tasks to queue
[2024-09-29T10:42:58.182+0000] {logging_mixin.py:190} INFO - [2024-09-29T10:42:58.181+0000] {dagbag.py:588} INFO - Filling up the DagBag from /home/airflow/.local/lib/python3.12/site-packages/airflow/example_dags/example_local_kubernetes_executor.py
[2024-09-29T10:42:58.220+0000] {processor.py:925} INFO - DAG(s) 'example_local_kubernetes_executor' retrieved from /home/airflow/.local/lib/python3.12/site-packages/airflow/example_dags/example_local_kubernetes_executor.py
[2024-09-29T10:42:58.365+0000] {logging_mixin.py:190} INFO - [2024-09-29T10:42:58.365+0000] {dag.py:3239} INFO - Sync 1 DAGs
[2024-09-29T10:42:58.421+0000] {logging_mixin.py:190} INFO - [2024-09-29T10:42:58.420+0000] {dag.py:4180} INFO - Setting next_dagrun for example_local_kubernetes_executor to None, run_after=None
[2024-09-29T10:42:58.597+0000] {processor.py:208} INFO - Processing /home/airflow/.local/lib/python3.12/site-packages/airflow/example_dags/example_local_kubernetes_executor.py took 0.435 seconds
[2024-09-29T10:43:29.221+0000] {processor.py:186} INFO - Started process (PID=3029) to work on /home/airflow/.local/lib/python3.12/site-packages/airflow/example_dags/example_local_kubernetes_executor.py
[2024-09-29T10:43:29.229+0000] {processor.py:914} INFO - Processing file /home/airflow/.local/lib/python3.12/site-packages/airflow/example_dags/example_local_kubernetes_executor.py for tasks to queue
[2024-09-29T10:43:29.235+0000] {logging_mixin.py:190} INFO - [2024-09-29T10:43:29.234+0000] {dagbag.py:588} INFO - Filling up the DagBag from /home/airflow/.local/lib/python3.12/site-packages/airflow/example_dags/example_local_kubernetes_executor.py
[2024-09-29T10:43:29.256+0000] {processor.py:925} INFO - DAG(s) 'example_local_kubernetes_executor' retrieved from /home/airflow/.local/lib/python3.12/site-packages/airflow/example_dags/example_local_kubernetes_executor.py
[2024-09-29T10:43:29.337+0000] {logging_mixin.py:190} INFO - [2024-09-29T10:43:29.336+0000] {dag.py:3239} INFO - Sync 1 DAGs
[2024-09-29T10:43:29.377+0000] {logging_mixin.py:190} INFO - [2024-09-29T10:43:29.376+0000] {dag.py:4180} INFO - Setting next_dagrun for example_local_kubernetes_executor to None, run_after=None
[2024-09-29T10:43:29.438+0000] {processor.py:208} INFO - Processing /home/airflow/.local/lib/python3.12/site-packages/airflow/example_dags/example_local_kubernetes_executor.py took 0.228 seconds
