[2024-09-29T10:37:46.760+0000] {processor.py:186} INFO - Started process (PID=242) to work on /home/airflow/.local/lib/python3.12/site-packages/airflow/example_dags/example_display_name.py
[2024-09-29T10:37:46.761+0000] {processor.py:914} INFO - Processing file /home/airflow/.local/lib/python3.12/site-packages/airflow/example_dags/example_display_name.py for tasks to queue
[2024-09-29T10:37:46.768+0000] {logging_mixin.py:190} INFO - [2024-09-29T10:37:46.767+0000] {dagbag.py:588} INFO - Filling up the DagBag from /home/airflow/.local/lib/python3.12/site-packages/airflow/example_dags/example_display_name.py
[2024-09-29T10:37:46.803+0000] {processor.py:925} INFO - DAG(s) 'example_display_name' retrieved from /home/airflow/.local/lib/python3.12/site-packages/airflow/example_dags/example_display_name.py
[2024-09-29T10:37:47.472+0000] {logging_mixin.py:190} INFO - [2024-09-29T10:37:47.470+0000] {override.py:1900} INFO - Created Permission View: can edit on DAG:example_display_name
[2024-09-29T10:37:47.526+0000] {logging_mixin.py:190} INFO - [2024-09-29T10:37:47.525+0000] {override.py:1900} INFO - Created Permission View: can read on DAG:example_display_name
[2024-09-29T10:37:47.570+0000] {logging_mixin.py:190} INFO - [2024-09-29T10:37:47.569+0000] {override.py:1900} INFO - Created Permission View: can delete on DAG:example_display_name
[2024-09-29T10:37:47.643+0000] {logging_mixin.py:190} INFO - [2024-09-29T10:37:47.642+0000] {override.py:1900} INFO - Created Permission View: can delete on DAG Run:example_display_name
[2024-09-29T10:37:47.686+0000] {logging_mixin.py:190} INFO - [2024-09-29T10:37:47.685+0000] {override.py:1900} INFO - Created Permission View: can read on DAG Run:example_display_name
[2024-09-29T10:37:47.751+0000] {logging_mixin.py:190} INFO - [2024-09-29T10:37:47.750+0000] {override.py:1900} INFO - Created Permission View: can create on DAG Run:example_display_name
[2024-09-29T10:37:47.788+0000] {logging_mixin.py:190} INFO - [2024-09-29T10:37:47.787+0000] {override.py:1900} INFO - Created Permission View: menu access on DAG Run:example_display_name
[2024-09-29T10:37:47.790+0000] {logging_mixin.py:190} INFO - [2024-09-29T10:37:47.790+0000] {dag.py:3239} INFO - Sync 1 DAGs
[2024-09-29T10:37:47.863+0000] {logging_mixin.py:190} INFO - [2024-09-29T10:37:47.862+0000] {dag.py:3262} INFO - Creating ORM DAG for example_display_name
[2024-09-29T10:37:47.869+0000] {logging_mixin.py:190} INFO - [2024-09-29T10:37:47.869+0000] {dag.py:4180} INFO - Setting next_dagrun for example_display_name to None, run_after=None
[2024-09-29T10:37:47.960+0000] {processor.py:208} INFO - Processing /home/airflow/.local/lib/python3.12/site-packages/airflow/example_dags/example_display_name.py took 1.214 seconds
[2024-09-29T10:38:18.903+0000] {processor.py:186} INFO - Started process (PID=528) to work on /home/airflow/.local/lib/python3.12/site-packages/airflow/example_dags/example_display_name.py
[2024-09-29T10:38:18.908+0000] {processor.py:914} INFO - Processing file /home/airflow/.local/lib/python3.12/site-packages/airflow/example_dags/example_display_name.py for tasks to queue
[2024-09-29T10:38:18.912+0000] {logging_mixin.py:190} INFO - [2024-09-29T10:38:18.912+0000] {dagbag.py:588} INFO - Filling up the DagBag from /home/airflow/.local/lib/python3.12/site-packages/airflow/example_dags/example_display_name.py
[2024-09-29T10:38:18.925+0000] {processor.py:925} INFO - DAG(s) 'example_display_name' retrieved from /home/airflow/.local/lib/python3.12/site-packages/airflow/example_dags/example_display_name.py
[2024-09-29T10:38:18.979+0000] {logging_mixin.py:190} INFO - [2024-09-29T10:38:18.979+0000] {dag.py:3239} INFO - Sync 1 DAGs
[2024-09-29T10:38:19.012+0000] {logging_mixin.py:190} INFO - [2024-09-29T10:38:19.012+0000] {dag.py:4180} INFO - Setting next_dagrun for example_display_name to None, run_after=None
[2024-09-29T10:38:19.083+0000] {processor.py:208} INFO - Processing /home/airflow/.local/lib/python3.12/site-packages/airflow/example_dags/example_display_name.py took 0.193 seconds
[2024-09-29T10:38:49.815+0000] {processor.py:186} INFO - Started process (PID=816) to work on /home/airflow/.local/lib/python3.12/site-packages/airflow/example_dags/example_display_name.py
[2024-09-29T10:38:49.818+0000] {processor.py:914} INFO - Processing file /home/airflow/.local/lib/python3.12/site-packages/airflow/example_dags/example_display_name.py for tasks to queue
[2024-09-29T10:38:49.823+0000] {logging_mixin.py:190} INFO - [2024-09-29T10:38:49.822+0000] {dagbag.py:588} INFO - Filling up the DagBag from /home/airflow/.local/lib/python3.12/site-packages/airflow/example_dags/example_display_name.py
[2024-09-29T10:38:49.837+0000] {processor.py:925} INFO - DAG(s) 'example_display_name' retrieved from /home/airflow/.local/lib/python3.12/site-packages/airflow/example_dags/example_display_name.py
[2024-09-29T10:38:49.874+0000] {logging_mixin.py:190} INFO - [2024-09-29T10:38:49.873+0000] {dag.py:3239} INFO - Sync 1 DAGs
[2024-09-29T10:38:49.901+0000] {logging_mixin.py:190} INFO - [2024-09-29T10:38:49.901+0000] {dag.py:4180} INFO - Setting next_dagrun for example_display_name to None, run_after=None
[2024-09-29T10:38:49.938+0000] {processor.py:208} INFO - Processing /home/airflow/.local/lib/python3.12/site-packages/airflow/example_dags/example_display_name.py took 0.134 seconds
[2024-09-29T10:39:24.396+0000] {processor.py:186} INFO - Started process (PID=1052) to work on /home/airflow/.local/lib/python3.12/site-packages/airflow/example_dags/example_display_name.py
[2024-09-29T10:39:24.399+0000] {processor.py:914} INFO - Processing file /home/airflow/.local/lib/python3.12/site-packages/airflow/example_dags/example_display_name.py for tasks to queue
[2024-09-29T10:39:24.404+0000] {logging_mixin.py:190} INFO - [2024-09-29T10:39:24.404+0000] {dagbag.py:588} INFO - Filling up the DagBag from /home/airflow/.local/lib/python3.12/site-packages/airflow/example_dags/example_display_name.py
[2024-09-29T10:39:24.424+0000] {processor.py:925} INFO - DAG(s) 'example_display_name' retrieved from /home/airflow/.local/lib/python3.12/site-packages/airflow/example_dags/example_display_name.py
[2024-09-29T10:39:24.472+0000] {logging_mixin.py:190} INFO - [2024-09-29T10:39:24.471+0000] {dag.py:3239} INFO - Sync 1 DAGs
[2024-09-29T10:39:24.533+0000] {logging_mixin.py:190} INFO - [2024-09-29T10:39:24.533+0000] {dag.py:4180} INFO - Setting next_dagrun for example_display_name to None, run_after=None
[2024-09-29T10:39:24.578+0000] {processor.py:208} INFO - Processing /home/airflow/.local/lib/python3.12/site-packages/airflow/example_dags/example_display_name.py took 0.197 seconds
[2024-09-29T10:39:55.284+0000] {processor.py:186} INFO - Started process (PID=1336) to work on /home/airflow/.local/lib/python3.12/site-packages/airflow/example_dags/example_display_name.py
[2024-09-29T10:39:55.286+0000] {processor.py:914} INFO - Processing file /home/airflow/.local/lib/python3.12/site-packages/airflow/example_dags/example_display_name.py for tasks to queue
[2024-09-29T10:39:55.292+0000] {logging_mixin.py:190} INFO - [2024-09-29T10:39:55.291+0000] {dagbag.py:588} INFO - Filling up the DagBag from /home/airflow/.local/lib/python3.12/site-packages/airflow/example_dags/example_display_name.py
[2024-09-29T10:39:55.309+0000] {processor.py:925} INFO - DAG(s) 'example_display_name' retrieved from /home/airflow/.local/lib/python3.12/site-packages/airflow/example_dags/example_display_name.py
[2024-09-29T10:39:55.361+0000] {logging_mixin.py:190} INFO - [2024-09-29T10:39:55.361+0000] {dag.py:3239} INFO - Sync 1 DAGs
[2024-09-29T10:39:55.404+0000] {logging_mixin.py:190} INFO - [2024-09-29T10:39:55.403+0000] {dag.py:4180} INFO - Setting next_dagrun for example_display_name to None, run_after=None
[2024-09-29T10:39:55.452+0000] {processor.py:208} INFO - Processing /home/airflow/.local/lib/python3.12/site-packages/airflow/example_dags/example_display_name.py took 0.180 seconds
[2024-09-29T10:40:26.083+0000] {processor.py:186} INFO - Started process (PID=1624) to work on /home/airflow/.local/lib/python3.12/site-packages/airflow/example_dags/example_display_name.py
[2024-09-29T10:40:26.086+0000] {processor.py:914} INFO - Processing file /home/airflow/.local/lib/python3.12/site-packages/airflow/example_dags/example_display_name.py for tasks to queue
[2024-09-29T10:40:26.100+0000] {logging_mixin.py:190} INFO - [2024-09-29T10:40:26.099+0000] {dagbag.py:588} INFO - Filling up the DagBag from /home/airflow/.local/lib/python3.12/site-packages/airflow/example_dags/example_display_name.py
[2024-09-29T10:40:26.122+0000] {processor.py:925} INFO - DAG(s) 'example_display_name' retrieved from /home/airflow/.local/lib/python3.12/site-packages/airflow/example_dags/example_display_name.py
[2024-09-29T10:40:26.185+0000] {logging_mixin.py:190} INFO - [2024-09-29T10:40:26.184+0000] {dag.py:3239} INFO - Sync 1 DAGs
[2024-09-29T10:40:26.237+0000] {logging_mixin.py:190} INFO - [2024-09-29T10:40:26.236+0000] {dag.py:4180} INFO - Setting next_dagrun for example_display_name to None, run_after=None
[2024-09-29T10:40:26.293+0000] {processor.py:208} INFO - Processing /home/airflow/.local/lib/python3.12/site-packages/airflow/example_dags/example_display_name.py took 0.223 seconds
[2024-09-29T10:40:58.953+0000] {processor.py:186} INFO - Started process (PID=1908) to work on /home/airflow/.local/lib/python3.12/site-packages/airflow/example_dags/example_display_name.py
[2024-09-29T10:40:58.957+0000] {processor.py:914} INFO - Processing file /home/airflow/.local/lib/python3.12/site-packages/airflow/example_dags/example_display_name.py for tasks to queue
[2024-09-29T10:40:58.970+0000] {logging_mixin.py:190} INFO - [2024-09-29T10:40:58.969+0000] {dagbag.py:588} INFO - Filling up the DagBag from /home/airflow/.local/lib/python3.12/site-packages/airflow/example_dags/example_display_name.py
[2024-09-29T10:40:59.013+0000] {processor.py:925} INFO - DAG(s) 'example_display_name' retrieved from /home/airflow/.local/lib/python3.12/site-packages/airflow/example_dags/example_display_name.py
[2024-09-29T10:40:59.119+0000] {logging_mixin.py:190} INFO - [2024-09-29T10:40:59.117+0000] {dag.py:3239} INFO - Sync 1 DAGs
[2024-09-29T10:40:59.220+0000] {logging_mixin.py:190} INFO - [2024-09-29T10:40:59.220+0000] {dag.py:4180} INFO - Setting next_dagrun for example_display_name to None, run_after=None
[2024-09-29T10:40:59.360+0000] {processor.py:208} INFO - Processing /home/airflow/.local/lib/python3.12/site-packages/airflow/example_dags/example_display_name.py took 0.454 seconds
[2024-09-29T10:41:33.433+0000] {processor.py:186} INFO - Started process (PID=2169) to work on /home/airflow/.local/lib/python3.12/site-packages/airflow/example_dags/example_display_name.py
[2024-09-29T10:41:33.521+0000] {processor.py:914} INFO - Processing file /home/airflow/.local/lib/python3.12/site-packages/airflow/example_dags/example_display_name.py for tasks to queue
[2024-09-29T10:41:33.527+0000] {logging_mixin.py:190} INFO - [2024-09-29T10:41:33.526+0000] {dagbag.py:588} INFO - Filling up the DagBag from /home/airflow/.local/lib/python3.12/site-packages/airflow/example_dags/example_display_name.py
[2024-09-29T10:41:33.540+0000] {processor.py:925} INFO - DAG(s) 'example_display_name' retrieved from /home/airflow/.local/lib/python3.12/site-packages/airflow/example_dags/example_display_name.py
[2024-09-29T10:41:35.088+0000] {logging_mixin.py:190} INFO - [2024-09-29T10:41:35.082+0000] {dag.py:3239} INFO - Sync 1 DAGs
[2024-09-29T10:41:35.233+0000] {logging_mixin.py:190} INFO - [2024-09-29T10:41:35.229+0000] {dag.py:4180} INFO - Setting next_dagrun for example_display_name to None, run_after=None
[2024-09-29T10:41:35.381+0000] {processor.py:208} INFO - Processing /home/airflow/.local/lib/python3.12/site-packages/airflow/example_dags/example_display_name.py took 1.959 seconds
[2024-09-29T10:42:06.781+0000] {processor.py:186} INFO - Started process (PID=2455) to work on /home/airflow/.local/lib/python3.12/site-packages/airflow/example_dags/example_display_name.py
[2024-09-29T10:42:06.911+0000] {processor.py:914} INFO - Processing file /home/airflow/.local/lib/python3.12/site-packages/airflow/example_dags/example_display_name.py for tasks to queue
[2024-09-29T10:42:06.924+0000] {logging_mixin.py:190} INFO - [2024-09-29T10:42:06.923+0000] {dagbag.py:588} INFO - Filling up the DagBag from /home/airflow/.local/lib/python3.12/site-packages/airflow/example_dags/example_display_name.py
[2024-09-29T10:42:07.166+0000] {processor.py:925} INFO - DAG(s) 'example_display_name' retrieved from /home/airflow/.local/lib/python3.12/site-packages/airflow/example_dags/example_display_name.py
[2024-09-29T10:42:08.983+0000] {logging_mixin.py:190} INFO - [2024-09-29T10:42:08.946+0000] {dag.py:3239} INFO - Sync 1 DAGs
[2024-09-29T10:42:09.965+0000] {logging_mixin.py:190} INFO - [2024-09-29T10:42:09.938+0000] {dag.py:4180} INFO - Setting next_dagrun for example_display_name to None, run_after=None
[2024-09-29T10:42:13.965+0000] {processor.py:208} INFO - Processing /home/airflow/.local/lib/python3.12/site-packages/airflow/example_dags/example_display_name.py took 7.267 seconds
[2024-09-29T10:42:58.350+0000] {processor.py:186} INFO - Started process (PID=2748) to work on /home/airflow/.local/lib/python3.12/site-packages/airflow/example_dags/example_display_name.py
[2024-09-29T10:42:58.353+0000] {processor.py:914} INFO - Processing file /home/airflow/.local/lib/python3.12/site-packages/airflow/example_dags/example_display_name.py for tasks to queue
[2024-09-29T10:42:58.358+0000] {logging_mixin.py:190} INFO - [2024-09-29T10:42:58.357+0000] {dagbag.py:588} INFO - Filling up the DagBag from /home/airflow/.local/lib/python3.12/site-packages/airflow/example_dags/example_display_name.py
[2024-09-29T10:42:58.372+0000] {processor.py:925} INFO - DAG(s) 'example_display_name' retrieved from /home/airflow/.local/lib/python3.12/site-packages/airflow/example_dags/example_display_name.py
[2024-09-29T10:42:58.468+0000] {logging_mixin.py:190} INFO - [2024-09-29T10:42:58.466+0000] {dag.py:3239} INFO - Sync 1 DAGs
[2024-09-29T10:42:58.646+0000] {logging_mixin.py:190} INFO - [2024-09-29T10:42:58.646+0000] {dag.py:4180} INFO - Setting next_dagrun for example_display_name to None, run_after=None
[2024-09-29T10:42:58.689+0000] {processor.py:208} INFO - Processing /home/airflow/.local/lib/python3.12/site-packages/airflow/example_dags/example_display_name.py took 0.354 seconds
[2024-09-29T10:43:29.447+0000] {processor.py:186} INFO - Started process (PID=3034) to work on /home/airflow/.local/lib/python3.12/site-packages/airflow/example_dags/example_display_name.py
[2024-09-29T10:43:29.451+0000] {processor.py:914} INFO - Processing file /home/airflow/.local/lib/python3.12/site-packages/airflow/example_dags/example_display_name.py for tasks to queue
[2024-09-29T10:43:29.457+0000] {logging_mixin.py:190} INFO - [2024-09-29T10:43:29.455+0000] {dagbag.py:588} INFO - Filling up the DagBag from /home/airflow/.local/lib/python3.12/site-packages/airflow/example_dags/example_display_name.py
[2024-09-29T10:43:29.479+0000] {processor.py:925} INFO - DAG(s) 'example_display_name' retrieved from /home/airflow/.local/lib/python3.12/site-packages/airflow/example_dags/example_display_name.py
[2024-09-29T10:43:29.528+0000] {logging_mixin.py:190} INFO - [2024-09-29T10:43:29.527+0000] {dag.py:3239} INFO - Sync 1 DAGs
[2024-09-29T10:43:29.563+0000] {logging_mixin.py:190} INFO - [2024-09-29T10:43:29.562+0000] {dag.py:4180} INFO - Setting next_dagrun for example_display_name to None, run_after=None
[2024-09-29T10:43:29.612+0000] {processor.py:208} INFO - Processing /home/airflow/.local/lib/python3.12/site-packages/airflow/example_dags/example_display_name.py took 0.179 seconds
