[2024-09-29T10:37:54.509+0000] {processor.py:186} INFO - Started process (PID=282) to work on /home/airflow/.local/lib/python3.12/site-packages/airflow/example_dags/example_dynamic_task_mapping.py
[2024-09-29T10:37:54.511+0000] {processor.py:914} INFO - Processing file /home/airflow/.local/lib/python3.12/site-packages/airflow/example_dags/example_dynamic_task_mapping.py for tasks to queue
[2024-09-29T10:37:54.516+0000] {logging_mixin.py:190} INFO - [2024-09-29T10:37:54.515+0000] {dagbag.py:588} INFO - Filling up the DagBag from /home/airflow/.local/lib/python3.12/site-packages/airflow/example_dags/example_dynamic_task_mapping.py
[2024-09-29T10:37:54.534+0000] {processor.py:925} INFO - DAG(s) 'example_dynamic_task_mapping' retrieved from /home/airflow/.local/lib/python3.12/site-packages/airflow/example_dags/example_dynamic_task_mapping.py
[2024-09-29T10:37:54.813+0000] {logging_mixin.py:190} INFO - [2024-09-29T10:37:54.811+0000] {override.py:1900} INFO - Created Permission View: can edit on DAG:example_dynamic_task_mapping
[2024-09-29T10:37:54.837+0000] {logging_mixin.py:190} INFO - [2024-09-29T10:37:54.836+0000] {override.py:1900} INFO - Created Permission View: can read on DAG:example_dynamic_task_mapping
[2024-09-29T10:37:54.893+0000] {logging_mixin.py:190} INFO - [2024-09-29T10:37:54.892+0000] {override.py:1900} INFO - Created Permission View: can delete on DAG:example_dynamic_task_mapping
[2024-09-29T10:37:55.048+0000] {logging_mixin.py:190} INFO - [2024-09-29T10:37:55.047+0000] {override.py:1900} INFO - Created Permission View: can delete on DAG Run:example_dynamic_task_mapping
[2024-09-29T10:37:55.128+0000] {logging_mixin.py:190} INFO - [2024-09-29T10:37:55.128+0000] {override.py:1900} INFO - Created Permission View: can read on DAG Run:example_dynamic_task_mapping
[2024-09-29T10:37:55.175+0000] {logging_mixin.py:190} INFO - [2024-09-29T10:37:55.174+0000] {override.py:1900} INFO - Created Permission View: can create on DAG Run:example_dynamic_task_mapping
[2024-09-29T10:37:55.222+0000] {logging_mixin.py:190} INFO - [2024-09-29T10:37:55.221+0000] {override.py:1900} INFO - Created Permission View: menu access on DAG Run:example_dynamic_task_mapping
[2024-09-29T10:37:55.223+0000] {logging_mixin.py:190} INFO - [2024-09-29T10:37:55.223+0000] {dag.py:3239} INFO - Sync 1 DAGs
[2024-09-29T10:37:55.247+0000] {logging_mixin.py:190} INFO - [2024-09-29T10:37:55.247+0000] {dag.py:3262} INFO - Creating ORM DAG for example_dynamic_task_mapping
[2024-09-29T10:37:55.249+0000] {logging_mixin.py:190} INFO - [2024-09-29T10:37:55.249+0000] {dag.py:4180} INFO - Setting next_dagrun for example_dynamic_task_mapping to None, run_after=None
[2024-09-29T10:37:55.304+0000] {processor.py:208} INFO - Processing /home/airflow/.local/lib/python3.12/site-packages/airflow/example_dags/example_dynamic_task_mapping.py took 0.806 seconds
[2024-09-29T10:38:25.601+0000] {processor.py:186} INFO - Started process (PID=570) to work on /home/airflow/.local/lib/python3.12/site-packages/airflow/example_dags/example_dynamic_task_mapping.py
[2024-09-29T10:38:25.605+0000] {processor.py:914} INFO - Processing file /home/airflow/.local/lib/python3.12/site-packages/airflow/example_dags/example_dynamic_task_mapping.py for tasks to queue
[2024-09-29T10:38:25.611+0000] {logging_mixin.py:190} INFO - [2024-09-29T10:38:25.610+0000] {dagbag.py:588} INFO - Filling up the DagBag from /home/airflow/.local/lib/python3.12/site-packages/airflow/example_dags/example_dynamic_task_mapping.py
[2024-09-29T10:38:25.644+0000] {processor.py:925} INFO - DAG(s) 'example_dynamic_task_mapping' retrieved from /home/airflow/.local/lib/python3.12/site-packages/airflow/example_dags/example_dynamic_task_mapping.py
[2024-09-29T10:38:25.694+0000] {logging_mixin.py:190} INFO - [2024-09-29T10:38:25.693+0000] {dag.py:3239} INFO - Sync 1 DAGs
[2024-09-29T10:38:25.729+0000] {logging_mixin.py:190} INFO - [2024-09-29T10:38:25.729+0000] {dag.py:4180} INFO - Setting next_dagrun for example_dynamic_task_mapping to None, run_after=None
[2024-09-29T10:38:25.782+0000] {processor.py:208} INFO - Processing /home/airflow/.local/lib/python3.12/site-packages/airflow/example_dags/example_dynamic_task_mapping.py took 0.199 seconds
[2024-09-29T10:38:58.117+0000] {processor.py:186} INFO - Started process (PID=854) to work on /home/airflow/.local/lib/python3.12/site-packages/airflow/example_dags/example_dynamic_task_mapping.py
[2024-09-29T10:38:58.120+0000] {processor.py:914} INFO - Processing file /home/airflow/.local/lib/python3.12/site-packages/airflow/example_dags/example_dynamic_task_mapping.py for tasks to queue
[2024-09-29T10:38:58.124+0000] {logging_mixin.py:190} INFO - [2024-09-29T10:38:58.124+0000] {dagbag.py:588} INFO - Filling up the DagBag from /home/airflow/.local/lib/python3.12/site-packages/airflow/example_dags/example_dynamic_task_mapping.py
[2024-09-29T10:38:58.145+0000] {processor.py:925} INFO - DAG(s) 'example_dynamic_task_mapping' retrieved from /home/airflow/.local/lib/python3.12/site-packages/airflow/example_dags/example_dynamic_task_mapping.py
[2024-09-29T10:38:58.234+0000] {logging_mixin.py:190} INFO - [2024-09-29T10:38:58.233+0000] {dag.py:3239} INFO - Sync 1 DAGs
[2024-09-29T10:38:58.263+0000] {logging_mixin.py:190} INFO - [2024-09-29T10:38:58.262+0000] {dag.py:4180} INFO - Setting next_dagrun for example_dynamic_task_mapping to None, run_after=None
[2024-09-29T10:38:58.340+0000] {processor.py:208} INFO - Processing /home/airflow/.local/lib/python3.12/site-packages/airflow/example_dags/example_dynamic_task_mapping.py took 0.232 seconds
[2024-09-29T10:39:28.564+0000] {processor.py:186} INFO - Started process (PID=1140) to work on /home/airflow/.local/lib/python3.12/site-packages/airflow/example_dags/example_dynamic_task_mapping.py
[2024-09-29T10:39:28.567+0000] {processor.py:914} INFO - Processing file /home/airflow/.local/lib/python3.12/site-packages/airflow/example_dags/example_dynamic_task_mapping.py for tasks to queue
[2024-09-29T10:39:28.572+0000] {logging_mixin.py:190} INFO - [2024-09-29T10:39:28.572+0000] {dagbag.py:588} INFO - Filling up the DagBag from /home/airflow/.local/lib/python3.12/site-packages/airflow/example_dags/example_dynamic_task_mapping.py
[2024-09-29T10:39:28.589+0000] {processor.py:925} INFO - DAG(s) 'example_dynamic_task_mapping' retrieved from /home/airflow/.local/lib/python3.12/site-packages/airflow/example_dags/example_dynamic_task_mapping.py
[2024-09-29T10:39:28.634+0000] {logging_mixin.py:190} INFO - [2024-09-29T10:39:28.634+0000] {dag.py:3239} INFO - Sync 1 DAGs
[2024-09-29T10:39:28.673+0000] {logging_mixin.py:190} INFO - [2024-09-29T10:39:28.672+0000] {dag.py:4180} INFO - Setting next_dagrun for example_dynamic_task_mapping to None, run_after=None
[2024-09-29T10:39:28.728+0000] {processor.py:208} INFO - Processing /home/airflow/.local/lib/python3.12/site-packages/airflow/example_dags/example_dynamic_task_mapping.py took 0.175 seconds
[2024-09-29T10:39:59.631+0000] {processor.py:186} INFO - Started process (PID=1421) to work on /home/airflow/.local/lib/python3.12/site-packages/airflow/example_dags/example_dynamic_task_mapping.py
[2024-09-29T10:39:59.634+0000] {processor.py:914} INFO - Processing file /home/airflow/.local/lib/python3.12/site-packages/airflow/example_dags/example_dynamic_task_mapping.py for tasks to queue
[2024-09-29T10:39:59.638+0000] {logging_mixin.py:190} INFO - [2024-09-29T10:39:59.638+0000] {dagbag.py:588} INFO - Filling up the DagBag from /home/airflow/.local/lib/python3.12/site-packages/airflow/example_dags/example_dynamic_task_mapping.py
[2024-09-29T10:39:59.659+0000] {processor.py:925} INFO - DAG(s) 'example_dynamic_task_mapping' retrieved from /home/airflow/.local/lib/python3.12/site-packages/airflow/example_dags/example_dynamic_task_mapping.py
[2024-09-29T10:39:59.731+0000] {logging_mixin.py:190} INFO - [2024-09-29T10:39:59.730+0000] {dag.py:3239} INFO - Sync 1 DAGs
[2024-09-29T10:39:59.765+0000] {logging_mixin.py:190} INFO - [2024-09-29T10:39:59.765+0000] {dag.py:4180} INFO - Setting next_dagrun for example_dynamic_task_mapping to None, run_after=None
[2024-09-29T10:39:59.804+0000] {processor.py:208} INFO - Processing /home/airflow/.local/lib/python3.12/site-packages/airflow/example_dags/example_dynamic_task_mapping.py took 0.195 seconds
[2024-09-29T10:40:30.154+0000] {processor.py:186} INFO - Started process (PID=1707) to work on /home/airflow/.local/lib/python3.12/site-packages/airflow/example_dags/example_dynamic_task_mapping.py
[2024-09-29T10:40:30.156+0000] {processor.py:914} INFO - Processing file /home/airflow/.local/lib/python3.12/site-packages/airflow/example_dags/example_dynamic_task_mapping.py for tasks to queue
[2024-09-29T10:40:30.162+0000] {logging_mixin.py:190} INFO - [2024-09-29T10:40:30.161+0000] {dagbag.py:588} INFO - Filling up the DagBag from /home/airflow/.local/lib/python3.12/site-packages/airflow/example_dags/example_dynamic_task_mapping.py
[2024-09-29T10:40:30.184+0000] {processor.py:925} INFO - DAG(s) 'example_dynamic_task_mapping' retrieved from /home/airflow/.local/lib/python3.12/site-packages/airflow/example_dags/example_dynamic_task_mapping.py
[2024-09-29T10:40:30.233+0000] {logging_mixin.py:190} INFO - [2024-09-29T10:40:30.232+0000] {dag.py:3239} INFO - Sync 1 DAGs
[2024-09-29T10:40:30.268+0000] {logging_mixin.py:190} INFO - [2024-09-29T10:40:30.268+0000] {dag.py:4180} INFO - Setting next_dagrun for example_dynamic_task_mapping to None, run_after=None
[2024-09-29T10:40:30.325+0000] {processor.py:208} INFO - Processing /home/airflow/.local/lib/python3.12/site-packages/airflow/example_dags/example_dynamic_task_mapping.py took 0.183 seconds
[2024-09-29T10:41:03.458+0000] {processor.py:186} INFO - Started process (PID=2000) to work on /home/airflow/.local/lib/python3.12/site-packages/airflow/example_dags/example_dynamic_task_mapping.py
[2024-09-29T10:41:03.460+0000] {processor.py:914} INFO - Processing file /home/airflow/.local/lib/python3.12/site-packages/airflow/example_dags/example_dynamic_task_mapping.py for tasks to queue
[2024-09-29T10:41:03.466+0000] {logging_mixin.py:190} INFO - [2024-09-29T10:41:03.466+0000] {dagbag.py:588} INFO - Filling up the DagBag from /home/airflow/.local/lib/python3.12/site-packages/airflow/example_dags/example_dynamic_task_mapping.py
[2024-09-29T10:41:03.490+0000] {processor.py:925} INFO - DAG(s) 'example_dynamic_task_mapping' retrieved from /home/airflow/.local/lib/python3.12/site-packages/airflow/example_dags/example_dynamic_task_mapping.py
[2024-09-29T10:41:03.537+0000] {logging_mixin.py:190} INFO - [2024-09-29T10:41:03.537+0000] {dag.py:3239} INFO - Sync 1 DAGs
[2024-09-29T10:41:03.578+0000] {logging_mixin.py:190} INFO - [2024-09-29T10:41:03.578+0000] {dag.py:4180} INFO - Setting next_dagrun for example_dynamic_task_mapping to None, run_after=None
[2024-09-29T10:41:03.640+0000] {processor.py:208} INFO - Processing /home/airflow/.local/lib/python3.12/site-packages/airflow/example_dags/example_dynamic_task_mapping.py took 0.193 seconds
[2024-09-29T10:41:43.639+0000] {processor.py:186} INFO - Started process (PID=2240) to work on /home/airflow/.local/lib/python3.12/site-packages/airflow/example_dags/example_dynamic_task_mapping.py
[2024-09-29T10:41:43.641+0000] {processor.py:914} INFO - Processing file /home/airflow/.local/lib/python3.12/site-packages/airflow/example_dags/example_dynamic_task_mapping.py for tasks to queue
[2024-09-29T10:41:43.648+0000] {logging_mixin.py:190} INFO - [2024-09-29T10:41:43.647+0000] {dagbag.py:588} INFO - Filling up the DagBag from /home/airflow/.local/lib/python3.12/site-packages/airflow/example_dags/example_dynamic_task_mapping.py
[2024-09-29T10:41:43.755+0000] {processor.py:925} INFO - DAG(s) 'example_dynamic_task_mapping' retrieved from /home/airflow/.local/lib/python3.12/site-packages/airflow/example_dags/example_dynamic_task_mapping.py
[2024-09-29T10:41:43.810+0000] {logging_mixin.py:190} INFO - [2024-09-29T10:41:43.810+0000] {dag.py:3239} INFO - Sync 1 DAGs
[2024-09-29T10:41:43.858+0000] {logging_mixin.py:190} INFO - [2024-09-29T10:41:43.857+0000] {dag.py:4180} INFO - Setting next_dagrun for example_dynamic_task_mapping to None, run_after=None
[2024-09-29T10:41:43.918+0000] {processor.py:208} INFO - Processing /home/airflow/.local/lib/python3.12/site-packages/airflow/example_dags/example_dynamic_task_mapping.py took 0.293 seconds
[2024-09-29T10:42:25.901+0000] {processor.py:186} INFO - Started process (PID=2502) to work on /home/airflow/.local/lib/python3.12/site-packages/airflow/example_dags/example_dynamic_task_mapping.py
[2024-09-29T10:42:25.907+0000] {processor.py:914} INFO - Processing file /home/airflow/.local/lib/python3.12/site-packages/airflow/example_dags/example_dynamic_task_mapping.py for tasks to queue
[2024-09-29T10:42:25.943+0000] {logging_mixin.py:190} INFO - [2024-09-29T10:42:25.942+0000] {dagbag.py:588} INFO - Filling up the DagBag from /home/airflow/.local/lib/python3.12/site-packages/airflow/example_dags/example_dynamic_task_mapping.py
[2024-09-29T10:42:26.017+0000] {processor.py:925} INFO - DAG(s) 'example_dynamic_task_mapping' retrieved from /home/airflow/.local/lib/python3.12/site-packages/airflow/example_dags/example_dynamic_task_mapping.py
[2024-09-29T10:42:26.631+0000] {logging_mixin.py:190} INFO - [2024-09-29T10:42:26.630+0000] {dag.py:3239} INFO - Sync 1 DAGs
[2024-09-29T10:42:26.845+0000] {logging_mixin.py:190} INFO - [2024-09-29T10:42:26.844+0000] {dag.py:4180} INFO - Setting next_dagrun for example_dynamic_task_mapping to None, run_after=None
[2024-09-29T10:42:27.076+0000] {processor.py:208} INFO - Processing /home/airflow/.local/lib/python3.12/site-packages/airflow/example_dags/example_dynamic_task_mapping.py took 1.230 seconds
[2024-09-29T10:43:00.886+0000] {processor.py:186} INFO - Started process (PID=2788) to work on /home/airflow/.local/lib/python3.12/site-packages/airflow/example_dags/example_dynamic_task_mapping.py
[2024-09-29T10:43:00.889+0000] {processor.py:914} INFO - Processing file /home/airflow/.local/lib/python3.12/site-packages/airflow/example_dags/example_dynamic_task_mapping.py for tasks to queue
[2024-09-29T10:43:00.893+0000] {logging_mixin.py:190} INFO - [2024-09-29T10:43:00.893+0000] {dagbag.py:588} INFO - Filling up the DagBag from /home/airflow/.local/lib/python3.12/site-packages/airflow/example_dags/example_dynamic_task_mapping.py
[2024-09-29T10:43:00.913+0000] {processor.py:925} INFO - DAG(s) 'example_dynamic_task_mapping' retrieved from /home/airflow/.local/lib/python3.12/site-packages/airflow/example_dags/example_dynamic_task_mapping.py
[2024-09-29T10:43:00.961+0000] {logging_mixin.py:190} INFO - [2024-09-29T10:43:00.960+0000] {dag.py:3239} INFO - Sync 1 DAGs
[2024-09-29T10:43:00.994+0000] {logging_mixin.py:190} INFO - [2024-09-29T10:43:00.993+0000] {dag.py:4180} INFO - Setting next_dagrun for example_dynamic_task_mapping to None, run_after=None
[2024-09-29T10:43:01.035+0000] {processor.py:208} INFO - Processing /home/airflow/.local/lib/python3.12/site-packages/airflow/example_dags/example_dynamic_task_mapping.py took 0.160 seconds
[2024-09-29T10:43:32.679+0000] {processor.py:186} INFO - Started process (PID=3076) to work on /home/airflow/.local/lib/python3.12/site-packages/airflow/example_dags/example_dynamic_task_mapping.py
[2024-09-29T10:43:32.682+0000] {processor.py:914} INFO - Processing file /home/airflow/.local/lib/python3.12/site-packages/airflow/example_dags/example_dynamic_task_mapping.py for tasks to queue
[2024-09-29T10:43:32.687+0000] {logging_mixin.py:190} INFO - [2024-09-29T10:43:32.686+0000] {dagbag.py:588} INFO - Filling up the DagBag from /home/airflow/.local/lib/python3.12/site-packages/airflow/example_dags/example_dynamic_task_mapping.py
[2024-09-29T10:43:32.706+0000] {processor.py:925} INFO - DAG(s) 'example_dynamic_task_mapping' retrieved from /home/airflow/.local/lib/python3.12/site-packages/airflow/example_dags/example_dynamic_task_mapping.py
[2024-09-29T10:43:32.759+0000] {logging_mixin.py:190} INFO - [2024-09-29T10:43:32.758+0000] {dag.py:3239} INFO - Sync 1 DAGs
[2024-09-29T10:43:32.817+0000] {logging_mixin.py:190} INFO - [2024-09-29T10:43:32.817+0000] {dag.py:4180} INFO - Setting next_dagrun for example_dynamic_task_mapping to None, run_after=None
[2024-09-29T10:43:32.885+0000] {processor.py:208} INFO - Processing /home/airflow/.local/lib/python3.12/site-packages/airflow/example_dags/example_dynamic_task_mapping.py took 0.219 seconds
