[2024-09-29T10:38:02.623+0000] {processor.py:186} INFO - Started process (PID=357) to work on /home/airflow/.local/lib/python3.12/site-packages/airflow/example_dags/example_setup_teardown.py
[2024-09-29T10:38:02.625+0000] {processor.py:914} INFO - Processing file /home/airflow/.local/lib/python3.12/site-packages/airflow/example_dags/example_setup_teardown.py for tasks to queue
[2024-09-29T10:38:02.631+0000] {logging_mixin.py:190} INFO - [2024-09-29T10:38:02.630+0000] {dagbag.py:588} INFO - Filling up the DagBag from /home/airflow/.local/lib/python3.12/site-packages/airflow/example_dags/example_setup_teardown.py
[2024-09-29T10:38:02.652+0000] {processor.py:925} INFO - DAG(s) 'example_setup_teardown' retrieved from /home/airflow/.local/lib/python3.12/site-packages/airflow/example_dags/example_setup_teardown.py
[2024-09-29T10:38:02.942+0000] {logging_mixin.py:190} INFO - [2024-09-29T10:38:02.941+0000] {override.py:1900} INFO - Created Permission View: can edit on DAG:example_setup_teardown
[2024-09-29T10:38:03.024+0000] {logging_mixin.py:190} INFO - [2024-09-29T10:38:03.023+0000] {override.py:1900} INFO - Created Permission View: can read on DAG:example_setup_teardown
[2024-09-29T10:38:03.042+0000] {logging_mixin.py:190} INFO - [2024-09-29T10:38:03.042+0000] {override.py:1900} INFO - Created Permission View: can delete on DAG:example_setup_teardown
[2024-09-29T10:38:03.065+0000] {logging_mixin.py:190} INFO - [2024-09-29T10:38:03.064+0000] {override.py:1900} INFO - Created Permission View: can delete on DAG Run:example_setup_teardown
[2024-09-29T10:38:03.085+0000] {logging_mixin.py:190} INFO - [2024-09-29T10:38:03.084+0000] {override.py:1900} INFO - Created Permission View: can read on DAG Run:example_setup_teardown
[2024-09-29T10:38:03.112+0000] {logging_mixin.py:190} INFO - [2024-09-29T10:38:03.111+0000] {override.py:1900} INFO - Created Permission View: can create on DAG Run:example_setup_teardown
[2024-09-29T10:38:03.165+0000] {logging_mixin.py:190} INFO - [2024-09-29T10:38:03.164+0000] {override.py:1900} INFO - Created Permission View: menu access on DAG Run:example_setup_teardown
[2024-09-29T10:38:03.166+0000] {logging_mixin.py:190} INFO - [2024-09-29T10:38:03.166+0000] {dag.py:3239} INFO - Sync 1 DAGs
[2024-09-29T10:38:03.195+0000] {logging_mixin.py:190} INFO - [2024-09-29T10:38:03.194+0000] {dag.py:3262} INFO - Creating ORM DAG for example_setup_teardown
[2024-09-29T10:38:03.197+0000] {logging_mixin.py:190} INFO - [2024-09-29T10:38:03.196+0000] {dag.py:4180} INFO - Setting next_dagrun for example_setup_teardown to None, run_after=None
[2024-09-29T10:38:03.239+0000] {processor.py:208} INFO - Processing /home/airflow/.local/lib/python3.12/site-packages/airflow/example_dags/example_setup_teardown.py took 0.630 seconds
[2024-09-29T10:38:34.516+0000] {processor.py:186} INFO - Started process (PID=643) to work on /home/airflow/.local/lib/python3.12/site-packages/airflow/example_dags/example_setup_teardown.py
[2024-09-29T10:38:34.523+0000] {processor.py:914} INFO - Processing file /home/airflow/.local/lib/python3.12/site-packages/airflow/example_dags/example_setup_teardown.py for tasks to queue
[2024-09-29T10:38:34.531+0000] {logging_mixin.py:190} INFO - [2024-09-29T10:38:34.529+0000] {dagbag.py:588} INFO - Filling up the DagBag from /home/airflow/.local/lib/python3.12/site-packages/airflow/example_dags/example_setup_teardown.py
[2024-09-29T10:38:34.568+0000] {processor.py:925} INFO - DAG(s) 'example_setup_teardown' retrieved from /home/airflow/.local/lib/python3.12/site-packages/airflow/example_dags/example_setup_teardown.py
[2024-09-29T10:38:34.657+0000] {logging_mixin.py:190} INFO - [2024-09-29T10:38:34.657+0000] {dag.py:3239} INFO - Sync 1 DAGs
[2024-09-29T10:38:34.692+0000] {logging_mixin.py:190} INFO - [2024-09-29T10:38:34.691+0000] {dag.py:4180} INFO - Setting next_dagrun for example_setup_teardown to None, run_after=None
[2024-09-29T10:38:34.747+0000] {processor.py:208} INFO - Processing /home/airflow/.local/lib/python3.12/site-packages/airflow/example_dags/example_setup_teardown.py took 0.265 seconds
[2024-09-29T10:39:05.468+0000] {processor.py:186} INFO - Started process (PID=929) to work on /home/airflow/.local/lib/python3.12/site-packages/airflow/example_dags/example_setup_teardown.py
[2024-09-29T10:39:05.472+0000] {processor.py:914} INFO - Processing file /home/airflow/.local/lib/python3.12/site-packages/airflow/example_dags/example_setup_teardown.py for tasks to queue
[2024-09-29T10:39:05.477+0000] {logging_mixin.py:190} INFO - [2024-09-29T10:39:05.476+0000] {dagbag.py:588} INFO - Filling up the DagBag from /home/airflow/.local/lib/python3.12/site-packages/airflow/example_dags/example_setup_teardown.py
[2024-09-29T10:39:05.502+0000] {processor.py:925} INFO - DAG(s) 'example_setup_teardown' retrieved from /home/airflow/.local/lib/python3.12/site-packages/airflow/example_dags/example_setup_teardown.py
[2024-09-29T10:39:05.763+0000] {logging_mixin.py:190} INFO - [2024-09-29T10:39:05.762+0000] {dag.py:3239} INFO - Sync 1 DAGs
[2024-09-29T10:39:06.000+0000] {logging_mixin.py:190} INFO - [2024-09-29T10:39:06.000+0000] {dag.py:4180} INFO - Setting next_dagrun for example_setup_teardown to None, run_after=None
[2024-09-29T10:39:06.116+0000] {processor.py:208} INFO - Processing /home/airflow/.local/lib/python3.12/site-packages/airflow/example_dags/example_setup_teardown.py took 0.672 seconds
[2024-09-29T10:39:36.653+0000] {processor.py:186} INFO - Started process (PID=1210) to work on /home/airflow/.local/lib/python3.12/site-packages/airflow/example_dags/example_setup_teardown.py
[2024-09-29T10:39:36.656+0000] {processor.py:914} INFO - Processing file /home/airflow/.local/lib/python3.12/site-packages/airflow/example_dags/example_setup_teardown.py for tasks to queue
[2024-09-29T10:39:36.660+0000] {logging_mixin.py:190} INFO - [2024-09-29T10:39:36.659+0000] {dagbag.py:588} INFO - Filling up the DagBag from /home/airflow/.local/lib/python3.12/site-packages/airflow/example_dags/example_setup_teardown.py
[2024-09-29T10:39:36.677+0000] {processor.py:925} INFO - DAG(s) 'example_setup_teardown' retrieved from /home/airflow/.local/lib/python3.12/site-packages/airflow/example_dags/example_setup_teardown.py
[2024-09-29T10:39:36.722+0000] {logging_mixin.py:190} INFO - [2024-09-29T10:39:36.721+0000] {dag.py:3239} INFO - Sync 1 DAGs
[2024-09-29T10:39:36.749+0000] {logging_mixin.py:190} INFO - [2024-09-29T10:39:36.749+0000] {dag.py:4180} INFO - Setting next_dagrun for example_setup_teardown to None, run_after=None
[2024-09-29T10:39:36.787+0000] {processor.py:208} INFO - Processing /home/airflow/.local/lib/python3.12/site-packages/airflow/example_dags/example_setup_teardown.py took 0.145 seconds
[2024-09-29T10:40:07.800+0000] {processor.py:186} INFO - Started process (PID=1498) to work on /home/airflow/.local/lib/python3.12/site-packages/airflow/example_dags/example_setup_teardown.py
[2024-09-29T10:40:07.802+0000] {processor.py:914} INFO - Processing file /home/airflow/.local/lib/python3.12/site-packages/airflow/example_dags/example_setup_teardown.py for tasks to queue
[2024-09-29T10:40:07.810+0000] {logging_mixin.py:190} INFO - [2024-09-29T10:40:07.808+0000] {dagbag.py:588} INFO - Filling up the DagBag from /home/airflow/.local/lib/python3.12/site-packages/airflow/example_dags/example_setup_teardown.py
[2024-09-29T10:40:07.845+0000] {processor.py:925} INFO - DAG(s) 'example_setup_teardown' retrieved from /home/airflow/.local/lib/python3.12/site-packages/airflow/example_dags/example_setup_teardown.py
[2024-09-29T10:40:07.901+0000] {logging_mixin.py:190} INFO - [2024-09-29T10:40:07.901+0000] {dag.py:3239} INFO - Sync 1 DAGs
[2024-09-29T10:40:07.931+0000] {logging_mixin.py:190} INFO - [2024-09-29T10:40:07.931+0000] {dag.py:4180} INFO - Setting next_dagrun for example_setup_teardown to None, run_after=None
[2024-09-29T10:40:08.082+0000] {processor.py:208} INFO - Processing /home/airflow/.local/lib/python3.12/site-packages/airflow/example_dags/example_setup_teardown.py took 0.305 seconds
[2024-09-29T10:40:39.525+0000] {processor.py:186} INFO - Started process (PID=1784) to work on /home/airflow/.local/lib/python3.12/site-packages/airflow/example_dags/example_setup_teardown.py
[2024-09-29T10:40:39.528+0000] {processor.py:914} INFO - Processing file /home/airflow/.local/lib/python3.12/site-packages/airflow/example_dags/example_setup_teardown.py for tasks to queue
[2024-09-29T10:40:39.536+0000] {logging_mixin.py:190} INFO - [2024-09-29T10:40:39.535+0000] {dagbag.py:588} INFO - Filling up the DagBag from /home/airflow/.local/lib/python3.12/site-packages/airflow/example_dags/example_setup_teardown.py
[2024-09-29T10:40:39.558+0000] {processor.py:925} INFO - DAG(s) 'example_setup_teardown' retrieved from /home/airflow/.local/lib/python3.12/site-packages/airflow/example_dags/example_setup_teardown.py
[2024-09-29T10:40:39.613+0000] {logging_mixin.py:190} INFO - [2024-09-29T10:40:39.612+0000] {dag.py:3239} INFO - Sync 1 DAGs
[2024-09-29T10:40:39.654+0000] {logging_mixin.py:190} INFO - [2024-09-29T10:40:39.654+0000] {dag.py:4180} INFO - Setting next_dagrun for example_setup_teardown to None, run_after=None
[2024-09-29T10:40:39.715+0000] {processor.py:208} INFO - Processing /home/airflow/.local/lib/python3.12/site-packages/airflow/example_dags/example_setup_teardown.py took 0.210 seconds
[2024-09-29T10:41:13.075+0000] {processor.py:186} INFO - Started process (PID=2081) to work on /home/airflow/.local/lib/python3.12/site-packages/airflow/example_dags/example_setup_teardown.py
[2024-09-29T10:41:13.077+0000] {processor.py:914} INFO - Processing file /home/airflow/.local/lib/python3.12/site-packages/airflow/example_dags/example_setup_teardown.py for tasks to queue
[2024-09-29T10:41:13.082+0000] {logging_mixin.py:190} INFO - [2024-09-29T10:41:13.081+0000] {dagbag.py:588} INFO - Filling up the DagBag from /home/airflow/.local/lib/python3.12/site-packages/airflow/example_dags/example_setup_teardown.py
[2024-09-29T10:41:13.100+0000] {processor.py:925} INFO - DAG(s) 'example_setup_teardown' retrieved from /home/airflow/.local/lib/python3.12/site-packages/airflow/example_dags/example_setup_teardown.py
[2024-09-29T10:41:13.150+0000] {logging_mixin.py:190} INFO - [2024-09-29T10:41:13.149+0000] {dag.py:3239} INFO - Sync 1 DAGs
[2024-09-29T10:41:13.191+0000] {logging_mixin.py:190} INFO - [2024-09-29T10:41:13.190+0000] {dag.py:4180} INFO - Setting next_dagrun for example_setup_teardown to None, run_after=None
[2024-09-29T10:41:13.251+0000] {processor.py:208} INFO - Processing /home/airflow/.local/lib/python3.12/site-packages/airflow/example_dags/example_setup_teardown.py took 0.189 seconds
[2024-09-29T10:41:53.972+0000] {processor.py:186} INFO - Started process (PID=2365) to work on /home/airflow/.local/lib/python3.12/site-packages/airflow/example_dags/example_setup_teardown.py
[2024-09-29T10:41:53.976+0000] {processor.py:914} INFO - Processing file /home/airflow/.local/lib/python3.12/site-packages/airflow/example_dags/example_setup_teardown.py for tasks to queue
[2024-09-29T10:41:53.982+0000] {logging_mixin.py:190} INFO - [2024-09-29T10:41:53.981+0000] {dagbag.py:588} INFO - Filling up the DagBag from /home/airflow/.local/lib/python3.12/site-packages/airflow/example_dags/example_setup_teardown.py
[2024-09-29T10:41:54.008+0000] {processor.py:925} INFO - DAG(s) 'example_setup_teardown' retrieved from /home/airflow/.local/lib/python3.12/site-packages/airflow/example_dags/example_setup_teardown.py
[2024-09-29T10:41:54.079+0000] {logging_mixin.py:190} INFO - [2024-09-29T10:41:54.078+0000] {dag.py:3239} INFO - Sync 1 DAGs
[2024-09-29T10:41:54.125+0000] {logging_mixin.py:190} INFO - [2024-09-29T10:41:54.124+0000] {dag.py:4180} INFO - Setting next_dagrun for example_setup_teardown to None, run_after=None
[2024-09-29T10:41:54.178+0000] {processor.py:208} INFO - Processing /home/airflow/.local/lib/python3.12/site-packages/airflow/example_dags/example_setup_teardown.py took 0.222 seconds
[2024-09-29T10:42:36.867+0000] {processor.py:186} INFO - Started process (PID=2622) to work on /home/airflow/.local/lib/python3.12/site-packages/airflow/example_dags/example_setup_teardown.py
[2024-09-29T10:42:36.871+0000] {processor.py:914} INFO - Processing file /home/airflow/.local/lib/python3.12/site-packages/airflow/example_dags/example_setup_teardown.py for tasks to queue
[2024-09-29T10:42:36.880+0000] {logging_mixin.py:190} INFO - [2024-09-29T10:42:36.879+0000] {dagbag.py:588} INFO - Filling up the DagBag from /home/airflow/.local/lib/python3.12/site-packages/airflow/example_dags/example_setup_teardown.py
[2024-09-29T10:42:36.909+0000] {processor.py:925} INFO - DAG(s) 'example_setup_teardown' retrieved from /home/airflow/.local/lib/python3.12/site-packages/airflow/example_dags/example_setup_teardown.py
[2024-09-29T10:42:37.033+0000] {logging_mixin.py:190} INFO - [2024-09-29T10:42:37.033+0000] {dag.py:3239} INFO - Sync 1 DAGs
[2024-09-29T10:42:37.075+0000] {logging_mixin.py:190} INFO - [2024-09-29T10:42:37.074+0000] {dag.py:4180} INFO - Setting next_dagrun for example_setup_teardown to None, run_after=None
[2024-09-29T10:42:37.264+0000] {processor.py:208} INFO - Processing /home/airflow/.local/lib/python3.12/site-packages/airflow/example_dags/example_setup_teardown.py took 0.417 seconds
[2024-09-29T10:43:08.064+0000] {processor.py:186} INFO - Started process (PID=2908) to work on /home/airflow/.local/lib/python3.12/site-packages/airflow/example_dags/example_setup_teardown.py
[2024-09-29T10:43:08.067+0000] {processor.py:914} INFO - Processing file /home/airflow/.local/lib/python3.12/site-packages/airflow/example_dags/example_setup_teardown.py for tasks to queue
[2024-09-29T10:43:08.072+0000] {logging_mixin.py:190} INFO - [2024-09-29T10:43:08.071+0000] {dagbag.py:588} INFO - Filling up the DagBag from /home/airflow/.local/lib/python3.12/site-packages/airflow/example_dags/example_setup_teardown.py
[2024-09-29T10:43:08.093+0000] {processor.py:925} INFO - DAG(s) 'example_setup_teardown' retrieved from /home/airflow/.local/lib/python3.12/site-packages/airflow/example_dags/example_setup_teardown.py
[2024-09-29T10:43:08.140+0000] {logging_mixin.py:190} INFO - [2024-09-29T10:43:08.139+0000] {dag.py:3239} INFO - Sync 1 DAGs
[2024-09-29T10:43:08.175+0000] {logging_mixin.py:190} INFO - [2024-09-29T10:43:08.174+0000] {dag.py:4180} INFO - Setting next_dagrun for example_setup_teardown to None, run_after=None
[2024-09-29T10:43:08.215+0000] {processor.py:208} INFO - Processing /home/airflow/.local/lib/python3.12/site-packages/airflow/example_dags/example_setup_teardown.py took 0.165 seconds
[2024-09-29T10:43:41.963+0000] {processor.py:186} INFO - Started process (PID=3194) to work on /home/airflow/.local/lib/python3.12/site-packages/airflow/example_dags/example_setup_teardown.py
[2024-09-29T10:43:42.068+0000] {processor.py:914} INFO - Processing file /home/airflow/.local/lib/python3.12/site-packages/airflow/example_dags/example_setup_teardown.py for tasks to queue
[2024-09-29T10:43:42.077+0000] {logging_mixin.py:190} INFO - [2024-09-29T10:43:42.076+0000] {dagbag.py:588} INFO - Filling up the DagBag from /home/airflow/.local/lib/python3.12/site-packages/airflow/example_dags/example_setup_teardown.py
[2024-09-29T10:43:42.098+0000] {processor.py:925} INFO - DAG(s) 'example_setup_teardown' retrieved from /home/airflow/.local/lib/python3.12/site-packages/airflow/example_dags/example_setup_teardown.py
[2024-09-29T10:43:42.244+0000] {logging_mixin.py:190} INFO - [2024-09-29T10:43:42.243+0000] {dag.py:3239} INFO - Sync 1 DAGs
[2024-09-29T10:43:42.277+0000] {logging_mixin.py:190} INFO - [2024-09-29T10:43:42.277+0000] {dag.py:4180} INFO - Setting next_dagrun for example_setup_teardown to None, run_after=None
[2024-09-29T10:43:42.534+0000] {processor.py:208} INFO - Processing /home/airflow/.local/lib/python3.12/site-packages/airflow/example_dags/example_setup_teardown.py took 0.582 seconds
