[2024-09-29T10:38:12.248+0000] {processor.py:186} INFO - Started process (PID=413) to work on /home/airflow/.local/lib/python3.12/site-packages/airflow/example_dags/example_bash_decorator.py
[2024-09-29T10:38:12.252+0000] {processor.py:914} INFO - Processing file /home/airflow/.local/lib/python3.12/site-packages/airflow/example_dags/example_bash_decorator.py for tasks to queue
[2024-09-29T10:38:12.257+0000] {logging_mixin.py:190} INFO - [2024-09-29T10:38:12.256+0000] {dagbag.py:588} INFO - Filling up the DagBag from /home/airflow/.local/lib/python3.12/site-packages/airflow/example_dags/example_bash_decorator.py
[2024-09-29T10:38:12.296+0000] {processor.py:925} INFO - DAG(s) 'example_bash_decorator' retrieved from /home/airflow/.local/lib/python3.12/site-packages/airflow/example_dags/example_bash_decorator.py
[2024-09-29T10:38:12.613+0000] {logging_mixin.py:190} INFO - [2024-09-29T10:38:12.612+0000] {override.py:1900} INFO - Created Permission View: can edit on DAG:example_bash_decorator
[2024-09-29T10:38:12.640+0000] {logging_mixin.py:190} INFO - [2024-09-29T10:38:12.639+0000] {override.py:1900} INFO - Created Permission View: can read on DAG:example_bash_decorator
[2024-09-29T10:38:12.659+0000] {logging_mixin.py:190} INFO - [2024-09-29T10:38:12.658+0000] {override.py:1900} INFO - Created Permission View: can delete on DAG:example_bash_decorator
[2024-09-29T10:38:12.681+0000] {logging_mixin.py:190} INFO - [2024-09-29T10:38:12.680+0000] {override.py:1900} INFO - Created Permission View: can delete on DAG Run:example_bash_decorator
[2024-09-29T10:38:12.701+0000] {logging_mixin.py:190} INFO - [2024-09-29T10:38:12.700+0000] {override.py:1900} INFO - Created Permission View: can read on DAG Run:example_bash_decorator
[2024-09-29T10:38:12.720+0000] {logging_mixin.py:190} INFO - [2024-09-29T10:38:12.719+0000] {override.py:1900} INFO - Created Permission View: can create on DAG Run:example_bash_decorator
[2024-09-29T10:38:12.738+0000] {logging_mixin.py:190} INFO - [2024-09-29T10:38:12.738+0000] {override.py:1900} INFO - Created Permission View: menu access on DAG Run:example_bash_decorator
[2024-09-29T10:38:12.740+0000] {logging_mixin.py:190} INFO - [2024-09-29T10:38:12.740+0000] {dag.py:3239} INFO - Sync 1 DAGs
[2024-09-29T10:38:12.777+0000] {logging_mixin.py:190} INFO - [2024-09-29T10:38:12.777+0000] {dag.py:3262} INFO - Creating ORM DAG for example_bash_decorator
[2024-09-29T10:38:12.781+0000] {logging_mixin.py:190} INFO - [2024-09-29T10:38:12.780+0000] {dag.py:4180} INFO - Setting next_dagrun for example_bash_decorator to None, run_after=None
[2024-09-29T10:38:12.828+0000] {processor.py:208} INFO - Processing /home/airflow/.local/lib/python3.12/site-packages/airflow/example_dags/example_bash_decorator.py took 0.591 seconds
[2024-09-29T10:38:43.024+0000] {processor.py:186} INFO - Started process (PID=701) to work on /home/airflow/.local/lib/python3.12/site-packages/airflow/example_dags/example_bash_decorator.py
[2024-09-29T10:38:43.027+0000] {processor.py:914} INFO - Processing file /home/airflow/.local/lib/python3.12/site-packages/airflow/example_dags/example_bash_decorator.py for tasks to queue
[2024-09-29T10:38:43.035+0000] {logging_mixin.py:190} INFO - [2024-09-29T10:38:43.034+0000] {dagbag.py:588} INFO - Filling up the DagBag from /home/airflow/.local/lib/python3.12/site-packages/airflow/example_dags/example_bash_decorator.py
[2024-09-29T10:38:43.070+0000] {processor.py:925} INFO - DAG(s) 'example_bash_decorator' retrieved from /home/airflow/.local/lib/python3.12/site-packages/airflow/example_dags/example_bash_decorator.py
[2024-09-29T10:38:43.129+0000] {logging_mixin.py:190} INFO - [2024-09-29T10:38:43.128+0000] {dag.py:3239} INFO - Sync 1 DAGs
[2024-09-29T10:38:43.161+0000] {logging_mixin.py:190} INFO - [2024-09-29T10:38:43.161+0000] {dag.py:4180} INFO - Setting next_dagrun for example_bash_decorator to None, run_after=None
[2024-09-29T10:38:43.233+0000] {processor.py:208} INFO - Processing /home/airflow/.local/lib/python3.12/site-packages/airflow/example_dags/example_bash_decorator.py took 0.225 seconds
[2024-09-29T10:39:17.677+0000] {processor.py:186} INFO - Started process (PID=985) to work on /home/airflow/.local/lib/python3.12/site-packages/airflow/example_dags/example_bash_decorator.py
[2024-09-29T10:39:17.684+0000] {processor.py:914} INFO - Processing file /home/airflow/.local/lib/python3.12/site-packages/airflow/example_dags/example_bash_decorator.py for tasks to queue
[2024-09-29T10:39:17.695+0000] {logging_mixin.py:190} INFO - [2024-09-29T10:39:17.694+0000] {dagbag.py:588} INFO - Filling up the DagBag from /home/airflow/.local/lib/python3.12/site-packages/airflow/example_dags/example_bash_decorator.py
[2024-09-29T10:39:17.813+0000] {processor.py:925} INFO - DAG(s) 'example_bash_decorator' retrieved from /home/airflow/.local/lib/python3.12/site-packages/airflow/example_dags/example_bash_decorator.py
[2024-09-29T10:39:17.951+0000] {logging_mixin.py:190} INFO - [2024-09-29T10:39:17.950+0000] {dag.py:3239} INFO - Sync 1 DAGs
[2024-09-29T10:39:18.081+0000] {logging_mixin.py:190} INFO - [2024-09-29T10:39:18.080+0000] {dag.py:4180} INFO - Setting next_dagrun for example_bash_decorator to None, run_after=None
[2024-09-29T10:39:18.198+0000] {processor.py:208} INFO - Processing /home/airflow/.local/lib/python3.12/site-packages/airflow/example_dags/example_bash_decorator.py took 0.571 seconds
[2024-09-29T10:39:49.023+0000] {processor.py:186} INFO - Started process (PID=1272) to work on /home/airflow/.local/lib/python3.12/site-packages/airflow/example_dags/example_bash_decorator.py
[2024-09-29T10:39:49.024+0000] {processor.py:914} INFO - Processing file /home/airflow/.local/lib/python3.12/site-packages/airflow/example_dags/example_bash_decorator.py for tasks to queue
[2024-09-29T10:39:49.029+0000] {logging_mixin.py:190} INFO - [2024-09-29T10:39:49.028+0000] {dagbag.py:588} INFO - Filling up the DagBag from /home/airflow/.local/lib/python3.12/site-packages/airflow/example_dags/example_bash_decorator.py
[2024-09-29T10:39:49.059+0000] {processor.py:925} INFO - DAG(s) 'example_bash_decorator' retrieved from /home/airflow/.local/lib/python3.12/site-packages/airflow/example_dags/example_bash_decorator.py
[2024-09-29T10:39:49.132+0000] {logging_mixin.py:190} INFO - [2024-09-29T10:39:49.132+0000] {dag.py:3239} INFO - Sync 1 DAGs
[2024-09-29T10:39:49.178+0000] {logging_mixin.py:190} INFO - [2024-09-29T10:39:49.177+0000] {dag.py:4180} INFO - Setting next_dagrun for example_bash_decorator to None, run_after=None
[2024-09-29T10:39:49.234+0000] {processor.py:208} INFO - Processing /home/airflow/.local/lib/python3.12/site-packages/airflow/example_dags/example_bash_decorator.py took 0.223 seconds
[2024-09-29T10:40:20.191+0000] {processor.py:186} INFO - Started process (PID=1557) to work on /home/airflow/.local/lib/python3.12/site-packages/airflow/example_dags/example_bash_decorator.py
[2024-09-29T10:40:20.193+0000] {processor.py:914} INFO - Processing file /home/airflow/.local/lib/python3.12/site-packages/airflow/example_dags/example_bash_decorator.py for tasks to queue
[2024-09-29T10:40:20.198+0000] {logging_mixin.py:190} INFO - [2024-09-29T10:40:20.198+0000] {dagbag.py:588} INFO - Filling up the DagBag from /home/airflow/.local/lib/python3.12/site-packages/airflow/example_dags/example_bash_decorator.py
[2024-09-29T10:40:20.223+0000] {processor.py:925} INFO - DAG(s) 'example_bash_decorator' retrieved from /home/airflow/.local/lib/python3.12/site-packages/airflow/example_dags/example_bash_decorator.py
[2024-09-29T10:40:20.288+0000] {logging_mixin.py:190} INFO - [2024-09-29T10:40:20.287+0000] {dag.py:3239} INFO - Sync 1 DAGs
[2024-09-29T10:40:20.316+0000] {logging_mixin.py:190} INFO - [2024-09-29T10:40:20.316+0000] {dag.py:4180} INFO - Setting next_dagrun for example_bash_decorator to None, run_after=None
[2024-09-29T10:40:20.610+0000] {processor.py:208} INFO - Processing /home/airflow/.local/lib/python3.12/site-packages/airflow/example_dags/example_bash_decorator.py took 0.431 seconds
[2024-09-29T10:40:54.782+0000] {processor.py:186} INFO - Started process (PID=1845) to work on /home/airflow/.local/lib/python3.12/site-packages/airflow/example_dags/example_bash_decorator.py
[2024-09-29T10:40:54.786+0000] {processor.py:914} INFO - Processing file /home/airflow/.local/lib/python3.12/site-packages/airflow/example_dags/example_bash_decorator.py for tasks to queue
[2024-09-29T10:40:54.794+0000] {logging_mixin.py:190} INFO - [2024-09-29T10:40:54.793+0000] {dagbag.py:588} INFO - Filling up the DagBag from /home/airflow/.local/lib/python3.12/site-packages/airflow/example_dags/example_bash_decorator.py
[2024-09-29T10:40:54.852+0000] {processor.py:925} INFO - DAG(s) 'example_bash_decorator' retrieved from /home/airflow/.local/lib/python3.12/site-packages/airflow/example_dags/example_bash_decorator.py
[2024-09-29T10:40:55.012+0000] {logging_mixin.py:190} INFO - [2024-09-29T10:40:55.011+0000] {dag.py:3239} INFO - Sync 1 DAGs
[2024-09-29T10:40:55.151+0000] {logging_mixin.py:190} INFO - [2024-09-29T10:40:55.149+0000] {dag.py:4180} INFO - Setting next_dagrun for example_bash_decorator to None, run_after=None
[2024-09-29T10:40:55.269+0000] {processor.py:208} INFO - Processing /home/airflow/.local/lib/python3.12/site-packages/airflow/example_dags/example_bash_decorator.py took 0.505 seconds
[2024-09-29T10:41:26.744+0000] {processor.py:186} INFO - Started process (PID=2129) to work on /home/airflow/.local/lib/python3.12/site-packages/airflow/example_dags/example_bash_decorator.py
[2024-09-29T10:41:26.750+0000] {processor.py:914} INFO - Processing file /home/airflow/.local/lib/python3.12/site-packages/airflow/example_dags/example_bash_decorator.py for tasks to queue
[2024-09-29T10:41:26.773+0000] {logging_mixin.py:190} INFO - [2024-09-29T10:41:26.769+0000] {dagbag.py:588} INFO - Filling up the DagBag from /home/airflow/.local/lib/python3.12/site-packages/airflow/example_dags/example_bash_decorator.py
[2024-09-29T10:41:26.897+0000] {processor.py:925} INFO - DAG(s) 'example_bash_decorator' retrieved from /home/airflow/.local/lib/python3.12/site-packages/airflow/example_dags/example_bash_decorator.py
[2024-09-29T10:41:27.108+0000] {logging_mixin.py:190} INFO - [2024-09-29T10:41:27.107+0000] {dag.py:3239} INFO - Sync 1 DAGs
[2024-09-29T10:41:27.213+0000] {logging_mixin.py:190} INFO - [2024-09-29T10:41:27.213+0000] {dag.py:4180} INFO - Setting next_dagrun for example_bash_decorator to None, run_after=None
[2024-09-29T10:41:27.389+0000] {processor.py:208} INFO - Processing /home/airflow/.local/lib/python3.12/site-packages/airflow/example_dags/example_bash_decorator.py took 0.712 seconds
[2024-09-29T10:41:58.054+0000] {processor.py:186} INFO - Started process (PID=2415) to work on /home/airflow/.local/lib/python3.12/site-packages/airflow/example_dags/example_bash_decorator.py
[2024-09-29T10:41:58.059+0000] {processor.py:914} INFO - Processing file /home/airflow/.local/lib/python3.12/site-packages/airflow/example_dags/example_bash_decorator.py for tasks to queue
[2024-09-29T10:41:58.071+0000] {logging_mixin.py:190} INFO - [2024-09-29T10:41:58.070+0000] {dagbag.py:588} INFO - Filling up the DagBag from /home/airflow/.local/lib/python3.12/site-packages/airflow/example_dags/example_bash_decorator.py
[2024-09-29T10:41:58.127+0000] {processor.py:925} INFO - DAG(s) 'example_bash_decorator' retrieved from /home/airflow/.local/lib/python3.12/site-packages/airflow/example_dags/example_bash_decorator.py
[2024-09-29T10:41:58.260+0000] {logging_mixin.py:190} INFO - [2024-09-29T10:41:58.259+0000] {dag.py:3239} INFO - Sync 1 DAGs
[2024-09-29T10:41:58.389+0000] {logging_mixin.py:190} INFO - [2024-09-29T10:41:58.387+0000] {dag.py:4180} INFO - Setting next_dagrun for example_bash_decorator to None, run_after=None
[2024-09-29T10:41:58.498+0000] {processor.py:208} INFO - Processing /home/airflow/.local/lib/python3.12/site-packages/airflow/example_dags/example_bash_decorator.py took 0.493 seconds
[2024-09-29T10:42:44.513+0000] {processor.py:186} INFO - Started process (PID=2672) to work on /home/airflow/.local/lib/python3.12/site-packages/airflow/example_dags/example_bash_decorator.py
[2024-09-29T10:42:44.524+0000] {processor.py:914} INFO - Processing file /home/airflow/.local/lib/python3.12/site-packages/airflow/example_dags/example_bash_decorator.py for tasks to queue
[2024-09-29T10:42:44.583+0000] {logging_mixin.py:190} INFO - [2024-09-29T10:42:44.574+0000] {dagbag.py:588} INFO - Filling up the DagBag from /home/airflow/.local/lib/python3.12/site-packages/airflow/example_dags/example_bash_decorator.py
[2024-09-29T10:42:45.861+0000] {processor.py:925} INFO - DAG(s) 'example_bash_decorator' retrieved from /home/airflow/.local/lib/python3.12/site-packages/airflow/example_dags/example_bash_decorator.py
[2024-09-29T10:42:46.231+0000] {logging_mixin.py:190} INFO - [2024-09-29T10:42:46.231+0000] {dag.py:3239} INFO - Sync 1 DAGs
[2024-09-29T10:42:46.268+0000] {logging_mixin.py:190} INFO - [2024-09-29T10:42:46.267+0000] {dag.py:4180} INFO - Setting next_dagrun for example_bash_decorator to None, run_after=None
[2024-09-29T10:42:46.510+0000] {processor.py:208} INFO - Processing /home/airflow/.local/lib/python3.12/site-packages/airflow/example_dags/example_bash_decorator.py took 2.099 seconds
[2024-09-29T10:43:16.898+0000] {processor.py:186} INFO - Started process (PID=2960) to work on /home/airflow/.local/lib/python3.12/site-packages/airflow/example_dags/example_bash_decorator.py
[2024-09-29T10:43:16.901+0000] {processor.py:914} INFO - Processing file /home/airflow/.local/lib/python3.12/site-packages/airflow/example_dags/example_bash_decorator.py for tasks to queue
[2024-09-29T10:43:16.906+0000] {logging_mixin.py:190} INFO - [2024-09-29T10:43:16.906+0000] {dagbag.py:588} INFO - Filling up the DagBag from /home/airflow/.local/lib/python3.12/site-packages/airflow/example_dags/example_bash_decorator.py
[2024-09-29T10:43:16.948+0000] {processor.py:925} INFO - DAG(s) 'example_bash_decorator' retrieved from /home/airflow/.local/lib/python3.12/site-packages/airflow/example_dags/example_bash_decorator.py
[2024-09-29T10:43:17.056+0000] {logging_mixin.py:190} INFO - [2024-09-29T10:43:17.055+0000] {dag.py:3239} INFO - Sync 1 DAGs
[2024-09-29T10:43:17.102+0000] {logging_mixin.py:190} INFO - [2024-09-29T10:43:17.101+0000] {dag.py:4180} INFO - Setting next_dagrun for example_bash_decorator to None, run_after=None
[2024-09-29T10:43:17.153+0000] {processor.py:208} INFO - Processing /home/airflow/.local/lib/python3.12/site-packages/airflow/example_dags/example_bash_decorator.py took 0.270 seconds
