[2024-09-29T10:37:40.889+0000] {processor.py:186} INFO - Started process (PID=214) to work on /home/airflow/.local/lib/python3.12/site-packages/airflow/example_dags/example_skip_dag.py
[2024-09-29T10:37:40.894+0000] {processor.py:914} INFO - Processing file /home/airflow/.local/lib/python3.12/site-packages/airflow/example_dags/example_skip_dag.py for tasks to queue
[2024-09-29T10:37:40.912+0000] {logging_mixin.py:190} INFO - [2024-09-29T10:37:40.910+0000] {dagbag.py:588} INFO - Filling up the DagBag from /home/airflow/.local/lib/python3.12/site-packages/airflow/example_dags/example_skip_dag.py
[2024-09-29T10:37:41.075+0000] {processor.py:925} INFO - DAG(s) 'example_skip_dag' retrieved from /home/airflow/.local/lib/python3.12/site-packages/airflow/example_dags/example_skip_dag.py
[2024-09-29T10:37:42.602+0000] {logging_mixin.py:190} INFO - [2024-09-29T10:37:42.600+0000] {override.py:1900} INFO - Created Permission View: can edit on DAG:example_skip_dag
[2024-09-29T10:37:42.663+0000] {logging_mixin.py:190} INFO - [2024-09-29T10:37:42.661+0000] {override.py:1900} INFO - Created Permission View: can read on DAG:example_skip_dag
[2024-09-29T10:37:42.769+0000] {logging_mixin.py:190} INFO - [2024-09-29T10:37:42.768+0000] {override.py:1900} INFO - Created Permission View: can delete on DAG:example_skip_dag
[2024-09-29T10:37:42.804+0000] {logging_mixin.py:190} INFO - [2024-09-29T10:37:42.803+0000] {override.py:1900} INFO - Created Permission View: can delete on DAG Run:example_skip_dag
[2024-09-29T10:37:42.837+0000] {logging_mixin.py:190} INFO - [2024-09-29T10:37:42.836+0000] {override.py:1900} INFO - Created Permission View: can read on DAG Run:example_skip_dag
[2024-09-29T10:37:42.881+0000] {logging_mixin.py:190} INFO - [2024-09-29T10:37:42.878+0000] {override.py:1900} INFO - Created Permission View: can create on DAG Run:example_skip_dag
[2024-09-29T10:37:42.926+0000] {logging_mixin.py:190} INFO - [2024-09-29T10:37:42.925+0000] {override.py:1900} INFO - Created Permission View: menu access on DAG Run:example_skip_dag
[2024-09-29T10:37:42.929+0000] {logging_mixin.py:190} INFO - [2024-09-29T10:37:42.928+0000] {dag.py:3239} INFO - Sync 1 DAGs
[2024-09-29T10:37:43.010+0000] {logging_mixin.py:190} INFO - [2024-09-29T10:37:43.009+0000] {dag.py:3262} INFO - Creating ORM DAG for example_skip_dag
[2024-09-29T10:37:43.086+0000] {logging_mixin.py:190} INFO - [2024-09-29T10:37:43.085+0000] {dag.py:4180} INFO - Setting next_dagrun for example_skip_dag to 2024-09-28 00:00:00+00:00, run_after=2024-09-29 00:00:00+00:00
[2024-09-29T10:37:43.175+0000] {processor.py:208} INFO - Processing /home/airflow/.local/lib/python3.12/site-packages/airflow/example_dags/example_skip_dag.py took 2.369 seconds
[2024-09-29T10:38:17.465+0000] {processor.py:186} INFO - Started process (PID=498) to work on /home/airflow/.local/lib/python3.12/site-packages/airflow/example_dags/example_skip_dag.py
[2024-09-29T10:38:17.469+0000] {processor.py:914} INFO - Processing file /home/airflow/.local/lib/python3.12/site-packages/airflow/example_dags/example_skip_dag.py for tasks to queue
[2024-09-29T10:38:17.475+0000] {logging_mixin.py:190} INFO - [2024-09-29T10:38:17.474+0000] {dagbag.py:588} INFO - Filling up the DagBag from /home/airflow/.local/lib/python3.12/site-packages/airflow/example_dags/example_skip_dag.py
[2024-09-29T10:38:17.495+0000] {processor.py:925} INFO - DAG(s) 'example_skip_dag' retrieved from /home/airflow/.local/lib/python3.12/site-packages/airflow/example_dags/example_skip_dag.py
[2024-09-29T10:38:17.549+0000] {logging_mixin.py:190} INFO - [2024-09-29T10:38:17.548+0000] {dag.py:3239} INFO - Sync 1 DAGs
[2024-09-29T10:38:17.618+0000] {logging_mixin.py:190} INFO - [2024-09-29T10:38:17.618+0000] {dag.py:4180} INFO - Setting next_dagrun for example_skip_dag to 2024-09-28 00:00:00+00:00, run_after=2024-09-29 00:00:00+00:00
[2024-09-29T10:38:17.726+0000] {processor.py:208} INFO - Processing /home/airflow/.local/lib/python3.12/site-packages/airflow/example_dags/example_skip_dag.py took 0.272 seconds
[2024-09-29T10:38:47.979+0000] {processor.py:186} INFO - Started process (PID=764) to work on /home/airflow/.local/lib/python3.12/site-packages/airflow/example_dags/example_skip_dag.py
[2024-09-29T10:38:47.981+0000] {processor.py:914} INFO - Processing file /home/airflow/.local/lib/python3.12/site-packages/airflow/example_dags/example_skip_dag.py for tasks to queue
[2024-09-29T10:38:47.987+0000] {logging_mixin.py:190} INFO - [2024-09-29T10:38:47.986+0000] {dagbag.py:588} INFO - Filling up the DagBag from /home/airflow/.local/lib/python3.12/site-packages/airflow/example_dags/example_skip_dag.py
[2024-09-29T10:38:48.001+0000] {processor.py:925} INFO - DAG(s) 'example_skip_dag' retrieved from /home/airflow/.local/lib/python3.12/site-packages/airflow/example_dags/example_skip_dag.py
[2024-09-29T10:38:48.059+0000] {logging_mixin.py:190} INFO - [2024-09-29T10:38:48.058+0000] {dag.py:3239} INFO - Sync 1 DAGs
[2024-09-29T10:38:48.203+0000] {logging_mixin.py:190} INFO - [2024-09-29T10:38:48.202+0000] {dag.py:4180} INFO - Setting next_dagrun for example_skip_dag to 2024-09-28 00:00:00+00:00, run_after=2024-09-29 00:00:00+00:00
[2024-09-29T10:38:48.259+0000] {processor.py:208} INFO - Processing /home/airflow/.local/lib/python3.12/site-packages/airflow/example_dags/example_skip_dag.py took 0.294 seconds
[2024-09-29T10:39:22.862+0000] {processor.py:186} INFO - Started process (PID=1020) to work on /home/airflow/.local/lib/python3.12/site-packages/airflow/example_dags/example_skip_dag.py
[2024-09-29T10:39:22.866+0000] {processor.py:914} INFO - Processing file /home/airflow/.local/lib/python3.12/site-packages/airflow/example_dags/example_skip_dag.py for tasks to queue
[2024-09-29T10:39:22.873+0000] {logging_mixin.py:190} INFO - [2024-09-29T10:39:22.872+0000] {dagbag.py:588} INFO - Filling up the DagBag from /home/airflow/.local/lib/python3.12/site-packages/airflow/example_dags/example_skip_dag.py
[2024-09-29T10:39:22.892+0000] {processor.py:925} INFO - DAG(s) 'example_skip_dag' retrieved from /home/airflow/.local/lib/python3.12/site-packages/airflow/example_dags/example_skip_dag.py
[2024-09-29T10:39:22.944+0000] {logging_mixin.py:190} INFO - [2024-09-29T10:39:22.943+0000] {dag.py:3239} INFO - Sync 1 DAGs
[2024-09-29T10:39:23.061+0000] {logging_mixin.py:190} INFO - [2024-09-29T10:39:23.060+0000] {dag.py:4180} INFO - Setting next_dagrun for example_skip_dag to 2024-09-28 00:00:00+00:00, run_after=2024-09-29 00:00:00+00:00
[2024-09-29T10:39:23.118+0000] {processor.py:208} INFO - Processing /home/airflow/.local/lib/python3.12/site-packages/airflow/example_dags/example_skip_dag.py took 0.271 seconds
[2024-09-29T10:39:53.217+0000] {processor.py:186} INFO - Started process (PID=1306) to work on /home/airflow/.local/lib/python3.12/site-packages/airflow/example_dags/example_skip_dag.py
[2024-09-29T10:39:53.219+0000] {processor.py:914} INFO - Processing file /home/airflow/.local/lib/python3.12/site-packages/airflow/example_dags/example_skip_dag.py for tasks to queue
[2024-09-29T10:39:53.224+0000] {logging_mixin.py:190} INFO - [2024-09-29T10:39:53.223+0000] {dagbag.py:588} INFO - Filling up the DagBag from /home/airflow/.local/lib/python3.12/site-packages/airflow/example_dags/example_skip_dag.py
[2024-09-29T10:39:53.242+0000] {processor.py:925} INFO - DAG(s) 'example_skip_dag' retrieved from /home/airflow/.local/lib/python3.12/site-packages/airflow/example_dags/example_skip_dag.py
[2024-09-29T10:39:53.291+0000] {logging_mixin.py:190} INFO - [2024-09-29T10:39:53.291+0000] {dag.py:3239} INFO - Sync 1 DAGs
[2024-09-29T10:39:53.343+0000] {logging_mixin.py:190} INFO - [2024-09-29T10:39:53.343+0000] {dag.py:4180} INFO - Setting next_dagrun for example_skip_dag to 2024-09-28 00:00:00+00:00, run_after=2024-09-29 00:00:00+00:00
[2024-09-29T10:39:53.588+0000] {processor.py:208} INFO - Processing /home/airflow/.local/lib/python3.12/site-packages/airflow/example_dags/example_skip_dag.py took 0.383 seconds
[2024-09-29T10:40:23.895+0000] {processor.py:186} INFO - Started process (PID=1589) to work on /home/airflow/.local/lib/python3.12/site-packages/airflow/example_dags/example_skip_dag.py
[2024-09-29T10:40:23.898+0000] {processor.py:914} INFO - Processing file /home/airflow/.local/lib/python3.12/site-packages/airflow/example_dags/example_skip_dag.py for tasks to queue
[2024-09-29T10:40:23.906+0000] {logging_mixin.py:190} INFO - [2024-09-29T10:40:23.905+0000] {dagbag.py:588} INFO - Filling up the DagBag from /home/airflow/.local/lib/python3.12/site-packages/airflow/example_dags/example_skip_dag.py
[2024-09-29T10:40:23.931+0000] {processor.py:925} INFO - DAG(s) 'example_skip_dag' retrieved from /home/airflow/.local/lib/python3.12/site-packages/airflow/example_dags/example_skip_dag.py
[2024-09-29T10:40:24.006+0000] {logging_mixin.py:190} INFO - [2024-09-29T10:40:24.005+0000] {dag.py:3239} INFO - Sync 1 DAGs
[2024-09-29T10:40:24.071+0000] {logging_mixin.py:190} INFO - [2024-09-29T10:40:24.071+0000] {dag.py:4180} INFO - Setting next_dagrun for example_skip_dag to 2024-09-28 00:00:00+00:00, run_after=2024-09-29 00:00:00+00:00
[2024-09-29T10:40:24.134+0000] {processor.py:208} INFO - Processing /home/airflow/.local/lib/python3.12/site-packages/airflow/example_dags/example_skip_dag.py took 0.254 seconds
[2024-09-29T10:40:55.249+0000] {processor.py:186} INFO - Started process (PID=1848) to work on /home/airflow/.local/lib/python3.12/site-packages/airflow/example_dags/example_skip_dag.py
[2024-09-29T10:40:55.253+0000] {processor.py:914} INFO - Processing file /home/airflow/.local/lib/python3.12/site-packages/airflow/example_dags/example_skip_dag.py for tasks to queue
[2024-09-29T10:40:55.272+0000] {logging_mixin.py:190} INFO - [2024-09-29T10:40:55.270+0000] {dagbag.py:588} INFO - Filling up the DagBag from /home/airflow/.local/lib/python3.12/site-packages/airflow/example_dags/example_skip_dag.py
[2024-09-29T10:40:55.333+0000] {processor.py:925} INFO - DAG(s) 'example_skip_dag' retrieved from /home/airflow/.local/lib/python3.12/site-packages/airflow/example_dags/example_skip_dag.py
[2024-09-29T10:40:55.459+0000] {logging_mixin.py:190} INFO - [2024-09-29T10:40:55.458+0000] {dag.py:3239} INFO - Sync 1 DAGs
[2024-09-29T10:40:55.546+0000] {logging_mixin.py:190} INFO - [2024-09-29T10:40:55.546+0000] {dag.py:4180} INFO - Setting next_dagrun for example_skip_dag to 2024-09-28 00:00:00+00:00, run_after=2024-09-29 00:00:00+00:00
[2024-09-29T10:40:55.599+0000] {processor.py:208} INFO - Processing /home/airflow/.local/lib/python3.12/site-packages/airflow/example_dags/example_skip_dag.py took 0.386 seconds
[2024-09-29T10:41:26.907+0000] {processor.py:186} INFO - Started process (PID=2134) to work on /home/airflow/.local/lib/python3.12/site-packages/airflow/example_dags/example_skip_dag.py
[2024-09-29T10:41:26.922+0000] {processor.py:914} INFO - Processing file /home/airflow/.local/lib/python3.12/site-packages/airflow/example_dags/example_skip_dag.py for tasks to queue
[2024-09-29T10:41:26.950+0000] {logging_mixin.py:190} INFO - [2024-09-29T10:41:26.949+0000] {dagbag.py:588} INFO - Filling up the DagBag from /home/airflow/.local/lib/python3.12/site-packages/airflow/example_dags/example_skip_dag.py
[2024-09-29T10:41:27.008+0000] {processor.py:925} INFO - DAG(s) 'example_skip_dag' retrieved from /home/airflow/.local/lib/python3.12/site-packages/airflow/example_dags/example_skip_dag.py
[2024-09-29T10:41:27.196+0000] {logging_mixin.py:190} INFO - [2024-09-29T10:41:27.194+0000] {dag.py:3239} INFO - Sync 1 DAGs
[2024-09-29T10:41:27.510+0000] {logging_mixin.py:190} INFO - [2024-09-29T10:41:27.509+0000] {dag.py:4180} INFO - Setting next_dagrun for example_skip_dag to 2024-09-28 00:00:00+00:00, run_after=2024-09-29 00:00:00+00:00
[2024-09-29T10:41:27.907+0000] {processor.py:208} INFO - Processing /home/airflow/.local/lib/python3.12/site-packages/airflow/example_dags/example_skip_dag.py took 1.044 seconds
[2024-09-29T10:41:58.242+0000] {processor.py:186} INFO - Started process (PID=2420) to work on /home/airflow/.local/lib/python3.12/site-packages/airflow/example_dags/example_skip_dag.py
[2024-09-29T10:41:58.247+0000] {processor.py:914} INFO - Processing file /home/airflow/.local/lib/python3.12/site-packages/airflow/example_dags/example_skip_dag.py for tasks to queue
[2024-09-29T10:41:58.259+0000] {logging_mixin.py:190} INFO - [2024-09-29T10:41:58.255+0000] {dagbag.py:588} INFO - Filling up the DagBag from /home/airflow/.local/lib/python3.12/site-packages/airflow/example_dags/example_skip_dag.py
[2024-09-29T10:41:58.305+0000] {processor.py:925} INFO - DAG(s) 'example_skip_dag' retrieved from /home/airflow/.local/lib/python3.12/site-packages/airflow/example_dags/example_skip_dag.py
[2024-09-29T10:41:58.512+0000] {logging_mixin.py:190} INFO - [2024-09-29T10:41:58.511+0000] {dag.py:3239} INFO - Sync 1 DAGs
[2024-09-29T10:41:58.625+0000] {logging_mixin.py:190} INFO - [2024-09-29T10:41:58.624+0000] {dag.py:4180} INFO - Setting next_dagrun for example_skip_dag to 2024-09-28 00:00:00+00:00, run_after=2024-09-29 00:00:00+00:00
[2024-09-29T10:41:58.704+0000] {processor.py:208} INFO - Processing /home/airflow/.local/lib/python3.12/site-packages/airflow/example_dags/example_skip_dag.py took 0.491 seconds
[2024-09-29T10:42:33.625+0000] {processor.py:186} INFO - Started process (PID=2567) to work on /home/airflow/.local/lib/python3.12/site-packages/airflow/example_dags/example_skip_dag.py
[2024-09-29T10:42:33.641+0000] {processor.py:914} INFO - Processing file /home/airflow/.local/lib/python3.12/site-packages/airflow/example_dags/example_skip_dag.py for tasks to queue
[2024-09-29T10:42:33.649+0000] {logging_mixin.py:190} INFO - [2024-09-29T10:42:33.647+0000] {dagbag.py:588} INFO - Filling up the DagBag from /home/airflow/.local/lib/python3.12/site-packages/airflow/example_dags/example_skip_dag.py
[2024-09-29T10:42:33.671+0000] {processor.py:925} INFO - DAG(s) 'example_skip_dag' retrieved from /home/airflow/.local/lib/python3.12/site-packages/airflow/example_dags/example_skip_dag.py
[2024-09-29T10:42:33.742+0000] {logging_mixin.py:190} INFO - [2024-09-29T10:42:33.741+0000] {dag.py:3239} INFO - Sync 1 DAGs
[2024-09-29T10:42:33.807+0000] {logging_mixin.py:190} INFO - [2024-09-29T10:42:33.807+0000] {dag.py:4180} INFO - Setting next_dagrun for example_skip_dag to 2024-09-28 00:00:00+00:00, run_after=2024-09-29 00:00:00+00:00
[2024-09-29T10:42:33.859+0000] {processor.py:208} INFO - Processing /home/airflow/.local/lib/python3.12/site-packages/airflow/example_dags/example_skip_dag.py took 0.249 seconds
[2024-09-29T10:43:04.751+0000] {processor.py:186} INFO - Started process (PID=2850) to work on /home/airflow/.local/lib/python3.12/site-packages/airflow/example_dags/example_skip_dag.py
[2024-09-29T10:43:04.753+0000] {processor.py:914} INFO - Processing file /home/airflow/.local/lib/python3.12/site-packages/airflow/example_dags/example_skip_dag.py for tasks to queue
[2024-09-29T10:43:04.758+0000] {logging_mixin.py:190} INFO - [2024-09-29T10:43:04.758+0000] {dagbag.py:588} INFO - Filling up the DagBag from /home/airflow/.local/lib/python3.12/site-packages/airflow/example_dags/example_skip_dag.py
[2024-09-29T10:43:04.826+0000] {processor.py:925} INFO - DAG(s) 'example_skip_dag' retrieved from /home/airflow/.local/lib/python3.12/site-packages/airflow/example_dags/example_skip_dag.py
[2024-09-29T10:43:04.981+0000] {logging_mixin.py:190} INFO - [2024-09-29T10:43:04.981+0000] {dag.py:3239} INFO - Sync 1 DAGs
[2024-09-29T10:43:05.146+0000] {logging_mixin.py:190} INFO - [2024-09-29T10:43:05.145+0000] {dag.py:4180} INFO - Setting next_dagrun for example_skip_dag to 2024-09-28 00:00:00+00:00, run_after=2024-09-29 00:00:00+00:00
[2024-09-29T10:43:05.236+0000] {processor.py:208} INFO - Processing /home/airflow/.local/lib/python3.12/site-packages/airflow/example_dags/example_skip_dag.py took 0.500 seconds
[2024-09-29T10:43:35.627+0000] {processor.py:186} INFO - Started process (PID=3139) to work on /home/airflow/.local/lib/python3.12/site-packages/airflow/example_dags/example_skip_dag.py
[2024-09-29T10:43:35.632+0000] {processor.py:914} INFO - Processing file /home/airflow/.local/lib/python3.12/site-packages/airflow/example_dags/example_skip_dag.py for tasks to queue
[2024-09-29T10:43:35.650+0000] {logging_mixin.py:190} INFO - [2024-09-29T10:43:35.648+0000] {dagbag.py:588} INFO - Filling up the DagBag from /home/airflow/.local/lib/python3.12/site-packages/airflow/example_dags/example_skip_dag.py
[2024-09-29T10:43:35.705+0000] {processor.py:925} INFO - DAG(s) 'example_skip_dag' retrieved from /home/airflow/.local/lib/python3.12/site-packages/airflow/example_dags/example_skip_dag.py
[2024-09-29T10:43:35.796+0000] {logging_mixin.py:190} INFO - [2024-09-29T10:43:35.796+0000] {dag.py:3239} INFO - Sync 1 DAGs
[2024-09-29T10:43:35.922+0000] {logging_mixin.py:190} INFO - [2024-09-29T10:43:35.921+0000] {dag.py:4180} INFO - Setting next_dagrun for example_skip_dag to 2024-09-28 00:00:00+00:00, run_after=2024-09-29 00:00:00+00:00
[2024-09-29T10:43:36.026+0000] {processor.py:208} INFO - Processing /home/airflow/.local/lib/python3.12/site-packages/airflow/example_dags/example_skip_dag.py took 0.430 seconds
