[2024-09-29T10:38:15.083+0000] {processor.py:186} INFO - Started process (PID=453) to work on /home/airflow/.local/lib/python3.12/site-packages/airflow/example_dags/example_trigger_controller_dag.py
[2024-09-29T10:38:15.085+0000] {processor.py:914} INFO - Processing file /home/airflow/.local/lib/python3.12/site-packages/airflow/example_dags/example_trigger_controller_dag.py for tasks to queue
[2024-09-29T10:38:15.090+0000] {logging_mixin.py:190} INFO - [2024-09-29T10:38:15.089+0000] {dagbag.py:588} INFO - Filling up the DagBag from /home/airflow/.local/lib/python3.12/site-packages/airflow/example_dags/example_trigger_controller_dag.py
[2024-09-29T10:38:15.121+0000] {processor.py:925} INFO - DAG(s) 'example_trigger_controller_dag' retrieved from /home/airflow/.local/lib/python3.12/site-packages/airflow/example_dags/example_trigger_controller_dag.py
[2024-09-29T10:38:15.375+0000] {logging_mixin.py:190} INFO - [2024-09-29T10:38:15.373+0000] {override.py:1900} INFO - Created Permission View: can edit on DAG:example_trigger_controller_dag
[2024-09-29T10:38:15.460+0000] {logging_mixin.py:190} INFO - [2024-09-29T10:38:15.459+0000] {override.py:1900} INFO - Created Permission View: can read on DAG:example_trigger_controller_dag
[2024-09-29T10:38:15.493+0000] {logging_mixin.py:190} INFO - [2024-09-29T10:38:15.492+0000] {override.py:1900} INFO - Created Permission View: can delete on DAG:example_trigger_controller_dag
[2024-09-29T10:38:15.519+0000] {logging_mixin.py:190} INFO - [2024-09-29T10:38:15.518+0000] {override.py:1900} INFO - Created Permission View: can delete on DAG Run:example_trigger_controller_dag
[2024-09-29T10:38:15.570+0000] {logging_mixin.py:190} INFO - [2024-09-29T10:38:15.569+0000] {override.py:1900} INFO - Created Permission View: can read on DAG Run:example_trigger_controller_dag
[2024-09-29T10:38:15.617+0000] {logging_mixin.py:190} INFO - [2024-09-29T10:38:15.616+0000] {override.py:1900} INFO - Created Permission View: can create on DAG Run:example_trigger_controller_dag
[2024-09-29T10:38:15.648+0000] {logging_mixin.py:190} INFO - [2024-09-29T10:38:15.647+0000] {override.py:1900} INFO - Created Permission View: menu access on DAG Run:example_trigger_controller_dag
[2024-09-29T10:38:15.650+0000] {logging_mixin.py:190} INFO - [2024-09-29T10:38:15.649+0000] {dag.py:3239} INFO - Sync 1 DAGs
[2024-09-29T10:38:15.686+0000] {logging_mixin.py:190} INFO - [2024-09-29T10:38:15.685+0000] {dag.py:3262} INFO - Creating ORM DAG for example_trigger_controller_dag
[2024-09-29T10:38:15.708+0000] {logging_mixin.py:190} INFO - [2024-09-29T10:38:15.708+0000] {dag.py:4180} INFO - Setting next_dagrun for example_trigger_controller_dag to 2021-01-01 00:00:00+00:00, run_after=2021-01-01 00:00:00+00:00
[2024-09-29T10:38:15.776+0000] {processor.py:208} INFO - Processing /home/airflow/.local/lib/python3.12/site-packages/airflow/example_dags/example_trigger_controller_dag.py took 0.703 seconds
[2024-09-29T10:38:45.989+0000] {processor.py:186} INFO - Started process (PID=739) to work on /home/airflow/.local/lib/python3.12/site-packages/airflow/example_dags/example_trigger_controller_dag.py
[2024-09-29T10:38:45.991+0000] {processor.py:914} INFO - Processing file /home/airflow/.local/lib/python3.12/site-packages/airflow/example_dags/example_trigger_controller_dag.py for tasks to queue
[2024-09-29T10:38:45.996+0000] {logging_mixin.py:190} INFO - [2024-09-29T10:38:45.996+0000] {dagbag.py:588} INFO - Filling up the DagBag from /home/airflow/.local/lib/python3.12/site-packages/airflow/example_dags/example_trigger_controller_dag.py
[2024-09-29T10:38:46.008+0000] {processor.py:925} INFO - DAG(s) 'example_trigger_controller_dag' retrieved from /home/airflow/.local/lib/python3.12/site-packages/airflow/example_dags/example_trigger_controller_dag.py
[2024-09-29T10:38:46.093+0000] {logging_mixin.py:190} INFO - [2024-09-29T10:38:46.092+0000] {dag.py:3239} INFO - Sync 1 DAGs
[2024-09-29T10:38:46.201+0000] {logging_mixin.py:190} INFO - [2024-09-29T10:38:46.201+0000] {dag.py:4180} INFO - Setting next_dagrun for example_trigger_controller_dag to 2021-01-01 00:00:00+00:00, run_after=2021-01-01 00:00:00+00:00
[2024-09-29T10:38:46.253+0000] {processor.py:208} INFO - Processing /home/airflow/.local/lib/python3.12/site-packages/airflow/example_dags/example_trigger_controller_dag.py took 0.275 seconds
[2024-09-29T10:39:24.944+0000] {processor.py:186} INFO - Started process (PID=1070) to work on /home/airflow/.local/lib/python3.12/site-packages/airflow/example_dags/example_trigger_controller_dag.py
[2024-09-29T10:39:24.946+0000] {processor.py:914} INFO - Processing file /home/airflow/.local/lib/python3.12/site-packages/airflow/example_dags/example_trigger_controller_dag.py for tasks to queue
[2024-09-29T10:39:24.952+0000] {logging_mixin.py:190} INFO - [2024-09-29T10:39:24.951+0000] {dagbag.py:588} INFO - Filling up the DagBag from /home/airflow/.local/lib/python3.12/site-packages/airflow/example_dags/example_trigger_controller_dag.py
[2024-09-29T10:39:24.969+0000] {processor.py:925} INFO - DAG(s) 'example_trigger_controller_dag' retrieved from /home/airflow/.local/lib/python3.12/site-packages/airflow/example_dags/example_trigger_controller_dag.py
[2024-09-29T10:39:25.016+0000] {logging_mixin.py:190} INFO - [2024-09-29T10:39:25.015+0000] {dag.py:3239} INFO - Sync 1 DAGs
[2024-09-29T10:39:25.112+0000] {logging_mixin.py:190} INFO - [2024-09-29T10:39:25.112+0000] {dag.py:4180} INFO - Setting next_dagrun for example_trigger_controller_dag to 2021-01-01 00:00:00+00:00, run_after=2021-01-01 00:00:00+00:00
[2024-09-29T10:39:25.162+0000] {processor.py:208} INFO - Processing /home/airflow/.local/lib/python3.12/site-packages/airflow/example_dags/example_trigger_controller_dag.py took 0.233 seconds
[2024-09-29T10:39:55.806+0000] {processor.py:186} INFO - Started process (PID=1356) to work on /home/airflow/.local/lib/python3.12/site-packages/airflow/example_dags/example_trigger_controller_dag.py
[2024-09-29T10:39:55.808+0000] {processor.py:914} INFO - Processing file /home/airflow/.local/lib/python3.12/site-packages/airflow/example_dags/example_trigger_controller_dag.py for tasks to queue
[2024-09-29T10:39:55.813+0000] {logging_mixin.py:190} INFO - [2024-09-29T10:39:55.812+0000] {dagbag.py:588} INFO - Filling up the DagBag from /home/airflow/.local/lib/python3.12/site-packages/airflow/example_dags/example_trigger_controller_dag.py
[2024-09-29T10:39:55.825+0000] {processor.py:925} INFO - DAG(s) 'example_trigger_controller_dag' retrieved from /home/airflow/.local/lib/python3.12/site-packages/airflow/example_dags/example_trigger_controller_dag.py
[2024-09-29T10:39:55.864+0000] {logging_mixin.py:190} INFO - [2024-09-29T10:39:55.863+0000] {dag.py:3239} INFO - Sync 1 DAGs
[2024-09-29T10:39:55.911+0000] {logging_mixin.py:190} INFO - [2024-09-29T10:39:55.911+0000] {dag.py:4180} INFO - Setting next_dagrun for example_trigger_controller_dag to 2021-01-01 00:00:00+00:00, run_after=2021-01-01 00:00:00+00:00
[2024-09-29T10:39:55.951+0000] {processor.py:208} INFO - Processing /home/airflow/.local/lib/python3.12/site-packages/airflow/example_dags/example_trigger_controller_dag.py took 0.156 seconds
[2024-09-29T10:40:26.644+0000] {processor.py:186} INFO - Started process (PID=1642) to work on /home/airflow/.local/lib/python3.12/site-packages/airflow/example_dags/example_trigger_controller_dag.py
[2024-09-29T10:40:26.646+0000] {processor.py:914} INFO - Processing file /home/airflow/.local/lib/python3.12/site-packages/airflow/example_dags/example_trigger_controller_dag.py for tasks to queue
[2024-09-29T10:40:26.651+0000] {logging_mixin.py:190} INFO - [2024-09-29T10:40:26.650+0000] {dagbag.py:588} INFO - Filling up the DagBag from /home/airflow/.local/lib/python3.12/site-packages/airflow/example_dags/example_trigger_controller_dag.py
[2024-09-29T10:40:26.663+0000] {processor.py:925} INFO - DAG(s) 'example_trigger_controller_dag' retrieved from /home/airflow/.local/lib/python3.12/site-packages/airflow/example_dags/example_trigger_controller_dag.py
[2024-09-29T10:40:26.700+0000] {logging_mixin.py:190} INFO - [2024-09-29T10:40:26.700+0000] {dag.py:3239} INFO - Sync 1 DAGs
[2024-09-29T10:40:26.746+0000] {logging_mixin.py:190} INFO - [2024-09-29T10:40:26.745+0000] {dag.py:4180} INFO - Setting next_dagrun for example_trigger_controller_dag to 2021-01-01 00:00:00+00:00, run_after=2021-01-01 00:00:00+00:00
[2024-09-29T10:40:26.783+0000] {processor.py:208} INFO - Processing /home/airflow/.local/lib/python3.12/site-packages/airflow/example_dags/example_trigger_controller_dag.py took 0.152 seconds
[2024-09-29T10:41:00.876+0000] {processor.py:186} INFO - Started process (PID=1935) to work on /home/airflow/.local/lib/python3.12/site-packages/airflow/example_dags/example_trigger_controller_dag.py
[2024-09-29T10:41:00.882+0000] {processor.py:914} INFO - Processing file /home/airflow/.local/lib/python3.12/site-packages/airflow/example_dags/example_trigger_controller_dag.py for tasks to queue
[2024-09-29T10:41:00.904+0000] {logging_mixin.py:190} INFO - [2024-09-29T10:41:00.902+0000] {dagbag.py:588} INFO - Filling up the DagBag from /home/airflow/.local/lib/python3.12/site-packages/airflow/example_dags/example_trigger_controller_dag.py
[2024-09-29T10:41:00.945+0000] {processor.py:925} INFO - DAG(s) 'example_trigger_controller_dag' retrieved from /home/airflow/.local/lib/python3.12/site-packages/airflow/example_dags/example_trigger_controller_dag.py
[2024-09-29T10:41:01.064+0000] {logging_mixin.py:190} INFO - [2024-09-29T10:41:01.063+0000] {dag.py:3239} INFO - Sync 1 DAGs
[2024-09-29T10:41:01.203+0000] {logging_mixin.py:190} INFO - [2024-09-29T10:41:01.202+0000] {dag.py:4180} INFO - Setting next_dagrun for example_trigger_controller_dag to 2021-01-01 00:00:00+00:00, run_after=2021-01-01 00:00:00+00:00
[2024-09-29T10:41:01.270+0000] {processor.py:208} INFO - Processing /home/airflow/.local/lib/python3.12/site-packages/airflow/example_dags/example_trigger_controller_dag.py took 0.431 seconds
[2024-09-29T10:41:45.442+0000] {processor.py:186} INFO - Started process (PID=2282) to work on /home/airflow/.local/lib/python3.12/site-packages/airflow/example_dags/example_trigger_controller_dag.py
[2024-09-29T10:41:45.445+0000] {processor.py:914} INFO - Processing file /home/airflow/.local/lib/python3.12/site-packages/airflow/example_dags/example_trigger_controller_dag.py for tasks to queue
[2024-09-29T10:41:45.453+0000] {logging_mixin.py:190} INFO - [2024-09-29T10:41:45.451+0000] {dagbag.py:588} INFO - Filling up the DagBag from /home/airflow/.local/lib/python3.12/site-packages/airflow/example_dags/example_trigger_controller_dag.py
[2024-09-29T10:41:45.478+0000] {processor.py:925} INFO - DAG(s) 'example_trigger_controller_dag' retrieved from /home/airflow/.local/lib/python3.12/site-packages/airflow/example_dags/example_trigger_controller_dag.py
[2024-09-29T10:41:45.545+0000] {logging_mixin.py:190} INFO - [2024-09-29T10:41:45.544+0000] {dag.py:3239} INFO - Sync 1 DAGs
[2024-09-29T10:41:45.647+0000] {logging_mixin.py:190} INFO - [2024-09-29T10:41:45.646+0000] {dag.py:4180} INFO - Setting next_dagrun for example_trigger_controller_dag to 2021-01-01 00:00:00+00:00, run_after=2021-01-01 00:00:00+00:00
[2024-09-29T10:41:45.797+0000] {processor.py:208} INFO - Processing /home/airflow/.local/lib/python3.12/site-packages/airflow/example_dags/example_trigger_controller_dag.py took 0.370 seconds
[2024-09-29T10:42:47.677+0000] {processor.py:186} INFO - Started process (PID=2682) to work on /home/airflow/.local/lib/python3.12/site-packages/airflow/example_dags/example_trigger_controller_dag.py
[2024-09-29T10:42:47.690+0000] {processor.py:914} INFO - Processing file /home/airflow/.local/lib/python3.12/site-packages/airflow/example_dags/example_trigger_controller_dag.py for tasks to queue
[2024-09-29T10:42:47.822+0000] {logging_mixin.py:190} INFO - [2024-09-29T10:42:47.815+0000] {dagbag.py:588} INFO - Filling up the DagBag from /home/airflow/.local/lib/python3.12/site-packages/airflow/example_dags/example_trigger_controller_dag.py
[2024-09-29T10:42:48.043+0000] {processor.py:925} INFO - DAG(s) 'example_trigger_controller_dag' retrieved from /home/airflow/.local/lib/python3.12/site-packages/airflow/example_dags/example_trigger_controller_dag.py
[2024-09-29T10:42:48.295+0000] {logging_mixin.py:190} INFO - [2024-09-29T10:42:48.294+0000] {dag.py:3239} INFO - Sync 1 DAGs
[2024-09-29T10:42:48.355+0000] {logging_mixin.py:190} INFO - [2024-09-29T10:42:48.355+0000] {dag.py:4180} INFO - Setting next_dagrun for example_trigger_controller_dag to 2021-01-01 00:00:00+00:00, run_after=2021-01-01 00:00:00+00:00
[2024-09-29T10:42:48.703+0000] {processor.py:208} INFO - Processing /home/airflow/.local/lib/python3.12/site-packages/airflow/example_dags/example_trigger_controller_dag.py took 1.302 seconds
[2024-09-29T10:43:18.936+0000] {processor.py:186} INFO - Started process (PID=2974) to work on /home/airflow/.local/lib/python3.12/site-packages/airflow/example_dags/example_trigger_controller_dag.py
[2024-09-29T10:43:18.939+0000] {processor.py:914} INFO - Processing file /home/airflow/.local/lib/python3.12/site-packages/airflow/example_dags/example_trigger_controller_dag.py for tasks to queue
[2024-09-29T10:43:18.944+0000] {logging_mixin.py:190} INFO - [2024-09-29T10:43:18.944+0000] {dagbag.py:588} INFO - Filling up the DagBag from /home/airflow/.local/lib/python3.12/site-packages/airflow/example_dags/example_trigger_controller_dag.py
[2024-09-29T10:43:18.963+0000] {processor.py:925} INFO - DAG(s) 'example_trigger_controller_dag' retrieved from /home/airflow/.local/lib/python3.12/site-packages/airflow/example_dags/example_trigger_controller_dag.py
[2024-09-29T10:43:19.013+0000] {logging_mixin.py:190} INFO - [2024-09-29T10:43:19.013+0000] {dag.py:3239} INFO - Sync 1 DAGs
[2024-09-29T10:43:19.078+0000] {logging_mixin.py:190} INFO - [2024-09-29T10:43:19.077+0000] {dag.py:4180} INFO - Setting next_dagrun for example_trigger_controller_dag to 2021-01-01 00:00:00+00:00, run_after=2021-01-01 00:00:00+00:00
[2024-09-29T10:43:19.133+0000] {processor.py:208} INFO - Processing /home/airflow/.local/lib/python3.12/site-packages/airflow/example_dags/example_trigger_controller_dag.py took 0.209 seconds
