[2024-09-29T10:37:56.139+0000] {processor.py:186} INFO - Started process (PID=302) to work on /home/airflow/.local/lib/python3.12/site-packages/airflow/example_dags/example_subdag_operator.py
[2024-09-29T10:37:56.141+0000] {processor.py:914} INFO - Processing file /home/airflow/.local/lib/python3.12/site-packages/airflow/example_dags/example_subdag_operator.py for tasks to queue
[2024-09-29T10:37:56.145+0000] {logging_mixin.py:190} INFO - [2024-09-29T10:37:56.145+0000] {dagbag.py:588} INFO - Filling up the DagBag from /home/airflow/.local/lib/python3.12/site-packages/airflow/example_dags/example_subdag_operator.py
[2024-09-29T10:37:56.233+0000] {processor.py:925} INFO - DAG(s) 'example_subdag_operator.section-1', 'example_subdag_operator.section-2', 'example_subdag_operator' retrieved from /home/airflow/.local/lib/python3.12/site-packages/airflow/example_dags/example_subdag_operator.py
[2024-09-29T10:37:56.521+0000] {logging_mixin.py:190} INFO - [2024-09-29T10:37:56.520+0000] {override.py:1900} INFO - Created Permission View: can edit on DAG:example_subdag_operator
[2024-09-29T10:37:56.557+0000] {logging_mixin.py:190} INFO - [2024-09-29T10:37:56.557+0000] {override.py:1900} INFO - Created Permission View: can read on DAG:example_subdag_operator
[2024-09-29T10:37:56.599+0000] {logging_mixin.py:190} INFO - [2024-09-29T10:37:56.598+0000] {override.py:1900} INFO - Created Permission View: can delete on DAG:example_subdag_operator
[2024-09-29T10:37:56.679+0000] {logging_mixin.py:190} INFO - [2024-09-29T10:37:56.678+0000] {override.py:1900} INFO - Created Permission View: can delete on DAG Run:example_subdag_operator
[2024-09-29T10:37:56.716+0000] {logging_mixin.py:190} INFO - [2024-09-29T10:37:56.715+0000] {override.py:1900} INFO - Created Permission View: can read on DAG Run:example_subdag_operator
[2024-09-29T10:37:56.736+0000] {logging_mixin.py:190} INFO - [2024-09-29T10:37:56.735+0000] {override.py:1900} INFO - Created Permission View: can create on DAG Run:example_subdag_operator
[2024-09-29T10:37:56.783+0000] {logging_mixin.py:190} INFO - [2024-09-29T10:37:56.783+0000] {override.py:1900} INFO - Created Permission View: menu access on DAG Run:example_subdag_operator
[2024-09-29T10:37:56.785+0000] {logging_mixin.py:190} INFO - [2024-09-29T10:37:56.785+0000] {dag.py:3239} INFO - Sync 3 DAGs
[2024-09-29T10:37:56.820+0000] {logging_mixin.py:190} INFO - [2024-09-29T10:37:56.819+0000] {dag.py:3262} INFO - Creating ORM DAG for example_subdag_operator
[2024-09-29T10:37:56.822+0000] {logging_mixin.py:190} INFO - [2024-09-29T10:37:56.821+0000] {dag.py:3262} INFO - Creating ORM DAG for example_subdag_operator.section-1
[2024-09-29T10:37:56.824+0000] {logging_mixin.py:190} INFO - [2024-09-29T10:37:56.823+0000] {dag.py:3262} INFO - Creating ORM DAG for example_subdag_operator.section-2
[2024-09-29T10:37:56.846+0000] {logging_mixin.py:190} INFO - [2024-09-29T10:37:56.846+0000] {dag.py:4180} INFO - Setting next_dagrun for example_subdag_operator to 2022-01-01 00:00:00+00:00, run_after=2022-01-01 00:00:00+00:00
[2024-09-29T10:37:56.848+0000] {logging_mixin.py:190} INFO - [2024-09-29T10:37:56.848+0000] {dag.py:4180} INFO - Setting next_dagrun for example_subdag_operator.section-1 to None, run_after=None
[2024-09-29T10:37:56.850+0000] {logging_mixin.py:190} INFO - [2024-09-29T10:37:56.849+0000] {dag.py:4180} INFO - Setting next_dagrun for example_subdag_operator.section-2 to None, run_after=None
[2024-09-29T10:37:56.873+0000] {logging_mixin.py:190} INFO - [2024-09-29T10:37:56.872+0000] {dag.py:3239} INFO - Sync 2 DAGs
[2024-09-29T10:37:56.886+0000] {logging_mixin.py:190} INFO - [2024-09-29T10:37:56.886+0000] {dag.py:4180} INFO - Setting next_dagrun for example_subdag_operator.section-1 to None, run_after=None
[2024-09-29T10:37:56.908+0000] {logging_mixin.py:190} INFO - [2024-09-29T10:37:56.908+0000] {dag.py:4180} INFO - Setting next_dagrun for example_subdag_operator.section-2 to None, run_after=None
[2024-09-29T10:37:56.970+0000] {processor.py:208} INFO - Processing /home/airflow/.local/lib/python3.12/site-packages/airflow/example_dags/example_subdag_operator.py took 0.840 seconds
[2024-09-29T10:38:27.505+0000] {processor.py:186} INFO - Started process (PID=590) to work on /home/airflow/.local/lib/python3.12/site-packages/airflow/example_dags/example_subdag_operator.py
[2024-09-29T10:38:27.525+0000] {processor.py:914} INFO - Processing file /home/airflow/.local/lib/python3.12/site-packages/airflow/example_dags/example_subdag_operator.py for tasks to queue
[2024-09-29T10:38:27.531+0000] {logging_mixin.py:190} INFO - [2024-09-29T10:38:27.531+0000] {dagbag.py:588} INFO - Filling up the DagBag from /home/airflow/.local/lib/python3.12/site-packages/airflow/example_dags/example_subdag_operator.py
[2024-09-29T10:38:27.613+0000] {processor.py:925} INFO - DAG(s) 'example_subdag_operator.section-1', 'example_subdag_operator.section-2', 'example_subdag_operator' retrieved from /home/airflow/.local/lib/python3.12/site-packages/airflow/example_dags/example_subdag_operator.py
[2024-09-29T10:38:27.667+0000] {logging_mixin.py:190} INFO - [2024-09-29T10:38:27.666+0000] {dag.py:3239} INFO - Sync 3 DAGs
[2024-09-29T10:38:27.725+0000] {logging_mixin.py:190} INFO - [2024-09-29T10:38:27.724+0000] {dag.py:4180} INFO - Setting next_dagrun for example_subdag_operator to 2022-01-01 00:00:00+00:00, run_after=2022-01-01 00:00:00+00:00
[2024-09-29T10:38:27.738+0000] {logging_mixin.py:190} INFO - [2024-09-29T10:38:27.737+0000] {dag.py:4180} INFO - Setting next_dagrun for example_subdag_operator.section-1 to None, run_after=None
[2024-09-29T10:38:27.749+0000] {logging_mixin.py:190} INFO - [2024-09-29T10:38:27.748+0000] {dag.py:4180} INFO - Setting next_dagrun for example_subdag_operator.section-2 to None, run_after=None
[2024-09-29T10:38:27.779+0000] {logging_mixin.py:190} INFO - [2024-09-29T10:38:27.778+0000] {dag.py:3239} INFO - Sync 2 DAGs
[2024-09-29T10:38:27.811+0000] {logging_mixin.py:190} INFO - [2024-09-29T10:38:27.808+0000] {dag.py:4180} INFO - Setting next_dagrun for example_subdag_operator.section-1 to None, run_after=None
[2024-09-29T10:38:27.823+0000] {logging_mixin.py:190} INFO - [2024-09-29T10:38:27.822+0000] {dag.py:4180} INFO - Setting next_dagrun for example_subdag_operator.section-2 to None, run_after=None
[2024-09-29T10:38:27.851+0000] {processor.py:208} INFO - Processing /home/airflow/.local/lib/python3.12/site-packages/airflow/example_dags/example_subdag_operator.py took 0.358 seconds
[2024-09-29T10:38:58.938+0000] {processor.py:186} INFO - Started process (PID=876) to work on /home/airflow/.local/lib/python3.12/site-packages/airflow/example_dags/example_subdag_operator.py
[2024-09-29T10:38:58.940+0000] {processor.py:914} INFO - Processing file /home/airflow/.local/lib/python3.12/site-packages/airflow/example_dags/example_subdag_operator.py for tasks to queue
[2024-09-29T10:38:58.945+0000] {logging_mixin.py:190} INFO - [2024-09-29T10:38:58.944+0000] {dagbag.py:588} INFO - Filling up the DagBag from /home/airflow/.local/lib/python3.12/site-packages/airflow/example_dags/example_subdag_operator.py
[2024-09-29T10:38:58.995+0000] {processor.py:925} INFO - DAG(s) 'example_subdag_operator.section-1', 'example_subdag_operator.section-2', 'example_subdag_operator' retrieved from /home/airflow/.local/lib/python3.12/site-packages/airflow/example_dags/example_subdag_operator.py
[2024-09-29T10:38:59.042+0000] {logging_mixin.py:190} INFO - [2024-09-29T10:38:59.042+0000] {dag.py:3239} INFO - Sync 3 DAGs
[2024-09-29T10:38:59.109+0000] {logging_mixin.py:190} INFO - [2024-09-29T10:38:59.108+0000] {dag.py:4180} INFO - Setting next_dagrun for example_subdag_operator to 2022-01-01 00:00:00+00:00, run_after=2022-01-01 00:00:00+00:00
[2024-09-29T10:38:59.118+0000] {logging_mixin.py:190} INFO - [2024-09-29T10:38:59.118+0000] {dag.py:4180} INFO - Setting next_dagrun for example_subdag_operator.section-1 to None, run_after=None
[2024-09-29T10:38:59.122+0000] {logging_mixin.py:190} INFO - [2024-09-29T10:38:59.121+0000] {dag.py:4180} INFO - Setting next_dagrun for example_subdag_operator.section-2 to None, run_after=None
[2024-09-29T10:38:59.136+0000] {logging_mixin.py:190} INFO - [2024-09-29T10:38:59.135+0000] {dag.py:3239} INFO - Sync 2 DAGs
[2024-09-29T10:38:59.149+0000] {logging_mixin.py:190} INFO - [2024-09-29T10:38:59.149+0000] {dag.py:4180} INFO - Setting next_dagrun for example_subdag_operator.section-1 to None, run_after=None
[2024-09-29T10:38:59.151+0000] {logging_mixin.py:190} INFO - [2024-09-29T10:38:59.151+0000] {dag.py:4180} INFO - Setting next_dagrun for example_subdag_operator.section-2 to None, run_after=None
[2024-09-29T10:38:59.177+0000] {processor.py:208} INFO - Processing /home/airflow/.local/lib/python3.12/site-packages/airflow/example_dags/example_subdag_operator.py took 0.249 seconds
[2024-09-29T10:39:29.397+0000] {processor.py:186} INFO - Started process (PID=1160) to work on /home/airflow/.local/lib/python3.12/site-packages/airflow/example_dags/example_subdag_operator.py
[2024-09-29T10:39:29.400+0000] {processor.py:914} INFO - Processing file /home/airflow/.local/lib/python3.12/site-packages/airflow/example_dags/example_subdag_operator.py for tasks to queue
[2024-09-29T10:39:29.407+0000] {logging_mixin.py:190} INFO - [2024-09-29T10:39:29.406+0000] {dagbag.py:588} INFO - Filling up the DagBag from /home/airflow/.local/lib/python3.12/site-packages/airflow/example_dags/example_subdag_operator.py
[2024-09-29T10:39:29.457+0000] {processor.py:925} INFO - DAG(s) 'example_subdag_operator.section-1', 'example_subdag_operator.section-2', 'example_subdag_operator' retrieved from /home/airflow/.local/lib/python3.12/site-packages/airflow/example_dags/example_subdag_operator.py
[2024-09-29T10:39:29.497+0000] {logging_mixin.py:190} INFO - [2024-09-29T10:39:29.496+0000] {dag.py:3239} INFO - Sync 3 DAGs
[2024-09-29T10:39:29.553+0000] {logging_mixin.py:190} INFO - [2024-09-29T10:39:29.553+0000] {dag.py:4180} INFO - Setting next_dagrun for example_subdag_operator to 2022-01-01 00:00:00+00:00, run_after=2022-01-01 00:00:00+00:00
[2024-09-29T10:39:29.561+0000] {logging_mixin.py:190} INFO - [2024-09-29T10:39:29.561+0000] {dag.py:4180} INFO - Setting next_dagrun for example_subdag_operator.section-1 to None, run_after=None
[2024-09-29T10:39:29.565+0000] {logging_mixin.py:190} INFO - [2024-09-29T10:39:29.565+0000] {dag.py:4180} INFO - Setting next_dagrun for example_subdag_operator.section-2 to None, run_after=None
[2024-09-29T10:39:29.580+0000] {logging_mixin.py:190} INFO - [2024-09-29T10:39:29.579+0000] {dag.py:3239} INFO - Sync 2 DAGs
[2024-09-29T10:39:29.593+0000] {logging_mixin.py:190} INFO - [2024-09-29T10:39:29.592+0000] {dag.py:4180} INFO - Setting next_dagrun for example_subdag_operator.section-1 to None, run_after=None
[2024-09-29T10:39:29.594+0000] {logging_mixin.py:190} INFO - [2024-09-29T10:39:29.594+0000] {dag.py:4180} INFO - Setting next_dagrun for example_subdag_operator.section-2 to None, run_after=None
[2024-09-29T10:39:29.619+0000] {processor.py:208} INFO - Processing /home/airflow/.local/lib/python3.12/site-packages/airflow/example_dags/example_subdag_operator.py took 0.237 seconds
[2024-09-29T10:40:00.662+0000] {processor.py:186} INFO - Started process (PID=1446) to work on /home/airflow/.local/lib/python3.12/site-packages/airflow/example_dags/example_subdag_operator.py
[2024-09-29T10:40:00.665+0000] {processor.py:914} INFO - Processing file /home/airflow/.local/lib/python3.12/site-packages/airflow/example_dags/example_subdag_operator.py for tasks to queue
[2024-09-29T10:40:00.673+0000] {logging_mixin.py:190} INFO - [2024-09-29T10:40:00.671+0000] {dagbag.py:588} INFO - Filling up the DagBag from /home/airflow/.local/lib/python3.12/site-packages/airflow/example_dags/example_subdag_operator.py
[2024-09-29T10:40:00.745+0000] {processor.py:925} INFO - DAG(s) 'example_subdag_operator.section-1', 'example_subdag_operator.section-2', 'example_subdag_operator' retrieved from /home/airflow/.local/lib/python3.12/site-packages/airflow/example_dags/example_subdag_operator.py
[2024-09-29T10:40:00.793+0000] {logging_mixin.py:190} INFO - [2024-09-29T10:40:00.792+0000] {dag.py:3239} INFO - Sync 3 DAGs
[2024-09-29T10:40:00.854+0000] {logging_mixin.py:190} INFO - [2024-09-29T10:40:00.854+0000] {dag.py:4180} INFO - Setting next_dagrun for example_subdag_operator to 2022-01-01 00:00:00+00:00, run_after=2022-01-01 00:00:00+00:00
[2024-09-29T10:40:00.865+0000] {logging_mixin.py:190} INFO - [2024-09-29T10:40:00.864+0000] {dag.py:4180} INFO - Setting next_dagrun for example_subdag_operator.section-1 to None, run_after=None
[2024-09-29T10:40:00.869+0000] {logging_mixin.py:190} INFO - [2024-09-29T10:40:00.869+0000] {dag.py:4180} INFO - Setting next_dagrun for example_subdag_operator.section-2 to None, run_after=None
[2024-09-29T10:40:00.889+0000] {logging_mixin.py:190} INFO - [2024-09-29T10:40:00.888+0000] {dag.py:3239} INFO - Sync 2 DAGs
[2024-09-29T10:40:00.904+0000] {logging_mixin.py:190} INFO - [2024-09-29T10:40:00.904+0000] {dag.py:4180} INFO - Setting next_dagrun for example_subdag_operator.section-1 to None, run_after=None
[2024-09-29T10:40:00.906+0000] {logging_mixin.py:190} INFO - [2024-09-29T10:40:00.906+0000] {dag.py:4180} INFO - Setting next_dagrun for example_subdag_operator.section-2 to None, run_after=None
[2024-09-29T10:40:00.933+0000] {processor.py:208} INFO - Processing /home/airflow/.local/lib/python3.12/site-packages/airflow/example_dags/example_subdag_operator.py took 0.286 seconds
[2024-09-29T10:40:31.647+0000] {processor.py:186} INFO - Started process (PID=1732) to work on /home/airflow/.local/lib/python3.12/site-packages/airflow/example_dags/example_subdag_operator.py
[2024-09-29T10:40:31.649+0000] {processor.py:914} INFO - Processing file /home/airflow/.local/lib/python3.12/site-packages/airflow/example_dags/example_subdag_operator.py for tasks to queue
[2024-09-29T10:40:31.655+0000] {logging_mixin.py:190} INFO - [2024-09-29T10:40:31.654+0000] {dagbag.py:588} INFO - Filling up the DagBag from /home/airflow/.local/lib/python3.12/site-packages/airflow/example_dags/example_subdag_operator.py
[2024-09-29T10:40:31.718+0000] {processor.py:925} INFO - DAG(s) 'example_subdag_operator.section-1', 'example_subdag_operator.section-2', 'example_subdag_operator' retrieved from /home/airflow/.local/lib/python3.12/site-packages/airflow/example_dags/example_subdag_operator.py
[2024-09-29T10:40:31.765+0000] {logging_mixin.py:190} INFO - [2024-09-29T10:40:31.765+0000] {dag.py:3239} INFO - Sync 3 DAGs
[2024-09-29T10:40:31.831+0000] {logging_mixin.py:190} INFO - [2024-09-29T10:40:31.831+0000] {dag.py:4180} INFO - Setting next_dagrun for example_subdag_operator to 2022-01-01 00:00:00+00:00, run_after=2022-01-01 00:00:00+00:00
[2024-09-29T10:40:31.842+0000] {logging_mixin.py:190} INFO - [2024-09-29T10:40:31.842+0000] {dag.py:4180} INFO - Setting next_dagrun for example_subdag_operator.section-1 to None, run_after=None
[2024-09-29T10:40:31.847+0000] {logging_mixin.py:190} INFO - [2024-09-29T10:40:31.846+0000] {dag.py:4180} INFO - Setting next_dagrun for example_subdag_operator.section-2 to None, run_after=None
[2024-09-29T10:40:31.863+0000] {logging_mixin.py:190} INFO - [2024-09-29T10:40:31.863+0000] {dag.py:3239} INFO - Sync 2 DAGs
[2024-09-29T10:40:31.877+0000] {logging_mixin.py:190} INFO - [2024-09-29T10:40:31.876+0000] {dag.py:4180} INFO - Setting next_dagrun for example_subdag_operator.section-1 to None, run_after=None
[2024-09-29T10:40:31.878+0000] {logging_mixin.py:190} INFO - [2024-09-29T10:40:31.878+0000] {dag.py:4180} INFO - Setting next_dagrun for example_subdag_operator.section-2 to None, run_after=None
[2024-09-29T10:40:31.904+0000] {processor.py:208} INFO - Processing /home/airflow/.local/lib/python3.12/site-packages/airflow/example_dags/example_subdag_operator.py took 0.271 seconds
[2024-09-29T10:41:04.283+0000] {processor.py:186} INFO - Started process (PID=2020) to work on /home/airflow/.local/lib/python3.12/site-packages/airflow/example_dags/example_subdag_operator.py
[2024-09-29T10:41:04.288+0000] {processor.py:914} INFO - Processing file /home/airflow/.local/lib/python3.12/site-packages/airflow/example_dags/example_subdag_operator.py for tasks to queue
[2024-09-29T10:41:04.299+0000] {logging_mixin.py:190} INFO - [2024-09-29T10:41:04.297+0000] {dagbag.py:588} INFO - Filling up the DagBag from /home/airflow/.local/lib/python3.12/site-packages/airflow/example_dags/example_subdag_operator.py
[2024-09-29T10:41:04.442+0000] {processor.py:925} INFO - DAG(s) 'example_subdag_operator.section-1', 'example_subdag_operator.section-2', 'example_subdag_operator' retrieved from /home/airflow/.local/lib/python3.12/site-packages/airflow/example_dags/example_subdag_operator.py
[2024-09-29T10:41:04.529+0000] {logging_mixin.py:190} INFO - [2024-09-29T10:41:04.528+0000] {dag.py:3239} INFO - Sync 3 DAGs
[2024-09-29T10:41:04.654+0000] {logging_mixin.py:190} INFO - [2024-09-29T10:41:04.653+0000] {dag.py:4180} INFO - Setting next_dagrun for example_subdag_operator to 2022-01-01 00:00:00+00:00, run_after=2022-01-01 00:00:00+00:00
[2024-09-29T10:41:04.674+0000] {logging_mixin.py:190} INFO - [2024-09-29T10:41:04.673+0000] {dag.py:4180} INFO - Setting next_dagrun for example_subdag_operator.section-1 to None, run_after=None
[2024-09-29T10:41:04.684+0000] {logging_mixin.py:190} INFO - [2024-09-29T10:41:04.683+0000] {dag.py:4180} INFO - Setting next_dagrun for example_subdag_operator.section-2 to None, run_after=None
[2024-09-29T10:41:04.723+0000] {logging_mixin.py:190} INFO - [2024-09-29T10:41:04.722+0000] {dag.py:3239} INFO - Sync 2 DAGs
[2024-09-29T10:41:04.752+0000] {logging_mixin.py:190} INFO - [2024-09-29T10:41:04.751+0000] {dag.py:4180} INFO - Setting next_dagrun for example_subdag_operator.section-1 to None, run_after=None
[2024-09-29T10:41:04.759+0000] {logging_mixin.py:190} INFO - [2024-09-29T10:41:04.754+0000] {dag.py:4180} INFO - Setting next_dagrun for example_subdag_operator.section-2 to None, run_after=None
[2024-09-29T10:41:04.818+0000] {processor.py:208} INFO - Processing /home/airflow/.local/lib/python3.12/site-packages/airflow/example_dags/example_subdag_operator.py took 0.562 seconds
[2024-09-29T10:41:44.421+0000] {processor.py:186} INFO - Started process (PID=2260) to work on /home/airflow/.local/lib/python3.12/site-packages/airflow/example_dags/example_subdag_operator.py
[2024-09-29T10:41:44.423+0000] {processor.py:914} INFO - Processing file /home/airflow/.local/lib/python3.12/site-packages/airflow/example_dags/example_subdag_operator.py for tasks to queue
[2024-09-29T10:41:44.431+0000] {logging_mixin.py:190} INFO - [2024-09-29T10:41:44.430+0000] {dagbag.py:588} INFO - Filling up the DagBag from /home/airflow/.local/lib/python3.12/site-packages/airflow/example_dags/example_subdag_operator.py
[2024-09-29T10:41:44.503+0000] {processor.py:925} INFO - DAG(s) 'example_subdag_operator.section-1', 'example_subdag_operator.section-2', 'example_subdag_operator' retrieved from /home/airflow/.local/lib/python3.12/site-packages/airflow/example_dags/example_subdag_operator.py
[2024-09-29T10:41:44.547+0000] {logging_mixin.py:190} INFO - [2024-09-29T10:41:44.546+0000] {dag.py:3239} INFO - Sync 3 DAGs
[2024-09-29T10:41:44.631+0000] {logging_mixin.py:190} INFO - [2024-09-29T10:41:44.631+0000] {dag.py:4180} INFO - Setting next_dagrun for example_subdag_operator to 2022-01-01 00:00:00+00:00, run_after=2022-01-01 00:00:00+00:00
[2024-09-29T10:41:44.645+0000] {logging_mixin.py:190} INFO - [2024-09-29T10:41:44.644+0000] {dag.py:4180} INFO - Setting next_dagrun for example_subdag_operator.section-1 to None, run_after=None
[2024-09-29T10:41:44.651+0000] {logging_mixin.py:190} INFO - [2024-09-29T10:41:44.650+0000] {dag.py:4180} INFO - Setting next_dagrun for example_subdag_operator.section-2 to None, run_after=None
[2024-09-29T10:41:44.675+0000] {logging_mixin.py:190} INFO - [2024-09-29T10:41:44.674+0000] {dag.py:3239} INFO - Sync 2 DAGs
[2024-09-29T10:41:44.697+0000] {logging_mixin.py:190} INFO - [2024-09-29T10:41:44.696+0000] {dag.py:4180} INFO - Setting next_dagrun for example_subdag_operator.section-1 to None, run_after=None
[2024-09-29T10:41:44.699+0000] {logging_mixin.py:190} INFO - [2024-09-29T10:41:44.698+0000] {dag.py:4180} INFO - Setting next_dagrun for example_subdag_operator.section-2 to None, run_after=None
[2024-09-29T10:41:44.742+0000] {processor.py:208} INFO - Processing /home/airflow/.local/lib/python3.12/site-packages/airflow/example_dags/example_subdag_operator.py took 0.334 seconds
[2024-09-29T10:42:29.234+0000] {processor.py:186} INFO - Started process (PID=2522) to work on /home/airflow/.local/lib/python3.12/site-packages/airflow/example_dags/example_subdag_operator.py
[2024-09-29T10:42:29.262+0000] {processor.py:914} INFO - Processing file /home/airflow/.local/lib/python3.12/site-packages/airflow/example_dags/example_subdag_operator.py for tasks to queue
[2024-09-29T10:42:29.471+0000] {logging_mixin.py:190} INFO - [2024-09-29T10:42:29.445+0000] {dagbag.py:588} INFO - Filling up the DagBag from /home/airflow/.local/lib/python3.12/site-packages/airflow/example_dags/example_subdag_operator.py
[2024-09-29T10:42:30.440+0000] {processor.py:925} INFO - DAG(s) 'example_subdag_operator.section-1', 'example_subdag_operator.section-2', 'example_subdag_operator' retrieved from /home/airflow/.local/lib/python3.12/site-packages/airflow/example_dags/example_subdag_operator.py
[2024-09-29T10:42:31.154+0000] {logging_mixin.py:190} INFO - [2024-09-29T10:42:31.149+0000] {dag.py:3239} INFO - Sync 3 DAGs
[2024-09-29T10:42:31.434+0000] {logging_mixin.py:190} INFO - [2024-09-29T10:42:31.433+0000] {dag.py:4180} INFO - Setting next_dagrun for example_subdag_operator to 2022-01-01 00:00:00+00:00, run_after=2022-01-01 00:00:00+00:00
[2024-09-29T10:42:31.459+0000] {logging_mixin.py:190} INFO - [2024-09-29T10:42:31.458+0000] {dag.py:4180} INFO - Setting next_dagrun for example_subdag_operator.section-1 to None, run_after=None
[2024-09-29T10:42:31.469+0000] {logging_mixin.py:190} INFO - [2024-09-29T10:42:31.467+0000] {dag.py:4180} INFO - Setting next_dagrun for example_subdag_operator.section-2 to None, run_after=None
[2024-09-29T10:42:31.525+0000] {logging_mixin.py:190} INFO - [2024-09-29T10:42:31.521+0000] {dag.py:3239} INFO - Sync 2 DAGs
[2024-09-29T10:42:31.556+0000] {logging_mixin.py:190} INFO - [2024-09-29T10:42:31.555+0000] {dag.py:4180} INFO - Setting next_dagrun for example_subdag_operator.section-1 to None, run_after=None
[2024-09-29T10:42:31.559+0000] {logging_mixin.py:190} INFO - [2024-09-29T10:42:31.558+0000] {dag.py:4180} INFO - Setting next_dagrun for example_subdag_operator.section-2 to None, run_after=None
[2024-09-29T10:42:31.618+0000] {processor.py:208} INFO - Processing /home/airflow/.local/lib/python3.12/site-packages/airflow/example_dags/example_subdag_operator.py took 2.471 seconds
[2024-09-29T10:43:02.464+0000] {processor.py:186} INFO - Started process (PID=2810) to work on /home/airflow/.local/lib/python3.12/site-packages/airflow/example_dags/example_subdag_operator.py
[2024-09-29T10:43:02.467+0000] {processor.py:914} INFO - Processing file /home/airflow/.local/lib/python3.12/site-packages/airflow/example_dags/example_subdag_operator.py for tasks to queue
[2024-09-29T10:43:02.472+0000] {logging_mixin.py:190} INFO - [2024-09-29T10:43:02.471+0000] {dagbag.py:588} INFO - Filling up the DagBag from /home/airflow/.local/lib/python3.12/site-packages/airflow/example_dags/example_subdag_operator.py
[2024-09-29T10:43:02.540+0000] {processor.py:925} INFO - DAG(s) 'example_subdag_operator.section-1', 'example_subdag_operator.section-2', 'example_subdag_operator' retrieved from /home/airflow/.local/lib/python3.12/site-packages/airflow/example_dags/example_subdag_operator.py
[2024-09-29T10:43:02.582+0000] {logging_mixin.py:190} INFO - [2024-09-29T10:43:02.581+0000] {dag.py:3239} INFO - Sync 3 DAGs
[2024-09-29T10:43:02.650+0000] {logging_mixin.py:190} INFO - [2024-09-29T10:43:02.650+0000] {dag.py:4180} INFO - Setting next_dagrun for example_subdag_operator to 2022-01-01 00:00:00+00:00, run_after=2022-01-01 00:00:00+00:00
[2024-09-29T10:43:02.662+0000] {logging_mixin.py:190} INFO - [2024-09-29T10:43:02.661+0000] {dag.py:4180} INFO - Setting next_dagrun for example_subdag_operator.section-1 to None, run_after=None
[2024-09-29T10:43:02.667+0000] {logging_mixin.py:190} INFO - [2024-09-29T10:43:02.667+0000] {dag.py:4180} INFO - Setting next_dagrun for example_subdag_operator.section-2 to None, run_after=None
[2024-09-29T10:43:02.689+0000] {logging_mixin.py:190} INFO - [2024-09-29T10:43:02.689+0000] {dag.py:3239} INFO - Sync 2 DAGs
[2024-09-29T10:43:02.704+0000] {logging_mixin.py:190} INFO - [2024-09-29T10:43:02.703+0000] {dag.py:4180} INFO - Setting next_dagrun for example_subdag_operator.section-1 to None, run_after=None
[2024-09-29T10:43:02.705+0000] {logging_mixin.py:190} INFO - [2024-09-29T10:43:02.705+0000] {dag.py:4180} INFO - Setting next_dagrun for example_subdag_operator.section-2 to None, run_after=None
[2024-09-29T10:43:02.736+0000] {processor.py:208} INFO - Processing /home/airflow/.local/lib/python3.12/site-packages/airflow/example_dags/example_subdag_operator.py took 0.285 seconds
[2024-09-29T10:43:33.630+0000] {processor.py:186} INFO - Started process (PID=3096) to work on /home/airflow/.local/lib/python3.12/site-packages/airflow/example_dags/example_subdag_operator.py
[2024-09-29T10:43:33.633+0000] {processor.py:914} INFO - Processing file /home/airflow/.local/lib/python3.12/site-packages/airflow/example_dags/example_subdag_operator.py for tasks to queue
[2024-09-29T10:43:33.639+0000] {logging_mixin.py:190} INFO - [2024-09-29T10:43:33.638+0000] {dagbag.py:588} INFO - Filling up the DagBag from /home/airflow/.local/lib/python3.12/site-packages/airflow/example_dags/example_subdag_operator.py
[2024-09-29T10:43:33.702+0000] {processor.py:925} INFO - DAG(s) 'example_subdag_operator.section-1', 'example_subdag_operator.section-2', 'example_subdag_operator' retrieved from /home/airflow/.local/lib/python3.12/site-packages/airflow/example_dags/example_subdag_operator.py
[2024-09-29T10:43:33.744+0000] {logging_mixin.py:190} INFO - [2024-09-29T10:43:33.744+0000] {dag.py:3239} INFO - Sync 3 DAGs
[2024-09-29T10:43:33.857+0000] {logging_mixin.py:190} INFO - [2024-09-29T10:43:33.854+0000] {dag.py:4180} INFO - Setting next_dagrun for example_subdag_operator to 2022-01-01 00:00:00+00:00, run_after=2022-01-01 00:00:00+00:00
[2024-09-29T10:43:33.880+0000] {logging_mixin.py:190} INFO - [2024-09-29T10:43:33.879+0000] {dag.py:4180} INFO - Setting next_dagrun for example_subdag_operator.section-1 to None, run_after=None
[2024-09-29T10:43:33.902+0000] {logging_mixin.py:190} INFO - [2024-09-29T10:43:33.896+0000] {dag.py:4180} INFO - Setting next_dagrun for example_subdag_operator.section-2 to None, run_after=None
[2024-09-29T10:43:33.929+0000] {logging_mixin.py:190} INFO - [2024-09-29T10:43:33.928+0000] {dag.py:3239} INFO - Sync 2 DAGs
[2024-09-29T10:43:33.952+0000] {logging_mixin.py:190} INFO - [2024-09-29T10:43:33.951+0000] {dag.py:4180} INFO - Setting next_dagrun for example_subdag_operator.section-1 to None, run_after=None
[2024-09-29T10:43:33.957+0000] {logging_mixin.py:190} INFO - [2024-09-29T10:43:33.956+0000] {dag.py:4180} INFO - Setting next_dagrun for example_subdag_operator.section-2 to None, run_after=None
[2024-09-29T10:43:34.004+0000] {processor.py:208} INFO - Processing /home/airflow/.local/lib/python3.12/site-packages/airflow/example_dags/example_subdag_operator.py took 0.389 seconds
