[2024-09-29T10:37:47.933+0000] {processor.py:186} INFO - Started process (PID=247) to work on /home/airflow/.local/lib/python3.12/site-packages/airflow/example_dags/example_sla_dag.py
[2024-09-29T10:37:47.939+0000] {processor.py:914} INFO - Processing file /home/airflow/.local/lib/python3.12/site-packages/airflow/example_dags/example_sla_dag.py for tasks to queue
[2024-09-29T10:37:47.956+0000] {logging_mixin.py:190} INFO - [2024-09-29T10:37:47.950+0000] {dagbag.py:588} INFO - Filling up the DagBag from /home/airflow/.local/lib/python3.12/site-packages/airflow/example_dags/example_sla_dag.py
[2024-09-29T10:37:48.067+0000] {processor.py:925} INFO - DAG(s) 'example_sla_dag' retrieved from /home/airflow/.local/lib/python3.12/site-packages/airflow/example_dags/example_sla_dag.py
[2024-09-29T10:37:48.896+0000] {logging_mixin.py:190} INFO - [2024-09-29T10:37:48.866+0000] {override.py:1900} INFO - Created Permission View: can edit on DAG:example_sla_dag
[2024-09-29T10:37:48.981+0000] {logging_mixin.py:190} INFO - [2024-09-29T10:37:48.980+0000] {override.py:1900} INFO - Created Permission View: can read on DAG:example_sla_dag
[2024-09-29T10:37:49.057+0000] {logging_mixin.py:190} INFO - [2024-09-29T10:37:49.056+0000] {override.py:1900} INFO - Created Permission View: can delete on DAG:example_sla_dag
[2024-09-29T10:37:49.165+0000] {logging_mixin.py:190} INFO - [2024-09-29T10:37:49.163+0000] {override.py:1900} INFO - Created Permission View: can delete on DAG Run:example_sla_dag
[2024-09-29T10:37:49.216+0000] {logging_mixin.py:190} INFO - [2024-09-29T10:37:49.213+0000] {override.py:1900} INFO - Created Permission View: can read on DAG Run:example_sla_dag
[2024-09-29T10:37:49.274+0000] {logging_mixin.py:190} INFO - [2024-09-29T10:37:49.273+0000] {override.py:1900} INFO - Created Permission View: can create on DAG Run:example_sla_dag
[2024-09-29T10:37:49.309+0000] {logging_mixin.py:190} INFO - [2024-09-29T10:37:49.308+0000] {override.py:1900} INFO - Created Permission View: menu access on DAG Run:example_sla_dag
[2024-09-29T10:37:49.312+0000] {logging_mixin.py:190} INFO - [2024-09-29T10:37:49.311+0000] {dag.py:3239} INFO - Sync 1 DAGs
[2024-09-29T10:37:49.407+0000] {logging_mixin.py:190} INFO - [2024-09-29T10:37:49.407+0000] {dag.py:3262} INFO - Creating ORM DAG for example_sla_dag
[2024-09-29T10:37:49.532+0000] {logging_mixin.py:190} INFO - [2024-09-29T10:37:49.525+0000] {dag.py:4180} INFO - Setting next_dagrun for example_sla_dag to 2024-09-29 10:34:00+00:00, run_after=2024-09-29 10:36:00+00:00
[2024-09-29T10:37:49.946+0000] {processor.py:208} INFO - Processing /home/airflow/.local/lib/python3.12/site-packages/airflow/example_dags/example_sla_dag.py took 2.050 seconds
[2024-09-29T10:38:20.228+0000] {processor.py:186} INFO - Started process (PID=535) to work on /home/airflow/.local/lib/python3.12/site-packages/airflow/example_dags/example_sla_dag.py
[2024-09-29T10:38:20.234+0000] {processor.py:914} INFO - Processing file /home/airflow/.local/lib/python3.12/site-packages/airflow/example_dags/example_sla_dag.py for tasks to queue
[2024-09-29T10:38:20.240+0000] {logging_mixin.py:190} INFO - [2024-09-29T10:38:20.239+0000] {dagbag.py:588} INFO - Filling up the DagBag from /home/airflow/.local/lib/python3.12/site-packages/airflow/example_dags/example_sla_dag.py
[2024-09-29T10:38:20.259+0000] {processor.py:925} INFO - DAG(s) 'example_sla_dag' retrieved from /home/airflow/.local/lib/python3.12/site-packages/airflow/example_dags/example_sla_dag.py
[2024-09-29T10:38:20.306+0000] {logging_mixin.py:190} INFO - [2024-09-29T10:38:20.305+0000] {dag.py:3239} INFO - Sync 1 DAGs
[2024-09-29T10:38:20.368+0000] {logging_mixin.py:190} INFO - [2024-09-29T10:38:20.368+0000] {dag.py:4180} INFO - Setting next_dagrun for example_sla_dag to 2024-09-29 10:36:00+00:00, run_after=2024-09-29 10:38:00+00:00
[2024-09-29T10:38:20.469+0000] {processor.py:208} INFO - Processing /home/airflow/.local/lib/python3.12/site-packages/airflow/example_dags/example_sla_dag.py took 0.253 seconds
[2024-09-29T10:38:50.835+0000] {processor.py:186} INFO - Started process (PID=821) to work on /home/airflow/.local/lib/python3.12/site-packages/airflow/example_dags/example_sla_dag.py
[2024-09-29T10:38:50.838+0000] {processor.py:914} INFO - Processing file /home/airflow/.local/lib/python3.12/site-packages/airflow/example_dags/example_sla_dag.py for tasks to queue
[2024-09-29T10:38:50.844+0000] {logging_mixin.py:190} INFO - [2024-09-29T10:38:50.843+0000] {dagbag.py:588} INFO - Filling up the DagBag from /home/airflow/.local/lib/python3.12/site-packages/airflow/example_dags/example_sla_dag.py
[2024-09-29T10:38:50.866+0000] {processor.py:925} INFO - DAG(s) 'example_sla_dag' retrieved from /home/airflow/.local/lib/python3.12/site-packages/airflow/example_dags/example_sla_dag.py
[2024-09-29T10:38:50.913+0000] {logging_mixin.py:190} INFO - [2024-09-29T10:38:50.912+0000] {dag.py:3239} INFO - Sync 1 DAGs
[2024-09-29T10:38:50.969+0000] {logging_mixin.py:190} INFO - [2024-09-29T10:38:50.968+0000] {dag.py:4180} INFO - Setting next_dagrun for example_sla_dag to 2024-09-29 10:36:00+00:00, run_after=2024-09-29 10:38:00+00:00
[2024-09-29T10:38:51.010+0000] {processor.py:208} INFO - Processing /home/airflow/.local/lib/python3.12/site-packages/airflow/example_dags/example_sla_dag.py took 0.190 seconds
[2024-09-29T10:39:24.399+0000] {processor.py:186} INFO - Started process (PID=1055) to work on /home/airflow/.local/lib/python3.12/site-packages/airflow/example_dags/example_sla_dag.py
[2024-09-29T10:39:24.401+0000] {processor.py:914} INFO - Processing file /home/airflow/.local/lib/python3.12/site-packages/airflow/example_dags/example_sla_dag.py for tasks to queue
[2024-09-29T10:39:24.407+0000] {logging_mixin.py:190} INFO - [2024-09-29T10:39:24.406+0000] {dagbag.py:588} INFO - Filling up the DagBag from /home/airflow/.local/lib/python3.12/site-packages/airflow/example_dags/example_sla_dag.py
[2024-09-29T10:39:24.430+0000] {processor.py:925} INFO - DAG(s) 'example_sla_dag' retrieved from /home/airflow/.local/lib/python3.12/site-packages/airflow/example_dags/example_sla_dag.py
[2024-09-29T10:39:24.476+0000] {logging_mixin.py:190} INFO - [2024-09-29T10:39:24.475+0000] {dag.py:3239} INFO - Sync 1 DAGs
[2024-09-29T10:39:24.561+0000] {logging_mixin.py:190} INFO - [2024-09-29T10:39:24.561+0000] {dag.py:4180} INFO - Setting next_dagrun for example_sla_dag to 2024-09-29 10:36:00+00:00, run_after=2024-09-29 10:38:00+00:00
[2024-09-29T10:39:24.611+0000] {processor.py:208} INFO - Processing /home/airflow/.local/lib/python3.12/site-packages/airflow/example_dags/example_sla_dag.py took 0.226 seconds
[2024-09-29T10:39:55.372+0000] {processor.py:186} INFO - Started process (PID=1341) to work on /home/airflow/.local/lib/python3.12/site-packages/airflow/example_dags/example_sla_dag.py
[2024-09-29T10:39:55.374+0000] {processor.py:914} INFO - Processing file /home/airflow/.local/lib/python3.12/site-packages/airflow/example_dags/example_sla_dag.py for tasks to queue
[2024-09-29T10:39:55.379+0000] {logging_mixin.py:190} INFO - [2024-09-29T10:39:55.378+0000] {dagbag.py:588} INFO - Filling up the DagBag from /home/airflow/.local/lib/python3.12/site-packages/airflow/example_dags/example_sla_dag.py
[2024-09-29T10:39:55.406+0000] {processor.py:925} INFO - DAG(s) 'example_sla_dag' retrieved from /home/airflow/.local/lib/python3.12/site-packages/airflow/example_dags/example_sla_dag.py
[2024-09-29T10:39:55.459+0000] {logging_mixin.py:190} INFO - [2024-09-29T10:39:55.458+0000] {dag.py:3239} INFO - Sync 1 DAGs
[2024-09-29T10:39:55.536+0000] {logging_mixin.py:190} INFO - [2024-09-29T10:39:55.536+0000] {dag.py:4180} INFO - Setting next_dagrun for example_sla_dag to 2024-09-29 10:36:00+00:00, run_after=2024-09-29 10:38:00+00:00
[2024-09-29T10:39:55.580+0000] {processor.py:208} INFO - Processing /home/airflow/.local/lib/python3.12/site-packages/airflow/example_dags/example_sla_dag.py took 0.225 seconds
[2024-09-29T10:40:26.088+0000] {processor.py:186} INFO - Started process (PID=1627) to work on /home/airflow/.local/lib/python3.12/site-packages/airflow/example_dags/example_sla_dag.py
[2024-09-29T10:40:26.095+0000] {processor.py:914} INFO - Processing file /home/airflow/.local/lib/python3.12/site-packages/airflow/example_dags/example_sla_dag.py for tasks to queue
[2024-09-29T10:40:26.101+0000] {logging_mixin.py:190} INFO - [2024-09-29T10:40:26.100+0000] {dagbag.py:588} INFO - Filling up the DagBag from /home/airflow/.local/lib/python3.12/site-packages/airflow/example_dags/example_sla_dag.py
[2024-09-29T10:40:26.129+0000] {processor.py:925} INFO - DAG(s) 'example_sla_dag' retrieved from /home/airflow/.local/lib/python3.12/site-packages/airflow/example_dags/example_sla_dag.py
[2024-09-29T10:40:26.199+0000] {logging_mixin.py:190} INFO - [2024-09-29T10:40:26.198+0000] {dag.py:3239} INFO - Sync 1 DAGs
[2024-09-29T10:40:26.286+0000] {logging_mixin.py:190} INFO - [2024-09-29T10:40:26.285+0000] {dag.py:4180} INFO - Setting next_dagrun for example_sla_dag to 2024-09-29 10:38:00+00:00, run_after=2024-09-29 10:40:00+00:00
[2024-09-29T10:40:26.339+0000] {processor.py:208} INFO - Processing /home/airflow/.local/lib/python3.12/site-packages/airflow/example_dags/example_sla_dag.py took 0.265 seconds
[2024-09-29T10:40:59.304+0000] {processor.py:186} INFO - Started process (PID=1913) to work on /home/airflow/.local/lib/python3.12/site-packages/airflow/example_dags/example_sla_dag.py
[2024-09-29T10:40:59.308+0000] {processor.py:914} INFO - Processing file /home/airflow/.local/lib/python3.12/site-packages/airflow/example_dags/example_sla_dag.py for tasks to queue
[2024-09-29T10:40:59.321+0000] {logging_mixin.py:190} INFO - [2024-09-29T10:40:59.318+0000] {dagbag.py:588} INFO - Filling up the DagBag from /home/airflow/.local/lib/python3.12/site-packages/airflow/example_dags/example_sla_dag.py
[2024-09-29T10:40:59.391+0000] {processor.py:925} INFO - DAG(s) 'example_sla_dag' retrieved from /home/airflow/.local/lib/python3.12/site-packages/airflow/example_dags/example_sla_dag.py
[2024-09-29T10:40:59.530+0000] {logging_mixin.py:190} INFO - [2024-09-29T10:40:59.519+0000] {dag.py:3239} INFO - Sync 1 DAGs
[2024-09-29T10:40:59.689+0000] {logging_mixin.py:190} INFO - [2024-09-29T10:40:59.688+0000] {dag.py:4180} INFO - Setting next_dagrun for example_sla_dag to 2024-09-29 10:38:00+00:00, run_after=2024-09-29 10:40:00+00:00
[2024-09-29T10:40:59.782+0000] {processor.py:208} INFO - Processing /home/airflow/.local/lib/python3.12/site-packages/airflow/example_dags/example_sla_dag.py took 0.514 seconds
[2024-09-29T10:41:35.573+0000] {processor.py:186} INFO - Started process (PID=2174) to work on /home/airflow/.local/lib/python3.12/site-packages/airflow/example_dags/example_sla_dag.py
[2024-09-29T10:41:35.576+0000] {processor.py:914} INFO - Processing file /home/airflow/.local/lib/python3.12/site-packages/airflow/example_dags/example_sla_dag.py for tasks to queue
[2024-09-29T10:41:35.592+0000] {logging_mixin.py:190} INFO - [2024-09-29T10:41:35.591+0000] {dagbag.py:588} INFO - Filling up the DagBag from /home/airflow/.local/lib/python3.12/site-packages/airflow/example_dags/example_sla_dag.py
[2024-09-29T10:41:35.750+0000] {processor.py:925} INFO - DAG(s) 'example_sla_dag' retrieved from /home/airflow/.local/lib/python3.12/site-packages/airflow/example_dags/example_sla_dag.py
[2024-09-29T10:41:35.855+0000] {logging_mixin.py:190} INFO - [2024-09-29T10:41:35.854+0000] {dag.py:3239} INFO - Sync 1 DAGs
[2024-09-29T10:41:36.100+0000] {logging_mixin.py:190} INFO - [2024-09-29T10:41:36.098+0000] {dag.py:4180} INFO - Setting next_dagrun for example_sla_dag to 2024-09-29 10:38:00+00:00, run_after=2024-09-29 10:40:00+00:00
[2024-09-29T10:41:36.270+0000] {processor.py:208} INFO - Processing /home/airflow/.local/lib/python3.12/site-packages/airflow/example_dags/example_sla_dag.py took 0.719 seconds
[2024-09-29T10:42:16.719+0000] {processor.py:186} INFO - Started process (PID=2460) to work on /home/airflow/.local/lib/python3.12/site-packages/airflow/example_dags/example_sla_dag.py
[2024-09-29T10:42:16.730+0000] {processor.py:914} INFO - Processing file /home/airflow/.local/lib/python3.12/site-packages/airflow/example_dags/example_sla_dag.py for tasks to queue
[2024-09-29T10:42:16.772+0000] {logging_mixin.py:190} INFO - [2024-09-29T10:42:16.768+0000] {dagbag.py:588} INFO - Filling up the DagBag from /home/airflow/.local/lib/python3.12/site-packages/airflow/example_dags/example_sla_dag.py
[2024-09-29T10:42:17.021+0000] {processor.py:925} INFO - DAG(s) 'example_sla_dag' retrieved from /home/airflow/.local/lib/python3.12/site-packages/airflow/example_dags/example_sla_dag.py
[2024-09-29T10:42:17.382+0000] {logging_mixin.py:190} INFO - [2024-09-29T10:42:17.381+0000] {dag.py:3239} INFO - Sync 1 DAGs
[2024-09-29T10:42:17.805+0000] {logging_mixin.py:190} INFO - [2024-09-29T10:42:17.802+0000] {dag.py:4180} INFO - Setting next_dagrun for example_sla_dag to 2024-09-29 10:40:00+00:00, run_after=2024-09-29 10:42:00+00:00
[2024-09-29T10:42:18.138+0000] {processor.py:208} INFO - Processing /home/airflow/.local/lib/python3.12/site-packages/airflow/example_dags/example_sla_dag.py took 1.631 seconds
[2024-09-29T10:42:58.737+0000] {processor.py:186} INFO - Started process (PID=2753) to work on /home/airflow/.local/lib/python3.12/site-packages/airflow/example_dags/example_sla_dag.py
[2024-09-29T10:42:58.739+0000] {processor.py:914} INFO - Processing file /home/airflow/.local/lib/python3.12/site-packages/airflow/example_dags/example_sla_dag.py for tasks to queue
[2024-09-29T10:42:58.745+0000] {logging_mixin.py:190} INFO - [2024-09-29T10:42:58.744+0000] {dagbag.py:588} INFO - Filling up the DagBag from /home/airflow/.local/lib/python3.12/site-packages/airflow/example_dags/example_sla_dag.py
[2024-09-29T10:42:58.770+0000] {processor.py:925} INFO - DAG(s) 'example_sla_dag' retrieved from /home/airflow/.local/lib/python3.12/site-packages/airflow/example_dags/example_sla_dag.py
[2024-09-29T10:42:58.815+0000] {logging_mixin.py:190} INFO - [2024-09-29T10:42:58.814+0000] {dag.py:3239} INFO - Sync 1 DAGs
[2024-09-29T10:42:58.879+0000] {logging_mixin.py:190} INFO - [2024-09-29T10:42:58.878+0000] {dag.py:4180} INFO - Setting next_dagrun for example_sla_dag to 2024-09-29 10:40:00+00:00, run_after=2024-09-29 10:42:00+00:00
[2024-09-29T10:42:58.927+0000] {processor.py:208} INFO - Processing /home/airflow/.local/lib/python3.12/site-packages/airflow/example_dags/example_sla_dag.py took 0.227 seconds
[2024-09-29T10:43:29.545+0000] {processor.py:186} INFO - Started process (PID=3039) to work on /home/airflow/.local/lib/python3.12/site-packages/airflow/example_dags/example_sla_dag.py
[2024-09-29T10:43:29.547+0000] {processor.py:914} INFO - Processing file /home/airflow/.local/lib/python3.12/site-packages/airflow/example_dags/example_sla_dag.py for tasks to queue
[2024-09-29T10:43:29.554+0000] {logging_mixin.py:190} INFO - [2024-09-29T10:43:29.553+0000] {dagbag.py:588} INFO - Filling up the DagBag from /home/airflow/.local/lib/python3.12/site-packages/airflow/example_dags/example_sla_dag.py
[2024-09-29T10:43:29.573+0000] {processor.py:925} INFO - DAG(s) 'example_sla_dag' retrieved from /home/airflow/.local/lib/python3.12/site-packages/airflow/example_dags/example_sla_dag.py
[2024-09-29T10:43:29.620+0000] {logging_mixin.py:190} INFO - [2024-09-29T10:43:29.619+0000] {dag.py:3239} INFO - Sync 1 DAGs
[2024-09-29T10:43:29.684+0000] {logging_mixin.py:190} INFO - [2024-09-29T10:43:29.684+0000] {dag.py:4180} INFO - Setting next_dagrun for example_sla_dag to 2024-09-29 10:40:00+00:00, run_after=2024-09-29 10:42:00+00:00
[2024-09-29T10:43:29.731+0000] {processor.py:208} INFO - Processing /home/airflow/.local/lib/python3.12/site-packages/airflow/example_dags/example_sla_dag.py took 0.200 seconds
