[2024-09-29T10:38:08.859+0000] {processor.py:186} INFO - Started process (PID=387) to work on /home/airflow/.local/lib/python3.12/site-packages/airflow/example_dags/example_params_ui_tutorial.py
[2024-09-29T10:38:08.868+0000] {processor.py:914} INFO - Processing file /home/airflow/.local/lib/python3.12/site-packages/airflow/example_dags/example_params_ui_tutorial.py for tasks to queue
[2024-09-29T10:38:08.881+0000] {logging_mixin.py:190} INFO - [2024-09-29T10:38:08.880+0000] {dagbag.py:588} INFO - Filling up the DagBag from /home/airflow/.local/lib/python3.12/site-packages/airflow/example_dags/example_params_ui_tutorial.py
[2024-09-29T10:38:08.913+0000] {processor.py:925} INFO - DAG(s) 'example_params_ui_tutorial' retrieved from /home/airflow/.local/lib/python3.12/site-packages/airflow/example_dags/example_params_ui_tutorial.py
[2024-09-29T10:38:09.319+0000] {logging_mixin.py:190} INFO - [2024-09-29T10:38:09.316+0000] {override.py:1900} INFO - Created Permission View: can edit on DAG:example_params_ui_tutorial
[2024-09-29T10:38:09.406+0000] {logging_mixin.py:190} INFO - [2024-09-29T10:38:09.405+0000] {override.py:1900} INFO - Created Permission View: can read on DAG:example_params_ui_tutorial
[2024-09-29T10:38:09.459+0000] {logging_mixin.py:190} INFO - [2024-09-29T10:38:09.458+0000] {override.py:1900} INFO - Created Permission View: can delete on DAG:example_params_ui_tutorial
[2024-09-29T10:38:09.513+0000] {logging_mixin.py:190} INFO - [2024-09-29T10:38:09.513+0000] {override.py:1900} INFO - Created Permission View: can delete on DAG Run:example_params_ui_tutorial
[2024-09-29T10:38:09.567+0000] {logging_mixin.py:190} INFO - [2024-09-29T10:38:09.566+0000] {override.py:1900} INFO - Created Permission View: can read on DAG Run:example_params_ui_tutorial
[2024-09-29T10:38:09.591+0000] {logging_mixin.py:190} INFO - [2024-09-29T10:38:09.590+0000] {override.py:1900} INFO - Created Permission View: can create on DAG Run:example_params_ui_tutorial
[2024-09-29T10:38:09.623+0000] {logging_mixin.py:190} INFO - [2024-09-29T10:38:09.622+0000] {override.py:1900} INFO - Created Permission View: menu access on DAG Run:example_params_ui_tutorial
[2024-09-29T10:38:09.625+0000] {logging_mixin.py:190} INFO - [2024-09-29T10:38:09.624+0000] {dag.py:3239} INFO - Sync 1 DAGs
[2024-09-29T10:38:09.660+0000] {logging_mixin.py:190} INFO - [2024-09-29T10:38:09.660+0000] {dag.py:3262} INFO - Creating ORM DAG for example_params_ui_tutorial
[2024-09-29T10:38:09.663+0000] {logging_mixin.py:190} INFO - [2024-09-29T10:38:09.662+0000] {dag.py:4180} INFO - Setting next_dagrun for example_params_ui_tutorial to None, run_after=None
[2024-09-29T10:38:09.744+0000] {processor.py:208} INFO - Processing /home/airflow/.local/lib/python3.12/site-packages/airflow/example_dags/example_params_ui_tutorial.py took 0.927 seconds
[2024-09-29T10:38:40.446+0000] {processor.py:186} INFO - Started process (PID=674) to work on /home/airflow/.local/lib/python3.12/site-packages/airflow/example_dags/example_params_ui_tutorial.py
[2024-09-29T10:38:40.450+0000] {processor.py:914} INFO - Processing file /home/airflow/.local/lib/python3.12/site-packages/airflow/example_dags/example_params_ui_tutorial.py for tasks to queue
[2024-09-29T10:38:40.457+0000] {logging_mixin.py:190} INFO - [2024-09-29T10:38:40.457+0000] {dagbag.py:588} INFO - Filling up the DagBag from /home/airflow/.local/lib/python3.12/site-packages/airflow/example_dags/example_params_ui_tutorial.py
[2024-09-29T10:38:40.484+0000] {processor.py:925} INFO - DAG(s) 'example_params_ui_tutorial' retrieved from /home/airflow/.local/lib/python3.12/site-packages/airflow/example_dags/example_params_ui_tutorial.py
[2024-09-29T10:38:40.626+0000] {logging_mixin.py:190} INFO - [2024-09-29T10:38:40.625+0000] {dag.py:3239} INFO - Sync 1 DAGs
[2024-09-29T10:38:40.688+0000] {logging_mixin.py:190} INFO - [2024-09-29T10:38:40.687+0000] {dag.py:4180} INFO - Setting next_dagrun for example_params_ui_tutorial to None, run_after=None
[2024-09-29T10:38:40.751+0000] {processor.py:208} INFO - Processing /home/airflow/.local/lib/python3.12/site-packages/airflow/example_dags/example_params_ui_tutorial.py took 0.319 seconds
[2024-09-29T10:39:16.044+0000] {processor.py:186} INFO - Started process (PID=960) to work on /home/airflow/.local/lib/python3.12/site-packages/airflow/example_dags/example_params_ui_tutorial.py
[2024-09-29T10:39:16.049+0000] {processor.py:914} INFO - Processing file /home/airflow/.local/lib/python3.12/site-packages/airflow/example_dags/example_params_ui_tutorial.py for tasks to queue
[2024-09-29T10:39:16.055+0000] {logging_mixin.py:190} INFO - [2024-09-29T10:39:16.054+0000] {dagbag.py:588} INFO - Filling up the DagBag from /home/airflow/.local/lib/python3.12/site-packages/airflow/example_dags/example_params_ui_tutorial.py
[2024-09-29T10:39:16.072+0000] {processor.py:925} INFO - DAG(s) 'example_params_ui_tutorial' retrieved from /home/airflow/.local/lib/python3.12/site-packages/airflow/example_dags/example_params_ui_tutorial.py
[2024-09-29T10:39:16.201+0000] {logging_mixin.py:190} INFO - [2024-09-29T10:39:16.200+0000] {dag.py:3239} INFO - Sync 1 DAGs
[2024-09-29T10:39:16.268+0000] {logging_mixin.py:190} INFO - [2024-09-29T10:39:16.268+0000] {dag.py:4180} INFO - Setting next_dagrun for example_params_ui_tutorial to None, run_after=None
[2024-09-29T10:39:16.368+0000] {processor.py:208} INFO - Processing /home/airflow/.local/lib/python3.12/site-packages/airflow/example_dags/example_params_ui_tutorial.py took 0.338 seconds
[2024-09-29T10:39:47.108+0000] {processor.py:186} INFO - Started process (PID=1248) to work on /home/airflow/.local/lib/python3.12/site-packages/airflow/example_dags/example_params_ui_tutorial.py
[2024-09-29T10:39:47.111+0000] {processor.py:914} INFO - Processing file /home/airflow/.local/lib/python3.12/site-packages/airflow/example_dags/example_params_ui_tutorial.py for tasks to queue
[2024-09-29T10:39:47.118+0000] {logging_mixin.py:190} INFO - [2024-09-29T10:39:47.117+0000] {dagbag.py:588} INFO - Filling up the DagBag from /home/airflow/.local/lib/python3.12/site-packages/airflow/example_dags/example_params_ui_tutorial.py
[2024-09-29T10:39:47.142+0000] {processor.py:925} INFO - DAG(s) 'example_params_ui_tutorial' retrieved from /home/airflow/.local/lib/python3.12/site-packages/airflow/example_dags/example_params_ui_tutorial.py
[2024-09-29T10:39:47.247+0000] {logging_mixin.py:190} INFO - [2024-09-29T10:39:47.246+0000] {dag.py:3239} INFO - Sync 1 DAGs
[2024-09-29T10:39:47.282+0000] {logging_mixin.py:190} INFO - [2024-09-29T10:39:47.281+0000] {dag.py:4180} INFO - Setting next_dagrun for example_params_ui_tutorial to None, run_after=None
[2024-09-29T10:39:47.342+0000] {processor.py:208} INFO - Processing /home/airflow/.local/lib/python3.12/site-packages/airflow/example_dags/example_params_ui_tutorial.py took 0.250 seconds
[2024-09-29T10:40:18.509+0000] {processor.py:186} INFO - Started process (PID=1532) to work on /home/airflow/.local/lib/python3.12/site-packages/airflow/example_dags/example_params_ui_tutorial.py
[2024-09-29T10:40:18.512+0000] {processor.py:914} INFO - Processing file /home/airflow/.local/lib/python3.12/site-packages/airflow/example_dags/example_params_ui_tutorial.py for tasks to queue
[2024-09-29T10:40:18.518+0000] {logging_mixin.py:190} INFO - [2024-09-29T10:40:18.517+0000] {dagbag.py:588} INFO - Filling up the DagBag from /home/airflow/.local/lib/python3.12/site-packages/airflow/example_dags/example_params_ui_tutorial.py
[2024-09-29T10:40:18.541+0000] {processor.py:925} INFO - DAG(s) 'example_params_ui_tutorial' retrieved from /home/airflow/.local/lib/python3.12/site-packages/airflow/example_dags/example_params_ui_tutorial.py
[2024-09-29T10:40:18.641+0000] {logging_mixin.py:190} INFO - [2024-09-29T10:40:18.641+0000] {dag.py:3239} INFO - Sync 1 DAGs
[2024-09-29T10:40:18.674+0000] {logging_mixin.py:190} INFO - [2024-09-29T10:40:18.673+0000] {dag.py:4180} INFO - Setting next_dagrun for example_params_ui_tutorial to None, run_after=None
[2024-09-29T10:40:18.730+0000] {processor.py:208} INFO - Processing /home/airflow/.local/lib/python3.12/site-packages/airflow/example_dags/example_params_ui_tutorial.py took 0.234 seconds
[2024-09-29T10:40:49.842+0000] {processor.py:186} INFO - Started process (PID=1820) to work on /home/airflow/.local/lib/python3.12/site-packages/airflow/example_dags/example_params_ui_tutorial.py
[2024-09-29T10:40:49.844+0000] {processor.py:914} INFO - Processing file /home/airflow/.local/lib/python3.12/site-packages/airflow/example_dags/example_params_ui_tutorial.py for tasks to queue
[2024-09-29T10:40:49.849+0000] {logging_mixin.py:190} INFO - [2024-09-29T10:40:49.848+0000] {dagbag.py:588} INFO - Filling up the DagBag from /home/airflow/.local/lib/python3.12/site-packages/airflow/example_dags/example_params_ui_tutorial.py
[2024-09-29T10:40:49.867+0000] {processor.py:925} INFO - DAG(s) 'example_params_ui_tutorial' retrieved from /home/airflow/.local/lib/python3.12/site-packages/airflow/example_dags/example_params_ui_tutorial.py
[2024-09-29T10:40:50.082+0000] {logging_mixin.py:190} INFO - [2024-09-29T10:40:50.081+0000] {dag.py:3239} INFO - Sync 1 DAGs
[2024-09-29T10:40:50.112+0000] {logging_mixin.py:190} INFO - [2024-09-29T10:40:50.111+0000] {dag.py:4180} INFO - Setting next_dagrun for example_params_ui_tutorial to None, run_after=None
[2024-09-29T10:40:50.489+0000] {processor.py:208} INFO - Processing /home/airflow/.local/lib/python3.12/site-packages/airflow/example_dags/example_params_ui_tutorial.py took 0.658 seconds
[2024-09-29T10:41:22.356+0000] {processor.py:186} INFO - Started process (PID=2106) to work on /home/airflow/.local/lib/python3.12/site-packages/airflow/example_dags/example_params_ui_tutorial.py
[2024-09-29T10:41:22.371+0000] {processor.py:914} INFO - Processing file /home/airflow/.local/lib/python3.12/site-packages/airflow/example_dags/example_params_ui_tutorial.py for tasks to queue
[2024-09-29T10:41:22.377+0000] {logging_mixin.py:190} INFO - [2024-09-29T10:41:22.376+0000] {dagbag.py:588} INFO - Filling up the DagBag from /home/airflow/.local/lib/python3.12/site-packages/airflow/example_dags/example_params_ui_tutorial.py
[2024-09-29T10:41:22.439+0000] {processor.py:925} INFO - DAG(s) 'example_params_ui_tutorial' retrieved from /home/airflow/.local/lib/python3.12/site-packages/airflow/example_dags/example_params_ui_tutorial.py
[2024-09-29T10:41:22.765+0000] {logging_mixin.py:190} INFO - [2024-09-29T10:41:22.764+0000] {dag.py:3239} INFO - Sync 1 DAGs
[2024-09-29T10:41:22.852+0000] {logging_mixin.py:190} INFO - [2024-09-29T10:41:22.851+0000] {dag.py:4180} INFO - Setting next_dagrun for example_params_ui_tutorial to None, run_after=None
[2024-09-29T10:41:22.942+0000] {processor.py:208} INFO - Processing /home/airflow/.local/lib/python3.12/site-packages/airflow/example_dags/example_params_ui_tutorial.py took 0.613 seconds
[2024-09-29T10:41:55.536+0000] {processor.py:186} INFO - Started process (PID=2390) to work on /home/airflow/.local/lib/python3.12/site-packages/airflow/example_dags/example_params_ui_tutorial.py
[2024-09-29T10:41:55.540+0000] {processor.py:914} INFO - Processing file /home/airflow/.local/lib/python3.12/site-packages/airflow/example_dags/example_params_ui_tutorial.py for tasks to queue
[2024-09-29T10:41:55.548+0000] {logging_mixin.py:190} INFO - [2024-09-29T10:41:55.547+0000] {dagbag.py:588} INFO - Filling up the DagBag from /home/airflow/.local/lib/python3.12/site-packages/airflow/example_dags/example_params_ui_tutorial.py
[2024-09-29T10:41:55.576+0000] {processor.py:925} INFO - DAG(s) 'example_params_ui_tutorial' retrieved from /home/airflow/.local/lib/python3.12/site-packages/airflow/example_dags/example_params_ui_tutorial.py
[2024-09-29T10:41:55.764+0000] {logging_mixin.py:190} INFO - [2024-09-29T10:41:55.763+0000] {dag.py:3239} INFO - Sync 1 DAGs
[2024-09-29T10:41:55.827+0000] {logging_mixin.py:190} INFO - [2024-09-29T10:41:55.826+0000] {dag.py:4180} INFO - Setting next_dagrun for example_params_ui_tutorial to None, run_after=None
[2024-09-29T10:41:55.928+0000] {processor.py:208} INFO - Processing /home/airflow/.local/lib/python3.12/site-packages/airflow/example_dags/example_params_ui_tutorial.py took 0.411 seconds
[2024-09-29T10:42:38.888+0000] {processor.py:186} INFO - Started process (PID=2652) to work on /home/airflow/.local/lib/python3.12/site-packages/airflow/example_dags/example_params_ui_tutorial.py
[2024-09-29T10:42:38.939+0000] {processor.py:914} INFO - Processing file /home/airflow/.local/lib/python3.12/site-packages/airflow/example_dags/example_params_ui_tutorial.py for tasks to queue
[2024-09-29T10:42:38.948+0000] {logging_mixin.py:190} INFO - [2024-09-29T10:42:38.947+0000] {dagbag.py:588} INFO - Filling up the DagBag from /home/airflow/.local/lib/python3.12/site-packages/airflow/example_dags/example_params_ui_tutorial.py
[2024-09-29T10:42:38.985+0000] {processor.py:925} INFO - DAG(s) 'example_params_ui_tutorial' retrieved from /home/airflow/.local/lib/python3.12/site-packages/airflow/example_dags/example_params_ui_tutorial.py
[2024-09-29T10:42:39.553+0000] {logging_mixin.py:190} INFO - [2024-09-29T10:42:39.534+0000] {dag.py:3239} INFO - Sync 1 DAGs
[2024-09-29T10:42:39.947+0000] {logging_mixin.py:190} INFO - [2024-09-29T10:42:39.946+0000] {dag.py:4180} INFO - Setting next_dagrun for example_params_ui_tutorial to None, run_after=None
[2024-09-29T10:42:40.170+0000] {processor.py:208} INFO - Processing /home/airflow/.local/lib/python3.12/site-packages/airflow/example_dags/example_params_ui_tutorial.py took 1.296 seconds
[2024-09-29T10:43:10.875+0000] {processor.py:186} INFO - Started process (PID=2938) to work on /home/airflow/.local/lib/python3.12/site-packages/airflow/example_dags/example_params_ui_tutorial.py
[2024-09-29T10:43:10.877+0000] {processor.py:914} INFO - Processing file /home/airflow/.local/lib/python3.12/site-packages/airflow/example_dags/example_params_ui_tutorial.py for tasks to queue
[2024-09-29T10:43:10.882+0000] {logging_mixin.py:190} INFO - [2024-09-29T10:43:10.881+0000] {dagbag.py:588} INFO - Filling up the DagBag from /home/airflow/.local/lib/python3.12/site-packages/airflow/example_dags/example_params_ui_tutorial.py
[2024-09-29T10:43:10.901+0000] {processor.py:925} INFO - DAG(s) 'example_params_ui_tutorial' retrieved from /home/airflow/.local/lib/python3.12/site-packages/airflow/example_dags/example_params_ui_tutorial.py
[2024-09-29T10:43:11.000+0000] {logging_mixin.py:190} INFO - [2024-09-29T10:43:10.999+0000] {dag.py:3239} INFO - Sync 1 DAGs
[2024-09-29T10:43:11.045+0000] {logging_mixin.py:190} INFO - [2024-09-29T10:43:11.044+0000] {dag.py:4180} INFO - Setting next_dagrun for example_params_ui_tutorial to None, run_after=None
[2024-09-29T10:43:11.095+0000] {processor.py:208} INFO - Processing /home/airflow/.local/lib/python3.12/site-packages/airflow/example_dags/example_params_ui_tutorial.py took 0.233 seconds
[2024-09-29T10:43:44.469+0000] {processor.py:186} INFO - Started process (PID=3224) to work on /home/airflow/.local/lib/python3.12/site-packages/airflow/example_dags/example_params_ui_tutorial.py
[2024-09-29T10:43:44.480+0000] {processor.py:914} INFO - Processing file /home/airflow/.local/lib/python3.12/site-packages/airflow/example_dags/example_params_ui_tutorial.py for tasks to queue
[2024-09-29T10:43:44.488+0000] {logging_mixin.py:190} INFO - [2024-09-29T10:43:44.487+0000] {dagbag.py:588} INFO - Filling up the DagBag from /home/airflow/.local/lib/python3.12/site-packages/airflow/example_dags/example_params_ui_tutorial.py
[2024-09-29T10:43:44.538+0000] {processor.py:925} INFO - DAG(s) 'example_params_ui_tutorial' retrieved from /home/airflow/.local/lib/python3.12/site-packages/airflow/example_dags/example_params_ui_tutorial.py
[2024-09-29T10:43:44.759+0000] {logging_mixin.py:190} INFO - [2024-09-29T10:43:44.757+0000] {dag.py:3239} INFO - Sync 1 DAGs
[2024-09-29T10:43:44.816+0000] {logging_mixin.py:190} INFO - [2024-09-29T10:43:44.815+0000] {dag.py:4180} INFO - Setting next_dagrun for example_params_ui_tutorial to None, run_after=None
[2024-09-29T10:43:44.904+0000] {processor.py:208} INFO - Processing /home/airflow/.local/lib/python3.12/site-packages/airflow/example_dags/example_params_ui_tutorial.py took 0.454 seconds
