[2024-09-29T10:37:55.420+0000] {processor.py:186} INFO - Started process (PID=292) to work on /home/airflow/.local/lib/python3.12/site-packages/airflow/example_dags/example_branch_python_dop_operator_3.py
[2024-09-29T10:37:55.422+0000] {processor.py:914} INFO - Processing file /home/airflow/.local/lib/python3.12/site-packages/airflow/example_dags/example_branch_python_dop_operator_3.py for tasks to queue
[2024-09-29T10:37:55.428+0000] {logging_mixin.py:190} INFO - [2024-09-29T10:37:55.428+0000] {dagbag.py:588} INFO - Filling up the DagBag from /home/airflow/.local/lib/python3.12/site-packages/airflow/example_dags/example_branch_python_dop_operator_3.py
[2024-09-29T10:37:55.458+0000] {processor.py:925} INFO - DAG(s) 'example_branch_dop_operator_v3' retrieved from /home/airflow/.local/lib/python3.12/site-packages/airflow/example_dags/example_branch_python_dop_operator_3.py
[2024-09-29T10:37:55.745+0000] {logging_mixin.py:190} INFO - [2024-09-29T10:37:55.743+0000] {override.py:1900} INFO - Created Permission View: can edit on DAG:example_branch_dop_operator_v3
[2024-09-29T10:37:55.772+0000] {logging_mixin.py:190} INFO - [2024-09-29T10:37:55.771+0000] {override.py:1900} INFO - Created Permission View: can read on DAG:example_branch_dop_operator_v3
[2024-09-29T10:37:55.794+0000] {logging_mixin.py:190} INFO - [2024-09-29T10:37:55.793+0000] {override.py:1900} INFO - Created Permission View: can delete on DAG:example_branch_dop_operator_v3
[2024-09-29T10:37:55.841+0000] {logging_mixin.py:190} INFO - [2024-09-29T10:37:55.840+0000] {override.py:1900} INFO - Created Permission View: can delete on DAG Run:example_branch_dop_operator_v3
[2024-09-29T10:37:55.864+0000] {logging_mixin.py:190} INFO - [2024-09-29T10:37:55.863+0000] {override.py:1900} INFO - Created Permission View: can read on DAG Run:example_branch_dop_operator_v3
[2024-09-29T10:37:55.897+0000] {logging_mixin.py:190} INFO - [2024-09-29T10:37:55.896+0000] {override.py:1900} INFO - Created Permission View: can create on DAG Run:example_branch_dop_operator_v3
[2024-09-29T10:37:55.922+0000] {logging_mixin.py:190} INFO - [2024-09-29T10:37:55.921+0000] {override.py:1900} INFO - Created Permission View: menu access on DAG Run:example_branch_dop_operator_v3
[2024-09-29T10:37:55.924+0000] {logging_mixin.py:190} INFO - [2024-09-29T10:37:55.923+0000] {dag.py:3239} INFO - Sync 1 DAGs
[2024-09-29T10:37:55.956+0000] {logging_mixin.py:190} INFO - [2024-09-29T10:37:55.955+0000] {dag.py:3262} INFO - Creating ORM DAG for example_branch_dop_operator_v3
[2024-09-29T10:37:55.983+0000] {logging_mixin.py:190} INFO - [2024-09-29T10:37:55.983+0000] {dag.py:4180} INFO - Setting next_dagrun for example_branch_dop_operator_v3 to 2024-09-29 10:36:00+00:00, run_after=2024-09-29 10:37:00+00:00
[2024-09-29T10:37:56.037+0000] {processor.py:208} INFO - Processing /home/airflow/.local/lib/python3.12/site-packages/airflow/example_dags/example_branch_python_dop_operator_3.py took 0.628 seconds
[2024-09-29T10:38:26.162+0000] {processor.py:186} INFO - Started process (PID=580) to work on /home/airflow/.local/lib/python3.12/site-packages/airflow/example_dags/example_branch_python_dop_operator_3.py
[2024-09-29T10:38:26.164+0000] {processor.py:914} INFO - Processing file /home/airflow/.local/lib/python3.12/site-packages/airflow/example_dags/example_branch_python_dop_operator_3.py for tasks to queue
[2024-09-29T10:38:26.170+0000] {logging_mixin.py:190} INFO - [2024-09-29T10:38:26.169+0000] {dagbag.py:588} INFO - Filling up the DagBag from /home/airflow/.local/lib/python3.12/site-packages/airflow/example_dags/example_branch_python_dop_operator_3.py
[2024-09-29T10:38:26.192+0000] {processor.py:925} INFO - DAG(s) 'example_branch_dop_operator_v3' retrieved from /home/airflow/.local/lib/python3.12/site-packages/airflow/example_dags/example_branch_python_dop_operator_3.py
[2024-09-29T10:38:26.232+0000] {logging_mixin.py:190} INFO - [2024-09-29T10:38:26.232+0000] {dag.py:3239} INFO - Sync 1 DAGs
[2024-09-29T10:38:26.305+0000] {logging_mixin.py:190} INFO - [2024-09-29T10:38:26.305+0000] {dag.py:4180} INFO - Setting next_dagrun for example_branch_dop_operator_v3 to 2024-09-29 10:37:00+00:00, run_after=2024-09-29 10:38:00+00:00
[2024-09-29T10:38:26.358+0000] {processor.py:208} INFO - Processing /home/airflow/.local/lib/python3.12/site-packages/airflow/example_dags/example_branch_python_dop_operator_3.py took 0.206 seconds
[2024-09-29T10:38:58.431+0000] {processor.py:186} INFO - Started process (PID=864) to work on /home/airflow/.local/lib/python3.12/site-packages/airflow/example_dags/example_branch_python_dop_operator_3.py
[2024-09-29T10:38:58.434+0000] {processor.py:914} INFO - Processing file /home/airflow/.local/lib/python3.12/site-packages/airflow/example_dags/example_branch_python_dop_operator_3.py for tasks to queue
[2024-09-29T10:38:58.438+0000] {logging_mixin.py:190} INFO - [2024-09-29T10:38:58.437+0000] {dagbag.py:588} INFO - Filling up the DagBag from /home/airflow/.local/lib/python3.12/site-packages/airflow/example_dags/example_branch_python_dop_operator_3.py
[2024-09-29T10:38:58.457+0000] {processor.py:925} INFO - DAG(s) 'example_branch_dop_operator_v3' retrieved from /home/airflow/.local/lib/python3.12/site-packages/airflow/example_dags/example_branch_python_dop_operator_3.py
[2024-09-29T10:38:58.497+0000] {logging_mixin.py:190} INFO - [2024-09-29T10:38:58.496+0000] {dag.py:3239} INFO - Sync 1 DAGs
[2024-09-29T10:38:58.549+0000] {logging_mixin.py:190} INFO - [2024-09-29T10:38:58.549+0000] {dag.py:4180} INFO - Setting next_dagrun for example_branch_dop_operator_v3 to 2024-09-29 10:37:00+00:00, run_after=2024-09-29 10:38:00+00:00
[2024-09-29T10:38:58.588+0000] {processor.py:208} INFO - Processing /home/airflow/.local/lib/python3.12/site-packages/airflow/example_dags/example_branch_python_dop_operator_3.py took 0.167 seconds
[2024-09-29T10:39:29.099+0000] {processor.py:186} INFO - Started process (PID=1150) to work on /home/airflow/.local/lib/python3.12/site-packages/airflow/example_dags/example_branch_python_dop_operator_3.py
[2024-09-29T10:39:29.102+0000] {processor.py:914} INFO - Processing file /home/airflow/.local/lib/python3.12/site-packages/airflow/example_dags/example_branch_python_dop_operator_3.py for tasks to queue
[2024-09-29T10:39:29.107+0000] {logging_mixin.py:190} INFO - [2024-09-29T10:39:29.106+0000] {dagbag.py:588} INFO - Filling up the DagBag from /home/airflow/.local/lib/python3.12/site-packages/airflow/example_dags/example_branch_python_dop_operator_3.py
[2024-09-29T10:39:29.132+0000] {processor.py:925} INFO - DAG(s) 'example_branch_dop_operator_v3' retrieved from /home/airflow/.local/lib/python3.12/site-packages/airflow/example_dags/example_branch_python_dop_operator_3.py
[2024-09-29T10:39:29.180+0000] {logging_mixin.py:190} INFO - [2024-09-29T10:39:29.179+0000] {dag.py:3239} INFO - Sync 1 DAGs
[2024-09-29T10:39:29.248+0000] {logging_mixin.py:190} INFO - [2024-09-29T10:39:29.247+0000] {dag.py:4180} INFO - Setting next_dagrun for example_branch_dop_operator_v3 to 2024-09-29 10:38:00+00:00, run_after=2024-09-29 10:39:00+00:00
[2024-09-29T10:39:29.292+0000] {processor.py:208} INFO - Processing /home/airflow/.local/lib/python3.12/site-packages/airflow/example_dags/example_branch_python_dop_operator_3.py took 0.206 seconds
[2024-09-29T10:40:00.148+0000] {processor.py:186} INFO - Started process (PID=1436) to work on /home/airflow/.local/lib/python3.12/site-packages/airflow/example_dags/example_branch_python_dop_operator_3.py
[2024-09-29T10:40:00.150+0000] {processor.py:914} INFO - Processing file /home/airflow/.local/lib/python3.12/site-packages/airflow/example_dags/example_branch_python_dop_operator_3.py for tasks to queue
[2024-09-29T10:40:00.156+0000] {logging_mixin.py:190} INFO - [2024-09-29T10:40:00.155+0000] {dagbag.py:588} INFO - Filling up the DagBag from /home/airflow/.local/lib/python3.12/site-packages/airflow/example_dags/example_branch_python_dop_operator_3.py
[2024-09-29T10:40:00.175+0000] {processor.py:925} INFO - DAG(s) 'example_branch_dop_operator_v3' retrieved from /home/airflow/.local/lib/python3.12/site-packages/airflow/example_dags/example_branch_python_dop_operator_3.py
[2024-09-29T10:40:00.217+0000] {logging_mixin.py:190} INFO - [2024-09-29T10:40:00.216+0000] {dag.py:3239} INFO - Sync 1 DAGs
[2024-09-29T10:40:00.308+0000] {logging_mixin.py:190} INFO - [2024-09-29T10:40:00.307+0000] {dag.py:4180} INFO - Setting next_dagrun for example_branch_dop_operator_v3 to 2024-09-29 10:39:00+00:00, run_after=2024-09-29 10:40:00+00:00
[2024-09-29T10:40:00.391+0000] {processor.py:208} INFO - Processing /home/airflow/.local/lib/python3.12/site-packages/airflow/example_dags/example_branch_python_dop_operator_3.py took 0.256 seconds
[2024-09-29T10:40:31.351+0000] {processor.py:186} INFO - Started process (PID=1724) to work on /home/airflow/.local/lib/python3.12/site-packages/airflow/example_dags/example_branch_python_dop_operator_3.py
[2024-09-29T10:40:31.353+0000] {processor.py:914} INFO - Processing file /home/airflow/.local/lib/python3.12/site-packages/airflow/example_dags/example_branch_python_dop_operator_3.py for tasks to queue
[2024-09-29T10:40:31.358+0000] {logging_mixin.py:190} INFO - [2024-09-29T10:40:31.358+0000] {dagbag.py:588} INFO - Filling up the DagBag from /home/airflow/.local/lib/python3.12/site-packages/airflow/example_dags/example_branch_python_dop_operator_3.py
[2024-09-29T10:40:31.377+0000] {processor.py:925} INFO - DAG(s) 'example_branch_dop_operator_v3' retrieved from /home/airflow/.local/lib/python3.12/site-packages/airflow/example_dags/example_branch_python_dop_operator_3.py
[2024-09-29T10:40:31.421+0000] {logging_mixin.py:190} INFO - [2024-09-29T10:40:31.420+0000] {dag.py:3239} INFO - Sync 1 DAGs
[2024-09-29T10:40:31.482+0000] {logging_mixin.py:190} INFO - [2024-09-29T10:40:31.482+0000] {dag.py:4180} INFO - Setting next_dagrun for example_branch_dop_operator_v3 to 2024-09-29 10:39:00+00:00, run_after=2024-09-29 10:40:00+00:00
[2024-09-29T10:40:31.526+0000] {processor.py:208} INFO - Processing /home/airflow/.local/lib/python3.12/site-packages/airflow/example_dags/example_branch_python_dop_operator_3.py took 0.187 seconds
[2024-09-29T10:41:03.754+0000] {processor.py:186} INFO - Started process (PID=2010) to work on /home/airflow/.local/lib/python3.12/site-packages/airflow/example_dags/example_branch_python_dop_operator_3.py
[2024-09-29T10:41:03.757+0000] {processor.py:914} INFO - Processing file /home/airflow/.local/lib/python3.12/site-packages/airflow/example_dags/example_branch_python_dop_operator_3.py for tasks to queue
[2024-09-29T10:41:03.764+0000] {logging_mixin.py:190} INFO - [2024-09-29T10:41:03.763+0000] {dagbag.py:588} INFO - Filling up the DagBag from /home/airflow/.local/lib/python3.12/site-packages/airflow/example_dags/example_branch_python_dop_operator_3.py
[2024-09-29T10:41:03.793+0000] {processor.py:925} INFO - DAG(s) 'example_branch_dop_operator_v3' retrieved from /home/airflow/.local/lib/python3.12/site-packages/airflow/example_dags/example_branch_python_dop_operator_3.py
[2024-09-29T10:41:03.844+0000] {logging_mixin.py:190} INFO - [2024-09-29T10:41:03.842+0000] {dag.py:3239} INFO - Sync 1 DAGs
[2024-09-29T10:41:03.966+0000] {logging_mixin.py:190} INFO - [2024-09-29T10:41:03.965+0000] {dag.py:4180} INFO - Setting next_dagrun for example_branch_dop_operator_v3 to 2024-09-29 10:40:00+00:00, run_after=2024-09-29 10:41:00+00:00
[2024-09-29T10:41:04.047+0000] {processor.py:208} INFO - Processing /home/airflow/.local/lib/python3.12/site-packages/airflow/example_dags/example_branch_python_dop_operator_3.py took 0.306 seconds
[2024-09-29T10:41:44.073+0000] {processor.py:186} INFO - Started process (PID=2250) to work on /home/airflow/.local/lib/python3.12/site-packages/airflow/example_dags/example_branch_python_dop_operator_3.py
[2024-09-29T10:41:44.076+0000] {processor.py:914} INFO - Processing file /home/airflow/.local/lib/python3.12/site-packages/airflow/example_dags/example_branch_python_dop_operator_3.py for tasks to queue
[2024-09-29T10:41:44.082+0000] {logging_mixin.py:190} INFO - [2024-09-29T10:41:44.082+0000] {dagbag.py:588} INFO - Filling up the DagBag from /home/airflow/.local/lib/python3.12/site-packages/airflow/example_dags/example_branch_python_dop_operator_3.py
[2024-09-29T10:41:44.109+0000] {processor.py:925} INFO - DAG(s) 'example_branch_dop_operator_v3' retrieved from /home/airflow/.local/lib/python3.12/site-packages/airflow/example_dags/example_branch_python_dop_operator_3.py
[2024-09-29T10:41:44.176+0000] {logging_mixin.py:190} INFO - [2024-09-29T10:41:44.175+0000] {dag.py:3239} INFO - Sync 1 DAGs
[2024-09-29T10:41:44.252+0000] {logging_mixin.py:190} INFO - [2024-09-29T10:41:44.251+0000] {dag.py:4180} INFO - Setting next_dagrun for example_branch_dop_operator_v3 to 2024-09-29 10:40:00+00:00, run_after=2024-09-29 10:41:00+00:00
[2024-09-29T10:41:44.308+0000] {processor.py:208} INFO - Processing /home/airflow/.local/lib/python3.12/site-packages/airflow/example_dags/example_branch_python_dop_operator_3.py took 0.249 seconds
[2024-09-29T10:42:27.489+0000] {processor.py:186} INFO - Started process (PID=2512) to work on /home/airflow/.local/lib/python3.12/site-packages/airflow/example_dags/example_branch_python_dop_operator_3.py
[2024-09-29T10:42:27.600+0000] {processor.py:914} INFO - Processing file /home/airflow/.local/lib/python3.12/site-packages/airflow/example_dags/example_branch_python_dop_operator_3.py for tasks to queue
[2024-09-29T10:42:27.828+0000] {logging_mixin.py:190} INFO - [2024-09-29T10:42:27.827+0000] {dagbag.py:588} INFO - Filling up the DagBag from /home/airflow/.local/lib/python3.12/site-packages/airflow/example_dags/example_branch_python_dop_operator_3.py
[2024-09-29T10:42:27.881+0000] {processor.py:925} INFO - DAG(s) 'example_branch_dop_operator_v3' retrieved from /home/airflow/.local/lib/python3.12/site-packages/airflow/example_dags/example_branch_python_dop_operator_3.py
[2024-09-29T10:42:27.985+0000] {logging_mixin.py:190} INFO - [2024-09-29T10:42:27.984+0000] {dag.py:3239} INFO - Sync 1 DAGs
[2024-09-29T10:42:28.329+0000] {logging_mixin.py:190} INFO - [2024-09-29T10:42:28.317+0000] {dag.py:4180} INFO - Setting next_dagrun for example_branch_dop_operator_v3 to 2024-09-29 10:41:00+00:00, run_after=2024-09-29 10:42:00+00:00
[2024-09-29T10:42:28.752+0000] {processor.py:208} INFO - Processing /home/airflow/.local/lib/python3.12/site-packages/airflow/example_dags/example_branch_python_dop_operator_3.py took 1.374 seconds
[2024-09-29T10:43:01.125+0000] {processor.py:186} INFO - Started process (PID=2798) to work on /home/airflow/.local/lib/python3.12/site-packages/airflow/example_dags/example_branch_python_dop_operator_3.py
[2024-09-29T10:43:01.128+0000] {processor.py:914} INFO - Processing file /home/airflow/.local/lib/python3.12/site-packages/airflow/example_dags/example_branch_python_dop_operator_3.py for tasks to queue
[2024-09-29T10:43:01.133+0000] {logging_mixin.py:190} INFO - [2024-09-29T10:43:01.133+0000] {dagbag.py:588} INFO - Filling up the DagBag from /home/airflow/.local/lib/python3.12/site-packages/airflow/example_dags/example_branch_python_dop_operator_3.py
[2024-09-29T10:43:01.155+0000] {processor.py:925} INFO - DAG(s) 'example_branch_dop_operator_v3' retrieved from /home/airflow/.local/lib/python3.12/site-packages/airflow/example_dags/example_branch_python_dop_operator_3.py
[2024-09-29T10:43:01.215+0000] {logging_mixin.py:190} INFO - [2024-09-29T10:43:01.214+0000] {dag.py:3239} INFO - Sync 1 DAGs
[2024-09-29T10:43:01.285+0000] {logging_mixin.py:190} INFO - [2024-09-29T10:43:01.284+0000] {dag.py:4180} INFO - Setting next_dagrun for example_branch_dop_operator_v3 to 2024-09-29 10:42:00+00:00, run_after=2024-09-29 10:43:00+00:00
[2024-09-29T10:43:01.334+0000] {processor.py:208} INFO - Processing /home/airflow/.local/lib/python3.12/site-packages/airflow/example_dags/example_branch_python_dop_operator_3.py took 0.224 seconds
[2024-09-29T10:43:33.021+0000] {processor.py:186} INFO - Started process (PID=3086) to work on /home/airflow/.local/lib/python3.12/site-packages/airflow/example_dags/example_branch_python_dop_operator_3.py
[2024-09-29T10:43:33.024+0000] {processor.py:914} INFO - Processing file /home/airflow/.local/lib/python3.12/site-packages/airflow/example_dags/example_branch_python_dop_operator_3.py for tasks to queue
[2024-09-29T10:43:33.030+0000] {logging_mixin.py:190} INFO - [2024-09-29T10:43:33.029+0000] {dagbag.py:588} INFO - Filling up the DagBag from /home/airflow/.local/lib/python3.12/site-packages/airflow/example_dags/example_branch_python_dop_operator_3.py
[2024-09-29T10:43:33.056+0000] {processor.py:925} INFO - DAG(s) 'example_branch_dop_operator_v3' retrieved from /home/airflow/.local/lib/python3.12/site-packages/airflow/example_dags/example_branch_python_dop_operator_3.py
[2024-09-29T10:43:33.109+0000] {logging_mixin.py:190} INFO - [2024-09-29T10:43:33.108+0000] {dag.py:3239} INFO - Sync 1 DAGs
[2024-09-29T10:43:33.171+0000] {logging_mixin.py:190} INFO - [2024-09-29T10:43:33.170+0000] {dag.py:4180} INFO - Setting next_dagrun for example_branch_dop_operator_v3 to 2024-09-29 10:42:00+00:00, run_after=2024-09-29 10:43:00+00:00
[2024-09-29T10:43:33.220+0000] {processor.py:208} INFO - Processing /home/airflow/.local/lib/python3.12/site-packages/airflow/example_dags/example_branch_python_dop_operator_3.py took 0.215 seconds
