[2024-09-29T10:38:15.640+0000] {processor.py:186} INFO - Started process (PID=458) to work on /home/airflow/.local/lib/python3.12/site-packages/airflow/example_dags/example_branch_labels.py
[2024-09-29T10:38:15.642+0000] {processor.py:914} INFO - Processing file /home/airflow/.local/lib/python3.12/site-packages/airflow/example_dags/example_branch_labels.py for tasks to queue
[2024-09-29T10:38:15.647+0000] {logging_mixin.py:190} INFO - [2024-09-29T10:38:15.647+0000] {dagbag.py:588} INFO - Filling up the DagBag from /home/airflow/.local/lib/python3.12/site-packages/airflow/example_dags/example_branch_labels.py
[2024-09-29T10:38:15.674+0000] {processor.py:925} INFO - DAG(s) 'example_branch_labels' retrieved from /home/airflow/.local/lib/python3.12/site-packages/airflow/example_dags/example_branch_labels.py
[2024-09-29T10:38:15.908+0000] {logging_mixin.py:190} INFO - [2024-09-29T10:38:15.907+0000] {override.py:1900} INFO - Created Permission View: can edit on DAG:example_branch_labels
[2024-09-29T10:38:15.941+0000] {logging_mixin.py:190} INFO - [2024-09-29T10:38:15.940+0000] {override.py:1900} INFO - Created Permission View: can read on DAG:example_branch_labels
[2024-09-29T10:38:15.957+0000] {logging_mixin.py:190} INFO - [2024-09-29T10:38:15.956+0000] {override.py:1900} INFO - Created Permission View: can delete on DAG:example_branch_labels
[2024-09-29T10:38:16.036+0000] {logging_mixin.py:190} INFO - [2024-09-29T10:38:16.035+0000] {override.py:1900} INFO - Created Permission View: can delete on DAG Run:example_branch_labels
[2024-09-29T10:38:16.069+0000] {logging_mixin.py:190} INFO - [2024-09-29T10:38:16.068+0000] {override.py:1900} INFO - Created Permission View: can read on DAG Run:example_branch_labels
[2024-09-29T10:38:16.096+0000] {logging_mixin.py:190} INFO - [2024-09-29T10:38:16.095+0000] {override.py:1900} INFO - Created Permission View: can create on DAG Run:example_branch_labels
[2024-09-29T10:38:16.127+0000] {logging_mixin.py:190} INFO - [2024-09-29T10:38:16.126+0000] {override.py:1900} INFO - Created Permission View: menu access on DAG Run:example_branch_labels
[2024-09-29T10:38:16.129+0000] {logging_mixin.py:190} INFO - [2024-09-29T10:38:16.128+0000] {dag.py:3239} INFO - Sync 1 DAGs
[2024-09-29T10:38:16.181+0000] {logging_mixin.py:190} INFO - [2024-09-29T10:38:16.180+0000] {dag.py:3262} INFO - Creating ORM DAG for example_branch_labels
[2024-09-29T10:38:16.205+0000] {logging_mixin.py:190} INFO - [2024-09-29T10:38:16.205+0000] {dag.py:4180} INFO - Setting next_dagrun for example_branch_labels to 2024-09-28 00:00:00+00:00, run_after=2024-09-29 00:00:00+00:00
[2024-09-29T10:38:16.362+0000] {processor.py:208} INFO - Processing /home/airflow/.local/lib/python3.12/site-packages/airflow/example_dags/example_branch_labels.py took 0.733 seconds
[2024-09-29T10:38:47.292+0000] {processor.py:186} INFO - Started process (PID=746) to work on /home/airflow/.local/lib/python3.12/site-packages/airflow/example_dags/example_branch_labels.py
[2024-09-29T10:38:47.296+0000] {processor.py:914} INFO - Processing file /home/airflow/.local/lib/python3.12/site-packages/airflow/example_dags/example_branch_labels.py for tasks to queue
[2024-09-29T10:38:47.322+0000] {logging_mixin.py:190} INFO - [2024-09-29T10:38:47.319+0000] {dagbag.py:588} INFO - Filling up the DagBag from /home/airflow/.local/lib/python3.12/site-packages/airflow/example_dags/example_branch_labels.py
[2024-09-29T10:38:47.384+0000] {processor.py:925} INFO - DAG(s) 'example_branch_labels' retrieved from /home/airflow/.local/lib/python3.12/site-packages/airflow/example_dags/example_branch_labels.py
[2024-09-29T10:38:47.502+0000] {logging_mixin.py:190} INFO - [2024-09-29T10:38:47.500+0000] {dag.py:3239} INFO - Sync 1 DAGs
[2024-09-29T10:38:47.680+0000] {logging_mixin.py:190} INFO - [2024-09-29T10:38:47.679+0000] {dag.py:4180} INFO - Setting next_dagrun for example_branch_labels to 2024-09-28 00:00:00+00:00, run_after=2024-09-29 00:00:00+00:00
[2024-09-29T10:38:47.779+0000] {processor.py:208} INFO - Processing /home/airflow/.local/lib/python3.12/site-packages/airflow/example_dags/example_branch_labels.py took 0.502 seconds
[2024-09-29T10:39:25.049+0000] {processor.py:186} INFO - Started process (PID=1075) to work on /home/airflow/.local/lib/python3.12/site-packages/airflow/example_dags/example_branch_labels.py
[2024-09-29T10:39:25.061+0000] {processor.py:914} INFO - Processing file /home/airflow/.local/lib/python3.12/site-packages/airflow/example_dags/example_branch_labels.py for tasks to queue
[2024-09-29T10:39:25.070+0000] {logging_mixin.py:190} INFO - [2024-09-29T10:39:25.070+0000] {dagbag.py:588} INFO - Filling up the DagBag from /home/airflow/.local/lib/python3.12/site-packages/airflow/example_dags/example_branch_labels.py
[2024-09-29T10:39:25.090+0000] {processor.py:925} INFO - DAG(s) 'example_branch_labels' retrieved from /home/airflow/.local/lib/python3.12/site-packages/airflow/example_dags/example_branch_labels.py
[2024-09-29T10:39:25.147+0000] {logging_mixin.py:190} INFO - [2024-09-29T10:39:25.146+0000] {dag.py:3239} INFO - Sync 1 DAGs
[2024-09-29T10:39:25.223+0000] {logging_mixin.py:190} INFO - [2024-09-29T10:39:25.222+0000] {dag.py:4180} INFO - Setting next_dagrun for example_branch_labels to 2024-09-28 00:00:00+00:00, run_after=2024-09-29 00:00:00+00:00
[2024-09-29T10:39:25.266+0000] {processor.py:208} INFO - Processing /home/airflow/.local/lib/python3.12/site-packages/airflow/example_dags/example_branch_labels.py took 0.249 seconds
[2024-09-29T10:39:55.924+0000] {processor.py:186} INFO - Started process (PID=1361) to work on /home/airflow/.local/lib/python3.12/site-packages/airflow/example_dags/example_branch_labels.py
[2024-09-29T10:39:55.926+0000] {processor.py:914} INFO - Processing file /home/airflow/.local/lib/python3.12/site-packages/airflow/example_dags/example_branch_labels.py for tasks to queue
[2024-09-29T10:39:55.931+0000] {logging_mixin.py:190} INFO - [2024-09-29T10:39:55.930+0000] {dagbag.py:588} INFO - Filling up the DagBag from /home/airflow/.local/lib/python3.12/site-packages/airflow/example_dags/example_branch_labels.py
[2024-09-29T10:39:55.948+0000] {processor.py:925} INFO - DAG(s) 'example_branch_labels' retrieved from /home/airflow/.local/lib/python3.12/site-packages/airflow/example_dags/example_branch_labels.py
[2024-09-29T10:39:55.993+0000] {logging_mixin.py:190} INFO - [2024-09-29T10:39:55.992+0000] {dag.py:3239} INFO - Sync 1 DAGs
[2024-09-29T10:39:56.046+0000] {logging_mixin.py:190} INFO - [2024-09-29T10:39:56.046+0000] {dag.py:4180} INFO - Setting next_dagrun for example_branch_labels to 2024-09-28 00:00:00+00:00, run_after=2024-09-29 00:00:00+00:00
[2024-09-29T10:39:56.088+0000] {processor.py:208} INFO - Processing /home/airflow/.local/lib/python3.12/site-packages/airflow/example_dags/example_branch_labels.py took 0.174 seconds
[2024-09-29T10:40:26.714+0000] {processor.py:186} INFO - Started process (PID=1647) to work on /home/airflow/.local/lib/python3.12/site-packages/airflow/example_dags/example_branch_labels.py
[2024-09-29T10:40:26.716+0000] {processor.py:914} INFO - Processing file /home/airflow/.local/lib/python3.12/site-packages/airflow/example_dags/example_branch_labels.py for tasks to queue
[2024-09-29T10:40:26.720+0000] {logging_mixin.py:190} INFO - [2024-09-29T10:40:26.720+0000] {dagbag.py:588} INFO - Filling up the DagBag from /home/airflow/.local/lib/python3.12/site-packages/airflow/example_dags/example_branch_labels.py
[2024-09-29T10:40:26.737+0000] {processor.py:925} INFO - DAG(s) 'example_branch_labels' retrieved from /home/airflow/.local/lib/python3.12/site-packages/airflow/example_dags/example_branch_labels.py
[2024-09-29T10:40:26.777+0000] {logging_mixin.py:190} INFO - [2024-09-29T10:40:26.777+0000] {dag.py:3239} INFO - Sync 1 DAGs
[2024-09-29T10:40:26.828+0000] {logging_mixin.py:190} INFO - [2024-09-29T10:40:26.827+0000] {dag.py:4180} INFO - Setting next_dagrun for example_branch_labels to 2024-09-28 00:00:00+00:00, run_after=2024-09-29 00:00:00+00:00
[2024-09-29T10:40:26.866+0000] {processor.py:208} INFO - Processing /home/airflow/.local/lib/python3.12/site-packages/airflow/example_dags/example_branch_labels.py took 0.165 seconds
[2024-09-29T10:41:01.194+0000] {processor.py:186} INFO - Started process (PID=1938) to work on /home/airflow/.local/lib/python3.12/site-packages/airflow/example_dags/example_branch_labels.py
[2024-09-29T10:41:01.198+0000] {processor.py:914} INFO - Processing file /home/airflow/.local/lib/python3.12/site-packages/airflow/example_dags/example_branch_labels.py for tasks to queue
[2024-09-29T10:41:01.204+0000] {logging_mixin.py:190} INFO - [2024-09-29T10:41:01.203+0000] {dagbag.py:588} INFO - Filling up the DagBag from /home/airflow/.local/lib/python3.12/site-packages/airflow/example_dags/example_branch_labels.py
[2024-09-29T10:41:01.262+0000] {processor.py:925} INFO - DAG(s) 'example_branch_labels' retrieved from /home/airflow/.local/lib/python3.12/site-packages/airflow/example_dags/example_branch_labels.py
[2024-09-29T10:41:01.327+0000] {logging_mixin.py:190} INFO - [2024-09-29T10:41:01.326+0000] {dag.py:3239} INFO - Sync 1 DAGs
[2024-09-29T10:41:01.394+0000] {logging_mixin.py:190} INFO - [2024-09-29T10:41:01.393+0000] {dag.py:4180} INFO - Setting next_dagrun for example_branch_labels to 2024-09-28 00:00:00+00:00, run_after=2024-09-29 00:00:00+00:00
[2024-09-29T10:41:01.449+0000] {processor.py:208} INFO - Processing /home/airflow/.local/lib/python3.12/site-packages/airflow/example_dags/example_branch_labels.py took 0.287 seconds
[2024-09-29T10:41:45.472+0000] {processor.py:186} INFO - Started process (PID=2285) to work on /home/airflow/.local/lib/python3.12/site-packages/airflow/example_dags/example_branch_labels.py
[2024-09-29T10:41:45.476+0000] {processor.py:914} INFO - Processing file /home/airflow/.local/lib/python3.12/site-packages/airflow/example_dags/example_branch_labels.py for tasks to queue
[2024-09-29T10:41:45.482+0000] {logging_mixin.py:190} INFO - [2024-09-29T10:41:45.482+0000] {dagbag.py:588} INFO - Filling up the DagBag from /home/airflow/.local/lib/python3.12/site-packages/airflow/example_dags/example_branch_labels.py
[2024-09-29T10:41:45.518+0000] {processor.py:925} INFO - DAG(s) 'example_branch_labels' retrieved from /home/airflow/.local/lib/python3.12/site-packages/airflow/example_dags/example_branch_labels.py
[2024-09-29T10:41:45.606+0000] {logging_mixin.py:190} INFO - [2024-09-29T10:41:45.605+0000] {dag.py:3239} INFO - Sync 1 DAGs
[2024-09-29T10:41:45.756+0000] {logging_mixin.py:190} INFO - [2024-09-29T10:41:45.755+0000] {dag.py:4180} INFO - Setting next_dagrun for example_branch_labels to 2024-09-28 00:00:00+00:00, run_after=2024-09-29 00:00:00+00:00
[2024-09-29T10:41:45.873+0000] {processor.py:208} INFO - Processing /home/airflow/.local/lib/python3.12/site-packages/airflow/example_dags/example_branch_labels.py took 0.423 seconds
[2024-09-29T10:42:48.353+0000] {processor.py:186} INFO - Started process (PID=2693) to work on /home/airflow/.local/lib/python3.12/site-packages/airflow/example_dags/example_branch_labels.py
[2024-09-29T10:42:48.370+0000] {processor.py:914} INFO - Processing file /home/airflow/.local/lib/python3.12/site-packages/airflow/example_dags/example_branch_labels.py for tasks to queue
[2024-09-29T10:42:48.378+0000] {logging_mixin.py:190} INFO - [2024-09-29T10:42:48.377+0000] {dagbag.py:588} INFO - Filling up the DagBag from /home/airflow/.local/lib/python3.12/site-packages/airflow/example_dags/example_branch_labels.py
[2024-09-29T10:42:48.471+0000] {processor.py:925} INFO - DAG(s) 'example_branch_labels' retrieved from /home/airflow/.local/lib/python3.12/site-packages/airflow/example_dags/example_branch_labels.py
[2024-09-29T10:42:48.856+0000] {logging_mixin.py:190} INFO - [2024-09-29T10:42:48.855+0000] {dag.py:3239} INFO - Sync 1 DAGs
[2024-09-29T10:42:49.734+0000] {logging_mixin.py:190} INFO - [2024-09-29T10:42:49.733+0000] {dag.py:4180} INFO - Setting next_dagrun for example_branch_labels to 2024-09-28 00:00:00+00:00, run_after=2024-09-29 00:00:00+00:00
[2024-09-29T10:42:51.719+0000] {processor.py:208} INFO - Processing /home/airflow/.local/lib/python3.12/site-packages/airflow/example_dags/example_branch_labels.py took 3.375 seconds
[2024-09-29T10:43:22.047+0000] {processor.py:186} INFO - Started process (PID=2981) to work on /home/airflow/.local/lib/python3.12/site-packages/airflow/example_dags/example_branch_labels.py
[2024-09-29T10:43:22.049+0000] {processor.py:914} INFO - Processing file /home/airflow/.local/lib/python3.12/site-packages/airflow/example_dags/example_branch_labels.py for tasks to queue
[2024-09-29T10:43:22.054+0000] {logging_mixin.py:190} INFO - [2024-09-29T10:43:22.054+0000] {dagbag.py:588} INFO - Filling up the DagBag from /home/airflow/.local/lib/python3.12/site-packages/airflow/example_dags/example_branch_labels.py
[2024-09-29T10:43:22.079+0000] {processor.py:925} INFO - DAG(s) 'example_branch_labels' retrieved from /home/airflow/.local/lib/python3.12/site-packages/airflow/example_dags/example_branch_labels.py
[2024-09-29T10:43:22.125+0000] {logging_mixin.py:190} INFO - [2024-09-29T10:43:22.125+0000] {dag.py:3239} INFO - Sync 1 DAGs
[2024-09-29T10:43:22.174+0000] {logging_mixin.py:190} INFO - [2024-09-29T10:43:22.173+0000] {dag.py:4180} INFO - Setting next_dagrun for example_branch_labels to 2024-09-28 00:00:00+00:00, run_after=2024-09-29 00:00:00+00:00
[2024-09-29T10:43:22.216+0000] {processor.py:208} INFO - Processing /home/airflow/.local/lib/python3.12/site-packages/airflow/example_dags/example_branch_labels.py took 0.190 seconds
