[2024-09-29T10:37:54.803+0000] {processor.py:186} INFO - Started process (PID=287) to work on /home/airflow/.local/lib/python3.12/site-packages/airflow/example_dags/example_xcom.py
[2024-09-29T10:37:54.805+0000] {processor.py:914} INFO - Processing file /home/airflow/.local/lib/python3.12/site-packages/airflow/example_dags/example_xcom.py for tasks to queue
[2024-09-29T10:37:54.810+0000] {logging_mixin.py:190} INFO - [2024-09-29T10:37:54.809+0000] {dagbag.py:588} INFO - Filling up the DagBag from /home/airflow/.local/lib/python3.12/site-packages/airflow/example_dags/example_xcom.py
[2024-09-29T10:37:54.830+0000] {processor.py:925} INFO - DAG(s) 'example_xcom' retrieved from /home/airflow/.local/lib/python3.12/site-packages/airflow/example_dags/example_xcom.py
[2024-09-29T10:37:55.160+0000] {logging_mixin.py:190} INFO - [2024-09-29T10:37:55.159+0000] {override.py:1900} INFO - Created Permission View: can edit on DAG:example_xcom
[2024-09-29T10:37:55.185+0000] {logging_mixin.py:190} INFO - [2024-09-29T10:37:55.184+0000] {override.py:1900} INFO - Created Permission View: can read on DAG:example_xcom
[2024-09-29T10:37:55.256+0000] {logging_mixin.py:190} INFO - [2024-09-29T10:37:55.255+0000] {override.py:1900} INFO - Created Permission View: can delete on DAG:example_xcom
[2024-09-29T10:37:55.287+0000] {logging_mixin.py:190} INFO - [2024-09-29T10:37:55.286+0000] {override.py:1900} INFO - Created Permission View: can delete on DAG Run:example_xcom
[2024-09-29T10:37:55.310+0000] {logging_mixin.py:190} INFO - [2024-09-29T10:37:55.309+0000] {override.py:1900} INFO - Created Permission View: can read on DAG Run:example_xcom
[2024-09-29T10:37:55.333+0000] {logging_mixin.py:190} INFO - [2024-09-29T10:37:55.332+0000] {override.py:1900} INFO - Created Permission View: can create on DAG Run:example_xcom
[2024-09-29T10:37:55.359+0000] {logging_mixin.py:190} INFO - [2024-09-29T10:37:55.358+0000] {override.py:1900} INFO - Created Permission View: menu access on DAG Run:example_xcom
[2024-09-29T10:37:55.361+0000] {logging_mixin.py:190} INFO - [2024-09-29T10:37:55.361+0000] {dag.py:3239} INFO - Sync 1 DAGs
[2024-09-29T10:37:55.406+0000] {logging_mixin.py:190} INFO - [2024-09-29T10:37:55.405+0000] {dag.py:3262} INFO - Creating ORM DAG for example_xcom
[2024-09-29T10:37:55.432+0000] {logging_mixin.py:190} INFO - [2024-09-29T10:37:55.432+0000] {dag.py:4180} INFO - Setting next_dagrun for example_xcom to 2021-01-01 00:00:00+00:00, run_after=2021-01-01 00:00:00+00:00
[2024-09-29T10:37:55.482+0000] {processor.py:208} INFO - Processing /home/airflow/.local/lib/python3.12/site-packages/airflow/example_dags/example_xcom.py took 0.689 seconds
[2024-09-29T10:38:25.905+0000] {processor.py:186} INFO - Started process (PID=575) to work on /home/airflow/.local/lib/python3.12/site-packages/airflow/example_dags/example_xcom.py
[2024-09-29T10:38:25.908+0000] {processor.py:914} INFO - Processing file /home/airflow/.local/lib/python3.12/site-packages/airflow/example_dags/example_xcom.py for tasks to queue
[2024-09-29T10:38:25.913+0000] {logging_mixin.py:190} INFO - [2024-09-29T10:38:25.912+0000] {dagbag.py:588} INFO - Filling up the DagBag from /home/airflow/.local/lib/python3.12/site-packages/airflow/example_dags/example_xcom.py
[2024-09-29T10:38:25.929+0000] {processor.py:925} INFO - DAG(s) 'example_xcom' retrieved from /home/airflow/.local/lib/python3.12/site-packages/airflow/example_dags/example_xcom.py
[2024-09-29T10:38:25.974+0000] {logging_mixin.py:190} INFO - [2024-09-29T10:38:25.973+0000] {dag.py:3239} INFO - Sync 1 DAGs
[2024-09-29T10:38:26.014+0000] {logging_mixin.py:190} INFO - [2024-09-29T10:38:26.014+0000] {dag.py:4180} INFO - Setting next_dagrun for example_xcom to 2021-01-01 00:00:00+00:00, run_after=2021-01-01 00:00:00+00:00
[2024-09-29T10:38:26.064+0000] {processor.py:208} INFO - Processing /home/airflow/.local/lib/python3.12/site-packages/airflow/example_dags/example_xcom.py took 0.171 seconds
[2024-09-29T10:38:58.413+0000] {processor.py:186} INFO - Started process (PID=861) to work on /home/airflow/.local/lib/python3.12/site-packages/airflow/example_dags/example_xcom.py
[2024-09-29T10:38:58.415+0000] {processor.py:914} INFO - Processing file /home/airflow/.local/lib/python3.12/site-packages/airflow/example_dags/example_xcom.py for tasks to queue
[2024-09-29T10:38:58.420+0000] {logging_mixin.py:190} INFO - [2024-09-29T10:38:58.420+0000] {dagbag.py:588} INFO - Filling up the DagBag from /home/airflow/.local/lib/python3.12/site-packages/airflow/example_dags/example_xcom.py
[2024-09-29T10:38:58.436+0000] {processor.py:925} INFO - DAG(s) 'example_xcom' retrieved from /home/airflow/.local/lib/python3.12/site-packages/airflow/example_dags/example_xcom.py
[2024-09-29T10:38:58.479+0000] {logging_mixin.py:190} INFO - [2024-09-29T10:38:58.479+0000] {dag.py:3239} INFO - Sync 1 DAGs
[2024-09-29T10:38:58.528+0000] {logging_mixin.py:190} INFO - [2024-09-29T10:38:58.528+0000] {dag.py:4180} INFO - Setting next_dagrun for example_xcom to 2021-01-01 00:00:00+00:00, run_after=2021-01-01 00:00:00+00:00
[2024-09-29T10:38:58.568+0000] {processor.py:208} INFO - Processing /home/airflow/.local/lib/python3.12/site-packages/airflow/example_dags/example_xcom.py took 0.165 seconds
[2024-09-29T10:39:28.831+0000] {processor.py:186} INFO - Started process (PID=1145) to work on /home/airflow/.local/lib/python3.12/site-packages/airflow/example_dags/example_xcom.py
[2024-09-29T10:39:28.834+0000] {processor.py:914} INFO - Processing file /home/airflow/.local/lib/python3.12/site-packages/airflow/example_dags/example_xcom.py for tasks to queue
[2024-09-29T10:39:28.838+0000] {logging_mixin.py:190} INFO - [2024-09-29T10:39:28.838+0000] {dagbag.py:588} INFO - Filling up the DagBag from /home/airflow/.local/lib/python3.12/site-packages/airflow/example_dags/example_xcom.py
[2024-09-29T10:39:28.862+0000] {processor.py:925} INFO - DAG(s) 'example_xcom' retrieved from /home/airflow/.local/lib/python3.12/site-packages/airflow/example_dags/example_xcom.py
[2024-09-29T10:39:28.905+0000] {logging_mixin.py:190} INFO - [2024-09-29T10:39:28.905+0000] {dag.py:3239} INFO - Sync 1 DAGs
[2024-09-29T10:39:28.964+0000] {logging_mixin.py:190} INFO - [2024-09-29T10:39:28.964+0000] {dag.py:4180} INFO - Setting next_dagrun for example_xcom to 2021-01-01 00:00:00+00:00, run_after=2021-01-01 00:00:00+00:00
[2024-09-29T10:39:29.004+0000] {processor.py:208} INFO - Processing /home/airflow/.local/lib/python3.12/site-packages/airflow/example_dags/example_xcom.py took 0.186 seconds
[2024-09-29T10:39:59.885+0000] {processor.py:186} INFO - Started process (PID=1426) to work on /home/airflow/.local/lib/python3.12/site-packages/airflow/example_dags/example_xcom.py
[2024-09-29T10:39:59.887+0000] {processor.py:914} INFO - Processing file /home/airflow/.local/lib/python3.12/site-packages/airflow/example_dags/example_xcom.py for tasks to queue
[2024-09-29T10:39:59.891+0000] {logging_mixin.py:190} INFO - [2024-09-29T10:39:59.891+0000] {dagbag.py:588} INFO - Filling up the DagBag from /home/airflow/.local/lib/python3.12/site-packages/airflow/example_dags/example_xcom.py
[2024-09-29T10:39:59.908+0000] {processor.py:925} INFO - DAG(s) 'example_xcom' retrieved from /home/airflow/.local/lib/python3.12/site-packages/airflow/example_dags/example_xcom.py
[2024-09-29T10:39:59.950+0000] {logging_mixin.py:190} INFO - [2024-09-29T10:39:59.949+0000] {dag.py:3239} INFO - Sync 1 DAGs
[2024-09-29T10:40:00.007+0000] {logging_mixin.py:190} INFO - [2024-09-29T10:40:00.006+0000] {dag.py:4180} INFO - Setting next_dagrun for example_xcom to 2021-01-01 00:00:00+00:00, run_after=2021-01-01 00:00:00+00:00
[2024-09-29T10:40:00.056+0000] {processor.py:208} INFO - Processing /home/airflow/.local/lib/python3.12/site-packages/airflow/example_dags/example_xcom.py took 0.182 seconds
[2024-09-29T10:40:30.459+0000] {processor.py:186} INFO - Started process (PID=1712) to work on /home/airflow/.local/lib/python3.12/site-packages/airflow/example_dags/example_xcom.py
[2024-09-29T10:40:30.461+0000] {processor.py:914} INFO - Processing file /home/airflow/.local/lib/python3.12/site-packages/airflow/example_dags/example_xcom.py for tasks to queue
[2024-09-29T10:40:30.468+0000] {logging_mixin.py:190} INFO - [2024-09-29T10:40:30.467+0000] {dagbag.py:588} INFO - Filling up the DagBag from /home/airflow/.local/lib/python3.12/site-packages/airflow/example_dags/example_xcom.py
[2024-09-29T10:40:30.489+0000] {processor.py:925} INFO - DAG(s) 'example_xcom' retrieved from /home/airflow/.local/lib/python3.12/site-packages/airflow/example_dags/example_xcom.py
[2024-09-29T10:40:30.548+0000] {logging_mixin.py:190} INFO - [2024-09-29T10:40:30.547+0000] {dag.py:3239} INFO - Sync 1 DAGs
[2024-09-29T10:40:30.625+0000] {logging_mixin.py:190} INFO - [2024-09-29T10:40:30.624+0000] {dag.py:4180} INFO - Setting next_dagrun for example_xcom to 2021-01-01 00:00:00+00:00, run_after=2021-01-01 00:00:00+00:00
[2024-09-29T10:40:30.667+0000] {processor.py:208} INFO - Processing /home/airflow/.local/lib/python3.12/site-packages/airflow/example_dags/example_xcom.py took 0.225 seconds
[2024-09-29T10:41:03.487+0000] {processor.py:186} INFO - Started process (PID=2003) to work on /home/airflow/.local/lib/python3.12/site-packages/airflow/example_dags/example_xcom.py
[2024-09-29T10:41:03.490+0000] {processor.py:914} INFO - Processing file /home/airflow/.local/lib/python3.12/site-packages/airflow/example_dags/example_xcom.py for tasks to queue
[2024-09-29T10:41:03.496+0000] {logging_mixin.py:190} INFO - [2024-09-29T10:41:03.495+0000] {dagbag.py:588} INFO - Filling up the DagBag from /home/airflow/.local/lib/python3.12/site-packages/airflow/example_dags/example_xcom.py
[2024-09-29T10:41:03.517+0000] {processor.py:925} INFO - DAG(s) 'example_xcom' retrieved from /home/airflow/.local/lib/python3.12/site-packages/airflow/example_dags/example_xcom.py
[2024-09-29T10:41:03.573+0000] {logging_mixin.py:190} INFO - [2024-09-29T10:41:03.572+0000] {dag.py:3239} INFO - Sync 1 DAGs
[2024-09-29T10:41:03.630+0000] {logging_mixin.py:190} INFO - [2024-09-29T10:41:03.629+0000] {dag.py:4180} INFO - Setting next_dagrun for example_xcom to 2021-01-01 00:00:00+00:00, run_after=2021-01-01 00:00:00+00:00
[2024-09-29T10:41:03.682+0000] {processor.py:208} INFO - Processing /home/airflow/.local/lib/python3.12/site-packages/airflow/example_dags/example_xcom.py took 0.207 seconds
[2024-09-29T10:41:43.863+0000] {processor.py:186} INFO - Started process (PID=2245) to work on /home/airflow/.local/lib/python3.12/site-packages/airflow/example_dags/example_xcom.py
[2024-09-29T10:41:43.867+0000] {processor.py:914} INFO - Processing file /home/airflow/.local/lib/python3.12/site-packages/airflow/example_dags/example_xcom.py for tasks to queue
[2024-09-29T10:41:43.875+0000] {logging_mixin.py:190} INFO - [2024-09-29T10:41:43.873+0000] {dagbag.py:588} INFO - Filling up the DagBag from /home/airflow/.local/lib/python3.12/site-packages/airflow/example_dags/example_xcom.py
[2024-09-29T10:41:43.921+0000] {processor.py:925} INFO - DAG(s) 'example_xcom' retrieved from /home/airflow/.local/lib/python3.12/site-packages/airflow/example_dags/example_xcom.py
[2024-09-29T10:41:44.018+0000] {logging_mixin.py:190} INFO - [2024-09-29T10:41:44.017+0000] {dag.py:3239} INFO - Sync 1 DAGs
[2024-09-29T10:41:44.097+0000] {logging_mixin.py:190} INFO - [2024-09-29T10:41:44.096+0000] {dag.py:4180} INFO - Setting next_dagrun for example_xcom to 2021-01-01 00:00:00+00:00, run_after=2021-01-01 00:00:00+00:00
[2024-09-29T10:41:44.159+0000] {processor.py:208} INFO - Processing /home/airflow/.local/lib/python3.12/site-packages/airflow/example_dags/example_xcom.py took 0.324 seconds
[2024-09-29T10:42:26.852+0000] {processor.py:186} INFO - Started process (PID=2507) to work on /home/airflow/.local/lib/python3.12/site-packages/airflow/example_dags/example_xcom.py
[2024-09-29T10:42:26.864+0000] {processor.py:914} INFO - Processing file /home/airflow/.local/lib/python3.12/site-packages/airflow/example_dags/example_xcom.py for tasks to queue
[2024-09-29T10:42:26.955+0000] {logging_mixin.py:190} INFO - [2024-09-29T10:42:26.954+0000] {dagbag.py:588} INFO - Filling up the DagBag from /home/airflow/.local/lib/python3.12/site-packages/airflow/example_dags/example_xcom.py
[2024-09-29T10:42:27.022+0000] {processor.py:925} INFO - DAG(s) 'example_xcom' retrieved from /home/airflow/.local/lib/python3.12/site-packages/airflow/example_dags/example_xcom.py
[2024-09-29T10:42:27.186+0000] {logging_mixin.py:190} INFO - [2024-09-29T10:42:27.185+0000] {dag.py:3239} INFO - Sync 1 DAGs
[2024-09-29T10:42:27.364+0000] {logging_mixin.py:190} INFO - [2024-09-29T10:42:27.364+0000] {dag.py:4180} INFO - Setting next_dagrun for example_xcom to 2021-01-01 00:00:00+00:00, run_after=2021-01-01 00:00:00+00:00
[2024-09-29T10:42:27.687+0000] {processor.py:208} INFO - Processing /home/airflow/.local/lib/python3.12/site-packages/airflow/example_dags/example_xcom.py took 0.944 seconds
[2024-09-29T10:43:00.996+0000] {processor.py:186} INFO - Started process (PID=2793) to work on /home/airflow/.local/lib/python3.12/site-packages/airflow/example_dags/example_xcom.py
[2024-09-29T10:43:00.999+0000] {processor.py:914} INFO - Processing file /home/airflow/.local/lib/python3.12/site-packages/airflow/example_dags/example_xcom.py for tasks to queue
[2024-09-29T10:43:01.004+0000] {logging_mixin.py:190} INFO - [2024-09-29T10:43:01.003+0000] {dagbag.py:588} INFO - Filling up the DagBag from /home/airflow/.local/lib/python3.12/site-packages/airflow/example_dags/example_xcom.py
[2024-09-29T10:43:01.021+0000] {processor.py:925} INFO - DAG(s) 'example_xcom' retrieved from /home/airflow/.local/lib/python3.12/site-packages/airflow/example_dags/example_xcom.py
[2024-09-29T10:43:01.071+0000] {logging_mixin.py:190} INFO - [2024-09-29T10:43:01.071+0000] {dag.py:3239} INFO - Sync 1 DAGs
[2024-09-29T10:43:01.121+0000] {logging_mixin.py:190} INFO - [2024-09-29T10:43:01.121+0000] {dag.py:4180} INFO - Setting next_dagrun for example_xcom to 2021-01-01 00:00:00+00:00, run_after=2021-01-01 00:00:00+00:00
[2024-09-29T10:43:01.169+0000] {processor.py:208} INFO - Processing /home/airflow/.local/lib/python3.12/site-packages/airflow/example_dags/example_xcom.py took 0.185 seconds
[2024-09-29T10:43:32.682+0000] {processor.py:186} INFO - Started process (PID=3079) to work on /home/airflow/.local/lib/python3.12/site-packages/airflow/example_dags/example_xcom.py
[2024-09-29T10:43:32.685+0000] {processor.py:914} INFO - Processing file /home/airflow/.local/lib/python3.12/site-packages/airflow/example_dags/example_xcom.py for tasks to queue
[2024-09-29T10:43:32.690+0000] {logging_mixin.py:190} INFO - [2024-09-29T10:43:32.689+0000] {dagbag.py:588} INFO - Filling up the DagBag from /home/airflow/.local/lib/python3.12/site-packages/airflow/example_dags/example_xcom.py
[2024-09-29T10:43:32.708+0000] {processor.py:925} INFO - DAG(s) 'example_xcom' retrieved from /home/airflow/.local/lib/python3.12/site-packages/airflow/example_dags/example_xcom.py
[2024-09-29T10:43:32.765+0000] {logging_mixin.py:190} INFO - [2024-09-29T10:43:32.764+0000] {dag.py:3239} INFO - Sync 1 DAGs
[2024-09-29T10:43:32.858+0000] {logging_mixin.py:190} INFO - [2024-09-29T10:43:32.857+0000] {dag.py:4180} INFO - Setting next_dagrun for example_xcom to 2021-01-01 00:00:00+00:00, run_after=2021-01-01 00:00:00+00:00
[2024-09-29T10:43:32.914+0000] {processor.py:208} INFO - Processing /home/airflow/.local/lib/python3.12/site-packages/airflow/example_dags/example_xcom.py took 0.248 seconds
