[2024-09-29T10:37:56.324+0000] {processor.py:186} INFO - Started process (PID=307) to work on /home/airflow/.local/lib/python3.12/site-packages/airflow/example_dags/example_dataset_alias_with_no_taskflow.py
[2024-09-29T10:37:56.326+0000] {processor.py:914} INFO - Processing file /home/airflow/.local/lib/python3.12/site-packages/airflow/example_dags/example_dataset_alias_with_no_taskflow.py for tasks to queue
[2024-09-29T10:37:56.331+0000] {logging_mixin.py:190} INFO - [2024-09-29T10:37:56.329+0000] {dagbag.py:588} INFO - Filling up the DagBag from /home/airflow/.local/lib/python3.12/site-packages/airflow/example_dags/example_dataset_alias_with_no_taskflow.py
[2024-09-29T10:37:56.655+0000] {processor.py:925} INFO - DAG(s) 'dataset_alias_example_alias_producer_with_no_taskflow', 'dataset_s3_bucket_consumer_with_no_taskflow', 'dataset_s3_bucket_producer_with_no_taskflow', 'dataset_alias_example_alias_consumer_with_no_taskflow' retrieved from /home/airflow/.local/lib/python3.12/site-packages/airflow/example_dags/example_dataset_alias_with_no_taskflow.py
[2024-09-29T10:37:56.927+0000] {logging_mixin.py:190} INFO - [2024-09-29T10:37:56.924+0000] {override.py:1900} INFO - Created Permission View: can edit on DAG:dataset_alias_example_alias_producer_with_no_taskflow
[2024-09-29T10:37:56.955+0000] {logging_mixin.py:190} INFO - [2024-09-29T10:37:56.954+0000] {override.py:1900} INFO - Created Permission View: can read on DAG:dataset_alias_example_alias_producer_with_no_taskflow
[2024-09-29T10:37:56.981+0000] {logging_mixin.py:190} INFO - [2024-09-29T10:37:56.981+0000] {override.py:1900} INFO - Created Permission View: can delete on DAG:dataset_alias_example_alias_producer_with_no_taskflow
[2024-09-29T10:37:57.030+0000] {logging_mixin.py:190} INFO - [2024-09-29T10:37:57.029+0000] {override.py:1900} INFO - Created Permission View: can delete on DAG Run:dataset_alias_example_alias_producer_with_no_taskflow
[2024-09-29T10:37:57.077+0000] {logging_mixin.py:190} INFO - [2024-09-29T10:37:57.076+0000] {override.py:1900} INFO - Created Permission View: can read on DAG Run:dataset_alias_example_alias_producer_with_no_taskflow
[2024-09-29T10:37:57.126+0000] {logging_mixin.py:190} INFO - [2024-09-29T10:37:57.125+0000] {override.py:1900} INFO - Created Permission View: can create on DAG Run:dataset_alias_example_alias_producer_with_no_taskflow
[2024-09-29T10:37:57.169+0000] {logging_mixin.py:190} INFO - [2024-09-29T10:37:57.169+0000] {override.py:1900} INFO - Created Permission View: menu access on DAG Run:dataset_alias_example_alias_producer_with_no_taskflow
[2024-09-29T10:37:57.224+0000] {logging_mixin.py:190} INFO - [2024-09-29T10:37:57.223+0000] {override.py:1900} INFO - Created Permission View: can edit on DAG:dataset_s3_bucket_consumer_with_no_taskflow
[2024-09-29T10:37:57.271+0000] {logging_mixin.py:190} INFO - [2024-09-29T10:37:57.270+0000] {override.py:1900} INFO - Created Permission View: can read on DAG:dataset_s3_bucket_consumer_with_no_taskflow
[2024-09-29T10:37:57.310+0000] {logging_mixin.py:190} INFO - [2024-09-29T10:37:57.309+0000] {override.py:1900} INFO - Created Permission View: can delete on DAG:dataset_s3_bucket_consumer_with_no_taskflow
[2024-09-29T10:37:57.359+0000] {logging_mixin.py:190} INFO - [2024-09-29T10:37:57.358+0000] {override.py:1900} INFO - Created Permission View: can delete on DAG Run:dataset_s3_bucket_consumer_with_no_taskflow
[2024-09-29T10:37:57.404+0000] {logging_mixin.py:190} INFO - [2024-09-29T10:37:57.403+0000] {override.py:1900} INFO - Created Permission View: can read on DAG Run:dataset_s3_bucket_consumer_with_no_taskflow
[2024-09-29T10:37:57.441+0000] {logging_mixin.py:190} INFO - [2024-09-29T10:37:57.440+0000] {override.py:1900} INFO - Created Permission View: can create on DAG Run:dataset_s3_bucket_consumer_with_no_taskflow
[2024-09-29T10:37:57.485+0000] {logging_mixin.py:190} INFO - [2024-09-29T10:37:57.483+0000] {override.py:1900} INFO - Created Permission View: menu access on DAG Run:dataset_s3_bucket_consumer_with_no_taskflow
[2024-09-29T10:37:57.584+0000] {logging_mixin.py:190} INFO - [2024-09-29T10:37:57.584+0000] {override.py:1900} INFO - Created Permission View: can edit on DAG:dataset_s3_bucket_producer_with_no_taskflow
[2024-09-29T10:37:57.626+0000] {logging_mixin.py:190} INFO - [2024-09-29T10:37:57.625+0000] {override.py:1900} INFO - Created Permission View: can read on DAG:dataset_s3_bucket_producer_with_no_taskflow
[2024-09-29T10:37:57.698+0000] {logging_mixin.py:190} INFO - [2024-09-29T10:37:57.697+0000] {override.py:1900} INFO - Created Permission View: can delete on DAG:dataset_s3_bucket_producer_with_no_taskflow
[2024-09-29T10:37:57.725+0000] {logging_mixin.py:190} INFO - [2024-09-29T10:37:57.724+0000] {override.py:1900} INFO - Created Permission View: can delete on DAG Run:dataset_s3_bucket_producer_with_no_taskflow
[2024-09-29T10:37:57.761+0000] {logging_mixin.py:190} INFO - [2024-09-29T10:37:57.760+0000] {override.py:1900} INFO - Created Permission View: can read on DAG Run:dataset_s3_bucket_producer_with_no_taskflow
[2024-09-29T10:37:57.809+0000] {logging_mixin.py:190} INFO - [2024-09-29T10:37:57.808+0000] {override.py:1900} INFO - Created Permission View: can create on DAG Run:dataset_s3_bucket_producer_with_no_taskflow
[2024-09-29T10:37:57.901+0000] {logging_mixin.py:190} INFO - [2024-09-29T10:37:57.900+0000] {override.py:1900} INFO - Created Permission View: menu access on DAG Run:dataset_s3_bucket_producer_with_no_taskflow
[2024-09-29T10:37:57.951+0000] {logging_mixin.py:190} INFO - [2024-09-29T10:37:57.951+0000] {override.py:1900} INFO - Created Permission View: can edit on DAG:dataset_alias_example_alias_consumer_with_no_taskflow
[2024-09-29T10:37:57.971+0000] {logging_mixin.py:190} INFO - [2024-09-29T10:37:57.970+0000] {override.py:1900} INFO - Created Permission View: can read on DAG:dataset_alias_example_alias_consumer_with_no_taskflow
[2024-09-29T10:37:58.005+0000] {logging_mixin.py:190} INFO - [2024-09-29T10:37:58.004+0000] {override.py:1900} INFO - Created Permission View: can delete on DAG:dataset_alias_example_alias_consumer_with_no_taskflow
[2024-09-29T10:37:58.060+0000] {logging_mixin.py:190} INFO - [2024-09-29T10:37:58.059+0000] {override.py:1900} INFO - Created Permission View: can delete on DAG Run:dataset_alias_example_alias_consumer_with_no_taskflow
[2024-09-29T10:37:58.097+0000] {logging_mixin.py:190} INFO - [2024-09-29T10:37:58.096+0000] {override.py:1900} INFO - Created Permission View: can read on DAG Run:dataset_alias_example_alias_consumer_with_no_taskflow
[2024-09-29T10:37:58.144+0000] {logging_mixin.py:190} INFO - [2024-09-29T10:37:58.143+0000] {override.py:1900} INFO - Created Permission View: can create on DAG Run:dataset_alias_example_alias_consumer_with_no_taskflow
[2024-09-29T10:37:58.191+0000] {logging_mixin.py:190} INFO - [2024-09-29T10:37:58.190+0000] {override.py:1900} INFO - Created Permission View: menu access on DAG Run:dataset_alias_example_alias_consumer_with_no_taskflow
[2024-09-29T10:37:58.193+0000] {logging_mixin.py:190} INFO - [2024-09-29T10:37:58.192+0000] {dag.py:3239} INFO - Sync 4 DAGs
[2024-09-29T10:37:58.218+0000] {logging_mixin.py:190} INFO - [2024-09-29T10:37:58.218+0000] {dag.py:3262} INFO - Creating ORM DAG for dataset_alias_example_alias_consumer_with_no_taskflow
[2024-09-29T10:37:58.220+0000] {logging_mixin.py:190} INFO - [2024-09-29T10:37:58.220+0000] {dag.py:3262} INFO - Creating ORM DAG for dataset_alias_example_alias_producer_with_no_taskflow
[2024-09-29T10:37:58.222+0000] {logging_mixin.py:190} INFO - [2024-09-29T10:37:58.222+0000] {dag.py:3262} INFO - Creating ORM DAG for dataset_s3_bucket_consumer_with_no_taskflow
[2024-09-29T10:37:58.224+0000] {logging_mixin.py:190} INFO - [2024-09-29T10:37:58.224+0000] {dag.py:3262} INFO - Creating ORM DAG for dataset_s3_bucket_producer_with_no_taskflow
[2024-09-29T10:37:58.242+0000] {logging_mixin.py:190} INFO - [2024-09-29T10:37:58.242+0000] {dag.py:4180} INFO - Setting next_dagrun for dataset_alias_example_alias_consumer_with_no_taskflow to None, run_after=None
[2024-09-29T10:37:58.244+0000] {logging_mixin.py:190} INFO - [2024-09-29T10:37:58.244+0000] {dag.py:4180} INFO - Setting next_dagrun for dataset_alias_example_alias_producer_with_no_taskflow to None, run_after=None
[2024-09-29T10:37:58.246+0000] {logging_mixin.py:190} INFO - [2024-09-29T10:37:58.246+0000] {dag.py:4180} INFO - Setting next_dagrun for dataset_s3_bucket_consumer_with_no_taskflow to None, run_after=None
[2024-09-29T10:37:58.248+0000] {logging_mixin.py:190} INFO - [2024-09-29T10:37:58.248+0000] {dag.py:4180} INFO - Setting next_dagrun for dataset_s3_bucket_producer_with_no_taskflow to None, run_after=None
[2024-09-29T10:37:58.351+0000] {processor.py:208} INFO - Processing /home/airflow/.local/lib/python3.12/site-packages/airflow/example_dags/example_dataset_alias_with_no_taskflow.py took 2.036 seconds
[2024-09-29T10:38:28.785+0000] {processor.py:186} INFO - Started process (PID=595) to work on /home/airflow/.local/lib/python3.12/site-packages/airflow/example_dags/example_dataset_alias_with_no_taskflow.py
[2024-09-29T10:38:28.788+0000] {processor.py:914} INFO - Processing file /home/airflow/.local/lib/python3.12/site-packages/airflow/example_dags/example_dataset_alias_with_no_taskflow.py for tasks to queue
[2024-09-29T10:38:28.794+0000] {logging_mixin.py:190} INFO - [2024-09-29T10:38:28.793+0000] {dagbag.py:588} INFO - Filling up the DagBag from /home/airflow/.local/lib/python3.12/site-packages/airflow/example_dags/example_dataset_alias_with_no_taskflow.py
[2024-09-29T10:38:29.127+0000] {processor.py:925} INFO - DAG(s) 'dataset_s3_bucket_consumer_with_no_taskflow', 'dataset_s3_bucket_producer_with_no_taskflow', 'dataset_alias_example_alias_producer_with_no_taskflow', 'dataset_alias_example_alias_consumer_with_no_taskflow' retrieved from /home/airflow/.local/lib/python3.12/site-packages/airflow/example_dags/example_dataset_alias_with_no_taskflow.py
[2024-09-29T10:38:29.192+0000] {logging_mixin.py:190} INFO - [2024-09-29T10:38:29.191+0000] {dag.py:3239} INFO - Sync 4 DAGs
[2024-09-29T10:38:29.303+0000] {logging_mixin.py:190} INFO - [2024-09-29T10:38:29.303+0000] {dag.py:4180} INFO - Setting next_dagrun for dataset_alias_example_alias_consumer_with_no_taskflow to None, run_after=None
[2024-09-29T10:38:29.310+0000] {logging_mixin.py:190} INFO - [2024-09-29T10:38:29.310+0000] {dag.py:4180} INFO - Setting next_dagrun for dataset_alias_example_alias_producer_with_no_taskflow to None, run_after=None
[2024-09-29T10:38:29.316+0000] {logging_mixin.py:190} INFO - [2024-09-29T10:38:29.315+0000] {dag.py:4180} INFO - Setting next_dagrun for dataset_s3_bucket_consumer_with_no_taskflow to None, run_after=None
[2024-09-29T10:38:29.321+0000] {logging_mixin.py:190} INFO - [2024-09-29T10:38:29.320+0000] {dag.py:4180} INFO - Setting next_dagrun for dataset_s3_bucket_producer_with_no_taskflow to None, run_after=None
[2024-09-29T10:38:29.412+0000] {processor.py:208} INFO - Processing /home/airflow/.local/lib/python3.12/site-packages/airflow/example_dags/example_dataset_alias_with_no_taskflow.py took 0.639 seconds
[2024-09-29T10:38:59.845+0000] {processor.py:186} INFO - Started process (PID=891) to work on /home/airflow/.local/lib/python3.12/site-packages/airflow/example_dags/example_dataset_alias_with_no_taskflow.py
[2024-09-29T10:38:59.847+0000] {processor.py:914} INFO - Processing file /home/airflow/.local/lib/python3.12/site-packages/airflow/example_dags/example_dataset_alias_with_no_taskflow.py for tasks to queue
[2024-09-29T10:38:59.852+0000] {logging_mixin.py:190} INFO - [2024-09-29T10:38:59.851+0000] {dagbag.py:588} INFO - Filling up the DagBag from /home/airflow/.local/lib/python3.12/site-packages/airflow/example_dags/example_dataset_alias_with_no_taskflow.py
[2024-09-29T10:39:00.301+0000] {processor.py:925} INFO - DAG(s) 'dataset_alias_example_alias_consumer_with_no_taskflow', 'dataset_s3_bucket_consumer_with_no_taskflow', 'dataset_alias_example_alias_producer_with_no_taskflow', 'dataset_s3_bucket_producer_with_no_taskflow' retrieved from /home/airflow/.local/lib/python3.12/site-packages/airflow/example_dags/example_dataset_alias_with_no_taskflow.py
[2024-09-29T10:39:00.375+0000] {logging_mixin.py:190} INFO - [2024-09-29T10:39:00.375+0000] {dag.py:3239} INFO - Sync 4 DAGs
[2024-09-29T10:39:00.466+0000] {logging_mixin.py:190} INFO - [2024-09-29T10:39:00.465+0000] {dag.py:4180} INFO - Setting next_dagrun for dataset_alias_example_alias_consumer_with_no_taskflow to None, run_after=None
[2024-09-29T10:39:00.474+0000] {logging_mixin.py:190} INFO - [2024-09-29T10:39:00.474+0000] {dag.py:4180} INFO - Setting next_dagrun for dataset_alias_example_alias_producer_with_no_taskflow to None, run_after=None
[2024-09-29T10:39:00.481+0000] {logging_mixin.py:190} INFO - [2024-09-29T10:39:00.481+0000] {dag.py:4180} INFO - Setting next_dagrun for dataset_s3_bucket_consumer_with_no_taskflow to None, run_after=None
[2024-09-29T10:39:00.487+0000] {logging_mixin.py:190} INFO - [2024-09-29T10:39:00.486+0000] {dag.py:4180} INFO - Setting next_dagrun for dataset_s3_bucket_producer_with_no_taskflow to None, run_after=None
[2024-09-29T10:39:00.555+0000] {processor.py:208} INFO - Processing /home/airflow/.local/lib/python3.12/site-packages/airflow/example_dags/example_dataset_alias_with_no_taskflow.py took 0.720 seconds
[2024-09-29T10:39:31.004+0000] {processor.py:186} INFO - Started process (PID=1177) to work on /home/airflow/.local/lib/python3.12/site-packages/airflow/example_dags/example_dataset_alias_with_no_taskflow.py
[2024-09-29T10:39:31.007+0000] {processor.py:914} INFO - Processing file /home/airflow/.local/lib/python3.12/site-packages/airflow/example_dags/example_dataset_alias_with_no_taskflow.py for tasks to queue
[2024-09-29T10:39:31.013+0000] {logging_mixin.py:190} INFO - [2024-09-29T10:39:31.013+0000] {dagbag.py:588} INFO - Filling up the DagBag from /home/airflow/.local/lib/python3.12/site-packages/airflow/example_dags/example_dataset_alias_with_no_taskflow.py
[2024-09-29T10:39:31.360+0000] {processor.py:925} INFO - DAG(s) 'dataset_alias_example_alias_consumer_with_no_taskflow', 'dataset_alias_example_alias_producer_with_no_taskflow', 'dataset_s3_bucket_consumer_with_no_taskflow', 'dataset_s3_bucket_producer_with_no_taskflow' retrieved from /home/airflow/.local/lib/python3.12/site-packages/airflow/example_dags/example_dataset_alias_with_no_taskflow.py
[2024-09-29T10:39:31.410+0000] {logging_mixin.py:190} INFO - [2024-09-29T10:39:31.409+0000] {dag.py:3239} INFO - Sync 4 DAGs
[2024-09-29T10:39:31.462+0000] {logging_mixin.py:190} INFO - [2024-09-29T10:39:31.462+0000] {dag.py:4180} INFO - Setting next_dagrun for dataset_alias_example_alias_consumer_with_no_taskflow to None, run_after=None
[2024-09-29T10:39:31.472+0000] {logging_mixin.py:190} INFO - [2024-09-29T10:39:31.472+0000] {dag.py:4180} INFO - Setting next_dagrun for dataset_alias_example_alias_producer_with_no_taskflow to None, run_after=None
[2024-09-29T10:39:31.476+0000] {logging_mixin.py:190} INFO - [2024-09-29T10:39:31.476+0000] {dag.py:4180} INFO - Setting next_dagrun for dataset_s3_bucket_consumer_with_no_taskflow to None, run_after=None
[2024-09-29T10:39:31.480+0000] {logging_mixin.py:190} INFO - [2024-09-29T10:39:31.479+0000] {dag.py:4180} INFO - Setting next_dagrun for dataset_s3_bucket_producer_with_no_taskflow to None, run_after=None
[2024-09-29T10:39:31.538+0000] {processor.py:208} INFO - Processing /home/airflow/.local/lib/python3.12/site-packages/airflow/example_dags/example_dataset_alias_with_no_taskflow.py took 0.548 seconds
[2024-09-29T10:40:02.104+0000] {processor.py:186} INFO - Started process (PID=1463) to work on /home/airflow/.local/lib/python3.12/site-packages/airflow/example_dags/example_dataset_alias_with_no_taskflow.py
[2024-09-29T10:40:02.112+0000] {processor.py:914} INFO - Processing file /home/airflow/.local/lib/python3.12/site-packages/airflow/example_dags/example_dataset_alias_with_no_taskflow.py for tasks to queue
[2024-09-29T10:40:02.124+0000] {logging_mixin.py:190} INFO - [2024-09-29T10:40:02.123+0000] {dagbag.py:588} INFO - Filling up the DagBag from /home/airflow/.local/lib/python3.12/site-packages/airflow/example_dags/example_dataset_alias_with_no_taskflow.py
[2024-09-29T10:40:02.537+0000] {processor.py:925} INFO - DAG(s) 'dataset_s3_bucket_consumer_with_no_taskflow', 'dataset_s3_bucket_producer_with_no_taskflow', 'dataset_alias_example_alias_producer_with_no_taskflow', 'dataset_alias_example_alias_consumer_with_no_taskflow' retrieved from /home/airflow/.local/lib/python3.12/site-packages/airflow/example_dags/example_dataset_alias_with_no_taskflow.py
[2024-09-29T10:40:02.594+0000] {logging_mixin.py:190} INFO - [2024-09-29T10:40:02.593+0000] {dag.py:3239} INFO - Sync 4 DAGs
[2024-09-29T10:40:02.674+0000] {logging_mixin.py:190} INFO - [2024-09-29T10:40:02.673+0000] {dag.py:4180} INFO - Setting next_dagrun for dataset_alias_example_alias_consumer_with_no_taskflow to None, run_after=None
[2024-09-29T10:40:02.681+0000] {logging_mixin.py:190} INFO - [2024-09-29T10:40:02.681+0000] {dag.py:4180} INFO - Setting next_dagrun for dataset_alias_example_alias_producer_with_no_taskflow to None, run_after=None
[2024-09-29T10:40:02.685+0000] {logging_mixin.py:190} INFO - [2024-09-29T10:40:02.685+0000] {dag.py:4180} INFO - Setting next_dagrun for dataset_s3_bucket_consumer_with_no_taskflow to None, run_after=None
[2024-09-29T10:40:02.689+0000] {logging_mixin.py:190} INFO - [2024-09-29T10:40:02.689+0000] {dag.py:4180} INFO - Setting next_dagrun for dataset_s3_bucket_producer_with_no_taskflow to None, run_after=None
[2024-09-29T10:40:02.744+0000] {processor.py:208} INFO - Processing /home/airflow/.local/lib/python3.12/site-packages/airflow/example_dags/example_dataset_alias_with_no_taskflow.py took 0.651 seconds
[2024-09-29T10:40:33.179+0000] {processor.py:186} INFO - Started process (PID=1749) to work on /home/airflow/.local/lib/python3.12/site-packages/airflow/example_dags/example_dataset_alias_with_no_taskflow.py
[2024-09-29T10:40:33.183+0000] {processor.py:914} INFO - Processing file /home/airflow/.local/lib/python3.12/site-packages/airflow/example_dags/example_dataset_alias_with_no_taskflow.py for tasks to queue
[2024-09-29T10:40:33.194+0000] {logging_mixin.py:190} INFO - [2024-09-29T10:40:33.193+0000] {dagbag.py:588} INFO - Filling up the DagBag from /home/airflow/.local/lib/python3.12/site-packages/airflow/example_dags/example_dataset_alias_with_no_taskflow.py
[2024-09-29T10:40:33.651+0000] {processor.py:925} INFO - DAG(s) 'dataset_alias_example_alias_producer_with_no_taskflow', 'dataset_alias_example_alias_consumer_with_no_taskflow', 'dataset_s3_bucket_producer_with_no_taskflow', 'dataset_s3_bucket_consumer_with_no_taskflow' retrieved from /home/airflow/.local/lib/python3.12/site-packages/airflow/example_dags/example_dataset_alias_with_no_taskflow.py
[2024-09-29T10:40:33.727+0000] {logging_mixin.py:190} INFO - [2024-09-29T10:40:33.726+0000] {dag.py:3239} INFO - Sync 4 DAGs
[2024-09-29T10:40:33.780+0000] {logging_mixin.py:190} INFO - [2024-09-29T10:40:33.780+0000] {dag.py:4180} INFO - Setting next_dagrun for dataset_alias_example_alias_consumer_with_no_taskflow to None, run_after=None
[2024-09-29T10:40:33.788+0000] {logging_mixin.py:190} INFO - [2024-09-29T10:40:33.787+0000] {dag.py:4180} INFO - Setting next_dagrun for dataset_alias_example_alias_producer_with_no_taskflow to None, run_after=None
[2024-09-29T10:40:33.792+0000] {logging_mixin.py:190} INFO - [2024-09-29T10:40:33.791+0000] {dag.py:4180} INFO - Setting next_dagrun for dataset_s3_bucket_consumer_with_no_taskflow to None, run_after=None
[2024-09-29T10:40:33.796+0000] {logging_mixin.py:190} INFO - [2024-09-29T10:40:33.795+0000] {dag.py:4180} INFO - Setting next_dagrun for dataset_s3_bucket_producer_with_no_taskflow to None, run_after=None
[2024-09-29T10:40:33.961+0000] {processor.py:208} INFO - Processing /home/airflow/.local/lib/python3.12/site-packages/airflow/example_dags/example_dataset_alias_with_no_taskflow.py took 0.802 seconds
[2024-09-29T10:41:04.990+0000] {processor.py:186} INFO - Started process (PID=2033) to work on /home/airflow/.local/lib/python3.12/site-packages/airflow/example_dags/example_dataset_alias_with_no_taskflow.py
[2024-09-29T10:41:04.994+0000] {processor.py:914} INFO - Processing file /home/airflow/.local/lib/python3.12/site-packages/airflow/example_dags/example_dataset_alias_with_no_taskflow.py for tasks to queue
[2024-09-29T10:41:05.008+0000] {logging_mixin.py:190} INFO - [2024-09-29T10:41:05.007+0000] {dagbag.py:588} INFO - Filling up the DagBag from /home/airflow/.local/lib/python3.12/site-packages/airflow/example_dags/example_dataset_alias_with_no_taskflow.py
[2024-09-29T10:41:10.004+0000] {processor.py:925} INFO - DAG(s) 'dataset_s3_bucket_consumer_with_no_taskflow', 'dataset_alias_example_alias_producer_with_no_taskflow', 'dataset_s3_bucket_producer_with_no_taskflow', 'dataset_alias_example_alias_consumer_with_no_taskflow' retrieved from /home/airflow/.local/lib/python3.12/site-packages/airflow/example_dags/example_dataset_alias_with_no_taskflow.py
[2024-09-29T10:41:10.193+0000] {logging_mixin.py:190} INFO - [2024-09-29T10:41:10.192+0000] {dag.py:3239} INFO - Sync 4 DAGs
[2024-09-29T10:41:10.359+0000] {logging_mixin.py:190} INFO - [2024-09-29T10:41:10.358+0000] {dag.py:4180} INFO - Setting next_dagrun for dataset_alias_example_alias_consumer_with_no_taskflow to None, run_after=None
[2024-09-29T10:41:10.380+0000] {logging_mixin.py:190} INFO - [2024-09-29T10:41:10.378+0000] {dag.py:4180} INFO - Setting next_dagrun for dataset_alias_example_alias_producer_with_no_taskflow to None, run_after=None
[2024-09-29T10:41:10.389+0000] {logging_mixin.py:190} INFO - [2024-09-29T10:41:10.388+0000] {dag.py:4180} INFO - Setting next_dagrun for dataset_s3_bucket_consumer_with_no_taskflow to None, run_after=None
[2024-09-29T10:41:10.402+0000] {logging_mixin.py:190} INFO - [2024-09-29T10:41:10.401+0000] {dag.py:4180} INFO - Setting next_dagrun for dataset_s3_bucket_producer_with_no_taskflow to None, run_after=None
[2024-09-29T10:41:10.707+0000] {processor.py:208} INFO - Processing /home/airflow/.local/lib/python3.12/site-packages/airflow/example_dags/example_dataset_alias_with_no_taskflow.py took 5.742 seconds
[2024-09-29T10:41:48.530+0000] {processor.py:186} INFO - Started process (PID=2325) to work on /home/airflow/.local/lib/python3.12/site-packages/airflow/example_dags/example_dataset_alias_with_no_taskflow.py
[2024-09-29T10:41:48.533+0000] {processor.py:914} INFO - Processing file /home/airflow/.local/lib/python3.12/site-packages/airflow/example_dags/example_dataset_alias_with_no_taskflow.py for tasks to queue
[2024-09-29T10:41:48.545+0000] {logging_mixin.py:190} INFO - [2024-09-29T10:41:48.544+0000] {dagbag.py:588} INFO - Filling up the DagBag from /home/airflow/.local/lib/python3.12/site-packages/airflow/example_dags/example_dataset_alias_with_no_taskflow.py
[2024-09-29T10:41:51.661+0000] {processor.py:925} INFO - DAG(s) 'dataset_alias_example_alias_producer_with_no_taskflow', 'dataset_s3_bucket_consumer_with_no_taskflow', 'dataset_alias_example_alias_consumer_with_no_taskflow', 'dataset_s3_bucket_producer_with_no_taskflow' retrieved from /home/airflow/.local/lib/python3.12/site-packages/airflow/example_dags/example_dataset_alias_with_no_taskflow.py
[2024-09-29T10:41:51.752+0000] {logging_mixin.py:190} INFO - [2024-09-29T10:41:51.748+0000] {dag.py:3239} INFO - Sync 4 DAGs
[2024-09-29T10:41:51.894+0000] {logging_mixin.py:190} INFO - [2024-09-29T10:41:51.893+0000] {dag.py:4180} INFO - Setting next_dagrun for dataset_alias_example_alias_consumer_with_no_taskflow to None, run_after=None
[2024-09-29T10:41:51.904+0000] {logging_mixin.py:190} INFO - [2024-09-29T10:41:51.904+0000] {dag.py:4180} INFO - Setting next_dagrun for dataset_alias_example_alias_producer_with_no_taskflow to None, run_after=None
[2024-09-29T10:41:51.919+0000] {logging_mixin.py:190} INFO - [2024-09-29T10:41:51.915+0000] {dag.py:4180} INFO - Setting next_dagrun for dataset_s3_bucket_consumer_with_no_taskflow to None, run_after=None
[2024-09-29T10:41:51.925+0000] {logging_mixin.py:190} INFO - [2024-09-29T10:41:51.925+0000] {dag.py:4180} INFO - Setting next_dagrun for dataset_s3_bucket_producer_with_no_taskflow to None, run_after=None
[2024-09-29T10:41:52.020+0000] {processor.py:208} INFO - Processing /home/airflow/.local/lib/python3.12/site-packages/airflow/example_dags/example_dataset_alias_with_no_taskflow.py took 3.506 seconds
[2024-09-29T10:42:34.265+0000] {processor.py:186} INFO - Started process (PID=2582) to work on /home/airflow/.local/lib/python3.12/site-packages/airflow/example_dags/example_dataset_alias_with_no_taskflow.py
[2024-09-29T10:42:34.267+0000] {processor.py:914} INFO - Processing file /home/airflow/.local/lib/python3.12/site-packages/airflow/example_dags/example_dataset_alias_with_no_taskflow.py for tasks to queue
[2024-09-29T10:42:34.273+0000] {logging_mixin.py:190} INFO - [2024-09-29T10:42:34.273+0000] {dagbag.py:588} INFO - Filling up the DagBag from /home/airflow/.local/lib/python3.12/site-packages/airflow/example_dags/example_dataset_alias_with_no_taskflow.py
[2024-09-29T10:42:34.687+0000] {processor.py:925} INFO - DAG(s) 'dataset_alias_example_alias_producer_with_no_taskflow', 'dataset_s3_bucket_producer_with_no_taskflow', 'dataset_s3_bucket_consumer_with_no_taskflow', 'dataset_alias_example_alias_consumer_with_no_taskflow' retrieved from /home/airflow/.local/lib/python3.12/site-packages/airflow/example_dags/example_dataset_alias_with_no_taskflow.py
[2024-09-29T10:42:34.766+0000] {logging_mixin.py:190} INFO - [2024-09-29T10:42:34.766+0000] {dag.py:3239} INFO - Sync 4 DAGs
[2024-09-29T10:42:34.894+0000] {logging_mixin.py:190} INFO - [2024-09-29T10:42:34.894+0000] {dag.py:4180} INFO - Setting next_dagrun for dataset_alias_example_alias_consumer_with_no_taskflow to None, run_after=None
[2024-09-29T10:42:34.904+0000] {logging_mixin.py:190} INFO - [2024-09-29T10:42:34.904+0000] {dag.py:4180} INFO - Setting next_dagrun for dataset_alias_example_alias_producer_with_no_taskflow to None, run_after=None
[2024-09-29T10:42:34.908+0000] {logging_mixin.py:190} INFO - [2024-09-29T10:42:34.907+0000] {dag.py:4180} INFO - Setting next_dagrun for dataset_s3_bucket_consumer_with_no_taskflow to None, run_after=None
[2024-09-29T10:42:34.912+0000] {logging_mixin.py:190} INFO - [2024-09-29T10:42:34.911+0000] {dag.py:4180} INFO - Setting next_dagrun for dataset_s3_bucket_producer_with_no_taskflow to None, run_after=None
[2024-09-29T10:42:35.036+0000] {processor.py:208} INFO - Processing /home/airflow/.local/lib/python3.12/site-packages/airflow/example_dags/example_dataset_alias_with_no_taskflow.py took 0.784 seconds
[2024-09-29T10:43:06.050+0000] {processor.py:186} INFO - Started process (PID=2875) to work on /home/airflow/.local/lib/python3.12/site-packages/airflow/example_dags/example_dataset_alias_with_no_taskflow.py
[2024-09-29T10:43:06.053+0000] {processor.py:914} INFO - Processing file /home/airflow/.local/lib/python3.12/site-packages/airflow/example_dags/example_dataset_alias_with_no_taskflow.py for tasks to queue
[2024-09-29T10:43:06.058+0000] {logging_mixin.py:190} INFO - [2024-09-29T10:43:06.057+0000] {dagbag.py:588} INFO - Filling up the DagBag from /home/airflow/.local/lib/python3.12/site-packages/airflow/example_dags/example_dataset_alias_with_no_taskflow.py
[2024-09-29T10:43:06.486+0000] {processor.py:925} INFO - DAG(s) 'dataset_s3_bucket_producer_with_no_taskflow', 'dataset_alias_example_alias_producer_with_no_taskflow', 'dataset_s3_bucket_consumer_with_no_taskflow', 'dataset_alias_example_alias_consumer_with_no_taskflow' retrieved from /home/airflow/.local/lib/python3.12/site-packages/airflow/example_dags/example_dataset_alias_with_no_taskflow.py
[2024-09-29T10:43:06.662+0000] {logging_mixin.py:190} INFO - [2024-09-29T10:43:06.660+0000] {dag.py:3239} INFO - Sync 4 DAGs
[2024-09-29T10:43:07.038+0000] {logging_mixin.py:190} INFO - [2024-09-29T10:43:07.037+0000] {dag.py:4180} INFO - Setting next_dagrun for dataset_alias_example_alias_consumer_with_no_taskflow to None, run_after=None
[2024-09-29T10:43:07.056+0000] {logging_mixin.py:190} INFO - [2024-09-29T10:43:07.056+0000] {dag.py:4180} INFO - Setting next_dagrun for dataset_alias_example_alias_producer_with_no_taskflow to None, run_after=None
[2024-09-29T10:43:07.062+0000] {logging_mixin.py:190} INFO - [2024-09-29T10:43:07.061+0000] {dag.py:4180} INFO - Setting next_dagrun for dataset_s3_bucket_consumer_with_no_taskflow to None, run_after=None
[2024-09-29T10:43:07.066+0000] {logging_mixin.py:190} INFO - [2024-09-29T10:43:07.065+0000] {dag.py:4180} INFO - Setting next_dagrun for dataset_s3_bucket_producer_with_no_taskflow to None, run_after=None
[2024-09-29T10:43:07.177+0000] {processor.py:208} INFO - Processing /home/airflow/.local/lib/python3.12/site-packages/airflow/example_dags/example_dataset_alias_with_no_taskflow.py took 1.142 seconds
[2024-09-29T10:43:38.004+0000] {processor.py:186} INFO - Started process (PID=3166) to work on /home/airflow/.local/lib/python3.12/site-packages/airflow/example_dags/example_dataset_alias_with_no_taskflow.py
[2024-09-29T10:43:38.134+0000] {processor.py:914} INFO - Processing file /home/airflow/.local/lib/python3.12/site-packages/airflow/example_dags/example_dataset_alias_with_no_taskflow.py for tasks to queue
[2024-09-29T10:43:38.140+0000] {logging_mixin.py:190} INFO - [2024-09-29T10:43:38.139+0000] {dagbag.py:588} INFO - Filling up the DagBag from /home/airflow/.local/lib/python3.12/site-packages/airflow/example_dags/example_dataset_alias_with_no_taskflow.py
[2024-09-29T10:43:38.489+0000] {processor.py:925} INFO - DAG(s) 'dataset_s3_bucket_producer_with_no_taskflow', 'dataset_alias_example_alias_consumer_with_no_taskflow', 'dataset_s3_bucket_consumer_with_no_taskflow', 'dataset_alias_example_alias_producer_with_no_taskflow' retrieved from /home/airflow/.local/lib/python3.12/site-packages/airflow/example_dags/example_dataset_alias_with_no_taskflow.py
[2024-09-29T10:43:38.533+0000] {logging_mixin.py:190} INFO - [2024-09-29T10:43:38.532+0000] {dag.py:3239} INFO - Sync 4 DAGs
[2024-09-29T10:43:38.583+0000] {logging_mixin.py:190} INFO - [2024-09-29T10:43:38.582+0000] {dag.py:4180} INFO - Setting next_dagrun for dataset_alias_example_alias_consumer_with_no_taskflow to None, run_after=None
[2024-09-29T10:43:38.589+0000] {logging_mixin.py:190} INFO - [2024-09-29T10:43:38.589+0000] {dag.py:4180} INFO - Setting next_dagrun for dataset_alias_example_alias_producer_with_no_taskflow to None, run_after=None
[2024-09-29T10:43:38.594+0000] {logging_mixin.py:190} INFO - [2024-09-29T10:43:38.593+0000] {dag.py:4180} INFO - Setting next_dagrun for dataset_s3_bucket_consumer_with_no_taskflow to None, run_after=None
[2024-09-29T10:43:38.597+0000] {logging_mixin.py:190} INFO - [2024-09-29T10:43:38.597+0000] {dag.py:4180} INFO - Setting next_dagrun for dataset_s3_bucket_producer_with_no_taskflow to None, run_after=None
[2024-09-29T10:43:39.202+0000] {processor.py:208} INFO - Processing /home/airflow/.local/lib/python3.12/site-packages/airflow/example_dags/example_dataset_alias_with_no_taskflow.py took 1.213 seconds
