[2024-09-29T10:37:51.504+0000] {processor.py:186} INFO - Started process (PID=262) to work on /home/airflow/.local/lib/python3.12/site-packages/airflow/example_dags/example_params_trigger_ui.py
[2024-09-29T10:37:51.507+0000] {processor.py:914} INFO - Processing file /home/airflow/.local/lib/python3.12/site-packages/airflow/example_dags/example_params_trigger_ui.py for tasks to queue
[2024-09-29T10:37:51.512+0000] {logging_mixin.py:190} INFO - [2024-09-29T10:37:51.512+0000] {dagbag.py:588} INFO - Filling up the DagBag from /home/airflow/.local/lib/python3.12/site-packages/airflow/example_dags/example_params_trigger_ui.py
[2024-09-29T10:37:51.543+0000] {processor.py:925} INFO - DAG(s) 'example_params_trigger_ui' retrieved from /home/airflow/.local/lib/python3.12/site-packages/airflow/example_dags/example_params_trigger_ui.py
[2024-09-29T10:37:51.993+0000] {logging_mixin.py:190} INFO - [2024-09-29T10:37:51.991+0000] {override.py:1900} INFO - Created Permission View: can edit on DAG:example_params_trigger_ui
[2024-09-29T10:37:52.026+0000] {logging_mixin.py:190} INFO - [2024-09-29T10:37:52.025+0000] {override.py:1900} INFO - Created Permission View: can read on DAG:example_params_trigger_ui
[2024-09-29T10:37:52.047+0000] {logging_mixin.py:190} INFO - [2024-09-29T10:37:52.046+0000] {override.py:1900} INFO - Created Permission View: can delete on DAG:example_params_trigger_ui
[2024-09-29T10:37:52.070+0000] {logging_mixin.py:190} INFO - [2024-09-29T10:37:52.069+0000] {override.py:1900} INFO - Created Permission View: can delete on DAG Run:example_params_trigger_ui
[2024-09-29T10:37:52.091+0000] {logging_mixin.py:190} INFO - [2024-09-29T10:37:52.090+0000] {override.py:1900} INFO - Created Permission View: can read on DAG Run:example_params_trigger_ui
[2024-09-29T10:37:52.111+0000] {logging_mixin.py:190} INFO - [2024-09-29T10:37:52.110+0000] {override.py:1900} INFO - Created Permission View: can create on DAG Run:example_params_trigger_ui
[2024-09-29T10:37:52.133+0000] {logging_mixin.py:190} INFO - [2024-09-29T10:37:52.132+0000] {override.py:1900} INFO - Created Permission View: menu access on DAG Run:example_params_trigger_ui
[2024-09-29T10:37:52.135+0000] {logging_mixin.py:190} INFO - [2024-09-29T10:37:52.135+0000] {dag.py:3239} INFO - Sync 1 DAGs
[2024-09-29T10:37:52.173+0000] {logging_mixin.py:190} INFO - [2024-09-29T10:37:52.172+0000] {dag.py:3262} INFO - Creating ORM DAG for example_params_trigger_ui
[2024-09-29T10:37:52.176+0000] {logging_mixin.py:190} INFO - [2024-09-29T10:37:52.175+0000] {dag.py:4180} INFO - Setting next_dagrun for example_params_trigger_ui to None, run_after=None
[2024-09-29T10:37:52.301+0000] {processor.py:208} INFO - Processing /home/airflow/.local/lib/python3.12/site-packages/airflow/example_dags/example_params_trigger_ui.py took 0.812 seconds
[2024-09-29T10:38:22.679+0000] {processor.py:186} INFO - Started process (PID=545) to work on /home/airflow/.local/lib/python3.12/site-packages/airflow/example_dags/example_params_trigger_ui.py
[2024-09-29T10:38:22.691+0000] {processor.py:914} INFO - Processing file /home/airflow/.local/lib/python3.12/site-packages/airflow/example_dags/example_params_trigger_ui.py for tasks to queue
[2024-09-29T10:38:22.700+0000] {logging_mixin.py:190} INFO - [2024-09-29T10:38:22.698+0000] {dagbag.py:588} INFO - Filling up the DagBag from /home/airflow/.local/lib/python3.12/site-packages/airflow/example_dags/example_params_trigger_ui.py
[2024-09-29T10:38:22.723+0000] {processor.py:925} INFO - DAG(s) 'example_params_trigger_ui' retrieved from /home/airflow/.local/lib/python3.12/site-packages/airflow/example_dags/example_params_trigger_ui.py
[2024-09-29T10:38:22.817+0000] {logging_mixin.py:190} INFO - [2024-09-29T10:38:22.817+0000] {dag.py:3239} INFO - Sync 1 DAGs
[2024-09-29T10:38:22.850+0000] {logging_mixin.py:190} INFO - [2024-09-29T10:38:22.849+0000] {dag.py:4180} INFO - Setting next_dagrun for example_params_trigger_ui to None, run_after=None
[2024-09-29T10:38:22.946+0000] {processor.py:208} INFO - Processing /home/airflow/.local/lib/python3.12/site-packages/airflow/example_dags/example_params_trigger_ui.py took 0.283 seconds
[2024-09-29T10:38:53.146+0000] {processor.py:186} INFO - Started process (PID=831) to work on /home/airflow/.local/lib/python3.12/site-packages/airflow/example_dags/example_params_trigger_ui.py
[2024-09-29T10:38:53.148+0000] {processor.py:914} INFO - Processing file /home/airflow/.local/lib/python3.12/site-packages/airflow/example_dags/example_params_trigger_ui.py for tasks to queue
[2024-09-29T10:38:53.153+0000] {logging_mixin.py:190} INFO - [2024-09-29T10:38:53.152+0000] {dagbag.py:588} INFO - Filling up the DagBag from /home/airflow/.local/lib/python3.12/site-packages/airflow/example_dags/example_params_trigger_ui.py
[2024-09-29T10:38:53.171+0000] {processor.py:925} INFO - DAG(s) 'example_params_trigger_ui' retrieved from /home/airflow/.local/lib/python3.12/site-packages/airflow/example_dags/example_params_trigger_ui.py
[2024-09-29T10:38:53.297+0000] {logging_mixin.py:190} INFO - [2024-09-29T10:38:53.297+0000] {dag.py:3239} INFO - Sync 1 DAGs
[2024-09-29T10:38:53.345+0000] {logging_mixin.py:190} INFO - [2024-09-29T10:38:53.345+0000] {dag.py:4180} INFO - Setting next_dagrun for example_params_trigger_ui to None, run_after=None
[2024-09-29T10:38:53.393+0000] {processor.py:208} INFO - Processing /home/airflow/.local/lib/python3.12/site-packages/airflow/example_dags/example_params_trigger_ui.py took 0.258 seconds
[2024-09-29T10:39:26.073+0000] {processor.py:186} INFO - Started process (PID=1117) to work on /home/airflow/.local/lib/python3.12/site-packages/airflow/example_dags/example_params_trigger_ui.py
[2024-09-29T10:39:26.075+0000] {processor.py:914} INFO - Processing file /home/airflow/.local/lib/python3.12/site-packages/airflow/example_dags/example_params_trigger_ui.py for tasks to queue
[2024-09-29T10:39:26.080+0000] {logging_mixin.py:190} INFO - [2024-09-29T10:39:26.079+0000] {dagbag.py:588} INFO - Filling up the DagBag from /home/airflow/.local/lib/python3.12/site-packages/airflow/example_dags/example_params_trigger_ui.py
[2024-09-29T10:39:26.100+0000] {processor.py:925} INFO - DAG(s) 'example_params_trigger_ui' retrieved from /home/airflow/.local/lib/python3.12/site-packages/airflow/example_dags/example_params_trigger_ui.py
[2024-09-29T10:39:26.194+0000] {logging_mixin.py:190} INFO - [2024-09-29T10:39:26.193+0000] {dag.py:3239} INFO - Sync 1 DAGs
[2024-09-29T10:39:26.248+0000] {logging_mixin.py:190} INFO - [2024-09-29T10:39:26.247+0000] {dag.py:4180} INFO - Setting next_dagrun for example_params_trigger_ui to None, run_after=None
[2024-09-29T10:39:26.312+0000] {processor.py:208} INFO - Processing /home/airflow/.local/lib/python3.12/site-packages/airflow/example_dags/example_params_trigger_ui.py took 0.249 seconds
[2024-09-29T10:39:56.868+0000] {processor.py:186} INFO - Started process (PID=1403) to work on /home/airflow/.local/lib/python3.12/site-packages/airflow/example_dags/example_params_trigger_ui.py
[2024-09-29T10:39:56.870+0000] {processor.py:914} INFO - Processing file /home/airflow/.local/lib/python3.12/site-packages/airflow/example_dags/example_params_trigger_ui.py for tasks to queue
[2024-09-29T10:39:56.874+0000] {logging_mixin.py:190} INFO - [2024-09-29T10:39:56.874+0000] {dagbag.py:588} INFO - Filling up the DagBag from /home/airflow/.local/lib/python3.12/site-packages/airflow/example_dags/example_params_trigger_ui.py
[2024-09-29T10:39:56.898+0000] {processor.py:925} INFO - DAG(s) 'example_params_trigger_ui' retrieved from /home/airflow/.local/lib/python3.12/site-packages/airflow/example_dags/example_params_trigger_ui.py
[2024-09-29T10:39:56.987+0000] {logging_mixin.py:190} INFO - [2024-09-29T10:39:56.986+0000] {dag.py:3239} INFO - Sync 1 DAGs
[2024-09-29T10:39:57.018+0000] {logging_mixin.py:190} INFO - [2024-09-29T10:39:57.017+0000] {dag.py:4180} INFO - Setting next_dagrun for example_params_trigger_ui to None, run_after=None
[2024-09-29T10:39:57.057+0000] {processor.py:208} INFO - Processing /home/airflow/.local/lib/python3.12/site-packages/airflow/example_dags/example_params_trigger_ui.py took 0.199 seconds
[2024-09-29T10:40:27.382+0000] {processor.py:186} INFO - Started process (PID=1682) to work on /home/airflow/.local/lib/python3.12/site-packages/airflow/example_dags/example_params_trigger_ui.py
[2024-09-29T10:40:27.384+0000] {processor.py:914} INFO - Processing file /home/airflow/.local/lib/python3.12/site-packages/airflow/example_dags/example_params_trigger_ui.py for tasks to queue
[2024-09-29T10:40:27.389+0000] {logging_mixin.py:190} INFO - [2024-09-29T10:40:27.388+0000] {dagbag.py:588} INFO - Filling up the DagBag from /home/airflow/.local/lib/python3.12/site-packages/airflow/example_dags/example_params_trigger_ui.py
[2024-09-29T10:40:27.412+0000] {processor.py:925} INFO - DAG(s) 'example_params_trigger_ui' retrieved from /home/airflow/.local/lib/python3.12/site-packages/airflow/example_dags/example_params_trigger_ui.py
[2024-09-29T10:40:27.526+0000] {logging_mixin.py:190} INFO - [2024-09-29T10:40:27.525+0000] {dag.py:3239} INFO - Sync 1 DAGs
[2024-09-29T10:40:27.591+0000] {logging_mixin.py:190} INFO - [2024-09-29T10:40:27.590+0000] {dag.py:4180} INFO - Setting next_dagrun for example_params_trigger_ui to None, run_after=None
[2024-09-29T10:40:27.655+0000] {processor.py:208} INFO - Processing /home/airflow/.local/lib/python3.12/site-packages/airflow/example_dags/example_params_trigger_ui.py took 0.288 seconds
[2024-09-29T10:40:59.958+0000] {processor.py:186} INFO - Started process (PID=1923) to work on /home/airflow/.local/lib/python3.12/site-packages/airflow/example_dags/example_params_trigger_ui.py
[2024-09-29T10:40:59.961+0000] {processor.py:914} INFO - Processing file /home/airflow/.local/lib/python3.12/site-packages/airflow/example_dags/example_params_trigger_ui.py for tasks to queue
[2024-09-29T10:40:59.974+0000] {logging_mixin.py:190} INFO - [2024-09-29T10:40:59.973+0000] {dagbag.py:588} INFO - Filling up the DagBag from /home/airflow/.local/lib/python3.12/site-packages/airflow/example_dags/example_params_trigger_ui.py
[2024-09-29T10:41:00.036+0000] {processor.py:925} INFO - DAG(s) 'example_params_trigger_ui' retrieved from /home/airflow/.local/lib/python3.12/site-packages/airflow/example_dags/example_params_trigger_ui.py
[2024-09-29T10:41:00.283+0000] {logging_mixin.py:190} INFO - [2024-09-29T10:41:00.281+0000] {dag.py:3239} INFO - Sync 1 DAGs
[2024-09-29T10:41:00.425+0000] {logging_mixin.py:190} INFO - [2024-09-29T10:41:00.422+0000] {dag.py:4180} INFO - Setting next_dagrun for example_params_trigger_ui to None, run_after=None
[2024-09-29T10:41:00.580+0000] {processor.py:208} INFO - Processing /home/airflow/.local/lib/python3.12/site-packages/airflow/example_dags/example_params_trigger_ui.py took 0.646 seconds
[2024-09-29T10:41:39.884+0000] {processor.py:186} INFO - Started process (PID=2214) to work on /home/airflow/.local/lib/python3.12/site-packages/airflow/example_dags/example_params_trigger_ui.py
[2024-09-29T10:41:39.889+0000] {processor.py:914} INFO - Processing file /home/airflow/.local/lib/python3.12/site-packages/airflow/example_dags/example_params_trigger_ui.py for tasks to queue
[2024-09-29T10:41:39.904+0000] {logging_mixin.py:190} INFO - [2024-09-29T10:41:39.903+0000] {dagbag.py:588} INFO - Filling up the DagBag from /home/airflow/.local/lib/python3.12/site-packages/airflow/example_dags/example_params_trigger_ui.py
[2024-09-29T10:41:39.985+0000] {processor.py:925} INFO - DAG(s) 'example_params_trigger_ui' retrieved from /home/airflow/.local/lib/python3.12/site-packages/airflow/example_dags/example_params_trigger_ui.py
[2024-09-29T10:41:40.667+0000] {logging_mixin.py:190} INFO - [2024-09-29T10:41:40.664+0000] {dag.py:3239} INFO - Sync 1 DAGs
[2024-09-29T10:41:41.290+0000] {logging_mixin.py:190} INFO - [2024-09-29T10:41:41.288+0000] {dag.py:4180} INFO - Setting next_dagrun for example_params_trigger_ui to None, run_after=None
[2024-09-29T10:41:41.603+0000] {processor.py:208} INFO - Processing /home/airflow/.local/lib/python3.12/site-packages/airflow/example_dags/example_params_trigger_ui.py took 1.742 seconds
[2024-09-29T10:42:20.150+0000] {processor.py:186} INFO - Started process (PID=2482) to work on /home/airflow/.local/lib/python3.12/site-packages/airflow/example_dags/example_params_trigger_ui.py
[2024-09-29T10:42:20.156+0000] {processor.py:914} INFO - Processing file /home/airflow/.local/lib/python3.12/site-packages/airflow/example_dags/example_params_trigger_ui.py for tasks to queue
[2024-09-29T10:42:20.172+0000] {logging_mixin.py:190} INFO - [2024-09-29T10:42:20.171+0000] {dagbag.py:588} INFO - Filling up the DagBag from /home/airflow/.local/lib/python3.12/site-packages/airflow/example_dags/example_params_trigger_ui.py
[2024-09-29T10:42:20.670+0000] {processor.py:925} INFO - DAG(s) 'example_params_trigger_ui' retrieved from /home/airflow/.local/lib/python3.12/site-packages/airflow/example_dags/example_params_trigger_ui.py
[2024-09-29T10:42:21.301+0000] {logging_mixin.py:190} INFO - [2024-09-29T10:42:21.299+0000] {dag.py:3239} INFO - Sync 1 DAGs
[2024-09-29T10:42:21.794+0000] {logging_mixin.py:190} INFO - [2024-09-29T10:42:21.794+0000] {dag.py:4180} INFO - Setting next_dagrun for example_params_trigger_ui to None, run_after=None
[2024-09-29T10:42:21.918+0000] {processor.py:208} INFO - Processing /home/airflow/.local/lib/python3.12/site-packages/airflow/example_dags/example_params_trigger_ui.py took 1.856 seconds
[2024-09-29T10:42:59.573+0000] {processor.py:186} INFO - Started process (PID=2768) to work on /home/airflow/.local/lib/python3.12/site-packages/airflow/example_dags/example_params_trigger_ui.py
[2024-09-29T10:42:59.578+0000] {processor.py:914} INFO - Processing file /home/airflow/.local/lib/python3.12/site-packages/airflow/example_dags/example_params_trigger_ui.py for tasks to queue
[2024-09-29T10:42:59.589+0000] {logging_mixin.py:190} INFO - [2024-09-29T10:42:59.588+0000] {dagbag.py:588} INFO - Filling up the DagBag from /home/airflow/.local/lib/python3.12/site-packages/airflow/example_dags/example_params_trigger_ui.py
[2024-09-29T10:42:59.658+0000] {processor.py:925} INFO - DAG(s) 'example_params_trigger_ui' retrieved from /home/airflow/.local/lib/python3.12/site-packages/airflow/example_dags/example_params_trigger_ui.py
[2024-09-29T10:43:00.169+0000] {logging_mixin.py:190} INFO - [2024-09-29T10:43:00.168+0000] {dag.py:3239} INFO - Sync 1 DAGs
[2024-09-29T10:43:00.251+0000] {logging_mixin.py:190} INFO - [2024-09-29T10:43:00.250+0000] {dag.py:4180} INFO - Setting next_dagrun for example_params_trigger_ui to None, run_after=None
[2024-09-29T10:43:00.307+0000] {processor.py:208} INFO - Processing /home/airflow/.local/lib/python3.12/site-packages/airflow/example_dags/example_params_trigger_ui.py took 0.763 seconds
[2024-09-29T10:43:30.894+0000] {processor.py:186} INFO - Started process (PID=3054) to work on /home/airflow/.local/lib/python3.12/site-packages/airflow/example_dags/example_params_trigger_ui.py
[2024-09-29T10:43:30.897+0000] {processor.py:914} INFO - Processing file /home/airflow/.local/lib/python3.12/site-packages/airflow/example_dags/example_params_trigger_ui.py for tasks to queue
[2024-09-29T10:43:30.903+0000] {logging_mixin.py:190} INFO - [2024-09-29T10:43:30.901+0000] {dagbag.py:588} INFO - Filling up the DagBag from /home/airflow/.local/lib/python3.12/site-packages/airflow/example_dags/example_params_trigger_ui.py
[2024-09-29T10:43:30.935+0000] {processor.py:925} INFO - DAG(s) 'example_params_trigger_ui' retrieved from /home/airflow/.local/lib/python3.12/site-packages/airflow/example_dags/example_params_trigger_ui.py
[2024-09-29T10:43:31.120+0000] {logging_mixin.py:190} INFO - [2024-09-29T10:43:31.119+0000] {dag.py:3239} INFO - Sync 1 DAGs
[2024-09-29T10:43:31.168+0000] {logging_mixin.py:190} INFO - [2024-09-29T10:43:31.167+0000] {dag.py:4180} INFO - Setting next_dagrun for example_params_trigger_ui to None, run_after=None
[2024-09-29T10:43:31.238+0000] {processor.py:208} INFO - Processing /home/airflow/.local/lib/python3.12/site-packages/airflow/example_dags/example_params_trigger_ui.py took 0.359 seconds
