[2024-09-29T10:37:57.103+0000] {processor.py:186} INFO - Started process (PID=312) to work on /home/airflow/.local/lib/python3.12/site-packages/airflow/example_dags/example_trigger_target_dag.py
[2024-09-29T10:37:57.106+0000] {processor.py:914} INFO - Processing file /home/airflow/.local/lib/python3.12/site-packages/airflow/example_dags/example_trigger_target_dag.py for tasks to queue
[2024-09-29T10:37:57.112+0000] {logging_mixin.py:190} INFO - [2024-09-29T10:37:57.111+0000] {dagbag.py:588} INFO - Filling up the DagBag from /home/airflow/.local/lib/python3.12/site-packages/airflow/example_dags/example_trigger_target_dag.py
[2024-09-29T10:37:57.139+0000] {processor.py:925} INFO - DAG(s) 'example_trigger_target_dag' retrieved from /home/airflow/.local/lib/python3.12/site-packages/airflow/example_dags/example_trigger_target_dag.py
[2024-09-29T10:37:57.484+0000] {logging_mixin.py:190} INFO - [2024-09-29T10:37:57.481+0000] {override.py:1900} INFO - Created Permission View: can edit on DAG:example_trigger_target_dag
[2024-09-29T10:37:57.573+0000] {logging_mixin.py:190} INFO - [2024-09-29T10:37:57.572+0000] {override.py:1900} INFO - Created Permission View: can read on DAG:example_trigger_target_dag
[2024-09-29T10:37:57.624+0000] {logging_mixin.py:190} INFO - [2024-09-29T10:37:57.623+0000] {override.py:1900} INFO - Created Permission View: can delete on DAG:example_trigger_target_dag
[2024-09-29T10:37:57.714+0000] {logging_mixin.py:190} INFO - [2024-09-29T10:37:57.713+0000] {override.py:1900} INFO - Created Permission View: can delete on DAG Run:example_trigger_target_dag
[2024-09-29T10:37:57.760+0000] {logging_mixin.py:190} INFO - [2024-09-29T10:37:57.759+0000] {override.py:1900} INFO - Created Permission View: can read on DAG Run:example_trigger_target_dag
[2024-09-29T10:37:57.806+0000] {logging_mixin.py:190} INFO - [2024-09-29T10:37:57.805+0000] {override.py:1900} INFO - Created Permission View: can create on DAG Run:example_trigger_target_dag
[2024-09-29T10:37:57.861+0000] {logging_mixin.py:190} INFO - [2024-09-29T10:37:57.860+0000] {override.py:1900} INFO - Created Permission View: menu access on DAG Run:example_trigger_target_dag
[2024-09-29T10:37:57.863+0000] {logging_mixin.py:190} INFO - [2024-09-29T10:37:57.863+0000] {dag.py:3239} INFO - Sync 1 DAGs
[2024-09-29T10:37:57.906+0000] {logging_mixin.py:190} INFO - [2024-09-29T10:37:57.906+0000] {dag.py:3262} INFO - Creating ORM DAG for example_trigger_target_dag
[2024-09-29T10:37:57.910+0000] {logging_mixin.py:190} INFO - [2024-09-29T10:37:57.910+0000] {dag.py:4180} INFO - Setting next_dagrun for example_trigger_target_dag to None, run_after=None
[2024-09-29T10:37:57.964+0000] {processor.py:208} INFO - Processing /home/airflow/.local/lib/python3.12/site-packages/airflow/example_dags/example_trigger_target_dag.py took 0.871 seconds
[2024-09-29T10:38:28.787+0000] {processor.py:186} INFO - Started process (PID=598) to work on /home/airflow/.local/lib/python3.12/site-packages/airflow/example_dags/example_trigger_target_dag.py
[2024-09-29T10:38:28.789+0000] {processor.py:914} INFO - Processing file /home/airflow/.local/lib/python3.12/site-packages/airflow/example_dags/example_trigger_target_dag.py for tasks to queue
[2024-09-29T10:38:28.795+0000] {logging_mixin.py:190} INFO - [2024-09-29T10:38:28.794+0000] {dagbag.py:588} INFO - Filling up the DagBag from /home/airflow/.local/lib/python3.12/site-packages/airflow/example_dags/example_trigger_target_dag.py
[2024-09-29T10:38:28.814+0000] {processor.py:925} INFO - DAG(s) 'example_trigger_target_dag' retrieved from /home/airflow/.local/lib/python3.12/site-packages/airflow/example_dags/example_trigger_target_dag.py
[2024-09-29T10:38:28.860+0000] {logging_mixin.py:190} INFO - [2024-09-29T10:38:28.860+0000] {dag.py:3239} INFO - Sync 1 DAGs
[2024-09-29T10:38:28.893+0000] {logging_mixin.py:190} INFO - [2024-09-29T10:38:28.892+0000] {dag.py:4180} INFO - Setting next_dagrun for example_trigger_target_dag to None, run_after=None
[2024-09-29T10:38:28.951+0000] {processor.py:208} INFO - Processing /home/airflow/.local/lib/python3.12/site-packages/airflow/example_dags/example_trigger_target_dag.py took 0.176 seconds
[2024-09-29T10:38:59.284+0000] {processor.py:186} INFO - Started process (PID=881) to work on /home/airflow/.local/lib/python3.12/site-packages/airflow/example_dags/example_trigger_target_dag.py
[2024-09-29T10:38:59.286+0000] {processor.py:914} INFO - Processing file /home/airflow/.local/lib/python3.12/site-packages/airflow/example_dags/example_trigger_target_dag.py for tasks to queue
[2024-09-29T10:38:59.292+0000] {logging_mixin.py:190} INFO - [2024-09-29T10:38:59.291+0000] {dagbag.py:588} INFO - Filling up the DagBag from /home/airflow/.local/lib/python3.12/site-packages/airflow/example_dags/example_trigger_target_dag.py
[2024-09-29T10:38:59.306+0000] {processor.py:925} INFO - DAG(s) 'example_trigger_target_dag' retrieved from /home/airflow/.local/lib/python3.12/site-packages/airflow/example_dags/example_trigger_target_dag.py
[2024-09-29T10:38:59.353+0000] {logging_mixin.py:190} INFO - [2024-09-29T10:38:59.352+0000] {dag.py:3239} INFO - Sync 1 DAGs
[2024-09-29T10:38:59.382+0000] {logging_mixin.py:190} INFO - [2024-09-29T10:38:59.382+0000] {dag.py:4180} INFO - Setting next_dagrun for example_trigger_target_dag to None, run_after=None
[2024-09-29T10:38:59.420+0000] {processor.py:208} INFO - Processing /home/airflow/.local/lib/python3.12/site-packages/airflow/example_dags/example_trigger_target_dag.py took 0.149 seconds
[2024-09-29T10:39:29.718+0000] {processor.py:186} INFO - Started process (PID=1167) to work on /home/airflow/.local/lib/python3.12/site-packages/airflow/example_dags/example_trigger_target_dag.py
[2024-09-29T10:39:29.720+0000] {processor.py:914} INFO - Processing file /home/airflow/.local/lib/python3.12/site-packages/airflow/example_dags/example_trigger_target_dag.py for tasks to queue
[2024-09-29T10:39:29.725+0000] {logging_mixin.py:190} INFO - [2024-09-29T10:39:29.724+0000] {dagbag.py:588} INFO - Filling up the DagBag from /home/airflow/.local/lib/python3.12/site-packages/airflow/example_dags/example_trigger_target_dag.py
[2024-09-29T10:39:29.738+0000] {processor.py:925} INFO - DAG(s) 'example_trigger_target_dag' retrieved from /home/airflow/.local/lib/python3.12/site-packages/airflow/example_dags/example_trigger_target_dag.py
[2024-09-29T10:39:29.795+0000] {logging_mixin.py:190} INFO - [2024-09-29T10:39:29.794+0000] {dag.py:3239} INFO - Sync 1 DAGs
[2024-09-29T10:39:29.828+0000] {logging_mixin.py:190} INFO - [2024-09-29T10:39:29.827+0000] {dag.py:4180} INFO - Setting next_dagrun for example_trigger_target_dag to None, run_after=None
[2024-09-29T10:39:29.864+0000] {processor.py:208} INFO - Processing /home/airflow/.local/lib/python3.12/site-packages/airflow/example_dags/example_trigger_target_dag.py took 0.157 seconds
[2024-09-29T10:40:00.810+0000] {processor.py:186} INFO - Started process (PID=1451) to work on /home/airflow/.local/lib/python3.12/site-packages/airflow/example_dags/example_trigger_target_dag.py
[2024-09-29T10:40:00.813+0000] {processor.py:914} INFO - Processing file /home/airflow/.local/lib/python3.12/site-packages/airflow/example_dags/example_trigger_target_dag.py for tasks to queue
[2024-09-29T10:40:00.820+0000] {logging_mixin.py:190} INFO - [2024-09-29T10:40:00.820+0000] {dagbag.py:588} INFO - Filling up the DagBag from /home/airflow/.local/lib/python3.12/site-packages/airflow/example_dags/example_trigger_target_dag.py
[2024-09-29T10:40:00.841+0000] {processor.py:925} INFO - DAG(s) 'example_trigger_target_dag' retrieved from /home/airflow/.local/lib/python3.12/site-packages/airflow/example_dags/example_trigger_target_dag.py
[2024-09-29T10:40:00.898+0000] {logging_mixin.py:190} INFO - [2024-09-29T10:40:00.897+0000] {dag.py:3239} INFO - Sync 1 DAGs
[2024-09-29T10:40:00.933+0000] {logging_mixin.py:190} INFO - [2024-09-29T10:40:00.932+0000] {dag.py:4180} INFO - Setting next_dagrun for example_trigger_target_dag to None, run_after=None
[2024-09-29T10:40:00.978+0000] {processor.py:208} INFO - Processing /home/airflow/.local/lib/python3.12/site-packages/airflow/example_dags/example_trigger_target_dag.py took 0.182 seconds
[2024-09-29T10:40:31.894+0000] {processor.py:186} INFO - Started process (PID=1737) to work on /home/airflow/.local/lib/python3.12/site-packages/airflow/example_dags/example_trigger_target_dag.py
[2024-09-29T10:40:31.896+0000] {processor.py:914} INFO - Processing file /home/airflow/.local/lib/python3.12/site-packages/airflow/example_dags/example_trigger_target_dag.py for tasks to queue
[2024-09-29T10:40:31.902+0000] {logging_mixin.py:190} INFO - [2024-09-29T10:40:31.901+0000] {dagbag.py:588} INFO - Filling up the DagBag from /home/airflow/.local/lib/python3.12/site-packages/airflow/example_dags/example_trigger_target_dag.py
[2024-09-29T10:40:31.918+0000] {processor.py:925} INFO - DAG(s) 'example_trigger_target_dag' retrieved from /home/airflow/.local/lib/python3.12/site-packages/airflow/example_dags/example_trigger_target_dag.py
[2024-09-29T10:40:31.963+0000] {logging_mixin.py:190} INFO - [2024-09-29T10:40:31.962+0000] {dag.py:3239} INFO - Sync 1 DAGs
[2024-09-29T10:40:31.994+0000] {logging_mixin.py:190} INFO - [2024-09-29T10:40:31.993+0000] {dag.py:4180} INFO - Setting next_dagrun for example_trigger_target_dag to None, run_after=None
[2024-09-29T10:40:32.033+0000] {processor.py:208} INFO - Processing /home/airflow/.local/lib/python3.12/site-packages/airflow/example_dags/example_trigger_target_dag.py took 0.149 seconds
[2024-09-29T10:41:04.320+0000] {processor.py:186} INFO - Started process (PID=2023) to work on /home/airflow/.local/lib/python3.12/site-packages/airflow/example_dags/example_trigger_target_dag.py
[2024-09-29T10:41:04.327+0000] {processor.py:914} INFO - Processing file /home/airflow/.local/lib/python3.12/site-packages/airflow/example_dags/example_trigger_target_dag.py for tasks to queue
[2024-09-29T10:41:04.337+0000] {logging_mixin.py:190} INFO - [2024-09-29T10:41:04.336+0000] {dagbag.py:588} INFO - Filling up the DagBag from /home/airflow/.local/lib/python3.12/site-packages/airflow/example_dags/example_trigger_target_dag.py
[2024-09-29T10:41:04.377+0000] {processor.py:925} INFO - DAG(s) 'example_trigger_target_dag' retrieved from /home/airflow/.local/lib/python3.12/site-packages/airflow/example_dags/example_trigger_target_dag.py
[2024-09-29T10:41:04.467+0000] {logging_mixin.py:190} INFO - [2024-09-29T10:41:04.466+0000] {dag.py:3239} INFO - Sync 1 DAGs
[2024-09-29T10:41:04.555+0000] {logging_mixin.py:190} INFO - [2024-09-29T10:41:04.554+0000] {dag.py:4180} INFO - Setting next_dagrun for example_trigger_target_dag to None, run_after=None
[2024-09-29T10:41:04.639+0000] {processor.py:208} INFO - Processing /home/airflow/.local/lib/python3.12/site-packages/airflow/example_dags/example_trigger_target_dag.py took 0.344 seconds
[2024-09-29T10:41:44.565+0000] {processor.py:186} INFO - Started process (PID=2265) to work on /home/airflow/.local/lib/python3.12/site-packages/airflow/example_dags/example_trigger_target_dag.py
[2024-09-29T10:41:44.568+0000] {processor.py:914} INFO - Processing file /home/airflow/.local/lib/python3.12/site-packages/airflow/example_dags/example_trigger_target_dag.py for tasks to queue
[2024-09-29T10:41:44.578+0000] {logging_mixin.py:190} INFO - [2024-09-29T10:41:44.576+0000] {dagbag.py:588} INFO - Filling up the DagBag from /home/airflow/.local/lib/python3.12/site-packages/airflow/example_dags/example_trigger_target_dag.py
[2024-09-29T10:41:44.610+0000] {processor.py:925} INFO - DAG(s) 'example_trigger_target_dag' retrieved from /home/airflow/.local/lib/python3.12/site-packages/airflow/example_dags/example_trigger_target_dag.py
[2024-09-29T10:41:44.674+0000] {logging_mixin.py:190} INFO - [2024-09-29T10:41:44.672+0000] {dag.py:3239} INFO - Sync 1 DAGs
[2024-09-29T10:41:44.745+0000] {logging_mixin.py:190} INFO - [2024-09-29T10:41:44.744+0000] {dag.py:4180} INFO - Setting next_dagrun for example_trigger_target_dag to None, run_after=None
[2024-09-29T10:41:44.818+0000] {processor.py:208} INFO - Processing /home/airflow/.local/lib/python3.12/site-packages/airflow/example_dags/example_trigger_target_dag.py took 0.270 seconds
[2024-09-29T10:42:30.626+0000] {processor.py:186} INFO - Started process (PID=2527) to work on /home/airflow/.local/lib/python3.12/site-packages/airflow/example_dags/example_trigger_target_dag.py
[2024-09-29T10:42:30.630+0000] {processor.py:914} INFO - Processing file /home/airflow/.local/lib/python3.12/site-packages/airflow/example_dags/example_trigger_target_dag.py for tasks to queue
[2024-09-29T10:42:30.645+0000] {logging_mixin.py:190} INFO - [2024-09-29T10:42:30.644+0000] {dagbag.py:588} INFO - Filling up the DagBag from /home/airflow/.local/lib/python3.12/site-packages/airflow/example_dags/example_trigger_target_dag.py
[2024-09-29T10:42:30.695+0000] {processor.py:925} INFO - DAG(s) 'example_trigger_target_dag' retrieved from /home/airflow/.local/lib/python3.12/site-packages/airflow/example_dags/example_trigger_target_dag.py
[2024-09-29T10:42:31.300+0000] {logging_mixin.py:190} INFO - [2024-09-29T10:42:31.295+0000] {dag.py:3239} INFO - Sync 1 DAGs
[2024-09-29T10:42:31.436+0000] {logging_mixin.py:190} INFO - [2024-09-29T10:42:31.435+0000] {dag.py:4180} INFO - Setting next_dagrun for example_trigger_target_dag to None, run_after=None
[2024-09-29T10:42:31.574+0000] {processor.py:208} INFO - Processing /home/airflow/.local/lib/python3.12/site-packages/airflow/example_dags/example_trigger_target_dag.py took 0.999 seconds
[2024-09-29T10:43:02.475+0000] {processor.py:186} INFO - Started process (PID=2813) to work on /home/airflow/.local/lib/python3.12/site-packages/airflow/example_dags/example_trigger_target_dag.py
[2024-09-29T10:43:02.479+0000] {processor.py:914} INFO - Processing file /home/airflow/.local/lib/python3.12/site-packages/airflow/example_dags/example_trigger_target_dag.py for tasks to queue
[2024-09-29T10:43:02.486+0000] {logging_mixin.py:190} INFO - [2024-09-29T10:43:02.485+0000] {dagbag.py:588} INFO - Filling up the DagBag from /home/airflow/.local/lib/python3.12/site-packages/airflow/example_dags/example_trigger_target_dag.py
[2024-09-29T10:43:02.509+0000] {processor.py:925} INFO - DAG(s) 'example_trigger_target_dag' retrieved from /home/airflow/.local/lib/python3.12/site-packages/airflow/example_dags/example_trigger_target_dag.py
[2024-09-29T10:43:02.557+0000] {logging_mixin.py:190} INFO - [2024-09-29T10:43:02.557+0000] {dag.py:3239} INFO - Sync 1 DAGs
[2024-09-29T10:43:02.597+0000] {logging_mixin.py:190} INFO - [2024-09-29T10:43:02.597+0000] {dag.py:4180} INFO - Setting next_dagrun for example_trigger_target_dag to None, run_after=None
[2024-09-29T10:43:02.650+0000] {processor.py:208} INFO - Processing /home/airflow/.local/lib/python3.12/site-packages/airflow/example_dags/example_trigger_target_dag.py took 0.193 seconds
[2024-09-29T10:43:33.628+0000] {processor.py:186} INFO - Started process (PID=3099) to work on /home/airflow/.local/lib/python3.12/site-packages/airflow/example_dags/example_trigger_target_dag.py
[2024-09-29T10:43:33.631+0000] {processor.py:914} INFO - Processing file /home/airflow/.local/lib/python3.12/site-packages/airflow/example_dags/example_trigger_target_dag.py for tasks to queue
[2024-09-29T10:43:33.635+0000] {logging_mixin.py:190} INFO - [2024-09-29T10:43:33.634+0000] {dagbag.py:588} INFO - Filling up the DagBag from /home/airflow/.local/lib/python3.12/site-packages/airflow/example_dags/example_trigger_target_dag.py
[2024-09-29T10:43:33.651+0000] {processor.py:925} INFO - DAG(s) 'example_trigger_target_dag' retrieved from /home/airflow/.local/lib/python3.12/site-packages/airflow/example_dags/example_trigger_target_dag.py
[2024-09-29T10:43:33.702+0000] {logging_mixin.py:190} INFO - [2024-09-29T10:43:33.701+0000] {dag.py:3239} INFO - Sync 1 DAGs
[2024-09-29T10:43:33.736+0000] {logging_mixin.py:190} INFO - [2024-09-29T10:43:33.736+0000] {dag.py:4180} INFO - Setting next_dagrun for example_trigger_target_dag to None, run_after=None
[2024-09-29T10:43:33.809+0000] {processor.py:208} INFO - Processing /home/airflow/.local/lib/python3.12/site-packages/airflow/example_dags/example_trigger_target_dag.py took 0.193 seconds
