[2024-09-29T10:38:00.557+0000] {processor.py:186} INFO - Started process (PID=342) to work on /home/airflow/.local/lib/python3.12/site-packages/airflow/example_dags/example_kubernetes_executor.py
[2024-09-29T10:38:00.568+0000] {processor.py:914} INFO - Processing file /home/airflow/.local/lib/python3.12/site-packages/airflow/example_dags/example_kubernetes_executor.py for tasks to queue
[2024-09-29T10:38:00.573+0000] {logging_mixin.py:190} INFO - [2024-09-29T10:38:00.572+0000] {dagbag.py:588} INFO - Filling up the DagBag from /home/airflow/.local/lib/python3.12/site-packages/airflow/example_dags/example_kubernetes_executor.py
[2024-09-29T10:38:00.627+0000] {processor.py:925} INFO - DAG(s) 'example_kubernetes_executor' retrieved from /home/airflow/.local/lib/python3.12/site-packages/airflow/example_dags/example_kubernetes_executor.py
[2024-09-29T10:38:00.942+0000] {logging_mixin.py:190} INFO - [2024-09-29T10:38:00.941+0000] {override.py:1900} INFO - Created Permission View: can edit on DAG:example_kubernetes_executor
[2024-09-29T10:38:00.985+0000] {logging_mixin.py:190} INFO - [2024-09-29T10:38:00.984+0000] {override.py:1900} INFO - Created Permission View: can read on DAG:example_kubernetes_executor
[2024-09-29T10:38:01.044+0000] {logging_mixin.py:190} INFO - [2024-09-29T10:38:01.043+0000] {override.py:1900} INFO - Created Permission View: can delete on DAG:example_kubernetes_executor
[2024-09-29T10:38:01.082+0000] {logging_mixin.py:190} INFO - [2024-09-29T10:38:01.081+0000] {override.py:1900} INFO - Created Permission View: can delete on DAG Run:example_kubernetes_executor
[2024-09-29T10:38:01.157+0000] {logging_mixin.py:190} INFO - [2024-09-29T10:38:01.156+0000] {override.py:1900} INFO - Created Permission View: can read on DAG Run:example_kubernetes_executor
[2024-09-29T10:38:01.198+0000] {logging_mixin.py:190} INFO - [2024-09-29T10:38:01.198+0000] {override.py:1900} INFO - Created Permission View: can create on DAG Run:example_kubernetes_executor
[2024-09-29T10:38:01.274+0000] {logging_mixin.py:190} INFO - [2024-09-29T10:38:01.273+0000] {override.py:1900} INFO - Created Permission View: menu access on DAG Run:example_kubernetes_executor
[2024-09-29T10:38:01.277+0000] {logging_mixin.py:190} INFO - [2024-09-29T10:38:01.276+0000] {dag.py:3239} INFO - Sync 1 DAGs
[2024-09-29T10:38:01.303+0000] {logging_mixin.py:190} INFO - [2024-09-29T10:38:01.302+0000] {dag.py:3262} INFO - Creating ORM DAG for example_kubernetes_executor
[2024-09-29T10:38:01.305+0000] {logging_mixin.py:190} INFO - [2024-09-29T10:38:01.305+0000] {dag.py:4180} INFO - Setting next_dagrun for example_kubernetes_executor to None, run_after=None
[2024-09-29T10:38:01.415+0000] {processor.py:208} INFO - Processing /home/airflow/.local/lib/python3.12/site-packages/airflow/example_dags/example_kubernetes_executor.py took 0.869 seconds
[2024-09-29T10:38:31.591+0000] {processor.py:186} INFO - Started process (PID=625) to work on /home/airflow/.local/lib/python3.12/site-packages/airflow/example_dags/example_kubernetes_executor.py
[2024-09-29T10:38:31.713+0000] {processor.py:914} INFO - Processing file /home/airflow/.local/lib/python3.12/site-packages/airflow/example_dags/example_kubernetes_executor.py for tasks to queue
[2024-09-29T10:38:31.718+0000] {logging_mixin.py:190} INFO - [2024-09-29T10:38:31.717+0000] {dagbag.py:588} INFO - Filling up the DagBag from /home/airflow/.local/lib/python3.12/site-packages/airflow/example_dags/example_kubernetes_executor.py
[2024-09-29T10:38:31.742+0000] {processor.py:925} INFO - DAG(s) 'example_kubernetes_executor' retrieved from /home/airflow/.local/lib/python3.12/site-packages/airflow/example_dags/example_kubernetes_executor.py
[2024-09-29T10:38:31.950+0000] {logging_mixin.py:190} INFO - [2024-09-29T10:38:31.950+0000] {dag.py:3239} INFO - Sync 1 DAGs
[2024-09-29T10:38:31.980+0000] {logging_mixin.py:190} INFO - [2024-09-29T10:38:31.980+0000] {dag.py:4180} INFO - Setting next_dagrun for example_kubernetes_executor to None, run_after=None
[2024-09-29T10:38:32.319+0000] {processor.py:208} INFO - Processing /home/airflow/.local/lib/python3.12/site-packages/airflow/example_dags/example_kubernetes_executor.py took 0.738 seconds
[2024-09-29T10:39:02.791+0000] {processor.py:186} INFO - Started process (PID=911) to work on /home/airflow/.local/lib/python3.12/site-packages/airflow/example_dags/example_kubernetes_executor.py
[2024-09-29T10:39:02.795+0000] {processor.py:914} INFO - Processing file /home/airflow/.local/lib/python3.12/site-packages/airflow/example_dags/example_kubernetes_executor.py for tasks to queue
[2024-09-29T10:39:02.816+0000] {logging_mixin.py:190} INFO - [2024-09-29T10:39:02.812+0000] {dagbag.py:588} INFO - Filling up the DagBag from /home/airflow/.local/lib/python3.12/site-packages/airflow/example_dags/example_kubernetes_executor.py
[2024-09-29T10:39:02.870+0000] {processor.py:925} INFO - DAG(s) 'example_kubernetes_executor' retrieved from /home/airflow/.local/lib/python3.12/site-packages/airflow/example_dags/example_kubernetes_executor.py
[2024-09-29T10:39:03.258+0000] {logging_mixin.py:190} INFO - [2024-09-29T10:39:03.257+0000] {dag.py:3239} INFO - Sync 1 DAGs
[2024-09-29T10:39:03.330+0000] {logging_mixin.py:190} INFO - [2024-09-29T10:39:03.329+0000] {dag.py:4180} INFO - Setting next_dagrun for example_kubernetes_executor to None, run_after=None
[2024-09-29T10:39:03.405+0000] {processor.py:208} INFO - Processing /home/airflow/.local/lib/python3.12/site-packages/airflow/example_dags/example_kubernetes_executor.py took 0.647 seconds
[2024-09-29T10:39:33.676+0000] {processor.py:186} INFO - Started process (PID=1197) to work on /home/airflow/.local/lib/python3.12/site-packages/airflow/example_dags/example_kubernetes_executor.py
[2024-09-29T10:39:33.686+0000] {processor.py:914} INFO - Processing file /home/airflow/.local/lib/python3.12/site-packages/airflow/example_dags/example_kubernetes_executor.py for tasks to queue
[2024-09-29T10:39:33.693+0000] {logging_mixin.py:190} INFO - [2024-09-29T10:39:33.692+0000] {dagbag.py:588} INFO - Filling up the DagBag from /home/airflow/.local/lib/python3.12/site-packages/airflow/example_dags/example_kubernetes_executor.py
[2024-09-29T10:39:33.726+0000] {processor.py:925} INFO - DAG(s) 'example_kubernetes_executor' retrieved from /home/airflow/.local/lib/python3.12/site-packages/airflow/example_dags/example_kubernetes_executor.py
[2024-09-29T10:39:33.838+0000] {logging_mixin.py:190} INFO - [2024-09-29T10:39:33.837+0000] {dag.py:3239} INFO - Sync 1 DAGs
[2024-09-29T10:39:33.880+0000] {logging_mixin.py:190} INFO - [2024-09-29T10:39:33.879+0000] {dag.py:4180} INFO - Setting next_dagrun for example_kubernetes_executor to None, run_after=None
[2024-09-29T10:39:33.954+0000] {processor.py:208} INFO - Processing /home/airflow/.local/lib/python3.12/site-packages/airflow/example_dags/example_kubernetes_executor.py took 0.290 seconds
[2024-09-29T10:40:04.110+0000] {processor.py:186} INFO - Started process (PID=1483) to work on /home/airflow/.local/lib/python3.12/site-packages/airflow/example_dags/example_kubernetes_executor.py
[2024-09-29T10:40:04.112+0000] {processor.py:914} INFO - Processing file /home/airflow/.local/lib/python3.12/site-packages/airflow/example_dags/example_kubernetes_executor.py for tasks to queue
[2024-09-29T10:40:04.117+0000] {logging_mixin.py:190} INFO - [2024-09-29T10:40:04.116+0000] {dagbag.py:588} INFO - Filling up the DagBag from /home/airflow/.local/lib/python3.12/site-packages/airflow/example_dags/example_kubernetes_executor.py
[2024-09-29T10:40:04.145+0000] {processor.py:925} INFO - DAG(s) 'example_kubernetes_executor' retrieved from /home/airflow/.local/lib/python3.12/site-packages/airflow/example_dags/example_kubernetes_executor.py
[2024-09-29T10:40:04.218+0000] {logging_mixin.py:190} INFO - [2024-09-29T10:40:04.217+0000] {dag.py:3239} INFO - Sync 1 DAGs
[2024-09-29T10:40:04.324+0000] {logging_mixin.py:190} INFO - [2024-09-29T10:40:04.323+0000] {dag.py:4180} INFO - Setting next_dagrun for example_kubernetes_executor to None, run_after=None
[2024-09-29T10:40:04.364+0000] {processor.py:208} INFO - Processing /home/airflow/.local/lib/python3.12/site-packages/airflow/example_dags/example_kubernetes_executor.py took 0.265 seconds
[2024-09-29T10:40:34.821+0000] {processor.py:186} INFO - Started process (PID=1767) to work on /home/airflow/.local/lib/python3.12/site-packages/airflow/example_dags/example_kubernetes_executor.py
[2024-09-29T10:40:34.824+0000] {processor.py:914} INFO - Processing file /home/airflow/.local/lib/python3.12/site-packages/airflow/example_dags/example_kubernetes_executor.py for tasks to queue
[2024-09-29T10:40:34.829+0000] {logging_mixin.py:190} INFO - [2024-09-29T10:40:34.828+0000] {dagbag.py:588} INFO - Filling up the DagBag from /home/airflow/.local/lib/python3.12/site-packages/airflow/example_dags/example_kubernetes_executor.py
[2024-09-29T10:40:34.859+0000] {processor.py:925} INFO - DAG(s) 'example_kubernetes_executor' retrieved from /home/airflow/.local/lib/python3.12/site-packages/airflow/example_dags/example_kubernetes_executor.py
[2024-09-29T10:40:35.004+0000] {logging_mixin.py:190} INFO - [2024-09-29T10:40:35.004+0000] {dag.py:3239} INFO - Sync 1 DAGs
[2024-09-29T10:40:35.043+0000] {logging_mixin.py:190} INFO - [2024-09-29T10:40:35.043+0000] {dag.py:4180} INFO - Setting next_dagrun for example_kubernetes_executor to None, run_after=None
[2024-09-29T10:40:35.285+0000] {processor.py:208} INFO - Processing /home/airflow/.local/lib/python3.12/site-packages/airflow/example_dags/example_kubernetes_executor.py took 0.529 seconds
[2024-09-29T10:41:12.153+0000] {processor.py:186} INFO - Started process (PID=2064) to work on /home/airflow/.local/lib/python3.12/site-packages/airflow/example_dags/example_kubernetes_executor.py
[2024-09-29T10:41:12.165+0000] {processor.py:914} INFO - Processing file /home/airflow/.local/lib/python3.12/site-packages/airflow/example_dags/example_kubernetes_executor.py for tasks to queue
[2024-09-29T10:41:12.180+0000] {logging_mixin.py:190} INFO - [2024-09-29T10:41:12.179+0000] {dagbag.py:588} INFO - Filling up the DagBag from /home/airflow/.local/lib/python3.12/site-packages/airflow/example_dags/example_kubernetes_executor.py
[2024-09-29T10:41:12.285+0000] {processor.py:925} INFO - DAG(s) 'example_kubernetes_executor' retrieved from /home/airflow/.local/lib/python3.12/site-packages/airflow/example_dags/example_kubernetes_executor.py
[2024-09-29T10:41:12.592+0000] {logging_mixin.py:190} INFO - [2024-09-29T10:41:12.591+0000] {dag.py:3239} INFO - Sync 1 DAGs
[2024-09-29T10:41:12.627+0000] {logging_mixin.py:190} INFO - [2024-09-29T10:41:12.626+0000] {dag.py:4180} INFO - Setting next_dagrun for example_kubernetes_executor to None, run_after=None
[2024-09-29T10:41:12.675+0000] {processor.py:208} INFO - Processing /home/airflow/.local/lib/python3.12/site-packages/airflow/example_dags/example_kubernetes_executor.py took 0.573 seconds
[2024-09-29T10:41:52.777+0000] {processor.py:186} INFO - Started process (PID=2350) to work on /home/airflow/.local/lib/python3.12/site-packages/airflow/example_dags/example_kubernetes_executor.py
[2024-09-29T10:41:52.782+0000] {processor.py:914} INFO - Processing file /home/airflow/.local/lib/python3.12/site-packages/airflow/example_dags/example_kubernetes_executor.py for tasks to queue
[2024-09-29T10:41:52.790+0000] {logging_mixin.py:190} INFO - [2024-09-29T10:41:52.789+0000] {dagbag.py:588} INFO - Filling up the DagBag from /home/airflow/.local/lib/python3.12/site-packages/airflow/example_dags/example_kubernetes_executor.py
[2024-09-29T10:41:52.867+0000] {processor.py:925} INFO - DAG(s) 'example_kubernetes_executor' retrieved from /home/airflow/.local/lib/python3.12/site-packages/airflow/example_dags/example_kubernetes_executor.py
[2024-09-29T10:41:53.100+0000] {logging_mixin.py:190} INFO - [2024-09-29T10:41:53.099+0000] {dag.py:3239} INFO - Sync 1 DAGs
[2024-09-29T10:41:53.240+0000] {logging_mixin.py:190} INFO - [2024-09-29T10:41:53.239+0000] {dag.py:4180} INFO - Setting next_dagrun for example_kubernetes_executor to None, run_after=None
[2024-09-29T10:41:53.343+0000] {processor.py:208} INFO - Processing /home/airflow/.local/lib/python3.12/site-packages/airflow/example_dags/example_kubernetes_executor.py took 0.596 seconds
[2024-09-29T10:42:35.550+0000] {processor.py:186} INFO - Started process (PID=2607) to work on /home/airflow/.local/lib/python3.12/site-packages/airflow/example_dags/example_kubernetes_executor.py
[2024-09-29T10:42:35.553+0000] {processor.py:914} INFO - Processing file /home/airflow/.local/lib/python3.12/site-packages/airflow/example_dags/example_kubernetes_executor.py for tasks to queue
[2024-09-29T10:42:35.558+0000] {logging_mixin.py:190} INFO - [2024-09-29T10:42:35.557+0000] {dagbag.py:588} INFO - Filling up the DagBag from /home/airflow/.local/lib/python3.12/site-packages/airflow/example_dags/example_kubernetes_executor.py
[2024-09-29T10:42:35.628+0000] {processor.py:925} INFO - DAG(s) 'example_kubernetes_executor' retrieved from /home/airflow/.local/lib/python3.12/site-packages/airflow/example_dags/example_kubernetes_executor.py
[2024-09-29T10:42:35.779+0000] {logging_mixin.py:190} INFO - [2024-09-29T10:42:35.778+0000] {dag.py:3239} INFO - Sync 1 DAGs
[2024-09-29T10:42:35.856+0000] {logging_mixin.py:190} INFO - [2024-09-29T10:42:35.855+0000] {dag.py:4180} INFO - Setting next_dagrun for example_kubernetes_executor to None, run_after=None
[2024-09-29T10:42:36.142+0000] {processor.py:208} INFO - Processing /home/airflow/.local/lib/python3.12/site-packages/airflow/example_dags/example_kubernetes_executor.py took 0.605 seconds
[2024-09-29T10:43:07.345+0000] {processor.py:186} INFO - Started process (PID=2893) to work on /home/airflow/.local/lib/python3.12/site-packages/airflow/example_dags/example_kubernetes_executor.py
[2024-09-29T10:43:07.348+0000] {processor.py:914} INFO - Processing file /home/airflow/.local/lib/python3.12/site-packages/airflow/example_dags/example_kubernetes_executor.py for tasks to queue
[2024-09-29T10:43:07.353+0000] {logging_mixin.py:190} INFO - [2024-09-29T10:43:07.352+0000] {dagbag.py:588} INFO - Filling up the DagBag from /home/airflow/.local/lib/python3.12/site-packages/airflow/example_dags/example_kubernetes_executor.py
[2024-09-29T10:43:07.400+0000] {processor.py:925} INFO - DAG(s) 'example_kubernetes_executor' retrieved from /home/airflow/.local/lib/python3.12/site-packages/airflow/example_dags/example_kubernetes_executor.py
[2024-09-29T10:43:07.516+0000] {logging_mixin.py:190} INFO - [2024-09-29T10:43:07.515+0000] {dag.py:3239} INFO - Sync 1 DAGs
[2024-09-29T10:43:07.553+0000] {logging_mixin.py:190} INFO - [2024-09-29T10:43:07.552+0000] {dag.py:4180} INFO - Setting next_dagrun for example_kubernetes_executor to None, run_after=None
[2024-09-29T10:43:07.599+0000] {processor.py:208} INFO - Processing /home/airflow/.local/lib/python3.12/site-packages/airflow/example_dags/example_kubernetes_executor.py took 0.266 seconds
[2024-09-29T10:43:39.147+0000] {processor.py:186} INFO - Started process (PID=3174) to work on /home/airflow/.local/lib/python3.12/site-packages/airflow/example_dags/example_kubernetes_executor.py
[2024-09-29T10:43:39.240+0000] {processor.py:914} INFO - Processing file /home/airflow/.local/lib/python3.12/site-packages/airflow/example_dags/example_kubernetes_executor.py for tasks to queue
[2024-09-29T10:43:39.246+0000] {logging_mixin.py:190} INFO - [2024-09-29T10:43:39.246+0000] {dagbag.py:588} INFO - Filling up the DagBag from /home/airflow/.local/lib/python3.12/site-packages/airflow/example_dags/example_kubernetes_executor.py
[2024-09-29T10:43:39.290+0000] {processor.py:925} INFO - DAG(s) 'example_kubernetes_executor' retrieved from /home/airflow/.local/lib/python3.12/site-packages/airflow/example_dags/example_kubernetes_executor.py
[2024-09-29T10:43:39.378+0000] {logging_mixin.py:190} INFO - [2024-09-29T10:43:39.378+0000] {dag.py:3239} INFO - Sync 1 DAGs
[2024-09-29T10:43:39.408+0000] {logging_mixin.py:190} INFO - [2024-09-29T10:43:39.407+0000] {dag.py:4180} INFO - Setting next_dagrun for example_kubernetes_executor to None, run_after=None
[2024-09-29T10:43:40.007+0000] {processor.py:208} INFO - Processing /home/airflow/.local/lib/python3.12/site-packages/airflow/example_dags/example_kubernetes_executor.py took 0.871 seconds
