[2024-09-29T10:38:09.904+0000] {processor.py:186} INFO - Started process (PID=398) to work on /home/airflow/.local/lib/python3.12/site-packages/airflow/example_dags/example_task_group_decorator.py
[2024-09-29T10:38:09.907+0000] {processor.py:914} INFO - Processing file /home/airflow/.local/lib/python3.12/site-packages/airflow/example_dags/example_task_group_decorator.py for tasks to queue
[2024-09-29T10:38:09.912+0000] {logging_mixin.py:190} INFO - [2024-09-29T10:38:09.912+0000] {dagbag.py:588} INFO - Filling up the DagBag from /home/airflow/.local/lib/python3.12/site-packages/airflow/example_dags/example_task_group_decorator.py
[2024-09-29T10:38:09.980+0000] {processor.py:925} INFO - DAG(s) 'example_task_group_decorator' retrieved from /home/airflow/.local/lib/python3.12/site-packages/airflow/example_dags/example_task_group_decorator.py
[2024-09-29T10:38:10.259+0000] {logging_mixin.py:190} INFO - [2024-09-29T10:38:10.257+0000] {override.py:1900} INFO - Created Permission View: can edit on DAG:example_task_group_decorator
[2024-09-29T10:38:10.293+0000] {logging_mixin.py:190} INFO - [2024-09-29T10:38:10.293+0000] {override.py:1900} INFO - Created Permission View: can read on DAG:example_task_group_decorator
[2024-09-29T10:38:10.323+0000] {logging_mixin.py:190} INFO - [2024-09-29T10:38:10.322+0000] {override.py:1900} INFO - Created Permission View: can delete on DAG:example_task_group_decorator
[2024-09-29T10:38:10.391+0000] {logging_mixin.py:190} INFO - [2024-09-29T10:38:10.390+0000] {override.py:1900} INFO - Created Permission View: can delete on DAG Run:example_task_group_decorator
[2024-09-29T10:38:10.416+0000] {logging_mixin.py:190} INFO - [2024-09-29T10:38:10.415+0000] {override.py:1900} INFO - Created Permission View: can read on DAG Run:example_task_group_decorator
[2024-09-29T10:38:10.481+0000] {logging_mixin.py:190} INFO - [2024-09-29T10:38:10.481+0000] {override.py:1900} INFO - Created Permission View: can create on DAG Run:example_task_group_decorator
[2024-09-29T10:38:10.500+0000] {logging_mixin.py:190} INFO - [2024-09-29T10:38:10.499+0000] {override.py:1900} INFO - Created Permission View: menu access on DAG Run:example_task_group_decorator
[2024-09-29T10:38:10.503+0000] {logging_mixin.py:190} INFO - [2024-09-29T10:38:10.502+0000] {dag.py:3239} INFO - Sync 1 DAGs
[2024-09-29T10:38:10.537+0000] {logging_mixin.py:190} INFO - [2024-09-29T10:38:10.536+0000] {dag.py:3262} INFO - Creating ORM DAG for example_task_group_decorator
[2024-09-29T10:38:10.539+0000] {logging_mixin.py:190} INFO - [2024-09-29T10:38:10.539+0000] {dag.py:4180} INFO - Setting next_dagrun for example_task_group_decorator to None, run_after=None
[2024-09-29T10:38:10.620+0000] {processor.py:208} INFO - Processing /home/airflow/.local/lib/python3.12/site-packages/airflow/example_dags/example_task_group_decorator.py took 0.728 seconds
[2024-09-29T10:38:40.854+0000] {processor.py:186} INFO - Started process (PID=684) to work on /home/airflow/.local/lib/python3.12/site-packages/airflow/example_dags/example_task_group_decorator.py
[2024-09-29T10:38:40.857+0000] {processor.py:914} INFO - Processing file /home/airflow/.local/lib/python3.12/site-packages/airflow/example_dags/example_task_group_decorator.py for tasks to queue
[2024-09-29T10:38:40.862+0000] {logging_mixin.py:190} INFO - [2024-09-29T10:38:40.861+0000] {dagbag.py:588} INFO - Filling up the DagBag from /home/airflow/.local/lib/python3.12/site-packages/airflow/example_dags/example_task_group_decorator.py
[2024-09-29T10:38:40.890+0000] {processor.py:925} INFO - DAG(s) 'example_task_group_decorator' retrieved from /home/airflow/.local/lib/python3.12/site-packages/airflow/example_dags/example_task_group_decorator.py
[2024-09-29T10:38:40.953+0000] {logging_mixin.py:190} INFO - [2024-09-29T10:38:40.952+0000] {dag.py:3239} INFO - Sync 1 DAGs
[2024-09-29T10:38:41.002+0000] {logging_mixin.py:190} INFO - [2024-09-29T10:38:41.001+0000] {dag.py:4180} INFO - Setting next_dagrun for example_task_group_decorator to None, run_after=None
[2024-09-29T10:38:41.070+0000] {processor.py:208} INFO - Processing /home/airflow/.local/lib/python3.12/site-packages/airflow/example_dags/example_task_group_decorator.py took 0.226 seconds
[2024-09-29T10:39:16.498+0000] {processor.py:186} INFO - Started process (PID=970) to work on /home/airflow/.local/lib/python3.12/site-packages/airflow/example_dags/example_task_group_decorator.py
[2024-09-29T10:39:16.503+0000] {processor.py:914} INFO - Processing file /home/airflow/.local/lib/python3.12/site-packages/airflow/example_dags/example_task_group_decorator.py for tasks to queue
[2024-09-29T10:39:16.519+0000] {logging_mixin.py:190} INFO - [2024-09-29T10:39:16.518+0000] {dagbag.py:588} INFO - Filling up the DagBag from /home/airflow/.local/lib/python3.12/site-packages/airflow/example_dags/example_task_group_decorator.py
[2024-09-29T10:39:16.659+0000] {processor.py:925} INFO - DAG(s) 'example_task_group_decorator' retrieved from /home/airflow/.local/lib/python3.12/site-packages/airflow/example_dags/example_task_group_decorator.py
[2024-09-29T10:39:16.858+0000] {logging_mixin.py:190} INFO - [2024-09-29T10:39:16.857+0000] {dag.py:3239} INFO - Sync 1 DAGs
[2024-09-29T10:39:17.022+0000] {logging_mixin.py:190} INFO - [2024-09-29T10:39:17.021+0000] {dag.py:4180} INFO - Setting next_dagrun for example_task_group_decorator to None, run_after=None
[2024-09-29T10:39:17.108+0000] {processor.py:208} INFO - Processing /home/airflow/.local/lib/python3.12/site-packages/airflow/example_dags/example_task_group_decorator.py took 0.638 seconds
[2024-09-29T10:39:48.249+0000] {processor.py:186} INFO - Started process (PID=1256) to work on /home/airflow/.local/lib/python3.12/site-packages/airflow/example_dags/example_task_group_decorator.py
[2024-09-29T10:39:48.252+0000] {processor.py:914} INFO - Processing file /home/airflow/.local/lib/python3.12/site-packages/airflow/example_dags/example_task_group_decorator.py for tasks to queue
[2024-09-29T10:39:48.260+0000] {logging_mixin.py:190} INFO - [2024-09-29T10:39:48.259+0000] {dagbag.py:588} INFO - Filling up the DagBag from /home/airflow/.local/lib/python3.12/site-packages/airflow/example_dags/example_task_group_decorator.py
[2024-09-29T10:39:48.429+0000] {processor.py:925} INFO - DAG(s) 'example_task_group_decorator' retrieved from /home/airflow/.local/lib/python3.12/site-packages/airflow/example_dags/example_task_group_decorator.py
[2024-09-29T10:39:48.546+0000] {logging_mixin.py:190} INFO - [2024-09-29T10:39:48.546+0000] {dag.py:3239} INFO - Sync 1 DAGs
[2024-09-29T10:39:48.596+0000] {logging_mixin.py:190} INFO - [2024-09-29T10:39:48.596+0000] {dag.py:4180} INFO - Setting next_dagrun for example_task_group_decorator to None, run_after=None
[2024-09-29T10:39:48.655+0000] {processor.py:208} INFO - Processing /home/airflow/.local/lib/python3.12/site-packages/airflow/example_dags/example_task_group_decorator.py took 0.431 seconds
[2024-09-29T10:40:18.843+0000] {processor.py:186} INFO - Started process (PID=1539) to work on /home/airflow/.local/lib/python3.12/site-packages/airflow/example_dags/example_task_group_decorator.py
[2024-09-29T10:40:18.845+0000] {processor.py:914} INFO - Processing file /home/airflow/.local/lib/python3.12/site-packages/airflow/example_dags/example_task_group_decorator.py for tasks to queue
[2024-09-29T10:40:18.850+0000] {logging_mixin.py:190} INFO - [2024-09-29T10:40:18.850+0000] {dagbag.py:588} INFO - Filling up the DagBag from /home/airflow/.local/lib/python3.12/site-packages/airflow/example_dags/example_task_group_decorator.py
[2024-09-29T10:40:18.882+0000] {processor.py:925} INFO - DAG(s) 'example_task_group_decorator' retrieved from /home/airflow/.local/lib/python3.12/site-packages/airflow/example_dags/example_task_group_decorator.py
[2024-09-29T10:40:18.956+0000] {logging_mixin.py:190} INFO - [2024-09-29T10:40:18.955+0000] {dag.py:3239} INFO - Sync 1 DAGs
[2024-09-29T10:40:19.005+0000] {logging_mixin.py:190} INFO - [2024-09-29T10:40:19.004+0000] {dag.py:4180} INFO - Setting next_dagrun for example_task_group_decorator to None, run_after=None
[2024-09-29T10:40:19.203+0000] {processor.py:208} INFO - Processing /home/airflow/.local/lib/python3.12/site-packages/airflow/example_dags/example_task_group_decorator.py took 0.371 seconds
[2024-09-29T10:40:49.968+0000] {processor.py:186} INFO - Started process (PID=1823) to work on /home/airflow/.local/lib/python3.12/site-packages/airflow/example_dags/example_task_group_decorator.py
[2024-09-29T10:40:49.972+0000] {processor.py:914} INFO - Processing file /home/airflow/.local/lib/python3.12/site-packages/airflow/example_dags/example_task_group_decorator.py for tasks to queue
[2024-09-29T10:40:49.986+0000] {logging_mixin.py:190} INFO - [2024-09-29T10:40:49.985+0000] {dagbag.py:588} INFO - Filling up the DagBag from /home/airflow/.local/lib/python3.12/site-packages/airflow/example_dags/example_task_group_decorator.py
[2024-09-29T10:40:50.071+0000] {processor.py:925} INFO - DAG(s) 'example_task_group_decorator' retrieved from /home/airflow/.local/lib/python3.12/site-packages/airflow/example_dags/example_task_group_decorator.py
[2024-09-29T10:40:50.119+0000] {logging_mixin.py:190} INFO - [2024-09-29T10:40:50.119+0000] {dag.py:3239} INFO - Sync 1 DAGs
[2024-09-29T10:40:50.148+0000] {logging_mixin.py:190} INFO - [2024-09-29T10:40:50.148+0000] {dag.py:4180} INFO - Setting next_dagrun for example_task_group_decorator to None, run_after=None
[2024-09-29T10:40:50.755+0000] {processor.py:208} INFO - Processing /home/airflow/.local/lib/python3.12/site-packages/airflow/example_dags/example_task_group_decorator.py took 0.810 seconds
[2024-09-29T10:41:23.049+0000] {processor.py:186} INFO - Started process (PID=2111) to work on /home/airflow/.local/lib/python3.12/site-packages/airflow/example_dags/example_task_group_decorator.py
[2024-09-29T10:41:23.051+0000] {processor.py:914} INFO - Processing file /home/airflow/.local/lib/python3.12/site-packages/airflow/example_dags/example_task_group_decorator.py for tasks to queue
[2024-09-29T10:41:23.056+0000] {logging_mixin.py:190} INFO - [2024-09-29T10:41:23.055+0000] {dagbag.py:588} INFO - Filling up the DagBag from /home/airflow/.local/lib/python3.12/site-packages/airflow/example_dags/example_task_group_decorator.py
[2024-09-29T10:41:23.083+0000] {processor.py:925} INFO - DAG(s) 'example_task_group_decorator' retrieved from /home/airflow/.local/lib/python3.12/site-packages/airflow/example_dags/example_task_group_decorator.py
[2024-09-29T10:41:23.140+0000] {logging_mixin.py:190} INFO - [2024-09-29T10:41:23.139+0000] {dag.py:3239} INFO - Sync 1 DAGs
[2024-09-29T10:41:23.201+0000] {logging_mixin.py:190} INFO - [2024-09-29T10:41:23.200+0000] {dag.py:4180} INFO - Setting next_dagrun for example_task_group_decorator to None, run_after=None
[2024-09-29T10:41:23.244+0000] {processor.py:208} INFO - Processing /home/airflow/.local/lib/python3.12/site-packages/airflow/example_dags/example_task_group_decorator.py took 0.206 seconds
[2024-09-29T10:41:55.650+0000] {processor.py:186} INFO - Started process (PID=2395) to work on /home/airflow/.local/lib/python3.12/site-packages/airflow/example_dags/example_task_group_decorator.py
[2024-09-29T10:41:55.653+0000] {processor.py:914} INFO - Processing file /home/airflow/.local/lib/python3.12/site-packages/airflow/example_dags/example_task_group_decorator.py for tasks to queue
[2024-09-29T10:41:55.660+0000] {logging_mixin.py:190} INFO - [2024-09-29T10:41:55.658+0000] {dagbag.py:588} INFO - Filling up the DagBag from /home/airflow/.local/lib/python3.12/site-packages/airflow/example_dags/example_task_group_decorator.py
[2024-09-29T10:41:55.745+0000] {processor.py:925} INFO - DAG(s) 'example_task_group_decorator' retrieved from /home/airflow/.local/lib/python3.12/site-packages/airflow/example_dags/example_task_group_decorator.py
[2024-09-29T10:41:55.870+0000] {logging_mixin.py:190} INFO - [2024-09-29T10:41:55.869+0000] {dag.py:3239} INFO - Sync 1 DAGs
[2024-09-29T10:41:55.949+0000] {logging_mixin.py:190} INFO - [2024-09-29T10:41:55.948+0000] {dag.py:4180} INFO - Setting next_dagrun for example_task_group_decorator to None, run_after=None
[2024-09-29T10:41:56.021+0000] {processor.py:208} INFO - Processing /home/airflow/.local/lib/python3.12/site-packages/airflow/example_dags/example_task_group_decorator.py took 0.390 seconds
[2024-09-29T10:42:40.821+0000] {processor.py:186} INFO - Started process (PID=2659) to work on /home/airflow/.local/lib/python3.12/site-packages/airflow/example_dags/example_task_group_decorator.py
[2024-09-29T10:42:40.837+0000] {processor.py:914} INFO - Processing file /home/airflow/.local/lib/python3.12/site-packages/airflow/example_dags/example_task_group_decorator.py for tasks to queue
[2024-09-29T10:42:40.871+0000] {logging_mixin.py:190} INFO - [2024-09-29T10:42:40.866+0000] {dagbag.py:588} INFO - Filling up the DagBag from /home/airflow/.local/lib/python3.12/site-packages/airflow/example_dags/example_task_group_decorator.py
[2024-09-29T10:42:41.091+0000] {processor.py:925} INFO - DAG(s) 'example_task_group_decorator' retrieved from /home/airflow/.local/lib/python3.12/site-packages/airflow/example_dags/example_task_group_decorator.py
[2024-09-29T10:42:42.214+0000] {logging_mixin.py:190} INFO - [2024-09-29T10:42:42.209+0000] {dag.py:3239} INFO - Sync 1 DAGs
[2024-09-29T10:42:43.263+0000] {logging_mixin.py:190} INFO - [2024-09-29T10:42:43.262+0000] {dag.py:4180} INFO - Setting next_dagrun for example_task_group_decorator to None, run_after=None
[2024-09-29T10:42:43.718+0000] {processor.py:208} INFO - Processing /home/airflow/.local/lib/python3.12/site-packages/airflow/example_dags/example_task_group_decorator.py took 2.981 seconds
[2024-09-29T10:43:14.241+0000] {processor.py:186} INFO - Started process (PID=2945) to work on /home/airflow/.local/lib/python3.12/site-packages/airflow/example_dags/example_task_group_decorator.py
[2024-09-29T10:43:14.243+0000] {processor.py:914} INFO - Processing file /home/airflow/.local/lib/python3.12/site-packages/airflow/example_dags/example_task_group_decorator.py for tasks to queue
[2024-09-29T10:43:14.248+0000] {logging_mixin.py:190} INFO - [2024-09-29T10:43:14.248+0000] {dagbag.py:588} INFO - Filling up the DagBag from /home/airflow/.local/lib/python3.12/site-packages/airflow/example_dags/example_task_group_decorator.py
[2024-09-29T10:43:14.284+0000] {processor.py:925} INFO - DAG(s) 'example_task_group_decorator' retrieved from /home/airflow/.local/lib/python3.12/site-packages/airflow/example_dags/example_task_group_decorator.py
[2024-09-29T10:43:14.345+0000] {logging_mixin.py:190} INFO - [2024-09-29T10:43:14.344+0000] {dag.py:3239} INFO - Sync 1 DAGs
[2024-09-29T10:43:14.376+0000] {logging_mixin.py:190} INFO - [2024-09-29T10:43:14.376+0000] {dag.py:4180} INFO - Setting next_dagrun for example_task_group_decorator to None, run_after=None
[2024-09-29T10:43:14.428+0000] {processor.py:208} INFO - Processing /home/airflow/.local/lib/python3.12/site-packages/airflow/example_dags/example_task_group_decorator.py took 0.200 seconds
[2024-09-29T10:43:45.071+0000] {processor.py:186} INFO - Started process (PID=3231) to work on /home/airflow/.local/lib/python3.12/site-packages/airflow/example_dags/example_task_group_decorator.py
[2024-09-29T10:43:45.074+0000] {processor.py:914} INFO - Processing file /home/airflow/.local/lib/python3.12/site-packages/airflow/example_dags/example_task_group_decorator.py for tasks to queue
[2024-09-29T10:43:45.084+0000] {logging_mixin.py:190} INFO - [2024-09-29T10:43:45.080+0000] {dagbag.py:588} INFO - Filling up the DagBag from /home/airflow/.local/lib/python3.12/site-packages/airflow/example_dags/example_task_group_decorator.py
[2024-09-29T10:43:45.146+0000] {processor.py:925} INFO - DAG(s) 'example_task_group_decorator' retrieved from /home/airflow/.local/lib/python3.12/site-packages/airflow/example_dags/example_task_group_decorator.py
[2024-09-29T10:43:45.254+0000] {logging_mixin.py:190} INFO - [2024-09-29T10:43:45.253+0000] {dag.py:3239} INFO - Sync 1 DAGs
[2024-09-29T10:43:45.315+0000] {logging_mixin.py:190} INFO - [2024-09-29T10:43:45.314+0000] {dag.py:4180} INFO - Setting next_dagrun for example_task_group_decorator to None, run_after=None
[2024-09-29T10:43:45.398+0000] {processor.py:208} INFO - Processing /home/airflow/.local/lib/python3.12/site-packages/airflow/example_dags/example_task_group_decorator.py took 0.348 seconds
