[2024-09-29T10:37:43.439+0000] {processor.py:186} INFO - Started process (PID=224) to work on /home/airflow/.local/lib/python3.12/site-packages/airflow/example_dags/example_sensors.py
[2024-09-29T10:37:43.441+0000] {processor.py:914} INFO - Processing file /home/airflow/.local/lib/python3.12/site-packages/airflow/example_dags/example_sensors.py for tasks to queue
[2024-09-29T10:37:43.447+0000] {logging_mixin.py:190} INFO - [2024-09-29T10:37:43.446+0000] {dagbag.py:588} INFO - Filling up the DagBag from /home/airflow/.local/lib/python3.12/site-packages/airflow/example_dags/example_sensors.py
[2024-09-29T10:37:43.491+0000] {processor.py:925} INFO - DAG(s) 'example_sensors' retrieved from /home/airflow/.local/lib/python3.12/site-packages/airflow/example_dags/example_sensors.py
[2024-09-29T10:37:44.174+0000] {logging_mixin.py:190} INFO - [2024-09-29T10:37:44.170+0000] {override.py:1900} INFO - Created Permission View: can edit on DAG:example_sensors
[2024-09-29T10:37:44.238+0000] {logging_mixin.py:190} INFO - [2024-09-29T10:37:44.237+0000] {override.py:1900} INFO - Created Permission View: can read on DAG:example_sensors
[2024-09-29T10:37:44.315+0000] {logging_mixin.py:190} INFO - [2024-09-29T10:37:44.314+0000] {override.py:1900} INFO - Created Permission View: can delete on DAG:example_sensors
[2024-09-29T10:37:44.347+0000] {logging_mixin.py:190} INFO - [2024-09-29T10:37:44.346+0000] {override.py:1900} INFO - Created Permission View: can delete on DAG Run:example_sensors
[2024-09-29T10:37:44.388+0000] {logging_mixin.py:190} INFO - [2024-09-29T10:37:44.387+0000] {override.py:1900} INFO - Created Permission View: can read on DAG Run:example_sensors
[2024-09-29T10:37:44.458+0000] {logging_mixin.py:190} INFO - [2024-09-29T10:37:44.457+0000] {override.py:1900} INFO - Created Permission View: can create on DAG Run:example_sensors
[2024-09-29T10:37:44.520+0000] {logging_mixin.py:190} INFO - [2024-09-29T10:37:44.519+0000] {override.py:1900} INFO - Created Permission View: menu access on DAG Run:example_sensors
[2024-09-29T10:37:44.522+0000] {logging_mixin.py:190} INFO - [2024-09-29T10:37:44.521+0000] {dag.py:3239} INFO - Sync 1 DAGs
[2024-09-29T10:37:44.556+0000] {logging_mixin.py:190} INFO - [2024-09-29T10:37:44.556+0000] {dag.py:3262} INFO - Creating ORM DAG for example_sensors
[2024-09-29T10:37:44.607+0000] {logging_mixin.py:190} INFO - [2024-09-29T10:37:44.606+0000] {dag.py:4180} INFO - Setting next_dagrun for example_sensors to None, run_after=None
[2024-09-29T10:37:44.773+0000] {processor.py:208} INFO - Processing /home/airflow/.local/lib/python3.12/site-packages/airflow/example_dags/example_sensors.py took 1.349 seconds
[2024-09-29T10:38:17.898+0000] {processor.py:186} INFO - Started process (PID=510) to work on /home/airflow/.local/lib/python3.12/site-packages/airflow/example_dags/example_sensors.py
[2024-09-29T10:38:17.911+0000] {processor.py:914} INFO - Processing file /home/airflow/.local/lib/python3.12/site-packages/airflow/example_dags/example_sensors.py for tasks to queue
[2024-09-29T10:38:17.922+0000] {logging_mixin.py:190} INFO - [2024-09-29T10:38:17.921+0000] {dagbag.py:588} INFO - Filling up the DagBag from /home/airflow/.local/lib/python3.12/site-packages/airflow/example_dags/example_sensors.py
[2024-09-29T10:38:17.954+0000] {processor.py:925} INFO - DAG(s) 'example_sensors' retrieved from /home/airflow/.local/lib/python3.12/site-packages/airflow/example_dags/example_sensors.py
[2024-09-29T10:38:18.015+0000] {logging_mixin.py:190} INFO - [2024-09-29T10:38:18.014+0000] {dag.py:3239} INFO - Sync 1 DAGs
[2024-09-29T10:38:18.050+0000] {logging_mixin.py:190} INFO - [2024-09-29T10:38:18.050+0000] {dag.py:4180} INFO - Setting next_dagrun for example_sensors to None, run_after=None
[2024-09-29T10:38:18.117+0000] {processor.py:208} INFO - Processing /home/airflow/.local/lib/python3.12/site-packages/airflow/example_dags/example_sensors.py took 0.248 seconds
[2024-09-29T10:38:48.948+0000] {processor.py:186} INFO - Started process (PID=796) to work on /home/airflow/.local/lib/python3.12/site-packages/airflow/example_dags/example_sensors.py
[2024-09-29T10:38:48.951+0000] {processor.py:914} INFO - Processing file /home/airflow/.local/lib/python3.12/site-packages/airflow/example_dags/example_sensors.py for tasks to queue
[2024-09-29T10:38:48.960+0000] {logging_mixin.py:190} INFO - [2024-09-29T10:38:48.959+0000] {dagbag.py:588} INFO - Filling up the DagBag from /home/airflow/.local/lib/python3.12/site-packages/airflow/example_dags/example_sensors.py
[2024-09-29T10:38:49.017+0000] {processor.py:925} INFO - DAG(s) 'example_sensors' retrieved from /home/airflow/.local/lib/python3.12/site-packages/airflow/example_dags/example_sensors.py
[2024-09-29T10:38:49.089+0000] {logging_mixin.py:190} INFO - [2024-09-29T10:38:49.088+0000] {dag.py:3239} INFO - Sync 1 DAGs
[2024-09-29T10:38:49.125+0000] {logging_mixin.py:190} INFO - [2024-09-29T10:38:49.124+0000] {dag.py:4180} INFO - Setting next_dagrun for example_sensors to None, run_after=None
[2024-09-29T10:38:49.172+0000] {processor.py:208} INFO - Processing /home/airflow/.local/lib/python3.12/site-packages/airflow/example_dags/example_sensors.py took 0.238 seconds
[2024-09-29T10:39:23.227+0000] {processor.py:186} INFO - Started process (PID=1030) to work on /home/airflow/.local/lib/python3.12/site-packages/airflow/example_dags/example_sensors.py
[2024-09-29T10:39:23.231+0000] {processor.py:914} INFO - Processing file /home/airflow/.local/lib/python3.12/site-packages/airflow/example_dags/example_sensors.py for tasks to queue
[2024-09-29T10:39:23.248+0000] {logging_mixin.py:190} INFO - [2024-09-29T10:39:23.246+0000] {dagbag.py:588} INFO - Filling up the DagBag from /home/airflow/.local/lib/python3.12/site-packages/airflow/example_dags/example_sensors.py
[2024-09-29T10:39:23.277+0000] {processor.py:925} INFO - DAG(s) 'example_sensors' retrieved from /home/airflow/.local/lib/python3.12/site-packages/airflow/example_dags/example_sensors.py
[2024-09-29T10:39:23.342+0000] {logging_mixin.py:190} INFO - [2024-09-29T10:39:23.342+0000] {dag.py:3239} INFO - Sync 1 DAGs
[2024-09-29T10:39:23.399+0000] {logging_mixin.py:190} INFO - [2024-09-29T10:39:23.398+0000] {dag.py:4180} INFO - Setting next_dagrun for example_sensors to None, run_after=None
[2024-09-29T10:39:23.455+0000] {processor.py:208} INFO - Processing /home/airflow/.local/lib/python3.12/site-packages/airflow/example_dags/example_sensors.py took 0.242 seconds
[2024-09-29T10:39:53.727+0000] {processor.py:186} INFO - Started process (PID=1316) to work on /home/airflow/.local/lib/python3.12/site-packages/airflow/example_dags/example_sensors.py
[2024-09-29T10:39:53.729+0000] {processor.py:914} INFO - Processing file /home/airflow/.local/lib/python3.12/site-packages/airflow/example_dags/example_sensors.py for tasks to queue
[2024-09-29T10:39:53.738+0000] {logging_mixin.py:190} INFO - [2024-09-29T10:39:53.736+0000] {dagbag.py:588} INFO - Filling up the DagBag from /home/airflow/.local/lib/python3.12/site-packages/airflow/example_dags/example_sensors.py
[2024-09-29T10:39:53.770+0000] {processor.py:925} INFO - DAG(s) 'example_sensors' retrieved from /home/airflow/.local/lib/python3.12/site-packages/airflow/example_dags/example_sensors.py
[2024-09-29T10:39:53.835+0000] {logging_mixin.py:190} INFO - [2024-09-29T10:39:53.835+0000] {dag.py:3239} INFO - Sync 1 DAGs
[2024-09-29T10:39:53.867+0000] {logging_mixin.py:190} INFO - [2024-09-29T10:39:53.866+0000] {dag.py:4180} INFO - Setting next_dagrun for example_sensors to None, run_after=None
[2024-09-29T10:39:53.916+0000] {processor.py:208} INFO - Processing /home/airflow/.local/lib/python3.12/site-packages/airflow/example_dags/example_sensors.py took 0.201 seconds
[2024-09-29T10:40:24.506+0000] {processor.py:186} INFO - Started process (PID=1604) to work on /home/airflow/.local/lib/python3.12/site-packages/airflow/example_dags/example_sensors.py
[2024-09-29T10:40:24.508+0000] {processor.py:914} INFO - Processing file /home/airflow/.local/lib/python3.12/site-packages/airflow/example_dags/example_sensors.py for tasks to queue
[2024-09-29T10:40:24.514+0000] {logging_mixin.py:190} INFO - [2024-09-29T10:40:24.514+0000] {dagbag.py:588} INFO - Filling up the DagBag from /home/airflow/.local/lib/python3.12/site-packages/airflow/example_dags/example_sensors.py
[2024-09-29T10:40:24.541+0000] {processor.py:925} INFO - DAG(s) 'example_sensors' retrieved from /home/airflow/.local/lib/python3.12/site-packages/airflow/example_dags/example_sensors.py
[2024-09-29T10:40:24.620+0000] {logging_mixin.py:190} INFO - [2024-09-29T10:40:24.620+0000] {dag.py:3239} INFO - Sync 1 DAGs
[2024-09-29T10:40:24.664+0000] {logging_mixin.py:190} INFO - [2024-09-29T10:40:24.664+0000] {dag.py:4180} INFO - Setting next_dagrun for example_sensors to None, run_after=None
[2024-09-29T10:40:24.714+0000] {processor.py:208} INFO - Processing /home/airflow/.local/lib/python3.12/site-packages/airflow/example_dags/example_sensors.py took 0.221 seconds
[2024-09-29T10:40:55.780+0000] {processor.py:186} INFO - Started process (PID=1858) to work on /home/airflow/.local/lib/python3.12/site-packages/airflow/example_dags/example_sensors.py
[2024-09-29T10:40:55.788+0000] {processor.py:914} INFO - Processing file /home/airflow/.local/lib/python3.12/site-packages/airflow/example_dags/example_sensors.py for tasks to queue
[2024-09-29T10:40:55.803+0000] {logging_mixin.py:190} INFO - [2024-09-29T10:40:55.802+0000] {dagbag.py:588} INFO - Filling up the DagBag from /home/airflow/.local/lib/python3.12/site-packages/airflow/example_dags/example_sensors.py
[2024-09-29T10:40:55.882+0000] {processor.py:925} INFO - DAG(s) 'example_sensors' retrieved from /home/airflow/.local/lib/python3.12/site-packages/airflow/example_dags/example_sensors.py
[2024-09-29T10:40:56.072+0000] {logging_mixin.py:190} INFO - [2024-09-29T10:40:56.071+0000] {dag.py:3239} INFO - Sync 1 DAGs
[2024-09-29T10:40:56.221+0000] {logging_mixin.py:190} INFO - [2024-09-29T10:40:56.220+0000] {dag.py:4180} INFO - Setting next_dagrun for example_sensors to None, run_after=None
[2024-09-29T10:40:56.370+0000] {processor.py:208} INFO - Processing /home/airflow/.local/lib/python3.12/site-packages/airflow/example_dags/example_sensors.py took 0.621 seconds
[2024-09-29T10:41:28.869+0000] {processor.py:186} INFO - Started process (PID=2146) to work on /home/airflow/.local/lib/python3.12/site-packages/airflow/example_dags/example_sensors.py
[2024-09-29T10:41:28.928+0000] {processor.py:914} INFO - Processing file /home/airflow/.local/lib/python3.12/site-packages/airflow/example_dags/example_sensors.py for tasks to queue
[2024-09-29T10:41:28.940+0000] {logging_mixin.py:190} INFO - [2024-09-29T10:41:28.937+0000] {dagbag.py:588} INFO - Filling up the DagBag from /home/airflow/.local/lib/python3.12/site-packages/airflow/example_dags/example_sensors.py
[2024-09-29T10:41:28.962+0000] {processor.py:925} INFO - DAG(s) 'example_sensors' retrieved from /home/airflow/.local/lib/python3.12/site-packages/airflow/example_dags/example_sensors.py
[2024-09-29T10:41:29.945+0000] {logging_mixin.py:190} INFO - [2024-09-29T10:41:29.944+0000] {dag.py:3239} INFO - Sync 1 DAGs
[2024-09-29T10:41:30.116+0000] {logging_mixin.py:190} INFO - [2024-09-29T10:41:30.115+0000] {dag.py:4180} INFO - Setting next_dagrun for example_sensors to None, run_after=None
[2024-09-29T10:41:30.314+0000] {processor.py:208} INFO - Processing /home/airflow/.local/lib/python3.12/site-packages/airflow/example_dags/example_sensors.py took 1.456 seconds
[2024-09-29T10:42:01.036+0000] {processor.py:186} INFO - Started process (PID=2432) to work on /home/airflow/.local/lib/python3.12/site-packages/airflow/example_dags/example_sensors.py
[2024-09-29T10:42:01.058+0000] {processor.py:914} INFO - Processing file /home/airflow/.local/lib/python3.12/site-packages/airflow/example_dags/example_sensors.py for tasks to queue
[2024-09-29T10:42:01.141+0000] {logging_mixin.py:190} INFO - [2024-09-29T10:42:01.133+0000] {dagbag.py:588} INFO - Filling up the DagBag from /home/airflow/.local/lib/python3.12/site-packages/airflow/example_dags/example_sensors.py
[2024-09-29T10:42:01.305+0000] {processor.py:925} INFO - DAG(s) 'example_sensors' retrieved from /home/airflow/.local/lib/python3.12/site-packages/airflow/example_dags/example_sensors.py
[2024-09-29T10:42:01.669+0000] {logging_mixin.py:190} INFO - [2024-09-29T10:42:01.668+0000] {dag.py:3239} INFO - Sync 1 DAGs
[2024-09-29T10:42:01.875+0000] {logging_mixin.py:190} INFO - [2024-09-29T10:42:01.874+0000] {dag.py:4180} INFO - Setting next_dagrun for example_sensors to None, run_after=None
[2024-09-29T10:42:02.077+0000] {processor.py:208} INFO - Processing /home/airflow/.local/lib/python3.12/site-packages/airflow/example_dags/example_sensors.py took 1.125 seconds
[2024-09-29T10:42:34.020+0000] {processor.py:186} INFO - Started process (PID=2577) to work on /home/airflow/.local/lib/python3.12/site-packages/airflow/example_dags/example_sensors.py
[2024-09-29T10:42:34.023+0000] {processor.py:914} INFO - Processing file /home/airflow/.local/lib/python3.12/site-packages/airflow/example_dags/example_sensors.py for tasks to queue
[2024-09-29T10:42:34.028+0000] {logging_mixin.py:190} INFO - [2024-09-29T10:42:34.027+0000] {dagbag.py:588} INFO - Filling up the DagBag from /home/airflow/.local/lib/python3.12/site-packages/airflow/example_dags/example_sensors.py
[2024-09-29T10:42:34.057+0000] {processor.py:925} INFO - DAG(s) 'example_sensors' retrieved from /home/airflow/.local/lib/python3.12/site-packages/airflow/example_dags/example_sensors.py
[2024-09-29T10:42:34.133+0000] {logging_mixin.py:190} INFO - [2024-09-29T10:42:34.132+0000] {dag.py:3239} INFO - Sync 1 DAGs
[2024-09-29T10:42:34.173+0000] {logging_mixin.py:190} INFO - [2024-09-29T10:42:34.173+0000] {dag.py:4180} INFO - Setting next_dagrun for example_sensors to None, run_after=None
[2024-09-29T10:42:34.222+0000] {processor.py:208} INFO - Processing /home/airflow/.local/lib/python3.12/site-packages/airflow/example_dags/example_sensors.py took 0.215 seconds
[2024-09-29T10:43:05.321+0000] {processor.py:186} INFO - Started process (PID=2860) to work on /home/airflow/.local/lib/python3.12/site-packages/airflow/example_dags/example_sensors.py
[2024-09-29T10:43:05.324+0000] {processor.py:914} INFO - Processing file /home/airflow/.local/lib/python3.12/site-packages/airflow/example_dags/example_sensors.py for tasks to queue
[2024-09-29T10:43:05.329+0000] {logging_mixin.py:190} INFO - [2024-09-29T10:43:05.329+0000] {dagbag.py:588} INFO - Filling up the DagBag from /home/airflow/.local/lib/python3.12/site-packages/airflow/example_dags/example_sensors.py
[2024-09-29T10:43:05.354+0000] {processor.py:925} INFO - DAG(s) 'example_sensors' retrieved from /home/airflow/.local/lib/python3.12/site-packages/airflow/example_dags/example_sensors.py
[2024-09-29T10:43:05.407+0000] {logging_mixin.py:190} INFO - [2024-09-29T10:43:05.406+0000] {dag.py:3239} INFO - Sync 1 DAGs
[2024-09-29T10:43:05.437+0000] {logging_mixin.py:190} INFO - [2024-09-29T10:43:05.437+0000] {dag.py:4180} INFO - Setting next_dagrun for example_sensors to None, run_after=None
[2024-09-29T10:43:05.478+0000] {processor.py:208} INFO - Processing /home/airflow/.local/lib/python3.12/site-packages/airflow/example_dags/example_sensors.py took 0.167 seconds
[2024-09-29T10:43:35.871+0000] {processor.py:186} INFO - Started process (PID=3144) to work on /home/airflow/.local/lib/python3.12/site-packages/airflow/example_dags/example_sensors.py
[2024-09-29T10:43:35.875+0000] {processor.py:914} INFO - Processing file /home/airflow/.local/lib/python3.12/site-packages/airflow/example_dags/example_sensors.py for tasks to queue
[2024-09-29T10:43:35.888+0000] {logging_mixin.py:190} INFO - [2024-09-29T10:43:35.886+0000] {dagbag.py:588} INFO - Filling up the DagBag from /home/airflow/.local/lib/python3.12/site-packages/airflow/example_dags/example_sensors.py
[2024-09-29T10:43:35.949+0000] {processor.py:925} INFO - DAG(s) 'example_sensors' retrieved from /home/airflow/.local/lib/python3.12/site-packages/airflow/example_dags/example_sensors.py
[2024-09-29T10:43:36.112+0000] {logging_mixin.py:190} INFO - [2024-09-29T10:43:36.111+0000] {dag.py:3239} INFO - Sync 1 DAGs
[2024-09-29T10:43:36.194+0000] {logging_mixin.py:190} INFO - [2024-09-29T10:43:36.192+0000] {dag.py:4180} INFO - Setting next_dagrun for example_sensors to None, run_after=None
[2024-09-29T10:43:36.269+0000] {processor.py:208} INFO - Processing /home/airflow/.local/lib/python3.12/site-packages/airflow/example_dags/example_sensors.py took 0.420 seconds
