[2024-09-29T10:37:40.954+0000] {processor.py:186} INFO - Started process (PID=217) to work on /home/airflow/.local/lib/python3.12/site-packages/airflow/example_dags/tutorial_dag.py
[2024-09-29T10:37:40.967+0000] {processor.py:914} INFO - Processing file /home/airflow/.local/lib/python3.12/site-packages/airflow/example_dags/tutorial_dag.py for tasks to queue
[2024-09-29T10:37:40.977+0000] {logging_mixin.py:190} INFO - [2024-09-29T10:37:40.973+0000] {dagbag.py:588} INFO - Filling up the DagBag from /home/airflow/.local/lib/python3.12/site-packages/airflow/example_dags/tutorial_dag.py
[2024-09-29T10:37:41.076+0000] {processor.py:925} INFO - DAG(s) 'tutorial_dag' retrieved from /home/airflow/.local/lib/python3.12/site-packages/airflow/example_dags/tutorial_dag.py
[2024-09-29T10:37:42.540+0000] {logging_mixin.py:190} INFO - [2024-09-29T10:37:42.537+0000] {override.py:1900} INFO - Created Permission View: can edit on DAG:tutorial_dag
[2024-09-29T10:37:42.603+0000] {logging_mixin.py:190} INFO - [2024-09-29T10:37:42.601+0000] {override.py:1900} INFO - Created Permission View: can read on DAG:tutorial_dag
[2024-09-29T10:37:42.635+0000] {logging_mixin.py:190} INFO - [2024-09-29T10:37:42.634+0000] {override.py:1900} INFO - Created Permission View: can delete on DAG:tutorial_dag
[2024-09-29T10:37:42.699+0000] {logging_mixin.py:190} INFO - [2024-09-29T10:37:42.698+0000] {override.py:1900} INFO - Created Permission View: can delete on DAG Run:tutorial_dag
[2024-09-29T10:37:42.790+0000] {logging_mixin.py:190} INFO - [2024-09-29T10:37:42.790+0000] {override.py:1900} INFO - Created Permission View: can read on DAG Run:tutorial_dag
[2024-09-29T10:37:42.826+0000] {logging_mixin.py:190} INFO - [2024-09-29T10:37:42.824+0000] {override.py:1900} INFO - Created Permission View: can create on DAG Run:tutorial_dag
[2024-09-29T10:37:42.858+0000] {logging_mixin.py:190} INFO - [2024-09-29T10:37:42.857+0000] {override.py:1900} INFO - Created Permission View: menu access on DAG Run:tutorial_dag
[2024-09-29T10:37:42.861+0000] {logging_mixin.py:190} INFO - [2024-09-29T10:37:42.860+0000] {dag.py:3239} INFO - Sync 1 DAGs
[2024-09-29T10:37:42.979+0000] {logging_mixin.py:190} INFO - [2024-09-29T10:37:42.978+0000] {dag.py:3262} INFO - Creating ORM DAG for tutorial_dag
[2024-09-29T10:37:42.985+0000] {logging_mixin.py:190} INFO - [2024-09-29T10:37:42.982+0000] {dag.py:4180} INFO - Setting next_dagrun for tutorial_dag to None, run_after=None
[2024-09-29T10:37:43.107+0000] {processor.py:208} INFO - Processing /home/airflow/.local/lib/python3.12/site-packages/airflow/example_dags/tutorial_dag.py took 2.174 seconds
[2024-09-29T10:38:17.598+0000] {processor.py:186} INFO - Started process (PID=503) to work on /home/airflow/.local/lib/python3.12/site-packages/airflow/example_dags/tutorial_dag.py
[2024-09-29T10:38:17.603+0000] {processor.py:914} INFO - Processing file /home/airflow/.local/lib/python3.12/site-packages/airflow/example_dags/tutorial_dag.py for tasks to queue
[2024-09-29T10:38:17.609+0000] {logging_mixin.py:190} INFO - [2024-09-29T10:38:17.608+0000] {dagbag.py:588} INFO - Filling up the DagBag from /home/airflow/.local/lib/python3.12/site-packages/airflow/example_dags/tutorial_dag.py
[2024-09-29T10:38:17.628+0000] {processor.py:925} INFO - DAG(s) 'tutorial_dag' retrieved from /home/airflow/.local/lib/python3.12/site-packages/airflow/example_dags/tutorial_dag.py
[2024-09-29T10:38:17.666+0000] {logging_mixin.py:190} INFO - [2024-09-29T10:38:17.666+0000] {dag.py:3239} INFO - Sync 1 DAGs
[2024-09-29T10:38:17.697+0000] {logging_mixin.py:190} INFO - [2024-09-29T10:38:17.697+0000] {dag.py:4180} INFO - Setting next_dagrun for tutorial_dag to None, run_after=None
[2024-09-29T10:38:17.754+0000] {processor.py:208} INFO - Processing /home/airflow/.local/lib/python3.12/site-packages/airflow/example_dags/tutorial_dag.py took 0.168 seconds
[2024-09-29T10:38:48.040+0000] {processor.py:186} INFO - Started process (PID=769) to work on /home/airflow/.local/lib/python3.12/site-packages/airflow/example_dags/tutorial_dag.py
[2024-09-29T10:38:48.043+0000] {processor.py:914} INFO - Processing file /home/airflow/.local/lib/python3.12/site-packages/airflow/example_dags/tutorial_dag.py for tasks to queue
[2024-09-29T10:38:48.048+0000] {logging_mixin.py:190} INFO - [2024-09-29T10:38:48.048+0000] {dagbag.py:588} INFO - Filling up the DagBag from /home/airflow/.local/lib/python3.12/site-packages/airflow/example_dags/tutorial_dag.py
[2024-09-29T10:38:48.091+0000] {processor.py:925} INFO - DAG(s) 'tutorial_dag' retrieved from /home/airflow/.local/lib/python3.12/site-packages/airflow/example_dags/tutorial_dag.py
[2024-09-29T10:38:48.257+0000] {logging_mixin.py:190} INFO - [2024-09-29T10:38:48.257+0000] {dag.py:3239} INFO - Sync 1 DAGs
[2024-09-29T10:38:48.310+0000] {logging_mixin.py:190} INFO - [2024-09-29T10:38:48.309+0000] {dag.py:4180} INFO - Setting next_dagrun for tutorial_dag to None, run_after=None
[2024-09-29T10:38:48.357+0000] {processor.py:208} INFO - Processing /home/airflow/.local/lib/python3.12/site-packages/airflow/example_dags/tutorial_dag.py took 0.333 seconds
[2024-09-29T10:39:22.939+0000] {processor.py:186} INFO - Started process (PID=1025) to work on /home/airflow/.local/lib/python3.12/site-packages/airflow/example_dags/tutorial_dag.py
[2024-09-29T10:39:22.943+0000] {processor.py:914} INFO - Processing file /home/airflow/.local/lib/python3.12/site-packages/airflow/example_dags/tutorial_dag.py for tasks to queue
[2024-09-29T10:39:22.953+0000] {logging_mixin.py:190} INFO - [2024-09-29T10:39:22.952+0000] {dagbag.py:588} INFO - Filling up the DagBag from /home/airflow/.local/lib/python3.12/site-packages/airflow/example_dags/tutorial_dag.py
[2024-09-29T10:39:23.013+0000] {processor.py:925} INFO - DAG(s) 'tutorial_dag' retrieved from /home/airflow/.local/lib/python3.12/site-packages/airflow/example_dags/tutorial_dag.py
[2024-09-29T10:39:23.142+0000] {logging_mixin.py:190} INFO - [2024-09-29T10:39:23.141+0000] {dag.py:3239} INFO - Sync 1 DAGs
[2024-09-29T10:39:23.184+0000] {logging_mixin.py:190} INFO - [2024-09-29T10:39:23.184+0000] {dag.py:4180} INFO - Setting next_dagrun for tutorial_dag to None, run_after=None
[2024-09-29T10:39:23.234+0000] {processor.py:208} INFO - Processing /home/airflow/.local/lib/python3.12/site-packages/airflow/example_dags/tutorial_dag.py took 0.307 seconds
[2024-09-29T10:39:53.720+0000] {processor.py:186} INFO - Started process (PID=1313) to work on /home/airflow/.local/lib/python3.12/site-packages/airflow/example_dags/tutorial_dag.py
[2024-09-29T10:39:53.722+0000] {processor.py:914} INFO - Processing file /home/airflow/.local/lib/python3.12/site-packages/airflow/example_dags/tutorial_dag.py for tasks to queue
[2024-09-29T10:39:53.728+0000] {logging_mixin.py:190} INFO - [2024-09-29T10:39:53.727+0000] {dagbag.py:588} INFO - Filling up the DagBag from /home/airflow/.local/lib/python3.12/site-packages/airflow/example_dags/tutorial_dag.py
[2024-09-29T10:39:53.759+0000] {processor.py:925} INFO - DAG(s) 'tutorial_dag' retrieved from /home/airflow/.local/lib/python3.12/site-packages/airflow/example_dags/tutorial_dag.py
[2024-09-29T10:39:53.814+0000] {logging_mixin.py:190} INFO - [2024-09-29T10:39:53.814+0000] {dag.py:3239} INFO - Sync 1 DAGs
[2024-09-29T10:39:53.849+0000] {logging_mixin.py:190} INFO - [2024-09-29T10:39:53.848+0000] {dag.py:4180} INFO - Setting next_dagrun for tutorial_dag to None, run_after=None
[2024-09-29T10:39:53.898+0000] {processor.py:208} INFO - Processing /home/airflow/.local/lib/python3.12/site-packages/airflow/example_dags/tutorial_dag.py took 0.192 seconds
[2024-09-29T10:40:24.231+0000] {processor.py:186} INFO - Started process (PID=1599) to work on /home/airflow/.local/lib/python3.12/site-packages/airflow/example_dags/tutorial_dag.py
[2024-09-29T10:40:24.234+0000] {processor.py:914} INFO - Processing file /home/airflow/.local/lib/python3.12/site-packages/airflow/example_dags/tutorial_dag.py for tasks to queue
[2024-09-29T10:40:24.239+0000] {logging_mixin.py:190} INFO - [2024-09-29T10:40:24.238+0000] {dagbag.py:588} INFO - Filling up the DagBag from /home/airflow/.local/lib/python3.12/site-packages/airflow/example_dags/tutorial_dag.py
[2024-09-29T10:40:24.255+0000] {processor.py:925} INFO - DAG(s) 'tutorial_dag' retrieved from /home/airflow/.local/lib/python3.12/site-packages/airflow/example_dags/tutorial_dag.py
[2024-09-29T10:40:24.301+0000] {logging_mixin.py:190} INFO - [2024-09-29T10:40:24.300+0000] {dag.py:3239} INFO - Sync 1 DAGs
[2024-09-29T10:40:24.335+0000] {logging_mixin.py:190} INFO - [2024-09-29T10:40:24.334+0000] {dag.py:4180} INFO - Setting next_dagrun for tutorial_dag to None, run_after=None
[2024-09-29T10:40:24.381+0000] {processor.py:208} INFO - Processing /home/airflow/.local/lib/python3.12/site-packages/airflow/example_dags/tutorial_dag.py took 0.161 seconds
[2024-09-29T10:40:55.524+0000] {processor.py:186} INFO - Started process (PID=1853) to work on /home/airflow/.local/lib/python3.12/site-packages/airflow/example_dags/tutorial_dag.py
[2024-09-29T10:40:55.534+0000] {processor.py:914} INFO - Processing file /home/airflow/.local/lib/python3.12/site-packages/airflow/example_dags/tutorial_dag.py for tasks to queue
[2024-09-29T10:40:55.538+0000] {logging_mixin.py:190} INFO - [2024-09-29T10:40:55.538+0000] {dagbag.py:588} INFO - Filling up the DagBag from /home/airflow/.local/lib/python3.12/site-packages/airflow/example_dags/tutorial_dag.py
[2024-09-29T10:40:55.557+0000] {processor.py:925} INFO - DAG(s) 'tutorial_dag' retrieved from /home/airflow/.local/lib/python3.12/site-packages/airflow/example_dags/tutorial_dag.py
[2024-09-29T10:40:55.635+0000] {logging_mixin.py:190} INFO - [2024-09-29T10:40:55.634+0000] {dag.py:3239} INFO - Sync 1 DAGs
[2024-09-29T10:40:55.722+0000] {logging_mixin.py:190} INFO - [2024-09-29T10:40:55.721+0000] {dag.py:4180} INFO - Setting next_dagrun for tutorial_dag to None, run_after=None
[2024-09-29T10:40:55.834+0000] {processor.py:208} INFO - Processing /home/airflow/.local/lib/python3.12/site-packages/airflow/example_dags/tutorial_dag.py took 0.323 seconds
[2024-09-29T10:41:27.579+0000] {processor.py:186} INFO - Started process (PID=2139) to work on /home/airflow/.local/lib/python3.12/site-packages/airflow/example_dags/tutorial_dag.py
[2024-09-29T10:41:27.678+0000] {processor.py:914} INFO - Processing file /home/airflow/.local/lib/python3.12/site-packages/airflow/example_dags/tutorial_dag.py for tasks to queue
[2024-09-29T10:41:27.684+0000] {logging_mixin.py:190} INFO - [2024-09-29T10:41:27.684+0000] {dagbag.py:588} INFO - Filling up the DagBag from /home/airflow/.local/lib/python3.12/site-packages/airflow/example_dags/tutorial_dag.py
[2024-09-29T10:41:27.697+0000] {processor.py:925} INFO - DAG(s) 'tutorial_dag' retrieved from /home/airflow/.local/lib/python3.12/site-packages/airflow/example_dags/tutorial_dag.py
[2024-09-29T10:41:27.752+0000] {logging_mixin.py:190} INFO - [2024-09-29T10:41:27.751+0000] {dag.py:3239} INFO - Sync 1 DAGs
[2024-09-29T10:41:28.155+0000] {logging_mixin.py:190} INFO - [2024-09-29T10:41:28.154+0000] {dag.py:4180} INFO - Setting next_dagrun for tutorial_dag to None, run_after=None
[2024-09-29T10:41:28.620+0000] {processor.py:208} INFO - Processing /home/airflow/.local/lib/python3.12/site-packages/airflow/example_dags/tutorial_dag.py took 1.054 seconds
[2024-09-29T10:41:59.706+0000] {processor.py:186} INFO - Started process (PID=2427) to work on /home/airflow/.local/lib/python3.12/site-packages/airflow/example_dags/tutorial_dag.py
[2024-09-29T10:41:59.711+0000] {processor.py:914} INFO - Processing file /home/airflow/.local/lib/python3.12/site-packages/airflow/example_dags/tutorial_dag.py for tasks to queue
[2024-09-29T10:41:59.717+0000] {logging_mixin.py:190} INFO - [2024-09-29T10:41:59.716+0000] {dagbag.py:588} INFO - Filling up the DagBag from /home/airflow/.local/lib/python3.12/site-packages/airflow/example_dags/tutorial_dag.py
[2024-09-29T10:41:59.743+0000] {processor.py:925} INFO - DAG(s) 'tutorial_dag' retrieved from /home/airflow/.local/lib/python3.12/site-packages/airflow/example_dags/tutorial_dag.py
[2024-09-29T10:41:59.811+0000] {logging_mixin.py:190} INFO - [2024-09-29T10:41:59.811+0000] {dag.py:3239} INFO - Sync 1 DAGs
[2024-09-29T10:41:59.871+0000] {logging_mixin.py:190} INFO - [2024-09-29T10:41:59.870+0000] {dag.py:4180} INFO - Setting next_dagrun for tutorial_dag to None, run_after=None
[2024-09-29T10:41:59.954+0000] {processor.py:208} INFO - Processing /home/airflow/.local/lib/python3.12/site-packages/airflow/example_dags/tutorial_dag.py took 0.270 seconds
[2024-09-29T10:42:33.994+0000] {processor.py:186} INFO - Started process (PID=2574) to work on /home/airflow/.local/lib/python3.12/site-packages/airflow/example_dags/tutorial_dag.py
[2024-09-29T10:42:33.996+0000] {processor.py:914} INFO - Processing file /home/airflow/.local/lib/python3.12/site-packages/airflow/example_dags/tutorial_dag.py for tasks to queue
[2024-09-29T10:42:34.008+0000] {logging_mixin.py:190} INFO - [2024-09-29T10:42:34.007+0000] {dagbag.py:588} INFO - Filling up the DagBag from /home/airflow/.local/lib/python3.12/site-packages/airflow/example_dags/tutorial_dag.py
[2024-09-29T10:42:34.026+0000] {processor.py:925} INFO - DAG(s) 'tutorial_dag' retrieved from /home/airflow/.local/lib/python3.12/site-packages/airflow/example_dags/tutorial_dag.py
[2024-09-29T10:42:34.079+0000] {logging_mixin.py:190} INFO - [2024-09-29T10:42:34.079+0000] {dag.py:3239} INFO - Sync 1 DAGs
[2024-09-29T10:42:34.116+0000] {logging_mixin.py:190} INFO - [2024-09-29T10:42:34.115+0000] {dag.py:4180} INFO - Setting next_dagrun for tutorial_dag to None, run_after=None
[2024-09-29T10:42:34.164+0000] {processor.py:208} INFO - Processing /home/airflow/.local/lib/python3.12/site-packages/airflow/example_dags/tutorial_dag.py took 0.182 seconds
[2024-09-29T10:43:04.754+0000] {processor.py:186} INFO - Started process (PID=2853) to work on /home/airflow/.local/lib/python3.12/site-packages/airflow/example_dags/tutorial_dag.py
[2024-09-29T10:43:04.756+0000] {processor.py:914} INFO - Processing file /home/airflow/.local/lib/python3.12/site-packages/airflow/example_dags/tutorial_dag.py for tasks to queue
[2024-09-29T10:43:04.761+0000] {logging_mixin.py:190} INFO - [2024-09-29T10:43:04.760+0000] {dagbag.py:588} INFO - Filling up the DagBag from /home/airflow/.local/lib/python3.12/site-packages/airflow/example_dags/tutorial_dag.py
[2024-09-29T10:43:04.849+0000] {processor.py:925} INFO - DAG(s) 'tutorial_dag' retrieved from /home/airflow/.local/lib/python3.12/site-packages/airflow/example_dags/tutorial_dag.py
[2024-09-29T10:43:04.987+0000] {logging_mixin.py:190} INFO - [2024-09-29T10:43:04.986+0000] {dag.py:3239} INFO - Sync 1 DAGs
[2024-09-29T10:43:05.101+0000] {logging_mixin.py:190} INFO - [2024-09-29T10:43:05.100+0000] {dag.py:4180} INFO - Setting next_dagrun for tutorial_dag to None, run_after=None
[2024-09-29T10:43:05.209+0000] {processor.py:208} INFO - Processing /home/airflow/.local/lib/python3.12/site-packages/airflow/example_dags/tutorial_dag.py took 0.467 seconds
[2024-09-29T10:43:35.384+0000] {processor.py:186} INFO - Started process (PID=3134) to work on /home/airflow/.local/lib/python3.12/site-packages/airflow/example_dags/tutorial_dag.py
[2024-09-29T10:43:35.390+0000] {processor.py:914} INFO - Processing file /home/airflow/.local/lib/python3.12/site-packages/airflow/example_dags/tutorial_dag.py for tasks to queue
[2024-09-29T10:43:35.407+0000] {logging_mixin.py:190} INFO - [2024-09-29T10:43:35.406+0000] {dagbag.py:588} INFO - Filling up the DagBag from /home/airflow/.local/lib/python3.12/site-packages/airflow/example_dags/tutorial_dag.py
[2024-09-29T10:43:35.448+0000] {processor.py:925} INFO - DAG(s) 'tutorial_dag' retrieved from /home/airflow/.local/lib/python3.12/site-packages/airflow/example_dags/tutorial_dag.py
[2024-09-29T10:43:35.529+0000] {logging_mixin.py:190} INFO - [2024-09-29T10:43:35.527+0000] {dag.py:3239} INFO - Sync 1 DAGs
[2024-09-29T10:43:35.599+0000] {logging_mixin.py:190} INFO - [2024-09-29T10:43:35.599+0000] {dag.py:4180} INFO - Setting next_dagrun for tutorial_dag to None, run_after=None
[2024-09-29T10:43:35.716+0000] {processor.py:208} INFO - Processing /home/airflow/.local/lib/python3.12/site-packages/airflow/example_dags/tutorial_dag.py took 0.363 seconds
