[2024-09-29T10:38:14.775+0000] {processor.py:186} INFO - Started process (PID=448) to work on /home/airflow/.local/lib/python3.12/site-packages/airflow/example_dags/tutorial.py
[2024-09-29T10:38:14.777+0000] {processor.py:914} INFO - Processing file /home/airflow/.local/lib/python3.12/site-packages/airflow/example_dags/tutorial.py for tasks to queue
[2024-09-29T10:38:14.781+0000] {logging_mixin.py:190} INFO - [2024-09-29T10:38:14.780+0000] {dagbag.py:588} INFO - Filling up the DagBag from /home/airflow/.local/lib/python3.12/site-packages/airflow/example_dags/tutorial.py
[2024-09-29T10:38:14.797+0000] {processor.py:925} INFO - DAG(s) 'tutorial' retrieved from /home/airflow/.local/lib/python3.12/site-packages/airflow/example_dags/tutorial.py
[2024-09-29T10:38:15.056+0000] {logging_mixin.py:190} INFO - [2024-09-29T10:38:15.055+0000] {override.py:1900} INFO - Created Permission View: can edit on DAG:tutorial
[2024-09-29T10:38:15.110+0000] {logging_mixin.py:190} INFO - [2024-09-29T10:38:15.110+0000] {override.py:1900} INFO - Created Permission View: can read on DAG:tutorial
[2024-09-29T10:38:15.128+0000] {logging_mixin.py:190} INFO - [2024-09-29T10:38:15.127+0000] {override.py:1900} INFO - Created Permission View: can delete on DAG:tutorial
[2024-09-29T10:38:15.148+0000] {logging_mixin.py:190} INFO - [2024-09-29T10:38:15.148+0000] {override.py:1900} INFO - Created Permission View: can delete on DAG Run:tutorial
[2024-09-29T10:38:15.186+0000] {logging_mixin.py:190} INFO - [2024-09-29T10:38:15.185+0000] {override.py:1900} INFO - Created Permission View: can read on DAG Run:tutorial
[2024-09-29T10:38:15.253+0000] {logging_mixin.py:190} INFO - [2024-09-29T10:38:15.252+0000] {override.py:1900} INFO - Created Permission View: can create on DAG Run:tutorial
[2024-09-29T10:38:15.272+0000] {logging_mixin.py:190} INFO - [2024-09-29T10:38:15.271+0000] {override.py:1900} INFO - Created Permission View: menu access on DAG Run:tutorial
[2024-09-29T10:38:15.274+0000] {logging_mixin.py:190} INFO - [2024-09-29T10:38:15.273+0000] {dag.py:3239} INFO - Sync 1 DAGs
[2024-09-29T10:38:15.304+0000] {logging_mixin.py:190} INFO - [2024-09-29T10:38:15.303+0000] {dag.py:3262} INFO - Creating ORM DAG for tutorial
[2024-09-29T10:38:15.327+0000] {logging_mixin.py:190} INFO - [2024-09-29T10:38:15.327+0000] {dag.py:4180} INFO - Setting next_dagrun for tutorial to 2024-09-28 00:00:00+00:00, run_after=2024-09-29 00:00:00+00:00
[2024-09-29T10:38:15.526+0000] {processor.py:208} INFO - Processing /home/airflow/.local/lib/python3.12/site-packages/airflow/example_dags/tutorial.py took 0.762 seconds
[2024-09-29T10:38:45.957+0000] {processor.py:186} INFO - Started process (PID=736) to work on /home/airflow/.local/lib/python3.12/site-packages/airflow/example_dags/tutorial.py
[2024-09-29T10:38:45.959+0000] {processor.py:914} INFO - Processing file /home/airflow/.local/lib/python3.12/site-packages/airflow/example_dags/tutorial.py for tasks to queue
[2024-09-29T10:38:45.964+0000] {logging_mixin.py:190} INFO - [2024-09-29T10:38:45.963+0000] {dagbag.py:588} INFO - Filling up the DagBag from /home/airflow/.local/lib/python3.12/site-packages/airflow/example_dags/tutorial.py
[2024-09-29T10:38:45.979+0000] {processor.py:925} INFO - DAG(s) 'tutorial' retrieved from /home/airflow/.local/lib/python3.12/site-packages/airflow/example_dags/tutorial.py
[2024-09-29T10:38:46.023+0000] {logging_mixin.py:190} INFO - [2024-09-29T10:38:46.022+0000] {dag.py:3239} INFO - Sync 1 DAGs
[2024-09-29T10:38:46.097+0000] {logging_mixin.py:190} INFO - [2024-09-29T10:38:46.097+0000] {dag.py:4180} INFO - Setting next_dagrun for tutorial to 2024-09-28 00:00:00+00:00, run_after=2024-09-29 00:00:00+00:00
[2024-09-29T10:38:46.158+0000] {processor.py:208} INFO - Processing /home/airflow/.local/lib/python3.12/site-packages/airflow/example_dags/tutorial.py took 0.211 seconds
[2024-09-29T10:39:24.709+0000] {processor.py:186} INFO - Started process (PID=1065) to work on /home/airflow/.local/lib/python3.12/site-packages/airflow/example_dags/tutorial.py
[2024-09-29T10:39:24.712+0000] {processor.py:914} INFO - Processing file /home/airflow/.local/lib/python3.12/site-packages/airflow/example_dags/tutorial.py for tasks to queue
[2024-09-29T10:39:24.717+0000] {logging_mixin.py:190} INFO - [2024-09-29T10:39:24.716+0000] {dagbag.py:588} INFO - Filling up the DagBag from /home/airflow/.local/lib/python3.12/site-packages/airflow/example_dags/tutorial.py
[2024-09-29T10:39:24.735+0000] {processor.py:925} INFO - DAG(s) 'tutorial' retrieved from /home/airflow/.local/lib/python3.12/site-packages/airflow/example_dags/tutorial.py
[2024-09-29T10:39:24.778+0000] {logging_mixin.py:190} INFO - [2024-09-29T10:39:24.777+0000] {dag.py:3239} INFO - Sync 1 DAGs
[2024-09-29T10:39:24.863+0000] {logging_mixin.py:190} INFO - [2024-09-29T10:39:24.862+0000] {dag.py:4180} INFO - Setting next_dagrun for tutorial to 2024-09-28 00:00:00+00:00, run_after=2024-09-29 00:00:00+00:00
[2024-09-29T10:39:24.924+0000] {processor.py:208} INFO - Processing /home/airflow/.local/lib/python3.12/site-packages/airflow/example_dags/tutorial.py took 0.227 seconds
[2024-09-29T10:39:55.682+0000] {processor.py:186} INFO - Started process (PID=1351) to work on /home/airflow/.local/lib/python3.12/site-packages/airflow/example_dags/tutorial.py
[2024-09-29T10:39:55.685+0000] {processor.py:914} INFO - Processing file /home/airflow/.local/lib/python3.12/site-packages/airflow/example_dags/tutorial.py for tasks to queue
[2024-09-29T10:39:55.691+0000] {logging_mixin.py:190} INFO - [2024-09-29T10:39:55.691+0000] {dagbag.py:588} INFO - Filling up the DagBag from /home/airflow/.local/lib/python3.12/site-packages/airflow/example_dags/tutorial.py
[2024-09-29T10:39:55.712+0000] {processor.py:925} INFO - DAG(s) 'tutorial' retrieved from /home/airflow/.local/lib/python3.12/site-packages/airflow/example_dags/tutorial.py
[2024-09-29T10:39:55.753+0000] {logging_mixin.py:190} INFO - [2024-09-29T10:39:55.753+0000] {dag.py:3239} INFO - Sync 1 DAGs
[2024-09-29T10:39:55.802+0000] {logging_mixin.py:190} INFO - [2024-09-29T10:39:55.802+0000] {dag.py:4180} INFO - Setting next_dagrun for tutorial to 2024-09-28 00:00:00+00:00, run_after=2024-09-29 00:00:00+00:00
[2024-09-29T10:39:55.841+0000] {processor.py:208} INFO - Processing /home/airflow/.local/lib/python3.12/site-packages/airflow/example_dags/tutorial.py took 0.176 seconds
[2024-09-29T10:40:26.439+0000] {processor.py:186} INFO - Started process (PID=1637) to work on /home/airflow/.local/lib/python3.12/site-packages/airflow/example_dags/tutorial.py
[2024-09-29T10:40:26.441+0000] {processor.py:914} INFO - Processing file /home/airflow/.local/lib/python3.12/site-packages/airflow/example_dags/tutorial.py for tasks to queue
[2024-09-29T10:40:26.446+0000] {logging_mixin.py:190} INFO - [2024-09-29T10:40:26.445+0000] {dagbag.py:588} INFO - Filling up the DagBag from /home/airflow/.local/lib/python3.12/site-packages/airflow/example_dags/tutorial.py
[2024-09-29T10:40:26.467+0000] {processor.py:925} INFO - DAG(s) 'tutorial' retrieved from /home/airflow/.local/lib/python3.12/site-packages/airflow/example_dags/tutorial.py
[2024-09-29T10:40:26.527+0000] {logging_mixin.py:190} INFO - [2024-09-29T10:40:26.526+0000] {dag.py:3239} INFO - Sync 1 DAGs
[2024-09-29T10:40:26.587+0000] {logging_mixin.py:190} INFO - [2024-09-29T10:40:26.586+0000] {dag.py:4180} INFO - Setting next_dagrun for tutorial to 2024-09-28 00:00:00+00:00, run_after=2024-09-29 00:00:00+00:00
[2024-09-29T10:40:26.628+0000] {processor.py:208} INFO - Processing /home/airflow/.local/lib/python3.12/site-packages/airflow/example_dags/tutorial.py took 0.200 seconds
[2024-09-29T10:41:00.113+0000] {processor.py:186} INFO - Started process (PID=1928) to work on /home/airflow/.local/lib/python3.12/site-packages/airflow/example_dags/tutorial.py
[2024-09-29T10:41:00.116+0000] {processor.py:914} INFO - Processing file /home/airflow/.local/lib/python3.12/site-packages/airflow/example_dags/tutorial.py for tasks to queue
[2024-09-29T10:41:00.129+0000] {logging_mixin.py:190} INFO - [2024-09-29T10:41:00.128+0000] {dagbag.py:588} INFO - Filling up the DagBag from /home/airflow/.local/lib/python3.12/site-packages/airflow/example_dags/tutorial.py
[2024-09-29T10:41:00.174+0000] {processor.py:925} INFO - DAG(s) 'tutorial' retrieved from /home/airflow/.local/lib/python3.12/site-packages/airflow/example_dags/tutorial.py
[2024-09-29T10:41:00.257+0000] {logging_mixin.py:190} INFO - [2024-09-29T10:41:00.257+0000] {dag.py:3239} INFO - Sync 1 DAGs
[2024-09-29T10:41:00.423+0000] {logging_mixin.py:190} INFO - [2024-09-29T10:41:00.422+0000] {dag.py:4180} INFO - Setting next_dagrun for tutorial to 2024-09-28 00:00:00+00:00, run_after=2024-09-29 00:00:00+00:00
[2024-09-29T10:41:00.569+0000] {processor.py:208} INFO - Processing /home/airflow/.local/lib/python3.12/site-packages/airflow/example_dags/tutorial.py took 0.483 seconds
[2024-09-29T10:41:44.977+0000] {processor.py:186} INFO - Started process (PID=2275) to work on /home/airflow/.local/lib/python3.12/site-packages/airflow/example_dags/tutorial.py
[2024-09-29T10:41:44.981+0000] {processor.py:914} INFO - Processing file /home/airflow/.local/lib/python3.12/site-packages/airflow/example_dags/tutorial.py for tasks to queue
[2024-09-29T10:41:44.990+0000] {logging_mixin.py:190} INFO - [2024-09-29T10:41:44.989+0000] {dagbag.py:588} INFO - Filling up the DagBag from /home/airflow/.local/lib/python3.12/site-packages/airflow/example_dags/tutorial.py
[2024-09-29T10:41:45.023+0000] {processor.py:925} INFO - DAG(s) 'tutorial' retrieved from /home/airflow/.local/lib/python3.12/site-packages/airflow/example_dags/tutorial.py
[2024-09-29T10:41:45.096+0000] {logging_mixin.py:190} INFO - [2024-09-29T10:41:45.095+0000] {dag.py:3239} INFO - Sync 1 DAGs
[2024-09-29T10:41:45.192+0000] {logging_mixin.py:190} INFO - [2024-09-29T10:41:45.191+0000] {dag.py:4180} INFO - Setting next_dagrun for tutorial to 2024-09-28 00:00:00+00:00, run_after=2024-09-29 00:00:00+00:00
[2024-09-29T10:41:45.275+0000] {processor.py:208} INFO - Processing /home/airflow/.local/lib/python3.12/site-packages/airflow/example_dags/tutorial.py took 0.319 seconds
[2024-09-29T10:42:33.344+0000] {processor.py:186} INFO - Started process (PID=2562) to work on /home/airflow/.local/lib/python3.12/site-packages/airflow/example_dags/tutorial.py
[2024-09-29T10:42:33.346+0000] {processor.py:914} INFO - Processing file /home/airflow/.local/lib/python3.12/site-packages/airflow/example_dags/tutorial.py for tasks to queue
[2024-09-29T10:42:33.352+0000] {logging_mixin.py:190} INFO - [2024-09-29T10:42:33.351+0000] {dagbag.py:588} INFO - Filling up the DagBag from /home/airflow/.local/lib/python3.12/site-packages/airflow/example_dags/tutorial.py
[2024-09-29T10:42:33.371+0000] {processor.py:925} INFO - DAG(s) 'tutorial' retrieved from /home/airflow/.local/lib/python3.12/site-packages/airflow/example_dags/tutorial.py
[2024-09-29T10:42:33.785+0000] {logging_mixin.py:190} INFO - [2024-09-29T10:42:33.785+0000] {dag.py:3239} INFO - Sync 1 DAGs
[2024-09-29T10:42:33.854+0000] {logging_mixin.py:190} INFO - [2024-09-29T10:42:33.853+0000] {dag.py:4180} INFO - Setting next_dagrun for tutorial to 2024-09-28 00:00:00+00:00, run_after=2024-09-29 00:00:00+00:00
[2024-09-29T10:42:33.904+0000] {processor.py:208} INFO - Processing /home/airflow/.local/lib/python3.12/site-packages/airflow/example_dags/tutorial.py took 0.572 seconds
[2024-09-29T10:43:05.583+0000] {processor.py:186} INFO - Started process (PID=2868) to work on /home/airflow/.local/lib/python3.12/site-packages/airflow/example_dags/tutorial.py
[2024-09-29T10:43:05.585+0000] {processor.py:914} INFO - Processing file /home/airflow/.local/lib/python3.12/site-packages/airflow/example_dags/tutorial.py for tasks to queue
[2024-09-29T10:43:05.590+0000] {logging_mixin.py:190} INFO - [2024-09-29T10:43:05.589+0000] {dagbag.py:588} INFO - Filling up the DagBag from /home/airflow/.local/lib/python3.12/site-packages/airflow/example_dags/tutorial.py
[2024-09-29T10:43:05.607+0000] {processor.py:925} INFO - DAG(s) 'tutorial' retrieved from /home/airflow/.local/lib/python3.12/site-packages/airflow/example_dags/tutorial.py
[2024-09-29T10:43:05.718+0000] {logging_mixin.py:190} INFO - [2024-09-29T10:43:05.717+0000] {dag.py:3239} INFO - Sync 1 DAGs
[2024-09-29T10:43:05.849+0000] {logging_mixin.py:190} INFO - [2024-09-29T10:43:05.848+0000] {dag.py:4180} INFO - Setting next_dagrun for tutorial to 2024-09-28 00:00:00+00:00, run_after=2024-09-29 00:00:00+00:00
[2024-09-29T10:43:05.938+0000] {processor.py:208} INFO - Processing /home/airflow/.local/lib/python3.12/site-packages/airflow/example_dags/tutorial.py took 0.366 seconds
[2024-09-29T10:43:36.416+0000] {processor.py:186} INFO - Started process (PID=3154) to work on /home/airflow/.local/lib/python3.12/site-packages/airflow/example_dags/tutorial.py
[2024-09-29T10:43:36.419+0000] {processor.py:914} INFO - Processing file /home/airflow/.local/lib/python3.12/site-packages/airflow/example_dags/tutorial.py for tasks to queue
[2024-09-29T10:43:36.430+0000] {logging_mixin.py:190} INFO - [2024-09-29T10:43:36.429+0000] {dagbag.py:588} INFO - Filling up the DagBag from /home/airflow/.local/lib/python3.12/site-packages/airflow/example_dags/tutorial.py
[2024-09-29T10:43:36.463+0000] {processor.py:925} INFO - DAG(s) 'tutorial' retrieved from /home/airflow/.local/lib/python3.12/site-packages/airflow/example_dags/tutorial.py
[2024-09-29T10:43:36.530+0000] {logging_mixin.py:190} INFO - [2024-09-29T10:43:36.529+0000] {dag.py:3239} INFO - Sync 1 DAGs
[2024-09-29T10:43:36.629+0000] {logging_mixin.py:190} INFO - [2024-09-29T10:43:36.628+0000] {dag.py:4180} INFO - Setting next_dagrun for tutorial to 2024-09-28 00:00:00+00:00, run_after=2024-09-29 00:00:00+00:00
[2024-09-29T10:43:36.700+0000] {processor.py:208} INFO - Processing /home/airflow/.local/lib/python3.12/site-packages/airflow/example_dags/tutorial.py took 0.305 seconds
