[2024-09-29T10:37:45.033+0000] {processor.py:186} INFO - Started process (PID=232) to work on /home/airflow/.local/lib/python3.12/site-packages/airflow/example_dags/tutorial_objectstorage.py
[2024-09-29T10:37:45.036+0000] {processor.py:914} INFO - Processing file /home/airflow/.local/lib/python3.12/site-packages/airflow/example_dags/tutorial_objectstorage.py for tasks to queue
[2024-09-29T10:37:45.041+0000] {logging_mixin.py:190} INFO - [2024-09-29T10:37:45.040+0000] {dagbag.py:588} INFO - Filling up the DagBag from /home/airflow/.local/lib/python3.12/site-packages/airflow/example_dags/tutorial_objectstorage.py
[2024-09-29T10:37:45.172+0000] {processor.py:925} INFO - DAG(s) 'tutorial_objectstorage' retrieved from /home/airflow/.local/lib/python3.12/site-packages/airflow/example_dags/tutorial_objectstorage.py
[2024-09-29T10:37:46.033+0000] {logging_mixin.py:190} INFO - [2024-09-29T10:37:46.030+0000] {override.py:1900} INFO - Created Permission View: can edit on DAG:tutorial_objectstorage
[2024-09-29T10:37:46.119+0000] {logging_mixin.py:190} INFO - [2024-09-29T10:37:46.118+0000] {override.py:1900} INFO - Created Permission View: can read on DAG:tutorial_objectstorage
[2024-09-29T10:37:46.190+0000] {logging_mixin.py:190} INFO - [2024-09-29T10:37:46.189+0000] {override.py:1900} INFO - Created Permission View: can delete on DAG:tutorial_objectstorage
[2024-09-29T10:37:46.231+0000] {logging_mixin.py:190} INFO - [2024-09-29T10:37:46.229+0000] {override.py:1900} INFO - Created Permission View: can delete on DAG Run:tutorial_objectstorage
[2024-09-29T10:37:46.289+0000] {logging_mixin.py:190} INFO - [2024-09-29T10:37:46.288+0000] {override.py:1900} INFO - Created Permission View: can read on DAG Run:tutorial_objectstorage
[2024-09-29T10:37:46.335+0000] {logging_mixin.py:190} INFO - [2024-09-29T10:37:46.333+0000] {override.py:1900} INFO - Created Permission View: can create on DAG Run:tutorial_objectstorage
[2024-09-29T10:37:46.401+0000] {logging_mixin.py:190} INFO - [2024-09-29T10:37:46.400+0000] {override.py:1900} INFO - Created Permission View: menu access on DAG Run:tutorial_objectstorage
[2024-09-29T10:37:46.407+0000] {logging_mixin.py:190} INFO - [2024-09-29T10:37:46.404+0000] {dag.py:3239} INFO - Sync 1 DAGs
[2024-09-29T10:37:46.495+0000] {logging_mixin.py:190} INFO - [2024-09-29T10:37:46.494+0000] {dag.py:3262} INFO - Creating ORM DAG for tutorial_objectstorage
[2024-09-29T10:37:46.507+0000] {logging_mixin.py:190} INFO - [2024-09-29T10:37:46.506+0000] {dag.py:4180} INFO - Setting next_dagrun for tutorial_objectstorage to None, run_after=None
[2024-09-29T10:37:46.602+0000] {processor.py:208} INFO - Processing /home/airflow/.local/lib/python3.12/site-packages/airflow/example_dags/tutorial_objectstorage.py took 1.585 seconds
[2024-09-29T10:38:18.252+0000] {processor.py:186} INFO - Started process (PID=518) to work on /home/airflow/.local/lib/python3.12/site-packages/airflow/example_dags/tutorial_objectstorage.py
[2024-09-29T10:38:18.256+0000] {processor.py:914} INFO - Processing file /home/airflow/.local/lib/python3.12/site-packages/airflow/example_dags/tutorial_objectstorage.py for tasks to queue
[2024-09-29T10:38:18.261+0000] {logging_mixin.py:190} INFO - [2024-09-29T10:38:18.260+0000] {dagbag.py:588} INFO - Filling up the DagBag from /home/airflow/.local/lib/python3.12/site-packages/airflow/example_dags/tutorial_objectstorage.py
[2024-09-29T10:38:18.276+0000] {processor.py:925} INFO - DAG(s) 'tutorial_objectstorage' retrieved from /home/airflow/.local/lib/python3.12/site-packages/airflow/example_dags/tutorial_objectstorage.py
[2024-09-29T10:38:18.316+0000] {logging_mixin.py:190} INFO - [2024-09-29T10:38:18.316+0000] {dag.py:3239} INFO - Sync 1 DAGs
[2024-09-29T10:38:18.344+0000] {logging_mixin.py:190} INFO - [2024-09-29T10:38:18.344+0000] {dag.py:4180} INFO - Setting next_dagrun for tutorial_objectstorage to None, run_after=None
[2024-09-29T10:38:18.472+0000] {processor.py:208} INFO - Processing /home/airflow/.local/lib/python3.12/site-packages/airflow/example_dags/tutorial_objectstorage.py took 0.230 seconds
[2024-09-29T10:38:49.266+0000] {processor.py:186} INFO - Started process (PID=804) to work on /home/airflow/.local/lib/python3.12/site-packages/airflow/example_dags/tutorial_objectstorage.py
[2024-09-29T10:38:49.268+0000] {processor.py:914} INFO - Processing file /home/airflow/.local/lib/python3.12/site-packages/airflow/example_dags/tutorial_objectstorage.py for tasks to queue
[2024-09-29T10:38:49.273+0000] {logging_mixin.py:190} INFO - [2024-09-29T10:38:49.272+0000] {dagbag.py:588} INFO - Filling up the DagBag from /home/airflow/.local/lib/python3.12/site-packages/airflow/example_dags/tutorial_objectstorage.py
[2024-09-29T10:38:49.294+0000] {processor.py:925} INFO - DAG(s) 'tutorial_objectstorage' retrieved from /home/airflow/.local/lib/python3.12/site-packages/airflow/example_dags/tutorial_objectstorage.py
[2024-09-29T10:38:49.339+0000] {logging_mixin.py:190} INFO - [2024-09-29T10:38:49.339+0000] {dag.py:3239} INFO - Sync 1 DAGs
[2024-09-29T10:38:49.386+0000] {logging_mixin.py:190} INFO - [2024-09-29T10:38:49.386+0000] {dag.py:4180} INFO - Setting next_dagrun for tutorial_objectstorage to None, run_after=None
[2024-09-29T10:38:49.433+0000] {processor.py:208} INFO - Processing /home/airflow/.local/lib/python3.12/site-packages/airflow/example_dags/tutorial_objectstorage.py took 0.182 seconds
[2024-09-29T10:39:23.575+0000] {processor.py:186} INFO - Started process (PID=1040) to work on /home/airflow/.local/lib/python3.12/site-packages/airflow/example_dags/tutorial_objectstorage.py
[2024-09-29T10:39:23.578+0000] {processor.py:914} INFO - Processing file /home/airflow/.local/lib/python3.12/site-packages/airflow/example_dags/tutorial_objectstorage.py for tasks to queue
[2024-09-29T10:39:23.592+0000] {logging_mixin.py:190} INFO - [2024-09-29T10:39:23.589+0000] {dagbag.py:588} INFO - Filling up the DagBag from /home/airflow/.local/lib/python3.12/site-packages/airflow/example_dags/tutorial_objectstorage.py
[2024-09-29T10:39:23.661+0000] {processor.py:925} INFO - DAG(s) 'tutorial_objectstorage' retrieved from /home/airflow/.local/lib/python3.12/site-packages/airflow/example_dags/tutorial_objectstorage.py
[2024-09-29T10:39:23.766+0000] {logging_mixin.py:190} INFO - [2024-09-29T10:39:23.765+0000] {dag.py:3239} INFO - Sync 1 DAGs
[2024-09-29T10:39:23.845+0000] {logging_mixin.py:190} INFO - [2024-09-29T10:39:23.844+0000] {dag.py:4180} INFO - Setting next_dagrun for tutorial_objectstorage to None, run_after=None
[2024-09-29T10:39:23.928+0000] {processor.py:208} INFO - Processing /home/airflow/.local/lib/python3.12/site-packages/airflow/example_dags/tutorial_objectstorage.py took 0.368 seconds
[2024-09-29T10:39:54.797+0000] {processor.py:186} INFO - Started process (PID=1326) to work on /home/airflow/.local/lib/python3.12/site-packages/airflow/example_dags/tutorial_objectstorage.py
[2024-09-29T10:39:54.799+0000] {processor.py:914} INFO - Processing file /home/airflow/.local/lib/python3.12/site-packages/airflow/example_dags/tutorial_objectstorage.py for tasks to queue
[2024-09-29T10:39:54.806+0000] {logging_mixin.py:190} INFO - [2024-09-29T10:39:54.805+0000] {dagbag.py:588} INFO - Filling up the DagBag from /home/airflow/.local/lib/python3.12/site-packages/airflow/example_dags/tutorial_objectstorage.py
[2024-09-29T10:39:54.827+0000] {processor.py:925} INFO - DAG(s) 'tutorial_objectstorage' retrieved from /home/airflow/.local/lib/python3.12/site-packages/airflow/example_dags/tutorial_objectstorage.py
[2024-09-29T10:39:54.871+0000] {logging_mixin.py:190} INFO - [2024-09-29T10:39:54.871+0000] {dag.py:3239} INFO - Sync 1 DAGs
[2024-09-29T10:39:54.909+0000] {logging_mixin.py:190} INFO - [2024-09-29T10:39:54.908+0000] {dag.py:4180} INFO - Setting next_dagrun for tutorial_objectstorage to None, run_after=None
[2024-09-29T10:39:54.984+0000] {processor.py:208} INFO - Processing /home/airflow/.local/lib/python3.12/site-packages/airflow/example_dags/tutorial_objectstorage.py took 0.204 seconds
[2024-09-29T10:40:25.519+0000] {processor.py:186} INFO - Started process (PID=1612) to work on /home/airflow/.local/lib/python3.12/site-packages/airflow/example_dags/tutorial_objectstorage.py
[2024-09-29T10:40:25.521+0000] {processor.py:914} INFO - Processing file /home/airflow/.local/lib/python3.12/site-packages/airflow/example_dags/tutorial_objectstorage.py for tasks to queue
[2024-09-29T10:40:25.526+0000] {logging_mixin.py:190} INFO - [2024-09-29T10:40:25.525+0000] {dagbag.py:588} INFO - Filling up the DagBag from /home/airflow/.local/lib/python3.12/site-packages/airflow/example_dags/tutorial_objectstorage.py
[2024-09-29T10:40:25.542+0000] {processor.py:925} INFO - DAG(s) 'tutorial_objectstorage' retrieved from /home/airflow/.local/lib/python3.12/site-packages/airflow/example_dags/tutorial_objectstorage.py
[2024-09-29T10:40:25.592+0000] {logging_mixin.py:190} INFO - [2024-09-29T10:40:25.591+0000] {dag.py:3239} INFO - Sync 1 DAGs
[2024-09-29T10:40:25.643+0000] {logging_mixin.py:190} INFO - [2024-09-29T10:40:25.642+0000] {dag.py:4180} INFO - Setting next_dagrun for tutorial_objectstorage to None, run_after=None
[2024-09-29T10:40:25.698+0000] {processor.py:208} INFO - Processing /home/airflow/.local/lib/python3.12/site-packages/airflow/example_dags/tutorial_objectstorage.py took 0.190 seconds
[2024-09-29T10:40:58.328+0000] {processor.py:186} INFO - Started process (PID=1898) to work on /home/airflow/.local/lib/python3.12/site-packages/airflow/example_dags/tutorial_objectstorage.py
[2024-09-29T10:40:58.332+0000] {processor.py:914} INFO - Processing file /home/airflow/.local/lib/python3.12/site-packages/airflow/example_dags/tutorial_objectstorage.py for tasks to queue
[2024-09-29T10:40:58.348+0000] {logging_mixin.py:190} INFO - [2024-09-29T10:40:58.347+0000] {dagbag.py:588} INFO - Filling up the DagBag from /home/airflow/.local/lib/python3.12/site-packages/airflow/example_dags/tutorial_objectstorage.py
[2024-09-29T10:40:58.398+0000] {processor.py:925} INFO - DAG(s) 'tutorial_objectstorage' retrieved from /home/airflow/.local/lib/python3.12/site-packages/airflow/example_dags/tutorial_objectstorage.py
[2024-09-29T10:40:58.522+0000] {logging_mixin.py:190} INFO - [2024-09-29T10:40:58.521+0000] {dag.py:3239} INFO - Sync 1 DAGs
[2024-09-29T10:40:58.606+0000] {logging_mixin.py:190} INFO - [2024-09-29T10:40:58.606+0000] {dag.py:4180} INFO - Setting next_dagrun for tutorial_objectstorage to None, run_after=None
[2024-09-29T10:40:58.703+0000] {processor.py:208} INFO - Processing /home/airflow/.local/lib/python3.12/site-packages/airflow/example_dags/tutorial_objectstorage.py took 0.404 seconds
[2024-09-29T10:41:31.271+0000] {processor.py:186} INFO - Started process (PID=2159) to work on /home/airflow/.local/lib/python3.12/site-packages/airflow/example_dags/tutorial_objectstorage.py
[2024-09-29T10:41:31.274+0000] {processor.py:914} INFO - Processing file /home/airflow/.local/lib/python3.12/site-packages/airflow/example_dags/tutorial_objectstorage.py for tasks to queue
[2024-09-29T10:41:31.280+0000] {logging_mixin.py:190} INFO - [2024-09-29T10:41:31.280+0000] {dagbag.py:588} INFO - Filling up the DagBag from /home/airflow/.local/lib/python3.12/site-packages/airflow/example_dags/tutorial_objectstorage.py
[2024-09-29T10:41:31.307+0000] {processor.py:925} INFO - DAG(s) 'tutorial_objectstorage' retrieved from /home/airflow/.local/lib/python3.12/site-packages/airflow/example_dags/tutorial_objectstorage.py
[2024-09-29T10:41:31.418+0000] {logging_mixin.py:190} INFO - [2024-09-29T10:41:31.418+0000] {dag.py:3239} INFO - Sync 1 DAGs
[2024-09-29T10:41:31.935+0000] {logging_mixin.py:190} INFO - [2024-09-29T10:41:31.935+0000] {dag.py:4180} INFO - Setting next_dagrun for tutorial_objectstorage to None, run_after=None
[2024-09-29T10:41:32.289+0000] {processor.py:208} INFO - Processing /home/airflow/.local/lib/python3.12/site-packages/airflow/example_dags/tutorial_objectstorage.py took 1.030 seconds
[2024-09-29T10:42:03.148+0000] {processor.py:186} INFO - Started process (PID=2445) to work on /home/airflow/.local/lib/python3.12/site-packages/airflow/example_dags/tutorial_objectstorage.py
[2024-09-29T10:42:03.163+0000] {processor.py:914} INFO - Processing file /home/airflow/.local/lib/python3.12/site-packages/airflow/example_dags/tutorial_objectstorage.py for tasks to queue
[2024-09-29T10:42:03.243+0000] {logging_mixin.py:190} INFO - [2024-09-29T10:42:03.237+0000] {dagbag.py:588} INFO - Filling up the DagBag from /home/airflow/.local/lib/python3.12/site-packages/airflow/example_dags/tutorial_objectstorage.py
[2024-09-29T10:42:03.373+0000] {processor.py:925} INFO - DAG(s) 'tutorial_objectstorage' retrieved from /home/airflow/.local/lib/python3.12/site-packages/airflow/example_dags/tutorial_objectstorage.py
[2024-09-29T10:42:03.615+0000] {logging_mixin.py:190} INFO - [2024-09-29T10:42:03.614+0000] {dag.py:3239} INFO - Sync 1 DAGs
[2024-09-29T10:42:03.700+0000] {logging_mixin.py:190} INFO - [2024-09-29T10:42:03.700+0000] {dag.py:4180} INFO - Setting next_dagrun for tutorial_objectstorage to None, run_after=None
[2024-09-29T10:42:03.767+0000] {processor.py:208} INFO - Processing /home/airflow/.local/lib/python3.12/site-packages/airflow/example_dags/tutorial_objectstorage.py took 0.690 seconds
[2024-09-29T10:42:55.570+0000] {processor.py:186} INFO - Started process (PID=2738) to work on /home/airflow/.local/lib/python3.12/site-packages/airflow/example_dags/tutorial_objectstorage.py
[2024-09-29T10:42:55.592+0000] {processor.py:914} INFO - Processing file /home/airflow/.local/lib/python3.12/site-packages/airflow/example_dags/tutorial_objectstorage.py for tasks to queue
[2024-09-29T10:42:55.598+0000] {logging_mixin.py:190} INFO - [2024-09-29T10:42:55.598+0000] {dagbag.py:588} INFO - Filling up the DagBag from /home/airflow/.local/lib/python3.12/site-packages/airflow/example_dags/tutorial_objectstorage.py
[2024-09-29T10:42:56.858+0000] {processor.py:925} INFO - DAG(s) 'tutorial_objectstorage' retrieved from /home/airflow/.local/lib/python3.12/site-packages/airflow/example_dags/tutorial_objectstorage.py
[2024-09-29T10:42:57.535+0000] {logging_mixin.py:190} INFO - [2024-09-29T10:42:57.531+0000] {dag.py:3239} INFO - Sync 1 DAGs
[2024-09-29T10:42:57.868+0000] {logging_mixin.py:190} INFO - [2024-09-29T10:42:57.867+0000] {dag.py:4180} INFO - Setting next_dagrun for tutorial_objectstorage to None, run_after=None
[2024-09-29T10:42:58.067+0000] {processor.py:208} INFO - Processing /home/airflow/.local/lib/python3.12/site-packages/airflow/example_dags/tutorial_objectstorage.py took 2.499 seconds
[2024-09-29T10:43:28.951+0000] {processor.py:186} INFO - Started process (PID=3024) to work on /home/airflow/.local/lib/python3.12/site-packages/airflow/example_dags/tutorial_objectstorage.py
[2024-09-29T10:43:28.954+0000] {processor.py:914} INFO - Processing file /home/airflow/.local/lib/python3.12/site-packages/airflow/example_dags/tutorial_objectstorage.py for tasks to queue
[2024-09-29T10:43:28.961+0000] {logging_mixin.py:190} INFO - [2024-09-29T10:43:28.960+0000] {dagbag.py:588} INFO - Filling up the DagBag from /home/airflow/.local/lib/python3.12/site-packages/airflow/example_dags/tutorial_objectstorage.py
[2024-09-29T10:43:28.983+0000] {processor.py:925} INFO - DAG(s) 'tutorial_objectstorage' retrieved from /home/airflow/.local/lib/python3.12/site-packages/airflow/example_dags/tutorial_objectstorage.py
[2024-09-29T10:43:29.028+0000] {logging_mixin.py:190} INFO - [2024-09-29T10:43:29.028+0000] {dag.py:3239} INFO - Sync 1 DAGs
[2024-09-29T10:43:29.069+0000] {logging_mixin.py:190} INFO - [2024-09-29T10:43:29.068+0000] {dag.py:4180} INFO - Setting next_dagrun for tutorial_objectstorage to None, run_after=None
[2024-09-29T10:43:29.126+0000] {processor.py:208} INFO - Processing /home/airflow/.local/lib/python3.12/site-packages/airflow/example_dags/tutorial_objectstorage.py took 0.195 seconds
